This file contains any messages produced by compilers while
running configure, to aid debugging if configure makes a mistake.

It was created by configure, which was
generated by GNU Autoconf 2.69.  Invocation command line was

  $ ./configure --prefix=/home/aav/specter/buildroot-2013.08/output/host/usr --sysconfdir=/home/aav/specter/buildroot-2013.08/output/host/etc --enable-shared --disable-static --disable-gtk-doc --disable-doc --disable-docs --disable-documentation --with-xmlto=no --with-fop=no --disable-libasprintf --disable-acl --disable-openmp --disable-rpath --disable-java --disable-native-java --disable-csharp --disable-relocatable --without-emacs

## --------- ##
## Platform. ##
## --------- ##

hostname = aav-K52Je
uname -m = i686
uname -r = 3.11.0-12-generic
uname -s = Linux
uname -v = #19-Ubuntu SMP Wed Oct 9 16:12:00 UTC 2013

/usr/bin/uname -p = unknown
/bin/uname -X     = unknown

/bin/arch              = unknown
/usr/bin/arch -k       = unknown
/usr/convex/getsysinfo = unknown
/usr/bin/hostinfo      = unknown
/bin/machine           = unknown
/usr/bin/oslevel       = unknown
/bin/universe          = unknown

PATH: /home/aav/specter/buildroot-2013.08/output/host/bin
PATH: /home/aav/specter/buildroot-2013.08/output/host/usr/bin
PATH: /home/aav/bin
PATH: /usr/local/sbin
PATH: /usr/local/bin
PATH: /usr/sbin
PATH: /usr/bin
PATH: /sbin
PATH: /bin
PATH: /usr/games
PATH: /usr/local/games


## ----------- ##
## Core tests. ##
## ----------- ##

configure:1951: checking for a BSD-compatible install
configure:2019: result: /usr/bin/install -c
configure:2030: checking whether build environment is sane
configure:2080: result: yes
configure:2221: checking for a thread-safe mkdir -p
configure:2260: result: /bin/mkdir -p
configure:2273: checking for gawk
configure:2303: result: no
configure:2273: checking for mawk
configure:2289: found /usr/bin/mawk
configure:2300: result: mawk
configure:2311: checking whether make sets $(MAKE)
configure:2333: result: yes
configure:2362: checking whether make supports nested variables
configure:2379: result: yes
configure:2495: checking build system type
configure:2509: result: i686-pc-linux-gnu
configure:2529: checking host system type
configure:2542: result: i686-pc-linux-gnu
configure:3200: creating ./config.status

## ---------------------- ##
## Running config.status. ##
## ---------------------- ##

This file was extended by gettext config.status, which was
generated by GNU Autoconf 2.69.  Invocation command line was

  CONFIG_FILES    = 
  CONFIG_HEADERS  = 
  CONFIG_LINKS    = 
  CONFIG_COMMANDS = 
  $ ./config.status 

on aav-K52Je

config.status:769: creating Makefile
config.status:769: creating gnulib-local/Makefile
configure:4286: === configuring in gettext-runtime (/home/aav/specter/buildroot-2013.08/output/build/host-gettext-0.18.3/gettext-runtime)
configure:4349: running /bin/bash ./configure --disable-option-checking '--prefix=/home/aav/specter/buildroot-2013.08/output/host/usr'  '--sysconfdir=/home/aav/specter/buildroot-2013.08/output/host/etc' '--enable-shared' '--disable-static' '--disable-gtk-doc' '--disable-doc' '--disable-docs' '--disable-documentation' '--with-xmlto=no' '--with-fop=no' '--disable-libasprintf' '--disable-acl' '--disable-openmp' '--disable-rpath' '--disable-java' '--disable-native-java' '--disable-csharp' '--disable-relocatable' '--without-emacs' 'CC=/home/aav/specter/buildroot-2013.08/output/host/usr/bin/ccache /usr/bin/gcc' 'CFLAGS=-O2 -I/home/aav/specter/buildroot-2013.08/output/host/usr/include' 'LDFLAGS=-L/home/aav/specter/buildroot-2013.08/output/host/lib -L/home/aav/specter/buildroot-2013.08/output/host/usr/lib -Wl,-rpath,/home/aav/specter/buildroot-2013.08/output/host/usr/lib' 'CPPFLAGS=-I/home/aav/specter/buildroot-2013.08/output/host/usr/include' 'CPP=/usr/bin/cpp' 'CXX=/home/aav/specter/buildroot-2013.08/output/host/usr/bin/ccache /usr/bin/g++' 'CXXFLAGS=-O2 -I/home/aav/specter/buildroot-2013.08/output/host/usr/include' --cache-file=/dev/null --srcdir=.
configure:4286: === configuring in gettext-tools (/home/aav/specter/buildroot-2013.08/output/build/host-gettext-0.18.3/gettext-tools)
configure:4349: running /bin/bash ./configure --disable-option-checking '--prefix=/home/aav/specter/buildroot-2013.08/output/host/usr'  '--sysconfdir=/home/aav/specter/buildroot-2013.08/output/host/etc' '--enable-shared' '--disable-static' '--disable-gtk-doc' '--disable-doc' '--disable-docs' '--disable-documentation' '--with-xmlto=no' '--with-fop=no' '--disable-libasprintf' '--disable-acl' '--disable-openmp' '--disable-rpath' '--disable-java' '--disable-native-java' '--disable-csharp' '--disable-relocatable' '--without-emacs' 'CC=/home/aav/specter/buildroot-2013.08/output/host/usr/bin/ccache /usr/bin/gcc' 'CFLAGS=-O2 -I/home/aav/specter/buildroot-2013.08/output/host/usr/include' 'LDFLAGS=-L/home/aav/specter/buildroot-2013.08/output/host/lib -L/home/aav/specter/buildroot-2013.08/output/host/usr/lib -Wl,-rpath,/home/aav/specter/buildroot-2013.08/output/host/usr/lib' 'CPPFLAGS=-I/home/aav/specter/buildroot-2013.08/output/host/usr/include' 'CPP=/usr/bin/cpp' 'CXX=/home/aav/specter/buildroot-2013.08/output/host/usr/bin/ccache /usr/bin/g++' 'CXXFLAGS=-O2 -I/home/aav/specter/buildroot-2013.08/output/host/usr/include' --cache-file=/dev/null --srcdir=.

## ---------------- ##
## Cache variables. ##
## ---------------- ##

ac_cv_build=i686-pc-linux-gnu
ac_cv_env_CC_set=set
ac_cv_env_CC_value='/home/aav/specter/buildroot-2013.08/output/host/usr/bin/ccache /usr/bin/gcc'
ac_cv_env_CFLAGS_set=set
ac_cv_env_CFLAGS_value='-O2 -I/home/aav/specter/buildroot-2013.08/output/host/usr/include'
ac_cv_env_CPPFLAGS_set=set
ac_cv_env_CPPFLAGS_value=-I/home/aav/specter/buildroot-2013.08/output/host/usr/include
ac_cv_env_CPP_set=set
ac_cv_env_CPP_value=/usr/bin/cpp
ac_cv_env_CXXCPP_set=
ac_cv_env_CXXCPP_value=
ac_cv_env_CXXFLAGS_set=set
ac_cv_env_CXXFLAGS_value='-O2 -I/home/aav/specter/buildroot-2013.08/output/host/usr/include'
ac_cv_env_CXX_set=set
ac_cv_env_CXX_value='/home/aav/specter/buildroot-2013.08/output/host/usr/bin/ccache /usr/bin/g++'
ac_cv_env_EMACSLOADPATH_set=
ac_cv_env_EMACSLOADPATH_value=
ac_cv_env_EMACS_set=
ac_cv_env_EMACS_value=
ac_cv_env_GCJFLAGS_set=
ac_cv_env_GCJFLAGS_value=
ac_cv_env_GCJ_set=
ac_cv_env_GCJ_value=
ac_cv_env_LDFLAGS_set=set
ac_cv_env_LDFLAGS_value='-L/home/aav/specter/buildroot-2013.08/output/host/lib -L/home/aav/specter/buildroot-2013.08/output/host/usr/lib -Wl,-rpath,/home/aav/specter/buildroot-2013.08/output/host/usr/lib'
ac_cv_env_LIBS_set=
ac_cv_env_LIBS_value=
ac_cv_env_YACC_set=
ac_cv_env_YACC_value=
ac_cv_env_YFLAGS_set=
ac_cv_env_YFLAGS_value=
ac_cv_env_build_alias_set=
ac_cv_env_build_alias_value=
ac_cv_env_host_alias_set=
ac_cv_env_host_alias_value=
ac_cv_env_target_alias_set=
ac_cv_env_target_alias_value=
ac_cv_host=i686-pc-linux-gnu
ac_cv_path_install='/usr/bin/install -c'
ac_cv_path_mkdir=/bin/mkdir
ac_cv_prog_AWK=mawk
ac_cv_prog_make_make_set=yes
am_cv_make_support_nested_variables=yes

## ----------------- ##
## Output variables. ##
## ----------------- ##

ACLOCAL='${SHELL} /home/aav/specter/buildroot-2013.08/output/build/host-gettext-0.18.3/build-aux/missing --run aclocal-1.11'
AMTAR='$${TAR-tar}'
AM_BACKSLASH='\'
AM_DEFAULT_V='$(AM_DEFAULT_VERBOSITY)'
AM_DEFAULT_VERBOSITY='1'
AM_V='$(V)'
AUTOCONF='${SHELL} /home/aav/specter/buildroot-2013.08/output/build/host-gettext-0.18.3/build-aux/missing --run autoconf'
AUTOHEADER='${SHELL} /home/aav/specter/buildroot-2013.08/output/build/host-gettext-0.18.3/build-aux/missing --run autoheader'
AUTOMAKE='${SHELL} /home/aav/specter/buildroot-2013.08/output/build/host-gettext-0.18.3/build-aux/missing --run automake-1.11'
AWK='mawk'
CC='/home/aav/specter/buildroot-2013.08/output/host/usr/bin/ccache /usr/bin/gcc'
CFLAGS='-O2 -I/home/aav/specter/buildroot-2013.08/output/host/usr/include'
CPP='/usr/bin/cpp'
CPPFLAGS='-I/home/aav/specter/buildroot-2013.08/output/host/usr/include'
CXX='/home/aav/specter/buildroot-2013.08/output/host/usr/bin/ccache /usr/bin/g++'
CXXCPP=''
CXXFLAGS='-O2 -I/home/aav/specter/buildroot-2013.08/output/host/usr/include'
CYGPATH_W='echo'
DEFS='-DPACKAGE_NAME=\"\" -DPACKAGE_TARNAME=\"\" -DPACKAGE_VERSION=\"\" -DPACKAGE_STRING=\"\" -DPACKAGE_BUGREPORT=\"\" -DPACKAGE_URL=\"\" -DPACKAGE=\"gettext\" -DVERSION=\"0.18.3\"'
ECHO_C=''
ECHO_N='-n'
ECHO_T=''
EMACS=''
EMACSLOADPATH=''
ENABLE_TOOLS_FALSE='#'
ENABLE_TOOLS_TRUE=''
GCJ=''
GCJFLAGS=''
INSTALL_DATA='${INSTALL} -m 644'
INSTALL_PROGRAM='${INSTALL}'
INSTALL_SCRIPT='${INSTALL}'
INSTALL_STRIP_PROGRAM='$(install_sh) -c -s'
LDFLAGS='-L/home/aav/specter/buildroot-2013.08/output/host/lib -L/home/aav/specter/buildroot-2013.08/output/host/usr/lib -Wl,-rpath,/home/aav/specter/buildroot-2013.08/output/host/usr/lib'
LIBOBJS=''
LIBS=''
LTLIBOBJS=''
MAKEINFO='${SHELL} /home/aav/specter/buildroot-2013.08/output/build/host-gettext-0.18.3/build-aux/missing --run makeinfo'
MKDIR_P='/bin/mkdir -p'
PACKAGE='gettext'
PACKAGE_BUGREPORT=''
PACKAGE_NAME=''
PACKAGE_STRING=''
PACKAGE_TARNAME=''
PACKAGE_URL=''
PACKAGE_VERSION=''
PATH_SEPARATOR=':'
SET_MAKE=''
SHELL='/bin/bash'
STRIP=''
VERSION='0.18.3'
YACC=''
YFLAGS=''
am__isrc=''
am__leading_dot='.'
am__tar='${AMTAR} chof - --owner=root --group=root "$$tardir"'
am__untar='$${TAR-tar} xf -'
bindir='${exec_prefix}/bin'
build='i686-pc-linux-gnu'
build_alias=''
build_cpu='i686'
build_os='linux-gnu'
build_vendor='pc'
datadir='${datarootdir}'
datarootdir='${prefix}/share'
docdir='${datarootdir}/doc/${PACKAGE}'
dvidir='${docdir}'
exec_prefix='${prefix}'
host='i686-pc-linux-gnu'
host_alias=''
host_cpu='i686'
host_os='linux-gnu'
host_vendor='pc'
htmldir='${docdir}'
includedir='${prefix}/include'
infodir='${datarootdir}/info'
install_sh='${SHELL} /home/aav/specter/buildroot-2013.08/output/build/host-gettext-0.18.3/build-aux/install-sh'
libdir='${exec_prefix}/lib'
libexecdir='${exec_prefix}/libexec'
localedir='${datarootdir}/locale'
localstatedir='${prefix}/var'
mandir='${datarootdir}/man'
mkdir_p='/bin/mkdir -p'
oldincludedir='/usr/include'
pdfdir='${docdir}'
prefix='/home/aav/specter/buildroot-2013.08/output/host/usr'
program_transform_name='s,x,x,'
psdir='${docdir}'
sbindir='${exec_prefix}/sbin'
sharedstatedir='${prefix}/com'
subdirs=' gettext-runtime gettext-tools'
sysconfdir='/home/aav/specter/buildroot-2013.08/output/host/etc'
target_alias=''

## ----------- ##
## confdefs.h. ##
## ----------- ##

/* confdefs.h */
#define PACKAGE_NAME ""
#define PACKAGE_TARNAME ""
#define PACKAGE_VERSION ""
#define PACKAGE_STRING ""
#define PACKAGE_BUGREPORT ""
#define PACKAGE_URL ""
#define PACKAGE "gettext"
#define VERSION "0.18.3"

configure: exit 0
