This file contains any messages produced by compilers while
running configure, to aid debugging if configure makes a mistake.

It was created by libasprintf configure 1.0, which was
generated by GNU Autoconf 2.69.  Invocation command line was

  $ ./configure --disable-option-checking --prefix=/home/aav/specter/buildroot-2013.08/output/host/usr --sysconfdir=/home/aav/specter/buildroot-2013.08/output/host/etc --enable-shared --disable-static --disable-gtk-doc --disable-doc --disable-docs --disable-documentation --with-xmlto=no --with-fop=no --disable-libasprintf --disable-acl --disable-openmp --disable-rpath --disable-java --disable-native-java --disable-csharp --disable-relocatable --without-emacs CC=/home/aav/specter/buildroot-2013.08/output/host/usr/bin/ccache /usr/bin/gcc CFLAGS=-O2 -I/home/aav/specter/buildroot-2013.08/output/host/usr/include LDFLAGS=-L/home/aav/specter/buildroot-2013.08/output/host/lib -L/home/aav/specter/buildroot-2013.08/output/host/usr/lib -Wl,-rpath,/home/aav/specter/buildroot-2013.08/output/host/usr/lib CPPFLAGS=-I/home/aav/specter/buildroot-2013.08/output/host/usr/include CPP=/usr/bin/cpp CXX=/home/aav/specter/buildroot-2013.08/output/host/usr/bin/ccache /usr/bin/g++ CXXFLAGS=-O2 -I/home/aav/specter/buildroot-2013.08/output/host/usr/include --cache-file=/dev/null --srcdir=.

## --------- ##
## Platform. ##
## --------- ##

hostname = aav-K52Je
uname -m = i686
uname -r = 3.11.0-12-generic
uname -s = Linux
uname -v = #19-Ubuntu SMP Wed Oct 9 16:12:00 UTC 2013

/usr/bin/uname -p = unknown
/bin/uname -X     = unknown

/bin/arch              = unknown
/usr/bin/arch -k       = unknown
/usr/convex/getsysinfo = unknown
/usr/bin/hostinfo      = unknown
/bin/machine           = unknown
/usr/bin/oslevel       = unknown
/bin/universe          = unknown

PATH: /home/aav/specter/buildroot-2013.08/output/host/bin
PATH: /home/aav/specter/buildroot-2013.08/output/host/usr/bin
PATH: /home/aav/bin
PATH: /usr/local/sbin
PATH: /usr/local/bin
PATH: /usr/sbin
PATH: /usr/bin
PATH: /sbin
PATH: /bin
PATH: /usr/games
PATH: /usr/local/games


## ----------- ##
## Core tests. ##
## ----------- ##

configure:2696: checking for a BSD-compatible install
configure:2764: result: /usr/bin/install -c
configure:2775: checking whether build environment is sane
configure:2825: result: yes
configure:2966: checking for a thread-safe mkdir -p
configure:3005: result: /bin/mkdir -p
configure:3018: checking for gawk
configure:3048: result: no
configure:3018: checking for mawk
configure:3034: found /usr/bin/mawk
configure:3045: result: mawk
configure:3056: checking whether make sets $(MAKE)
configure:3078: result: yes
configure:3107: checking whether make supports nested variables
configure:3124: result: yes
configure:3248: checking for gcc
configure:3275: result: /home/aav/specter/buildroot-2013.08/output/host/usr/bin/ccache /usr/bin/gcc
configure:3504: checking for C compiler version
configure:3513: /home/aav/specter/buildroot-2013.08/output/host/usr/bin/ccache /usr/bin/gcc --version >&5
gcc (Ubuntu/Linaro 4.8.1-10ubuntu9) 4.8.1
Copyright (C) 2013 Free Software Foundation, Inc.
This is free software; see the source for copying conditions.  There is NO
warranty; not even for MERCHANTABILITY or FITNESS FOR A PARTICULAR PURPOSE.

configure:3524: $? = 0
configure:3513: /home/aav/specter/buildroot-2013.08/output/host/usr/bin/ccache /usr/bin/gcc -v >&5
Using built-in specs.
COLLECT_GCC=/usr/bin/gcc
COLLECT_LTO_WRAPPER=/usr/lib/gcc/i686-linux-gnu/4.8/lto-wrapper
Target: i686-linux-gnu
Configured with: ../src/configure -v --with-pkgversion='Ubuntu/Linaro 4.8.1-10ubuntu9' --with-bugurl=file:///usr/share/doc/gcc-4.8/README.Bugs --enable-languages=c,c++,java,go,d,fortran,objc,obj-c++ --prefix=/usr --program-suffix=-4.8 --enable-shared --enable-linker-build-id --libexecdir=/usr/lib --without-included-gettext --enable-threads=posix --with-gxx-include-dir=/usr/include/c++/4.8 --libdir=/usr/lib --enable-nls --with-sysroot=/ --enable-clocale=gnu --enable-libstdcxx-debug --enable-libstdcxx-time=yes --enable-gnu-unique-object --enable-plugin --with-system-zlib --disable-browser-plugin --enable-java-awt=gtk --enable-gtk-cairo --with-java-home=/usr/lib/jvm/java-1.5.0-gcj-4.8-i386/jre --enable-java-home --with-jvm-root-dir=/usr/lib/jvm/java-1.5.0-gcj-4.8-i386 --with-jvm-jar-dir=/usr/lib/jvm-exports/java-1.5.0-gcj-4.8-i386 --with-arch-directory=i386 --with-ecj-jar=/usr/share/java/eclipse-ecj.jar --enable-objc-gc --enable-targets=all --enable-multiarch --disable-werror --with-arch-32=i686 --with-multilib-list=m32,m64,mx32 --with-tune=generic --enable-checking=release --build=i686-linux-gnu --host=i686-linux-gnu --target=i686-linux-gnu
Thread model: posix
gcc version 4.8.1 (Ubuntu/Linaro 4.8.1-10ubuntu9) 
configure:3524: $? = 0
configure:3513: /home/aav/specter/buildroot-2013.08/output/host/usr/bin/ccache /usr/bin/gcc -V >&5
gcc: error: unrecognized command line option '-V'
gcc: fatal error: no input files
compilation terminated.
configure:3524: $? = 4
configure:3513: /home/aav/specter/buildroot-2013.08/output/host/usr/bin/ccache /usr/bin/gcc -qversion >&5
gcc: error: unrecognized command line option '-qversion'
gcc: fatal error: no input files
compilation terminated.
configure:3524: $? = 4
configure:3544: checking whether the C compiler works
configure:3566: /home/aav/specter/buildroot-2013.08/output/host/usr/bin/ccache /usr/bin/gcc -O2 -I/home/aav/specter/buildroot-2013.08/output/host/usr/include -I/home/aav/specter/buildroot-2013.08/output/host/usr/include -L/home/aav/specter/buildroot-2013.08/output/host/lib -L/home/aav/specter/buildroot-2013.08/output/host/usr/lib -Wl,-rpath,/home/aav/specter/buildroot-2013.08/output/host/usr/lib conftest.c  >&5
configure:3570: $? = 0
configure:3618: result: yes
configure:3621: checking for C compiler default output file name
configure:3623: result: a.out
configure:3629: checking for suffix of executables
configure:3636: /home/aav/specter/buildroot-2013.08/output/host/usr/bin/ccache /usr/bin/gcc -o conftest -O2 -I/home/aav/specter/buildroot-2013.08/output/host/usr/include -I/home/aav/specter/buildroot-2013.08/output/host/usr/include -L/home/aav/specter/buildroot-2013.08/output/host/lib -L/home/aav/specter/buildroot-2013.08/output/host/usr/lib -Wl,-rpath,/home/aav/specter/buildroot-2013.08/output/host/usr/lib conftest.c  >&5
configure:3640: $? = 0
configure:3662: result: 
configure:3684: checking whether we are cross compiling
configure:3692: /home/aav/specter/buildroot-2013.08/output/host/usr/bin/ccache /usr/bin/gcc -o conftest -O2 -I/home/aav/specter/buildroot-2013.08/output/host/usr/include -I/home/aav/specter/buildroot-2013.08/output/host/usr/include -L/home/aav/specter/buildroot-2013.08/output/host/lib -L/home/aav/specter/buildroot-2013.08/output/host/usr/lib -Wl,-rpath,/home/aav/specter/buildroot-2013.08/output/host/usr/lib conftest.c  >&5
configure:3696: $? = 0
configure:3703: ./conftest
configure:3707: $? = 0
configure:3722: result: no
configure:3727: checking for suffix of object files
configure:3749: /home/aav/specter/buildroot-2013.08/output/host/usr/bin/ccache /usr/bin/gcc -c -O2 -I/home/aav/specter/buildroot-2013.08/output/host/usr/include -I/home/aav/specter/buildroot-2013.08/output/host/usr/include conftest.c >&5
configure:3753: $? = 0
configure:3774: result: o
configure:3778: checking whether we are using the GNU C compiler
configure:3797: /home/aav/specter/buildroot-2013.08/output/host/usr/bin/ccache /usr/bin/gcc -c -O2 -I/home/aav/specter/buildroot-2013.08/output/host/usr/include -I/home/aav/specter/buildroot-2013.08/output/host/usr/include conftest.c >&5
configure:3797: $? = 0
configure:3806: result: yes
configure:3815: checking whether /home/aav/specter/buildroot-2013.08/output/host/usr/bin/ccache /usr/bin/gcc accepts -g
configure:3835: /home/aav/specter/buildroot-2013.08/output/host/usr/bin/ccache /usr/bin/gcc -c -g -I/home/aav/specter/buildroot-2013.08/output/host/usr/include conftest.c >&5
configure:3835: $? = 0
configure:3876: result: yes
configure:3893: checking for /home/aav/specter/buildroot-2013.08/output/host/usr/bin/ccache /usr/bin/gcc option to accept ISO C89
configure:3956: /home/aav/specter/buildroot-2013.08/output/host/usr/bin/ccache /usr/bin/gcc  -c -O2 -I/home/aav/specter/buildroot-2013.08/output/host/usr/include -I/home/aav/specter/buildroot-2013.08/output/host/usr/include conftest.c >&5
configure:3956: $? = 0
configure:3969: result: none needed
configure:4000: checking for style of include used by make
configure:4028: result: GNU
configure:4054: checking dependency style of /home/aav/specter/buildroot-2013.08/output/host/usr/bin/ccache /usr/bin/gcc
configure:4165: result: gcc3
configure:4292: checking for C++ compiler version
configure:4301: /home/aav/specter/buildroot-2013.08/output/host/usr/bin/ccache /usr/bin/g++ --version >&5
g++ (Ubuntu/Linaro 4.8.1-10ubuntu9) 4.8.1
Copyright (C) 2013 Free Software Foundation, Inc.
This is free software; see the source for copying conditions.  There is NO
warranty; not even for MERCHANTABILITY or FITNESS FOR A PARTICULAR PURPOSE.

configure:4312: $? = 0
configure:4301: /home/aav/specter/buildroot-2013.08/output/host/usr/bin/ccache /usr/bin/g++ -v >&5
Using built-in specs.
COLLECT_GCC=/usr/bin/g++
COLLECT_LTO_WRAPPER=/usr/lib/gcc/i686-linux-gnu/4.8/lto-wrapper
Target: i686-linux-gnu
Configured with: ../src/configure -v --with-pkgversion='Ubuntu/Linaro 4.8.1-10ubuntu9' --with-bugurl=file:///usr/share/doc/gcc-4.8/README.Bugs --enable-languages=c,c++,java,go,d,fortran,objc,obj-c++ --prefix=/usr --program-suffix=-4.8 --enable-shared --enable-linker-build-id --libexecdir=/usr/lib --without-included-gettext --enable-threads=posix --with-gxx-include-dir=/usr/include/c++/4.8 --libdir=/usr/lib --enable-nls --with-sysroot=/ --enable-clocale=gnu --enable-libstdcxx-debug --enable-libstdcxx-time=yes --enable-gnu-unique-object --enable-plugin --with-system-zlib --disable-browser-plugin --enable-java-awt=gtk --enable-gtk-cairo --with-java-home=/usr/lib/jvm/java-1.5.0-gcj-4.8-i386/jre --enable-java-home --with-jvm-root-dir=/usr/lib/jvm/java-1.5.0-gcj-4.8-i386 --with-jvm-jar-dir=/usr/lib/jvm-exports/java-1.5.0-gcj-4.8-i386 --with-arch-directory=i386 --with-ecj-jar=/usr/share/java/eclipse-ecj.jar --enable-objc-gc --enable-targets=all --enable-multiarch --disable-werror --with-arch-32=i686 --with-multilib-list=m32,m64,mx32 --with-tune=generic --enable-checking=release --build=i686-linux-gnu --host=i686-linux-gnu --target=i686-linux-gnu
Thread model: posix
gcc version 4.8.1 (Ubuntu/Linaro 4.8.1-10ubuntu9) 
configure:4312: $? = 0
configure:4301: /home/aav/specter/buildroot-2013.08/output/host/usr/bin/ccache /usr/bin/g++ -V >&5
g++: error: unrecognized command line option '-V'
g++: fatal error: no input files
compilation terminated.
configure:4312: $? = 4
configure:4301: /home/aav/specter/buildroot-2013.08/output/host/usr/bin/ccache /usr/bin/g++ -qversion >&5
g++: error: unrecognized command line option '-qversion'
g++: fatal error: no input files
compilation terminated.
configure:4312: $? = 4
configure:4316: checking whether we are using the GNU C++ compiler
configure:4335: /home/aav/specter/buildroot-2013.08/output/host/usr/bin/ccache /usr/bin/g++ -c -O2 -I/home/aav/specter/buildroot-2013.08/output/host/usr/include -I/home/aav/specter/buildroot-2013.08/output/host/usr/include conftest.cpp >&5
configure:4335: $? = 0
configure:4344: result: yes
configure:4353: checking whether /home/aav/specter/buildroot-2013.08/output/host/usr/bin/ccache /usr/bin/g++ accepts -g
configure:4373: /home/aav/specter/buildroot-2013.08/output/host/usr/bin/ccache /usr/bin/g++ -c -g -I/home/aav/specter/buildroot-2013.08/output/host/usr/include conftest.cpp >&5
configure:4373: $? = 0
configure:4414: result: yes
configure:4439: checking dependency style of /home/aav/specter/buildroot-2013.08/output/host/usr/bin/ccache /usr/bin/g++
configure:4550: result: gcc3
configure:4571: checking build system type
configure:4585: result: i686-pc-linux-gnu
configure:4605: checking host system type
configure:4618: result: i686-pc-linux-gnu
configure:4648: checking how to run the C preprocessor
configure:4718: result: /usr/bin/cpp
configure:4738: /usr/bin/cpp -I/home/aav/specter/buildroot-2013.08/output/host/usr/include conftest.c
configure:4738: $? = 0
configure:4752: /usr/bin/cpp -I/home/aav/specter/buildroot-2013.08/output/host/usr/include conftest.c
conftest.c:11:28: fatal error: ac_nonexistent.h: No such file or directory
 #include <ac_nonexistent.h>
                            ^
compilation terminated.
configure:4752: $? = 1
configure: failed program was:
| /* confdefs.h */
| #define PACKAGE_NAME "libasprintf"
| #define PACKAGE_TARNAME "libasprintf"
| #define PACKAGE_VERSION "1.0"
| #define PACKAGE_STRING "libasprintf 1.0"
| #define PACKAGE_BUGREPORT ""
| #define PACKAGE_URL ""
| #define PACKAGE "libasprintf"
| #define VERSION "1.0"
| /* end confdefs.h.  */
| #include <ac_nonexistent.h>
configure:4781: checking for grep that handles long lines and -e
configure:4839: result: /bin/grep
configure:4844: checking for egrep
configure:4906: result: /bin/grep -E
configure:4913: checking for Minix Amsterdam compiler
configure:4937: result: no
configure:5096: checking for ranlib
configure:5112: found /usr/bin/ranlib
configure:5123: result: ranlib
configure:5248: checking how to print strings
configure:5275: result: printf
configure:5296: checking for a sed that does not truncate output
configure:5360: result: /bin/sed
configure:5378: checking for fgrep
configure:5440: result: /bin/grep -F
configure:5475: checking for ld used by /home/aav/specter/buildroot-2013.08/output/host/usr/bin/ccache /usr/bin/gcc
configure:5542: result: /usr/bin/ld
configure:5549: checking if the linker (/usr/bin/ld) is GNU ld
configure:5564: result: yes
configure:5576: checking for BSD- or MS-compatible name lister (nm)
configure:5625: result: /usr/bin/nm
configure:5755: checking the name lister (/usr/bin/nm) interface
configure:5762: /home/aav/specter/buildroot-2013.08/output/host/usr/bin/ccache /usr/bin/gcc -c -O2 -I/home/aav/specter/buildroot-2013.08/output/host/usr/include -I/home/aav/specter/buildroot-2013.08/output/host/usr/include conftest.c >&5
configure:5765: /usr/bin/nm "conftest.o"
configure:5768: output
00000000 B some_variable
configure:5775: result: BSD nm
configure:5778: checking whether ln -s works
configure:5782: result: yes
configure:5790: checking the maximum length of command line arguments
configure:5920: result: 805306365
configure:5937: checking whether the shell understands some XSI constructs
configure:5947: result: yes
configure:5951: checking whether the shell understands "+="
configure:5957: result: yes
configure:5992: checking how to convert i686-pc-linux-gnu file names to i686-pc-linux-gnu format
configure:6032: result: func_convert_file_noop
configure:6039: checking how to convert i686-pc-linux-gnu file names to toolchain format
configure:6059: result: func_convert_file_noop
configure:6066: checking for /usr/bin/ld option to reload object files
configure:6073: result: -r
configure:6147: checking for objdump
configure:6163: found /usr/bin/objdump
configure:6174: result: objdump
configure:6203: checking how to recognize dependent libraries
configure:6405: result: pass_all
configure:6490: checking for dlltool
configure:6520: result: no
configure:6547: checking how to associate runtime and link libraries
configure:6574: result: printf %s\n
configure:6698: checking for archiver @FILE support
configure:6715: /home/aav/specter/buildroot-2013.08/output/host/usr/bin/ccache /usr/bin/gcc -c -O2 -I/home/aav/specter/buildroot-2013.08/output/host/usr/include -I/home/aav/specter/buildroot-2013.08/output/host/usr/include conftest.c >&5
configure:6715: $? = 0
configure:6718: /usr/bin/ar cru libconftest.a @conftest.lst >&5
configure:6721: $? = 0
configure:6726: /usr/bin/ar cru libconftest.a @conftest.lst >&5
/usr/bin/ar: conftest.o: No such file or directory
configure:6729: $? = 1
configure:6741: result: @
configure:6799: checking for strip
configure:6815: found /usr/bin/strip
configure:6826: result: strip
configure:6898: checking for ranlib
configure:6925: result: ranlib
configure:7027: checking command to parse /usr/bin/nm output from /home/aav/specter/buildroot-2013.08/output/host/usr/bin/ccache /usr/bin/gcc object
configure:7147: /home/aav/specter/buildroot-2013.08/output/host/usr/bin/ccache /usr/bin/gcc -c -O2 -I/home/aav/specter/buildroot-2013.08/output/host/usr/include -I/home/aav/specter/buildroot-2013.08/output/host/usr/include conftest.c >&5
configure:7150: $? = 0
configure:7154: /usr/bin/nm conftest.o \| sed -n -e 's/^.*[ ]\([ABCDGIRSTW][ABCDGIRSTW]*\)[ ][ ]*\([_A-Za-z][_A-Za-z0-9]*\)$/\1 \2 \2/p' | sed '/ __gnu_lto/d' \> conftest.nm
configure:7157: $? = 0
configure:7223: /home/aav/specter/buildroot-2013.08/output/host/usr/bin/ccache /usr/bin/gcc -o conftest -O2 -I/home/aav/specter/buildroot-2013.08/output/host/usr/include -I/home/aav/specter/buildroot-2013.08/output/host/usr/include -L/home/aav/specter/buildroot-2013.08/output/host/lib -L/home/aav/specter/buildroot-2013.08/output/host/usr/lib -Wl,-rpath,/home/aav/specter/buildroot-2013.08/output/host/usr/lib conftest.c conftstm.o >&5
configure:7226: $? = 0
configure:7264: result: ok
configure:7301: checking for sysroot
configure:7331: result: no
configure:7587: checking for mt
configure:7603: found /bin/mt
configure:7614: result: mt
configure:7637: checking if mt is a manifest tool
configure:7643: mt '-?'
configure:7651: result: no
configure:8288: checking for ANSI C header files
configure:8308: /home/aav/specter/buildroot-2013.08/output/host/usr/bin/ccache /usr/bin/gcc -c -O2 -I/home/aav/specter/buildroot-2013.08/output/host/usr/include -I/home/aav/specter/buildroot-2013.08/output/host/usr/include conftest.c >&5
configure:8308: $? = 0
configure:8381: /home/aav/specter/buildroot-2013.08/output/host/usr/bin/ccache /usr/bin/gcc -o conftest -O2 -I/home/aav/specter/buildroot-2013.08/output/host/usr/include -I/home/aav/specter/buildroot-2013.08/output/host/usr/include -L/home/aav/specter/buildroot-2013.08/output/host/lib -L/home/aav/specter/buildroot-2013.08/output/host/usr/lib -Wl,-rpath,/home/aav/specter/buildroot-2013.08/output/host/usr/lib conftest.c  >&5
configure:8381: $? = 0
configure:8381: ./conftest
configure:8381: $? = 0
configure:8392: result: yes
configure:8405: checking for sys/types.h
configure:8405: /home/aav/specter/buildroot-2013.08/output/host/usr/bin/ccache /usr/bin/gcc -c -O2 -I/home/aav/specter/buildroot-2013.08/output/host/usr/include -I/home/aav/specter/buildroot-2013.08/output/host/usr/include conftest.c >&5
configure:8405: $? = 0
configure:8405: result: yes
configure:8405: checking for sys/stat.h
configure:8405: /home/aav/specter/buildroot-2013.08/output/host/usr/bin/ccache /usr/bin/gcc -c -O2 -I/home/aav/specter/buildroot-2013.08/output/host/usr/include -I/home/aav/specter/buildroot-2013.08/output/host/usr/include conftest.c >&5
configure:8405: $? = 0
configure:8405: result: yes
configure:8405: checking for stdlib.h
configure:8405: /home/aav/specter/buildroot-2013.08/output/host/usr/bin/ccache /usr/bin/gcc -c -O2 -I/home/aav/specter/buildroot-2013.08/output/host/usr/include -I/home/aav/specter/buildroot-2013.08/output/host/usr/include conftest.c >&5
configure:8405: $? = 0
configure:8405: result: yes
configure:8405: checking for string.h
configure:8405: /home/aav/specter/buildroot-2013.08/output/host/usr/bin/ccache /usr/bin/gcc -c -O2 -I/home/aav/specter/buildroot-2013.08/output/host/usr/include -I/home/aav/specter/buildroot-2013.08/output/host/usr/include conftest.c >&5
configure:8405: $? = 0
configure:8405: result: yes
configure:8405: checking for memory.h
configure:8405: /home/aav/specter/buildroot-2013.08/output/host/usr/bin/ccache /usr/bin/gcc -c -O2 -I/home/aav/specter/buildroot-2013.08/output/host/usr/include -I/home/aav/specter/buildroot-2013.08/output/host/usr/include conftest.c >&5
configure:8405: $? = 0
configure:8405: result: yes
configure:8405: checking for strings.h
configure:8405: /home/aav/specter/buildroot-2013.08/output/host/usr/bin/ccache /usr/bin/gcc -c -O2 -I/home/aav/specter/buildroot-2013.08/output/host/usr/include -I/home/aav/specter/buildroot-2013.08/output/host/usr/include conftest.c >&5
configure:8405: $? = 0
configure:8405: result: yes
configure:8405: checking for inttypes.h
configure:8405: /home/aav/specter/buildroot-2013.08/output/host/usr/bin/ccache /usr/bin/gcc -c -O2 -I/home/aav/specter/buildroot-2013.08/output/host/usr/include -I/home/aav/specter/buildroot-2013.08/output/host/usr/include conftest.c >&5
configure:8405: $? = 0
configure:8405: result: yes
configure:8405: checking for stdint.h
configure:8405: /home/aav/specter/buildroot-2013.08/output/host/usr/bin/ccache /usr/bin/gcc -c -O2 -I/home/aav/specter/buildroot-2013.08/output/host/usr/include -I/home/aav/specter/buildroot-2013.08/output/host/usr/include conftest.c >&5
configure:8405: $? = 0
configure:8405: result: yes
configure:8405: checking for unistd.h
configure:8405: /home/aav/specter/buildroot-2013.08/output/host/usr/bin/ccache /usr/bin/gcc -c -O2 -I/home/aav/specter/buildroot-2013.08/output/host/usr/include -I/home/aav/specter/buildroot-2013.08/output/host/usr/include conftest.c >&5
configure:8405: $? = 0
configure:8405: result: yes
configure:8419: checking for dlfcn.h
configure:8419: /home/aav/specter/buildroot-2013.08/output/host/usr/bin/ccache /usr/bin/gcc -c -O2 -I/home/aav/specter/buildroot-2013.08/output/host/usr/include -I/home/aav/specter/buildroot-2013.08/output/host/usr/include conftest.c >&5
configure:8419: $? = 0
configure:8419: result: yes
configure:8934: checking for objdir
configure:8949: result: .libs
configure:9216: checking if /home/aav/specter/buildroot-2013.08/output/host/usr/bin/ccache /usr/bin/gcc supports -fno-rtti -fno-exceptions
configure:9234: /home/aav/specter/buildroot-2013.08/output/host/usr/bin/ccache /usr/bin/gcc -c -O2 -I/home/aav/specter/buildroot-2013.08/output/host/usr/include -I/home/aav/specter/buildroot-2013.08/output/host/usr/include -fno-rtti -fno-exceptions conftest.c >&5
cc1: warning: command line option '-fno-rtti' is valid for C++/ObjC++ but not for C [enabled by default]
cc1: warning: command line option '-fno-rtti' is valid for C++/ObjC++ but not for C [enabled by default]
configure:9238: $? = 0
configure:9251: result: no
configure:9578: checking for /home/aav/specter/buildroot-2013.08/output/host/usr/bin/ccache /usr/bin/gcc option to produce PIC
configure:9585: result: -fPIC -DPIC
configure:9593: checking if /home/aav/specter/buildroot-2013.08/output/host/usr/bin/ccache /usr/bin/gcc PIC flag -fPIC -DPIC works
configure:9611: /home/aav/specter/buildroot-2013.08/output/host/usr/bin/ccache /usr/bin/gcc -c -O2 -I/home/aav/specter/buildroot-2013.08/output/host/usr/include -I/home/aav/specter/buildroot-2013.08/output/host/usr/include -fPIC -DPIC -DPIC conftest.c >&5
configure:9615: $? = 0
configure:9628: result: yes
configure:9657: checking if /home/aav/specter/buildroot-2013.08/output/host/usr/bin/ccache /usr/bin/gcc static flag -static works
configure:9685: result: yes
configure:9700: checking if /home/aav/specter/buildroot-2013.08/output/host/usr/bin/ccache /usr/bin/gcc supports -c -o file.o
configure:9721: /home/aav/specter/buildroot-2013.08/output/host/usr/bin/ccache /usr/bin/gcc -c -O2 -I/home/aav/specter/buildroot-2013.08/output/host/usr/include -I/home/aav/specter/buildroot-2013.08/output/host/usr/include -o out/conftest2.o conftest.c >&5
configure:9725: $? = 0
configure:9747: result: yes
configure:9755: checking if /home/aav/specter/buildroot-2013.08/output/host/usr/bin/ccache /usr/bin/gcc supports -c -o file.o
configure:9802: result: yes
configure:9835: checking whether the /home/aav/specter/buildroot-2013.08/output/host/usr/bin/ccache /usr/bin/gcc linker (/usr/bin/ld) supports shared libraries
configure:10988: result: yes
configure:11025: checking whether -lc should be explicitly linked in
configure:11033: /home/aav/specter/buildroot-2013.08/output/host/usr/bin/ccache /usr/bin/gcc -c -O2 -I/home/aav/specter/buildroot-2013.08/output/host/usr/include -I/home/aav/specter/buildroot-2013.08/output/host/usr/include conftest.c >&5
configure:11036: $? = 0
configure:11051: /home/aav/specter/buildroot-2013.08/output/host/usr/bin/ccache /usr/bin/gcc -shared  -fPIC -DPIC conftest.o  -v -Wl,-soname -Wl,conftest -o conftest 2\>\&1 \| /bin/grep  -lc  \>/dev/null 2\>\&1
configure:11054: $? = 0
configure:11068: result: no
configure:11228: checking dynamic linker characteristics
configure:11739: /home/aav/specter/buildroot-2013.08/output/host/usr/bin/ccache /usr/bin/gcc -o conftest -O2 -I/home/aav/specter/buildroot-2013.08/output/host/usr/include -I/home/aav/specter/buildroot-2013.08/output/host/usr/include -L/home/aav/specter/buildroot-2013.08/output/host/lib -L/home/aav/specter/buildroot-2013.08/output/host/usr/lib -Wl,-rpath,/home/aav/specter/buildroot-2013.08/output/host/usr/lib -Wl,-rpath -Wl,/foo conftest.c  >&5
configure:11739: $? = 0
configure:11961: result: GNU/Linux ld.so
configure:12068: checking how to hardcode library paths into programs
configure:12093: result: immediate
configure:12633: checking whether stripping libraries is possible
configure:12638: result: yes
configure:12673: checking if libtool supports shared libraries
configure:12675: result: yes
configure:12678: checking whether to build shared libraries
configure:12699: result: yes
configure:12702: checking whether to build static libraries
configure:12706: result: no
configure:12729: checking how to run the C++ preprocessor
configure:12756: /home/aav/specter/buildroot-2013.08/output/host/usr/bin/ccache /usr/bin/g++ -E -I/home/aav/specter/buildroot-2013.08/output/host/usr/include conftest.cpp
configure:12756: $? = 0
configure:12770: /home/aav/specter/buildroot-2013.08/output/host/usr/bin/ccache /usr/bin/g++ -E -I/home/aav/specter/buildroot-2013.08/output/host/usr/include conftest.cpp
conftest.cpp:23:28: fatal error: ac_nonexistent.h: No such file or directory
 #include <ac_nonexistent.h>
                            ^
compilation terminated.
configure:12770: $? = 1
configure: failed program was:
| /* confdefs.h */
| #define PACKAGE_NAME "libasprintf"
| #define PACKAGE_TARNAME "libasprintf"
| #define PACKAGE_VERSION "1.0"
| #define PACKAGE_STRING "libasprintf 1.0"
| #define PACKAGE_BUGREPORT ""
| #define PACKAGE_URL ""
| #define PACKAGE "libasprintf"
| #define VERSION "1.0"
| #define STDC_HEADERS 1
| #define HAVE_SYS_TYPES_H 1
| #define HAVE_SYS_STAT_H 1
| #define HAVE_STDLIB_H 1
| #define HAVE_STRING_H 1
| #define HAVE_MEMORY_H 1
| #define HAVE_STRINGS_H 1
| #define HAVE_INTTYPES_H 1
| #define HAVE_STDINT_H 1
| #define HAVE_UNISTD_H 1
| #define HAVE_DLFCN_H 1
| #define LT_OBJDIR ".libs/"
| /* end confdefs.h.  */
| #include <ac_nonexistent.h>
configure:12795: result: /home/aav/specter/buildroot-2013.08/output/host/usr/bin/ccache /usr/bin/g++ -E
configure:12815: /home/aav/specter/buildroot-2013.08/output/host/usr/bin/ccache /usr/bin/g++ -E -I/home/aav/specter/buildroot-2013.08/output/host/usr/include conftest.cpp
configure:12815: $? = 0
configure:12829: /home/aav/specter/buildroot-2013.08/output/host/usr/bin/ccache /usr/bin/g++ -E -I/home/aav/specter/buildroot-2013.08/output/host/usr/include conftest.cpp
conftest.cpp:23:28: fatal error: ac_nonexistent.h: No such file or directory
 #include <ac_nonexistent.h>
                            ^
compilation terminated.
configure:12829: $? = 1
configure: failed program was:
| /* confdefs.h */
| #define PACKAGE_NAME "libasprintf"
| #define PACKAGE_TARNAME "libasprintf"
| #define PACKAGE_VERSION "1.0"
| #define PACKAGE_STRING "libasprintf 1.0"
| #define PACKAGE_BUGREPORT ""
| #define PACKAGE_URL ""
| #define PACKAGE "libasprintf"
| #define VERSION "1.0"
| #define STDC_HEADERS 1
| #define HAVE_SYS_TYPES_H 1
| #define HAVE_SYS_STAT_H 1
| #define HAVE_STDLIB_H 1
| #define HAVE_STRING_H 1
| #define HAVE_MEMORY_H 1
| #define HAVE_STRINGS_H 1
| #define HAVE_INTTYPES_H 1
| #define HAVE_STDINT_H 1
| #define HAVE_UNISTD_H 1
| #define HAVE_DLFCN_H 1
| #define LT_OBJDIR ".libs/"
| /* end confdefs.h.  */
| #include <ac_nonexistent.h>
configure:12998: checking for ld used by /home/aav/specter/buildroot-2013.08/output/host/usr/bin/ccache /usr/bin/g++
configure:13065: result: /usr/bin/ld
configure:13072: checking if the linker (/usr/bin/ld) is GNU ld
configure:13087: result: yes
configure:13142: checking whether the /home/aav/specter/buildroot-2013.08/output/host/usr/bin/ccache /usr/bin/g++ linker (/usr/bin/ld) supports shared libraries
configure:14147: result: yes
configure:14183: /home/aav/specter/buildroot-2013.08/output/host/usr/bin/ccache /usr/bin/g++ -c -O2 -I/home/aav/specter/buildroot-2013.08/output/host/usr/include -I/home/aav/specter/buildroot-2013.08/output/host/usr/include conftest.cpp >&5
configure:14186: $? = 0
configure:14706: checking for /home/aav/specter/buildroot-2013.08/output/host/usr/bin/ccache /usr/bin/g++ option to produce PIC
configure:14713: result: -fPIC -DPIC
configure:14721: checking if /home/aav/specter/buildroot-2013.08/output/host/usr/bin/ccache /usr/bin/g++ PIC flag -fPIC -DPIC works
configure:14739: /home/aav/specter/buildroot-2013.08/output/host/usr/bin/ccache /usr/bin/g++ -c -O2 -I/home/aav/specter/buildroot-2013.08/output/host/usr/include -I/home/aav/specter/buildroot-2013.08/output/host/usr/include -fPIC -DPIC -DPIC conftest.cpp >&5
configure:14743: $? = 0
configure:14756: result: yes
configure:14779: checking if /home/aav/specter/buildroot-2013.08/output/host/usr/bin/ccache /usr/bin/g++ static flag -static works
configure:14807: result: yes
configure:14819: checking if /home/aav/specter/buildroot-2013.08/output/host/usr/bin/ccache /usr/bin/g++ supports -c -o file.o
configure:14840: /home/aav/specter/buildroot-2013.08/output/host/usr/bin/ccache /usr/bin/g++ -c -O2 -I/home/aav/specter/buildroot-2013.08/output/host/usr/include -I/home/aav/specter/buildroot-2013.08/output/host/usr/include -o out/conftest2.o conftest.cpp >&5
configure:14844: $? = 0
configure:14866: result: yes
configure:14871: checking if /home/aav/specter/buildroot-2013.08/output/host/usr/bin/ccache /usr/bin/g++ supports -c -o file.o
configure:14918: result: yes
configure:14948: checking whether the /home/aav/specter/buildroot-2013.08/output/host/usr/bin/ccache /usr/bin/g++ linker (/usr/bin/ld) supports shared libraries
configure:14984: result: yes
configure:15125: checking dynamic linker characteristics
configure:15792: result: GNU/Linux ld.so
configure:15845: checking how to hardcode library paths into programs
configure:15870: result: immediate
configure:15942: checking features.h usability
configure:15942: /home/aav/specter/buildroot-2013.08/output/host/usr/bin/ccache /usr/bin/gcc -c -O2 -I/home/aav/specter/buildroot-2013.08/output/host/usr/include -I/home/aav/specter/buildroot-2013.08/output/host/usr/include conftest.c >&5
configure:15942: $? = 0
configure:15942: result: yes
configure:15942: checking features.h presence
configure:15942: /usr/bin/cpp -I/home/aav/specter/buildroot-2013.08/output/host/usr/include conftest.c
configure:15942: $? = 0
configure:15942: result: yes
configure:15942: checking for features.h
configure:15942: result: yes
configure:15953: checking for inline
configure:15969: /home/aav/specter/buildroot-2013.08/output/host/usr/bin/ccache /usr/bin/gcc -c -O2 -I/home/aav/specter/buildroot-2013.08/output/host/usr/include -I/home/aav/specter/buildroot-2013.08/output/host/usr/include conftest.c >&5
configure:15969: $? = 0
configure:15977: result: inline
configure:15995: checking for size_t
configure:15995: /home/aav/specter/buildroot-2013.08/output/host/usr/bin/ccache /usr/bin/gcc -c -O2 -I/home/aav/specter/buildroot-2013.08/output/host/usr/include -I/home/aav/specter/buildroot-2013.08/output/host/usr/include conftest.c >&5
configure:15995: $? = 0
configure:15995: /home/aav/specter/buildroot-2013.08/output/host/usr/bin/ccache /usr/bin/gcc -c -O2 -I/home/aav/specter/buildroot-2013.08/output/host/usr/include -I/home/aav/specter/buildroot-2013.08/output/host/usr/include conftest.c >&5
conftest.c: In function 'main':
conftest.c:60:21: error: expected expression before ')' token
 if (sizeof ((size_t)))
                     ^
configure:15995: $? = 1
configure: failed program was:
| /* confdefs.h */
| #define PACKAGE_NAME "libasprintf"
| #define PACKAGE_TARNAME "libasprintf"
| #define PACKAGE_VERSION "1.0"
| #define PACKAGE_STRING "libasprintf 1.0"
| #define PACKAGE_BUGREPORT ""
| #define PACKAGE_URL ""
| #define PACKAGE "libasprintf"
| #define VERSION "1.0"
| #define STDC_HEADERS 1
| #define HAVE_SYS_TYPES_H 1
| #define HAVE_SYS_STAT_H 1
| #define HAVE_STDLIB_H 1
| #define HAVE_STRING_H 1
| #define HAVE_MEMORY_H 1
| #define HAVE_STRINGS_H 1
| #define HAVE_INTTYPES_H 1
| #define HAVE_STDINT_H 1
| #define HAVE_UNISTD_H 1
| #define HAVE_DLFCN_H 1
| #define LT_OBJDIR ".libs/"
| #define HAVE_FEATURES_H 1
| /* end confdefs.h.  */
| #include <stdio.h>
| #ifdef HAVE_SYS_TYPES_H
| # include <sys/types.h>
| #endif
| #ifdef HAVE_SYS_STAT_H
| # include <sys/stat.h>
| #endif
| #ifdef STDC_HEADERS
| # include <stdlib.h>
| # include <stddef.h>
| #else
| # ifdef HAVE_STDLIB_H
| #  include <stdlib.h>
| # endif
| #endif
| #ifdef HAVE_STRING_H
| # if !defined STDC_HEADERS && defined HAVE_MEMORY_H
| #  include <memory.h>
| # endif
| # include <string.h>
| #endif
| #ifdef HAVE_STRINGS_H
| # include <strings.h>
| #endif
| #ifdef HAVE_INTTYPES_H
| # include <inttypes.h>
| #endif
| #ifdef HAVE_STDINT_H
| # include <stdint.h>
| #endif
| #ifdef HAVE_UNISTD_H
| # include <unistd.h>
| #endif
| int
| main ()
| {
| if (sizeof ((size_t)))
| 	    return 0;
|   ;
|   return 0;
| }
configure:15995: result: yes
configure:16007: checking for unsigned long long int
configure:16046: /home/aav/specter/buildroot-2013.08/output/host/usr/bin/ccache /usr/bin/gcc -o conftest -O2 -I/home/aav/specter/buildroot-2013.08/output/host/usr/include -I/home/aav/specter/buildroot-2013.08/output/host/usr/include -L/home/aav/specter/buildroot-2013.08/output/host/lib -L/home/aav/specter/buildroot-2013.08/output/host/usr/lib -Wl,-rpath,/home/aav/specter/buildroot-2013.08/output/host/usr/lib conftest.c  >&5
configure:16046: $? = 0
configure:16055: result: yes
configure:16065: checking for long long int
configure:16103: /home/aav/specter/buildroot-2013.08/output/host/usr/bin/ccache /usr/bin/gcc -o conftest -O2 -I/home/aav/specter/buildroot-2013.08/output/host/usr/include -I/home/aav/specter/buildroot-2013.08/output/host/usr/include -L/home/aav/specter/buildroot-2013.08/output/host/lib -L/home/aav/specter/buildroot-2013.08/output/host/usr/lib -Wl,-rpath,/home/aav/specter/buildroot-2013.08/output/host/usr/lib conftest.c  >&5
configure:16103: $? = 0
configure:16103: ./conftest
configure:16103: $? = 0
configure:16115: result: yes
configure:16124: checking for wchar_t
configure:16141: /home/aav/specter/buildroot-2013.08/output/host/usr/bin/ccache /usr/bin/gcc -c -O2 -I/home/aav/specter/buildroot-2013.08/output/host/usr/include -I/home/aav/specter/buildroot-2013.08/output/host/usr/include conftest.c >&5
configure:16141: $? = 0
configure:16148: result: yes
configure:16157: checking for wint_t
configure:16182: /home/aav/specter/buildroot-2013.08/output/host/usr/bin/ccache /usr/bin/gcc -c -O2 -I/home/aav/specter/buildroot-2013.08/output/host/usr/include -I/home/aav/specter/buildroot-2013.08/output/host/usr/include conftest.c >&5
configure:16182: $? = 0
configure:16189: result: yes
configure:16197: checking for mbstate_t
configure:16214: /home/aav/specter/buildroot-2013.08/output/host/usr/bin/ccache /usr/bin/gcc -c -O2 -I/home/aav/specter/buildroot-2013.08/output/host/usr/include -I/home/aav/specter/buildroot-2013.08/output/host/usr/include conftest.c >&5
configure:16214: $? = 0
configure:16221: result: yes
configure:16232: checking for ptrdiff_t
configure:16232: /home/aav/specter/buildroot-2013.08/output/host/usr/bin/ccache /usr/bin/gcc -c -O2 -I/home/aav/specter/buildroot-2013.08/output/host/usr/include -I/home/aav/specter/buildroot-2013.08/output/host/usr/include conftest.c >&5
configure:16232: $? = 0
configure:16232: /home/aav/specter/buildroot-2013.08/output/host/usr/bin/ccache /usr/bin/gcc -c -O2 -I/home/aav/specter/buildroot-2013.08/output/host/usr/include -I/home/aav/specter/buildroot-2013.08/output/host/usr/include conftest.c >&5
conftest.c: In function 'main':
conftest.c:65:24: error: expected expression before ')' token
 if (sizeof ((ptrdiff_t)))
                        ^
configure:16232: $? = 1
configure: failed program was:
| /* confdefs.h */
| #define PACKAGE_NAME "libasprintf"
| #define PACKAGE_TARNAME "libasprintf"
| #define PACKAGE_VERSION "1.0"
| #define PACKAGE_STRING "libasprintf 1.0"
| #define PACKAGE_BUGREPORT ""
| #define PACKAGE_URL ""
| #define PACKAGE "libasprintf"
| #define VERSION "1.0"
| #define STDC_HEADERS 1
| #define HAVE_SYS_TYPES_H 1
| #define HAVE_SYS_STAT_H 1
| #define HAVE_STDLIB_H 1
| #define HAVE_STRING_H 1
| #define HAVE_MEMORY_H 1
| #define HAVE_STRINGS_H 1
| #define HAVE_INTTYPES_H 1
| #define HAVE_STDINT_H 1
| #define HAVE_UNISTD_H 1
| #define HAVE_DLFCN_H 1
| #define LT_OBJDIR ".libs/"
| #define HAVE_FEATURES_H 1
| #define HAVE_UNSIGNED_LONG_LONG_INT 1
| #define HAVE_LONG_LONG_INT 1
| #define HAVE_WCHAR_T 1
| #define HAVE_WINT_T 1
| #define HAVE_MBSTATE_T 1
| /* end confdefs.h.  */
| #include <stdio.h>
| #ifdef HAVE_SYS_TYPES_H
| # include <sys/types.h>
| #endif
| #ifdef HAVE_SYS_STAT_H
| # include <sys/stat.h>
| #endif
| #ifdef STDC_HEADERS
| # include <stdlib.h>
| # include <stddef.h>
| #else
| # ifdef HAVE_STDLIB_H
| #  include <stdlib.h>
| # endif
| #endif
| #ifdef HAVE_STRING_H
| # if !defined STDC_HEADERS && defined HAVE_MEMORY_H
| #  include <memory.h>
| # endif
| # include <string.h>
| #endif
| #ifdef HAVE_STRINGS_H
| # include <strings.h>
| #endif
| #ifdef HAVE_INTTYPES_H
| # include <inttypes.h>
| #endif
| #ifdef HAVE_STDINT_H
| # include <stdint.h>
| #endif
| #ifdef HAVE_UNISTD_H
| # include <unistd.h>
| #endif
| int
| main ()
| {
| if (sizeof ((ptrdiff_t)))
| 	    return 0;
|   ;
|   return 0;
| }
configure:16232: result: yes
configure:16243: checking for inttypes.h
configure:16262: /home/aav/specter/buildroot-2013.08/output/host/usr/bin/ccache /usr/bin/gcc -c -O2 -I/home/aav/specter/buildroot-2013.08/output/host/usr/include -I/home/aav/specter/buildroot-2013.08/output/host/usr/include conftest.c >&5
configure:16262: $? = 0
configure:16269: result: yes
configure:16280: checking for stdint.h
configure:16297: /home/aav/specter/buildroot-2013.08/output/host/usr/bin/ccache /usr/bin/gcc -c -O2 -I/home/aav/specter/buildroot-2013.08/output/host/usr/include -I/home/aav/specter/buildroot-2013.08/output/host/usr/include conftest.c >&5
configure:16297: $? = 0
configure:16304: result: yes
configure:16336: checking for stdint.h
configure:16336: result: yes
configure:16346: checking for SIZE_MAX
configure:16417: result: yes
configure:16432: checking for stdint.h
configure:16432: result: yes
configure:16455: checking for working alloca.h
configure:16472: /home/aav/specter/buildroot-2013.08/output/host/usr/bin/ccache /usr/bin/gcc -o conftest -O2 -I/home/aav/specter/buildroot-2013.08/output/host/usr/include -I/home/aav/specter/buildroot-2013.08/output/host/usr/include -L/home/aav/specter/buildroot-2013.08/output/host/lib -L/home/aav/specter/buildroot-2013.08/output/host/usr/lib -Wl,-rpath,/home/aav/specter/buildroot-2013.08/output/host/usr/lib conftest.c  >&5
configure:16472: $? = 0
configure:16480: result: yes
configure:16488: checking for alloca
configure:16525: /home/aav/specter/buildroot-2013.08/output/host/usr/bin/ccache /usr/bin/gcc -o conftest -O2 -I/home/aav/specter/buildroot-2013.08/output/host/usr/include -I/home/aav/specter/buildroot-2013.08/output/host/usr/include -L/home/aav/specter/buildroot-2013.08/output/host/lib -L/home/aav/specter/buildroot-2013.08/output/host/usr/lib -Wl,-rpath,/home/aav/specter/buildroot-2013.08/output/host/usr/lib conftest.c  >&5
configure:16525: $? = 0
configure:16533: result: yes
configure:16650: checking for stdlib.h
configure:16650: result: yes
configure:16650: checking for string.h
configure:16650: result: yes
configure:16671: checking whether the preprocessor supports include_next
configure:16709: /home/aav/specter/buildroot-2013.08/output/host/usr/bin/ccache /usr/bin/gcc -c -O2 -I/home/aav/specter/buildroot-2013.08/output/host/usr/include -I/home/aav/specter/buildroot-2013.08/output/host/usr/include -Iconftestd1b -Iconftestd2 conftest.c >&5
configure:16709: $? = 0
configure:16730: result: yes
configure:16751: checking whether system header files limit the line length
configure:16774: result: no
configure:16785: checking for complete errno.h
configure:16858: result: yes
configure:17235: checking for stdint.h
configure:17235: result: yes
configure:17245: checking for SIZE_MAX
configure:17316: result: yes
configure:17331: checking for stdint.h
configure:17331: result: yes
configure:17378: checking for snprintf
configure:17378: /home/aav/specter/buildroot-2013.08/output/host/usr/bin/ccache /usr/bin/gcc -o conftest -O2 -I/home/aav/specter/buildroot-2013.08/output/host/usr/include -I/home/aav/specter/buildroot-2013.08/output/host/usr/include -L/home/aav/specter/buildroot-2013.08/output/host/lib -L/home/aav/specter/buildroot-2013.08/output/host/usr/lib -Wl,-rpath,/home/aav/specter/buildroot-2013.08/output/host/usr/lib conftest.c  >&5
conftest.c:63:6: warning: conflicting types for built-in function 'snprintf' [enabled by default]
 char snprintf ();
      ^
configure:17378: $? = 0
configure:17378: result: yes
configure:17378: checking for vasprintf
configure:17378: /home/aav/specter/buildroot-2013.08/output/host/usr/bin/ccache /usr/bin/gcc -o conftest -O2 -I/home/aav/specter/buildroot-2013.08/output/host/usr/include -I/home/aav/specter/buildroot-2013.08/output/host/usr/include -L/home/aav/specter/buildroot-2013.08/output/host/lib -L/home/aav/specter/buildroot-2013.08/output/host/usr/lib -Wl,-rpath,/home/aav/specter/buildroot-2013.08/output/host/usr/lib conftest.c  >&5
configure:17378: $? = 0
configure:17378: result: yes
configure:17378: checking for strnlen
configure:17378: /home/aav/specter/buildroot-2013.08/output/host/usr/bin/ccache /usr/bin/gcc -o conftest -O2 -I/home/aav/specter/buildroot-2013.08/output/host/usr/include -I/home/aav/specter/buildroot-2013.08/output/host/usr/include -L/home/aav/specter/buildroot-2013.08/output/host/lib -L/home/aav/specter/buildroot-2013.08/output/host/usr/lib -Wl,-rpath,/home/aav/specter/buildroot-2013.08/output/host/usr/lib conftest.c  >&5
configure:17378: $? = 0
configure:17378: result: yes
configure:17378: checking for wcslen
configure:17378: /home/aav/specter/buildroot-2013.08/output/host/usr/bin/ccache /usr/bin/gcc -o conftest -O2 -I/home/aav/specter/buildroot-2013.08/output/host/usr/include -I/home/aav/specter/buildroot-2013.08/output/host/usr/include -L/home/aav/specter/buildroot-2013.08/output/host/lib -L/home/aav/specter/buildroot-2013.08/output/host/usr/lib -Wl,-rpath,/home/aav/specter/buildroot-2013.08/output/host/usr/lib conftest.c  >&5
configure:17378: $? = 0
configure:17378: result: yes
configure:17378: checking for wcsnlen
configure:17378: /home/aav/specter/buildroot-2013.08/output/host/usr/bin/ccache /usr/bin/gcc -o conftest -O2 -I/home/aav/specter/buildroot-2013.08/output/host/usr/include -I/home/aav/specter/buildroot-2013.08/output/host/usr/include -L/home/aav/specter/buildroot-2013.08/output/host/lib -L/home/aav/specter/buildroot-2013.08/output/host/usr/lib -Wl,-rpath,/home/aav/specter/buildroot-2013.08/output/host/usr/lib conftest.c  >&5
configure:17378: $? = 0
configure:17378: result: yes
configure:17378: checking for mbrtowc
configure:17378: /home/aav/specter/buildroot-2013.08/output/host/usr/bin/ccache /usr/bin/gcc -o conftest -O2 -I/home/aav/specter/buildroot-2013.08/output/host/usr/include -I/home/aav/specter/buildroot-2013.08/output/host/usr/include -L/home/aav/specter/buildroot-2013.08/output/host/lib -L/home/aav/specter/buildroot-2013.08/output/host/usr/lib -Wl,-rpath,/home/aav/specter/buildroot-2013.08/output/host/usr/lib conftest.c  >&5
configure:17378: $? = 0
configure:17378: result: yes
configure:17378: checking for wcrtomb
configure:17378: /home/aav/specter/buildroot-2013.08/output/host/usr/bin/ccache /usr/bin/gcc -o conftest -O2 -I/home/aav/specter/buildroot-2013.08/output/host/usr/include -I/home/aav/specter/buildroot-2013.08/output/host/usr/include -L/home/aav/specter/buildroot-2013.08/output/host/lib -L/home/aav/specter/buildroot-2013.08/output/host/usr/lib -Wl,-rpath,/home/aav/specter/buildroot-2013.08/output/host/usr/lib conftest.c  >&5
configure:17378: $? = 0
configure:17378: result: yes
configure:17387: checking whether _snprintf is declared
configure:17387: /home/aav/specter/buildroot-2013.08/output/host/usr/bin/ccache /usr/bin/gcc -c -O2 -I/home/aav/specter/buildroot-2013.08/output/host/usr/include -I/home/aav/specter/buildroot-2013.08/output/host/usr/include conftest.c >&5
conftest.c: In function 'main':
conftest.c:56:10: error: '_snprintf' undeclared (first use in this function)
   (void) _snprintf;
          ^
conftest.c:56:10: note: each undeclared identifier is reported only once for each function it appears in
configure:17387: $? = 1
configure: failed program was:
| /* confdefs.h */
| #define PACKAGE_NAME "libasprintf"
| #define PACKAGE_TARNAME "libasprintf"
| #define PACKAGE_VERSION "1.0"
| #define PACKAGE_STRING "libasprintf 1.0"
| #define PACKAGE_BUGREPORT ""
| #define PACKAGE_URL ""
| #define PACKAGE "libasprintf"
| #define VERSION "1.0"
| #define STDC_HEADERS 1
| #define HAVE_SYS_TYPES_H 1
| #define HAVE_SYS_STAT_H 1
| #define HAVE_STDLIB_H 1
| #define HAVE_STRING_H 1
| #define HAVE_MEMORY_H 1
| #define HAVE_STRINGS_H 1
| #define HAVE_INTTYPES_H 1
| #define HAVE_STDINT_H 1
| #define HAVE_UNISTD_H 1
| #define HAVE_DLFCN_H 1
| #define LT_OBJDIR ".libs/"
| #define HAVE_FEATURES_H 1
| #define HAVE_UNSIGNED_LONG_LONG_INT 1
| #define HAVE_LONG_LONG_INT 1
| #define HAVE_WCHAR_T 1
| #define HAVE_WINT_T 1
| #define HAVE_MBSTATE_T 1
| #define HAVE_INTTYPES_H_WITH_UINTMAX 1
| #define HAVE_STDINT_H_WITH_UINTMAX 1
| #define HAVE_INTMAX_T 1
| #define HAVE_STDINT_H 1
| #define HAVE_STDINT_H 1
| #define HAVE_ALLOCA_H 1
| #define HAVE_ALLOCA 1
| #define HAVE_STDLIB_H 1
| #define HAVE_STRING_H 1
| #define HAVE_STDINT_H 1
| #define HAVE_STDINT_H 1
| #define HAVE_SNPRINTF 1
| #define HAVE_VASPRINTF 1
| #define HAVE_STRNLEN 1
| #define HAVE_WCSLEN 1
| #define HAVE_WCSNLEN 1
| #define HAVE_MBRTOWC 1
| #define HAVE_WCRTOMB 1
| /* end confdefs.h.  */
| #include <stdio.h>
| 
| int
| main ()
| {
| #ifndef _snprintf
| #ifdef __cplusplus
|   (void) _snprintf;
| #else
|   (void) _snprintf;
| #endif
| #endif
| 
|   ;
|   return 0;
| }
configure:17387: result: no
configure:17401: checking whether printf() supports POSIX/XSI format strings
configure:17442: /home/aav/specter/buildroot-2013.08/output/host/usr/bin/ccache /usr/bin/gcc -o conftest -O2 -I/home/aav/specter/buildroot-2013.08/output/host/usr/include -I/home/aav/specter/buildroot-2013.08/output/host/usr/include -L/home/aav/specter/buildroot-2013.08/output/host/lib -L/home/aav/specter/buildroot-2013.08/output/host/usr/lib -Wl,-rpath,/home/aav/specter/buildroot-2013.08/output/host/usr/lib conftest.c  >&5
configure:17442: $? = 0
configure:17442: ./conftest
configure:17442: $? = 0
configure:17453: result: yes
configure:17467: checking for dvips
configure:17485: found /usr/bin/dvips
configure:17498: result: /usr/bin/dvips
configure:17508: checking for texi2pdf
configure:17526: found /usr/bin/texi2pdf
configure:17539: result: /usr/bin/texi2pdf
configure:17549: checking for perl
configure:17567: found /usr/bin/perl
configure:17580: result: /usr/bin/perl
configure:17770: creating ./config.status

## ---------------------- ##
## Running config.status. ##
## ---------------------- ##

This file was extended by libasprintf config.status 1.0, which was
generated by GNU Autoconf 2.69.  Invocation command line was

  CONFIG_FILES    = 
  CONFIG_HEADERS  = 
  CONFIG_LINKS    = 
  CONFIG_COMMANDS = 
  $ ./config.status 

on aav-K52Je

config.status:1204: creating Makefile
config.status:1204: creating config.h
config.status:1433: executing depfiles commands
config.status:1433: executing libtool commands

## ---------------- ##
## Cache variables. ##
## ---------------- ##

ac_cv_build=i686-pc-linux-gnu
ac_cv_c_compiler_gnu=yes
ac_cv_c_inline=inline
ac_cv_cxx_compiler_gnu=yes
ac_cv_env_CCC_set=
ac_cv_env_CCC_value=
ac_cv_env_CC_set=set
ac_cv_env_CC_value='/home/aav/specter/buildroot-2013.08/output/host/usr/bin/ccache /usr/bin/gcc'
ac_cv_env_CFLAGS_set=set
ac_cv_env_CFLAGS_value='-O2 -I/home/aav/specter/buildroot-2013.08/output/host/usr/include'
ac_cv_env_CPPFLAGS_set=set
ac_cv_env_CPPFLAGS_value=-I/home/aav/specter/buildroot-2013.08/output/host/usr/include
ac_cv_env_CPP_set=set
ac_cv_env_CPP_value=/usr/bin/cpp
ac_cv_env_CXXCPP_set=
ac_cv_env_CXXCPP_value=
ac_cv_env_CXXFLAGS_set=set
ac_cv_env_CXXFLAGS_value='-O2 -I/home/aav/specter/buildroot-2013.08/output/host/usr/include'
ac_cv_env_CXX_set=set
ac_cv_env_CXX_value='/home/aav/specter/buildroot-2013.08/output/host/usr/bin/ccache /usr/bin/g++'
ac_cv_env_LDFLAGS_set=set
ac_cv_env_LDFLAGS_value='-L/home/aav/specter/buildroot-2013.08/output/host/lib -L/home/aav/specter/buildroot-2013.08/output/host/usr/lib -Wl,-rpath,/home/aav/specter/buildroot-2013.08/output/host/usr/lib'
ac_cv_env_LIBS_set=
ac_cv_env_LIBS_value=
ac_cv_env_build_alias_set=
ac_cv_env_build_alias_value=
ac_cv_env_host_alias_set=
ac_cv_env_host_alias_value=
ac_cv_env_target_alias_set=
ac_cv_env_target_alias_value=
ac_cv_func_alloca_works=yes
ac_cv_func_mbrtowc=yes
ac_cv_func_snprintf=yes
ac_cv_func_strnlen=yes
ac_cv_func_vasprintf=yes
ac_cv_func_wcrtomb=yes
ac_cv_func_wcslen=yes
ac_cv_func_wcsnlen=yes
ac_cv_have_decl__snprintf=no
ac_cv_header_dlfcn_h=yes
ac_cv_header_features_h=yes
ac_cv_header_inttypes_h=yes
ac_cv_header_memory_h=yes
ac_cv_header_stdc=yes
ac_cv_header_stdint_h=yes
ac_cv_header_stdlib_h=yes
ac_cv_header_string_h=yes
ac_cv_header_strings_h=yes
ac_cv_header_sys_stat_h=yes
ac_cv_header_sys_types_h=yes
ac_cv_header_unistd_h=yes
ac_cv_host=i686-pc-linux-gnu
ac_cv_objext=o
ac_cv_path_DVIPS=/usr/bin/dvips
ac_cv_path_EGREP='/bin/grep -E'
ac_cv_path_FGREP='/bin/grep -F'
ac_cv_path_GREP=/bin/grep
ac_cv_path_PERL=/usr/bin/perl
ac_cv_path_SED=/bin/sed
ac_cv_path_TEXI2PDF=/usr/bin/texi2pdf
ac_cv_path_install='/usr/bin/install -c'
ac_cv_path_mkdir=/bin/mkdir
ac_cv_prog_AWK=mawk
ac_cv_prog_CPP=/usr/bin/cpp
ac_cv_prog_CXXCPP='/home/aav/specter/buildroot-2013.08/output/host/usr/bin/ccache /usr/bin/g++ -E'
ac_cv_prog_ac_ct_CC='/home/aav/specter/buildroot-2013.08/output/host/usr/bin/ccache /usr/bin/gcc'
ac_cv_prog_ac_ct_MANIFEST_TOOL=mt
ac_cv_prog_ac_ct_OBJDUMP=objdump
ac_cv_prog_ac_ct_RANLIB=ranlib
ac_cv_prog_ac_ct_STRIP=strip
ac_cv_prog_cc_c89=
ac_cv_prog_cc_g=yes
ac_cv_prog_cxx_g=yes
ac_cv_prog_make_make_set=yes
ac_cv_type_long_long_int=yes
ac_cv_type_mbstate_t=yes
ac_cv_type_ptrdiff_t=yes
ac_cv_type_size_t=yes
ac_cv_type_unsigned_long_long_int=yes
ac_cv_working_alloca_h=yes
am_cv_CC_dependencies_compiler_type=gcc3
am_cv_CXX_dependencies_compiler_type=gcc3
am_cv_make_support_nested_variables=yes
gl_cv_c_amsterdam_compiler=no
gl_cv_have_include_next=yes
gl_cv_header_errno_h_complete=yes
gl_cv_header_inttypes_h=yes
gl_cv_header_stdint_h=yes
gl_cv_pragma_columns=no
gl_cv_size_max=yes
gt_cv_c_wchar_t=yes
gt_cv_c_wint_t=yes
gt_cv_func_printf_posix=yes
lt_cv_ar_at_file=@
lt_cv_archive_cmds_need_lc=no
lt_cv_deplibs_check_method=pass_all
lt_cv_file_magic_cmd='$MAGIC_CMD'
lt_cv_file_magic_test_file=
lt_cv_ld_reload_flag=-r
lt_cv_nm_interface='BSD nm'
lt_cv_objdir=.libs
lt_cv_path_LD=/usr/bin/ld
lt_cv_path_LDCXX=/usr/bin/ld
lt_cv_path_NM=/usr/bin/nm
lt_cv_path_mainfest_tool=no
lt_cv_prog_compiler_c_o=yes
lt_cv_prog_compiler_c_o_CXX=yes
lt_cv_prog_compiler_pic='-fPIC -DPIC'
lt_cv_prog_compiler_pic_CXX='-fPIC -DPIC'
lt_cv_prog_compiler_pic_works=yes
lt_cv_prog_compiler_pic_works_CXX=yes
lt_cv_prog_compiler_rtti_exceptions=no
lt_cv_prog_compiler_static_works=yes
lt_cv_prog_compiler_static_works_CXX=yes
lt_cv_prog_gnu_ld=yes
lt_cv_prog_gnu_ldcxx=yes
lt_cv_sharedlib_from_linklib_cmd='printf %s\n'
lt_cv_shlibpath_overrides_runpath=no
lt_cv_sys_global_symbol_pipe='sed -n -e '\''s/^.*[	 ]\([ABCDGIRSTW][ABCDGIRSTW]*\)[	 ][	 ]*\([_A-Za-z][_A-Za-z0-9]*\)$/\1 \2 \2/p'\'' | sed '\''/ __gnu_lto/d'\'''
lt_cv_sys_global_symbol_to_c_name_address='sed -n -e '\''s/^: \([^ ]*\)[ ]*$/  {\"\1\", (void *) 0},/p'\'' -e '\''s/^[ABCDGIRSTW]* \([^ ]*\) \([^ ]*\)$/  {"\2", (void *) \&\2},/p'\'''
lt_cv_sys_global_symbol_to_c_name_address_lib_prefix='sed -n -e '\''s/^: \([^ ]*\)[ ]*$/  {\"\1\", (void *) 0},/p'\'' -e '\''s/^[ABCDGIRSTW]* \([^ ]*\) \(lib[^ ]*\)$/  {"\2", (void *) \&\2},/p'\'' -e '\''s/^[ABCDGIRSTW]* \([^ ]*\) \([^ ]*\)$/  {"lib\2", (void *) \&\2},/p'\'''
lt_cv_sys_global_symbol_to_cdecl='sed -n -e '\''s/^T .* \(.*\)$/extern int \1();/p'\'' -e '\''s/^[ABCDGIRSTW]* .* \(.*\)$/extern char \1;/p'\'''
lt_cv_sys_max_cmd_len=805306365
lt_cv_to_host_file_cmd=func_convert_file_noop
lt_cv_to_tool_file_cmd=func_convert_file_noop

## ----------------- ##
## Output variables. ##
## ----------------- ##

ACLOCAL='${SHELL} /home/aav/specter/buildroot-2013.08/output/build/host-gettext-0.18.3/build-aux/missing --run aclocal-1.11'
ALLOCA=''
ALLOCA_H='alloca.h'
AMDEPBACKSLASH='\'
AMDEP_FALSE='#'
AMDEP_TRUE=''
AMTAR='$${TAR-tar}'
AM_BACKSLASH='\'
AM_DEFAULT_V='$(AM_DEFAULT_VERBOSITY)'
AM_DEFAULT_VERBOSITY='1'
AM_V='$(V)'
AR='/usr/bin/ar'
ARFLAGS='cru'
AS='/usr/bin/as'
AUTOCONF='${SHELL} /home/aav/specter/buildroot-2013.08/output/build/host-gettext-0.18.3/build-aux/missing --run autoconf'
AUTOHEADER='${SHELL} /home/aav/specter/buildroot-2013.08/output/build/host-gettext-0.18.3/build-aux/missing --run autoheader'
AUTOMAKE='${SHELL} /home/aav/specter/buildroot-2013.08/output/build/host-gettext-0.18.3/build-aux/missing --run automake-1.11'
AWK='mawk'
CC='/home/aav/specter/buildroot-2013.08/output/host/usr/bin/ccache /usr/bin/gcc'
CCDEPMODE='depmode=gcc3'
CFLAGS='-O2 -I/home/aav/specter/buildroot-2013.08/output/host/usr/include'
CPP='/usr/bin/cpp'
CPPFLAGS='-I/home/aav/specter/buildroot-2013.08/output/host/usr/include'
CXX='/home/aav/specter/buildroot-2013.08/output/host/usr/bin/ccache /usr/bin/g++'
CXXCPP='/home/aav/specter/buildroot-2013.08/output/host/usr/bin/ccache /usr/bin/g++ -E'
CXXDEPMODE='depmode=gcc3'
CXXFLAGS='-O2 -I/home/aav/specter/buildroot-2013.08/output/host/usr/include'
CYGPATH_W='echo'
DEFS='-DHAVE_CONFIG_H'
DEPDIR='.deps'
DLLTOOL='false'
DSYMUTIL=''
DUMPBIN=''
DVIPS='/usr/bin/dvips'
ECHO_C=''
ECHO_N='-n'
ECHO_T=''
EGREP='/bin/grep -E'
EMULTIHOP_HIDDEN=''
EMULTIHOP_VALUE=''
ENOLINK_HIDDEN=''
ENOLINK_VALUE=''
EOVERFLOW_HIDDEN=''
EOVERFLOW_VALUE=''
ERRNO_H=''
EXEEXT=''
FGREP='/bin/grep -F'
GL_COND_LIBTOOL_FALSE='#'
GL_COND_LIBTOOL_TRUE=''
GL_GENERATE_ALLOCA_H_FALSE='#'
GL_GENERATE_ALLOCA_H_TRUE=''
GL_GENERATE_ERRNO_H_FALSE=''
GL_GENERATE_ERRNO_H_TRUE='#'
GREP='/bin/grep'
INCLUDE_NEXT='include_next'
INCLUDE_NEXT_AS_FIRST_DIRECTIVE='include_next'
INSTALL_DATA='${INSTALL} -m 644'
INSTALL_PROGRAM='${INSTALL}'
INSTALL_SCRIPT='${INSTALL}'
INSTALL_STRIP_PROGRAM='$(install_sh) -c -s'
LD='/usr/bin/ld'
LDFLAGS='-L/home/aav/specter/buildroot-2013.08/output/host/lib -L/home/aav/specter/buildroot-2013.08/output/host/usr/lib -Wl,-rpath,/home/aav/specter/buildroot-2013.08/output/host/usr/lib'
LIBOBJS=''
LIBS=''
LIBTOOL='$(SHELL) $(top_builddir)/libtool'
LIPO=''
LN_S='ln -s'
LTALLOCA=''
LTLIBOBJS=''
LTNOUNDEF=''
MAKEINFO='${SHELL} /home/aav/specter/buildroot-2013.08/output/build/host-gettext-0.18.3/build-aux/missing --run makeinfo'
MANIFEST_TOOL=':'
MKDIR_P='/bin/mkdir -p'
NEXT_AS_FIRST_DIRECTIVE_ERRNO_H=''
NEXT_ERRNO_H=''
NM='/usr/bin/nm'
NMEDIT=''
OBJDUMP='objdump'
OBJEXT='o'
OTOOL64=''
OTOOL=''
PACKAGE='libasprintf'
PACKAGE_BUGREPORT=''
PACKAGE_NAME='libasprintf'
PACKAGE_STRING='libasprintf 1.0'
PACKAGE_TARNAME='libasprintf'
PACKAGE_URL=''
PACKAGE_VERSION='1.0'
PATH_SEPARATOR=':'
PERL='/usr/bin/perl'
PRAGMA_COLUMNS=''
PRAGMA_SYSTEM_HEADER='#pragma GCC system_header'
RANLIB='ranlib'
SED='/bin/sed'
SET_MAKE=''
SHELL='/bin/bash'
STRIP='strip'
TEXI2PDF='/usr/bin/texi2pdf'
VERSION='1.0'
ac_ct_AR=''
ac_ct_CC='/home/aav/specter/buildroot-2013.08/output/host/usr/bin/ccache /usr/bin/gcc'
ac_ct_CXX=''
ac_ct_DUMPBIN=''
am__EXEEXT_FALSE=''
am__EXEEXT_TRUE='#'
am__fastdepCC_FALSE='#'
am__fastdepCC_TRUE=''
am__fastdepCXX_FALSE='#'
am__fastdepCXX_TRUE=''
am__include='include'
am__isrc=''
am__leading_dot='.'
am__nodep='_no'
am__quote=''
am__tar='$${TAR-tar} chof - "$$tardir"'
am__untar='$${TAR-tar} xf -'
bindir='${exec_prefix}/bin'
build='i686-pc-linux-gnu'
build_alias=''
build_cpu='i686'
build_os='linux-gnu'
build_vendor='pc'
datadir='${datarootdir}'
datarootdir='${prefix}/share'
docdir='${datarootdir}/doc/${PACKAGE_TARNAME}'
dvidir='${docdir}'
exec_prefix='${prefix}'
gl_LIBOBJS=''
gl_LTLIBOBJS=''
gltests_LIBOBJS=''
gltests_LTLIBOBJS=''
gltests_WITNESS='IN_LIBASPRINTF_GNULIB_TESTS'
host='i686-pc-linux-gnu'
host_alias=''
host_cpu='i686'
host_os='linux-gnu'
host_vendor='pc'
htmldir='${docdir}'
includedir='${prefix}/include'
infodir='${datarootdir}/info'
install_sh='${SHELL} /home/aav/specter/buildroot-2013.08/output/build/host-gettext-0.18.3/build-aux/install-sh'
libdir='${exec_prefix}/lib'
libexecdir='${exec_prefix}/libexec'
localedir='${datarootdir}/locale'
localstatedir='${prefix}/var'
mandir='${datarootdir}/man'
mkdir_p='/bin/mkdir -p'
oldincludedir='/usr/include'
pdfdir='${docdir}'
prefix='/home/aav/specter/buildroot-2013.08/output/host/usr'
program_transform_name='s,x,x,'
psdir='${docdir}'
sbindir='${exec_prefix}/sbin'
sharedstatedir='${prefix}/com'
sysconfdir='/home/aav/specter/buildroot-2013.08/output/host/etc'
target_alias=''

## ----------- ##
## confdefs.h. ##
## ----------- ##

/* confdefs.h */
#define PACKAGE_NAME "libasprintf"
#define PACKAGE_TARNAME "libasprintf"
#define PACKAGE_VERSION "1.0"
#define PACKAGE_STRING "libasprintf 1.0"
#define PACKAGE_BUGREPORT ""
#define PACKAGE_URL ""
#define PACKAGE "libasprintf"
#define VERSION "1.0"
#define STDC_HEADERS 1
#define HAVE_SYS_TYPES_H 1
#define HAVE_SYS_STAT_H 1
#define HAVE_STDLIB_H 1
#define HAVE_STRING_H 1
#define HAVE_MEMORY_H 1
#define HAVE_STRINGS_H 1
#define HAVE_INTTYPES_H 1
#define HAVE_STDINT_H 1
#define HAVE_UNISTD_H 1
#define HAVE_DLFCN_H 1
#define LT_OBJDIR ".libs/"
#define HAVE_FEATURES_H 1
#define HAVE_UNSIGNED_LONG_LONG_INT 1
#define HAVE_LONG_LONG_INT 1
#define HAVE_WCHAR_T 1
#define HAVE_WINT_T 1
#define HAVE_MBSTATE_T 1
#define HAVE_INTTYPES_H_WITH_UINTMAX 1
#define HAVE_STDINT_H_WITH_UINTMAX 1
#define HAVE_INTMAX_T 1
#define HAVE_STDINT_H 1
#define HAVE_STDINT_H 1
#define HAVE_ALLOCA_H 1
#define HAVE_ALLOCA 1
#define HAVE_STDLIB_H 1
#define HAVE_STRING_H 1
#define HAVE_STDINT_H 1
#define HAVE_STDINT_H 1
#define HAVE_SNPRINTF 1
#define HAVE_VASPRINTF 1
#define HAVE_STRNLEN 1
#define HAVE_WCSLEN 1
#define HAVE_WCSNLEN 1
#define HAVE_MBRTOWC 1
#define HAVE_WCRTOMB 1
#define HAVE_DECL__SNPRINTF 0
#define HAVE_POSIX_PRINTF 1

configure: exit 0
