This file contains any messages produced by compilers while
running configure, to aid debugging if configure makes a mistake.

It was created by libffi configure 3.0.13, which was
generated by GNU Autoconf 2.69.  Invocation command line was

  $ .././configure --srcdir=.. --enable-builddir=i686-pc-linux-gnu --prefix=/home/aav/specter/buildroot-2013.08/output/host/usr --sysconfdir=/home/aav/specter/buildroot-2013.08/output/host/etc --enable-shared --disable-static --disable-gtk-doc --disable-doc --disable-docs --disable-documentation --with-xmlto=no --with-fop=no CPP=/usr/bin/cpp CPPFLAGS=-I/home/aav/specter/buildroot-2013.08/output/host/usr/include

## --------- ##
## Platform. ##
## --------- ##

hostname = aav-K52Je
uname -m = i686
uname -r = 3.11.0-12-generic
uname -s = Linux
uname -v = #19-Ubuntu SMP Wed Oct 9 16:12:00 UTC 2013

/usr/bin/uname -p = unknown
/bin/uname -X     = unknown

/bin/arch              = unknown
/usr/bin/arch -k       = unknown
/usr/convex/getsysinfo = unknown
/usr/bin/hostinfo      = unknown
/bin/machine           = unknown
/usr/bin/oslevel       = unknown
/bin/universe          = unknown

PATH: /home/aav/specter/buildroot-2013.08/output/host/bin
PATH: /home/aav/specter/buildroot-2013.08/output/host/usr/bin
PATH: /home/aav/bin
PATH: /usr/local/sbin
PATH: /usr/local/bin
PATH: /usr/sbin
PATH: /usr/bin
PATH: /sbin
PATH: /bin
PATH: /usr/games
PATH: /usr/local/games


## ----------- ##
## Core tests. ##
## ----------- ##

configure:2588: checking build system type
configure:2602: result: i686-pc-linux-gnu
configure:2622: checking host system type
configure:2635: result: i686-pc-linux-gnu
configure:2655: checking target system type
configure:2668: result: i686-pc-linux-gnu
configure:2760: checking for gsed
configure:2791: result: sed
configure:2819: checking for a BSD-compatible install
configure:2887: result: /usr/bin/install -c
configure:2898: checking whether build environment is sane
configure:2948: result: yes
configure:3086: checking for a thread-safe mkdir -p
configure:3125: result: /bin/mkdir -p
configure:3138: checking for gawk
configure:3168: result: no
configure:3138: checking for mawk
configure:3154: found /usr/bin/mawk
configure:3165: result: mawk
configure:3176: checking whether make sets $(MAKE)
configure:3198: result: yes
configure:3337: checking for gcc
configure:3364: result: /home/aav/specter/buildroot-2013.08/output/host/usr/bin/ccache /usr/bin/gcc
configure:3593: checking for C compiler version
configure:3602: /home/aav/specter/buildroot-2013.08/output/host/usr/bin/ccache /usr/bin/gcc --version >&5
gcc (Ubuntu/Linaro 4.8.1-10ubuntu9) 4.8.1
Copyright (C) 2013 Free Software Foundation, Inc.
This is free software; see the source for copying conditions.  There is NO
warranty; not even for MERCHANTABILITY or FITNESS FOR A PARTICULAR PURPOSE.

configure:3613: $? = 0
configure:3602: /home/aav/specter/buildroot-2013.08/output/host/usr/bin/ccache /usr/bin/gcc -v >&5
Using built-in specs.
COLLECT_GCC=/usr/bin/gcc
COLLECT_LTO_WRAPPER=/usr/lib/gcc/i686-linux-gnu/4.8/lto-wrapper
Target: i686-linux-gnu
Configured with: ../src/configure -v --with-pkgversion='Ubuntu/Linaro 4.8.1-10ubuntu9' --with-bugurl=file:///usr/share/doc/gcc-4.8/README.Bugs --enable-languages=c,c++,java,go,d,fortran,objc,obj-c++ --prefix=/usr --program-suffix=-4.8 --enable-shared --enable-linker-build-id --libexecdir=/usr/lib --without-included-gettext --enable-threads=posix --with-gxx-include-dir=/usr/include/c++/4.8 --libdir=/usr/lib --enable-nls --with-sysroot=/ --enable-clocale=gnu --enable-libstdcxx-debug --enable-libstdcxx-time=yes --enable-gnu-unique-object --enable-plugin --with-system-zlib --disable-browser-plugin --enable-java-awt=gtk --enable-gtk-cairo --with-java-home=/usr/lib/jvm/java-1.5.0-gcj-4.8-i386/jre --enable-java-home --with-jvm-root-dir=/usr/lib/jvm/java-1.5.0-gcj-4.8-i386 --with-jvm-jar-dir=/usr/lib/jvm-exports/java-1.5.0-gcj-4.8-i386 --with-arch-directory=i386 --with-ecj-jar=/usr/share/java/eclipse-ecj.jar --enable-objc-gc --enable-targets=all --enable-multiarch --disable-werror --with-arch-32=i686 --with-multilib-list=m32,m64,mx32 --with-tune=generic --enable-checking=release --build=i686-linux-gnu --host=i686-linux-gnu --target=i686-linux-gnu
Thread model: posix
gcc version 4.8.1 (Ubuntu/Linaro 4.8.1-10ubuntu9) 
configure:3613: $? = 0
configure:3602: /home/aav/specter/buildroot-2013.08/output/host/usr/bin/ccache /usr/bin/gcc -V >&5
gcc: error: unrecognized command line option '-V'
gcc: fatal error: no input files
compilation terminated.
configure:3613: $? = 4
configure:3602: /home/aav/specter/buildroot-2013.08/output/host/usr/bin/ccache /usr/bin/gcc -qversion >&5
gcc: error: unrecognized command line option '-qversion'
gcc: fatal error: no input files
compilation terminated.
configure:3613: $? = 4
configure:3633: checking whether the C compiler works
configure:3655: /home/aav/specter/buildroot-2013.08/output/host/usr/bin/ccache /usr/bin/gcc -O2 -I/home/aav/specter/buildroot-2013.08/output/host/usr/include -I/home/aav/specter/buildroot-2013.08/output/host/usr/include -L/home/aav/specter/buildroot-2013.08/output/host/lib -L/home/aav/specter/buildroot-2013.08/output/host/usr/lib -Wl,-rpath,/home/aav/specter/buildroot-2013.08/output/host/usr/lib conftest.c  >&5
configure:3659: $? = 0
configure:3707: result: yes
configure:3710: checking for C compiler default output file name
configure:3712: result: a.out
configure:3718: checking for suffix of executables
configure:3725: /home/aav/specter/buildroot-2013.08/output/host/usr/bin/ccache /usr/bin/gcc -o conftest -O2 -I/home/aav/specter/buildroot-2013.08/output/host/usr/include -I/home/aav/specter/buildroot-2013.08/output/host/usr/include -L/home/aav/specter/buildroot-2013.08/output/host/lib -L/home/aav/specter/buildroot-2013.08/output/host/usr/lib -Wl,-rpath,/home/aav/specter/buildroot-2013.08/output/host/usr/lib conftest.c  >&5
configure:3729: $? = 0
configure:3751: result: 
configure:3773: checking whether we are cross compiling
configure:3781: /home/aav/specter/buildroot-2013.08/output/host/usr/bin/ccache /usr/bin/gcc -o conftest -O2 -I/home/aav/specter/buildroot-2013.08/output/host/usr/include -I/home/aav/specter/buildroot-2013.08/output/host/usr/include -L/home/aav/specter/buildroot-2013.08/output/host/lib -L/home/aav/specter/buildroot-2013.08/output/host/usr/lib -Wl,-rpath,/home/aav/specter/buildroot-2013.08/output/host/usr/lib conftest.c  >&5
configure:3785: $? = 0
configure:3792: ./conftest
configure:3796: $? = 0
configure:3811: result: no
configure:3816: checking for suffix of object files
configure:3838: /home/aav/specter/buildroot-2013.08/output/host/usr/bin/ccache /usr/bin/gcc -c -O2 -I/home/aav/specter/buildroot-2013.08/output/host/usr/include -I/home/aav/specter/buildroot-2013.08/output/host/usr/include conftest.c >&5
configure:3842: $? = 0
configure:3863: result: o
configure:3867: checking whether we are using the GNU C compiler
configure:3886: /home/aav/specter/buildroot-2013.08/output/host/usr/bin/ccache /usr/bin/gcc -c -O2 -I/home/aav/specter/buildroot-2013.08/output/host/usr/include -I/home/aav/specter/buildroot-2013.08/output/host/usr/include conftest.c >&5
configure:3886: $? = 0
configure:3895: result: yes
configure:3904: checking whether /home/aav/specter/buildroot-2013.08/output/host/usr/bin/ccache /usr/bin/gcc accepts -g
configure:3924: /home/aav/specter/buildroot-2013.08/output/host/usr/bin/ccache /usr/bin/gcc -c -g -I/home/aav/specter/buildroot-2013.08/output/host/usr/include conftest.c >&5
configure:3924: $? = 0
configure:3965: result: yes
configure:3982: checking for /home/aav/specter/buildroot-2013.08/output/host/usr/bin/ccache /usr/bin/gcc option to accept ISO C89
configure:4045: /home/aav/specter/buildroot-2013.08/output/host/usr/bin/ccache /usr/bin/gcc  -c -O2 -I/home/aav/specter/buildroot-2013.08/output/host/usr/include -I/home/aav/specter/buildroot-2013.08/output/host/usr/include conftest.c >&5
configure:4045: $? = 0
configure:4058: result: none needed
configure:4089: checking for style of include used by make
configure:4117: result: GNU
configure:4143: checking dependency style of /home/aav/specter/buildroot-2013.08/output/host/usr/bin/ccache /usr/bin/gcc
configure:4254: result: gcc3
configure:4284: checking dependency style of /home/aav/specter/buildroot-2013.08/output/host/usr/bin/ccache /usr/bin/gcc
configure:4393: result: gcc3
configure:4409: checking whether /home/aav/specter/buildroot-2013.08/output/host/usr/bin/ccache /usr/bin/gcc and cc understand -c and -o together
configure:4440: /home/aav/specter/buildroot-2013.08/output/host/usr/bin/ccache /usr/bin/gcc -c conftest.c -o conftest2.o >&5
configure:4444: $? = 0
configure:4450: /home/aav/specter/buildroot-2013.08/output/host/usr/bin/ccache /usr/bin/gcc -c conftest.c -o conftest2.o >&5
configure:4454: $? = 0
configure:4465: cc -c conftest.c >&5
configure:4469: $? = 0
configure:4477: cc -c conftest.c -o conftest2.o >&5
configure:4481: $? = 0
configure:4487: cc -c conftest.c -o conftest2.o >&5
configure:4491: $? = 0
configure:4509: result: yes
configure:4580: checking how to print strings
configure:4607: result: printf
configure:4628: checking for a sed that does not truncate output
configure:4692: result: /bin/sed
configure:4710: checking for grep that handles long lines and -e
configure:4768: result: /bin/grep
configure:4773: checking for egrep
configure:4835: result: /bin/grep -E
configure:4840: checking for fgrep
configure:4902: result: /bin/grep -F
configure:4937: checking for ld used by /home/aav/specter/buildroot-2013.08/output/host/usr/bin/ccache /usr/bin/gcc
configure:5004: result: /usr/bin/ld
configure:5011: checking if the linker (/usr/bin/ld) is GNU ld
configure:5026: result: yes
configure:5038: checking for BSD- or MS-compatible name lister (nm)
configure:5087: result: /usr/bin/nm
configure:5217: checking the name lister (/usr/bin/nm) interface
configure:5224: /home/aav/specter/buildroot-2013.08/output/host/usr/bin/ccache /usr/bin/gcc -c -O2 -I/home/aav/specter/buildroot-2013.08/output/host/usr/include -I/home/aav/specter/buildroot-2013.08/output/host/usr/include conftest.c >&5
configure:5227: /usr/bin/nm "conftest.o"
configure:5230: output
00000000 B some_variable
configure:5237: result: BSD nm
configure:5240: checking whether ln -s works
configure:5244: result: yes
configure:5252: checking the maximum length of command line arguments
configure:5382: result: 805306365
configure:5399: checking whether the shell understands some XSI constructs
configure:5409: result: yes
configure:5413: checking whether the shell understands "+="
configure:5419: result: yes
configure:5454: checking how to convert i686-pc-linux-gnu file names to i686-pc-linux-gnu format
configure:5494: result: func_convert_file_noop
configure:5501: checking how to convert i686-pc-linux-gnu file names to toolchain format
configure:5521: result: func_convert_file_noop
configure:5528: checking for /usr/bin/ld option to reload object files
configure:5535: result: -r
configure:5609: checking for objdump
configure:5625: found /usr/bin/objdump
configure:5636: result: objdump
configure:5668: checking how to recognize dependent libraries
configure:5870: result: pass_all
configure:5955: checking for dlltool
configure:5985: result: no
configure:6015: checking how to associate runtime and link libraries
configure:6042: result: printf %s\n
configure:6167: checking for archiver @FILE support
configure:6184: /home/aav/specter/buildroot-2013.08/output/host/usr/bin/ccache /usr/bin/gcc -c -O2 -I/home/aav/specter/buildroot-2013.08/output/host/usr/include -I/home/aav/specter/buildroot-2013.08/output/host/usr/include conftest.c >&5
configure:6184: $? = 0
configure:6187: /usr/bin/ar cru libconftest.a @conftest.lst >&5
configure:6190: $? = 0
configure:6195: /usr/bin/ar cru libconftest.a @conftest.lst >&5
/usr/bin/ar: conftest.o: No such file or directory
configure:6198: $? = 1
configure:6210: result: @
configure:6268: checking for strip
configure:6284: found /usr/bin/strip
configure:6295: result: strip
configure:6367: checking for ranlib
configure:6383: found /usr/bin/ranlib
configure:6394: result: ranlib
configure:6496: checking command to parse /usr/bin/nm output from /home/aav/specter/buildroot-2013.08/output/host/usr/bin/ccache /usr/bin/gcc object
configure:6616: /home/aav/specter/buildroot-2013.08/output/host/usr/bin/ccache /usr/bin/gcc -c -O2 -I/home/aav/specter/buildroot-2013.08/output/host/usr/include -I/home/aav/specter/buildroot-2013.08/output/host/usr/include conftest.c >&5
configure:6619: $? = 0
configure:6623: /usr/bin/nm conftest.o \| sed -n -e 's/^.*[ ]\([ABCDGIRSTW][ABCDGIRSTW]*\)[ ][ ]*\([_A-Za-z][_A-Za-z0-9]*\)$/\1 \2 \2/p' | sed '/ __gnu_lto/d' \> conftest.nm
configure:6626: $? = 0
configure:6692: /home/aav/specter/buildroot-2013.08/output/host/usr/bin/ccache /usr/bin/gcc -o conftest -O2 -I/home/aav/specter/buildroot-2013.08/output/host/usr/include -I/home/aav/specter/buildroot-2013.08/output/host/usr/include -L/home/aav/specter/buildroot-2013.08/output/host/lib -L/home/aav/specter/buildroot-2013.08/output/host/usr/lib -Wl,-rpath,/home/aav/specter/buildroot-2013.08/output/host/usr/lib conftest.c conftstm.o >&5
configure:6695: $? = 0
configure:6733: result: ok
configure:6770: checking for sysroot
configure:6800: result: no
configure:7056: checking for mt
configure:7072: found /bin/mt
configure:7083: result: mt
configure:7106: checking if mt is a manifest tool
configure:7112: mt '-?'
configure:7120: result: no
configure:7762: checking how to run the C preprocessor
configure:7832: result: /usr/bin/cpp
configure:7852: /usr/bin/cpp -I/home/aav/specter/buildroot-2013.08/output/host/usr/include conftest.c
configure:7852: $? = 0
configure:7866: /usr/bin/cpp -I/home/aav/specter/buildroot-2013.08/output/host/usr/include conftest.c
conftest.c:11:28: fatal error: ac_nonexistent.h: No such file or directory
 #include <ac_nonexistent.h>
                            ^
compilation terminated.
configure:7866: $? = 1
configure: failed program was:
| /* confdefs.h */
| #define PACKAGE_NAME "libffi"
| #define PACKAGE_TARNAME "libffi"
| #define PACKAGE_VERSION "3.0.13"
| #define PACKAGE_STRING "libffi 3.0.13"
| #define PACKAGE_BUGREPORT "http://github.com/atgreen/libffi/issues"
| #define PACKAGE_URL ""
| #define PACKAGE "libffi"
| #define VERSION "3.0.13"
| /* end confdefs.h.  */
| #include <ac_nonexistent.h>
configure:7895: checking for ANSI C header files
configure:7915: /home/aav/specter/buildroot-2013.08/output/host/usr/bin/ccache /usr/bin/gcc -c -O2 -I/home/aav/specter/buildroot-2013.08/output/host/usr/include -I/home/aav/specter/buildroot-2013.08/output/host/usr/include conftest.c >&5
configure:7915: $? = 0
configure:7988: /home/aav/specter/buildroot-2013.08/output/host/usr/bin/ccache /usr/bin/gcc -o conftest -O2 -I/home/aav/specter/buildroot-2013.08/output/host/usr/include -I/home/aav/specter/buildroot-2013.08/output/host/usr/include -L/home/aav/specter/buildroot-2013.08/output/host/lib -L/home/aav/specter/buildroot-2013.08/output/host/usr/lib -Wl,-rpath,/home/aav/specter/buildroot-2013.08/output/host/usr/lib conftest.c  >&5
configure:7988: $? = 0
configure:7988: ./conftest
configure:7988: $? = 0
configure:7999: result: yes
configure:8012: checking for sys/types.h
configure:8012: /home/aav/specter/buildroot-2013.08/output/host/usr/bin/ccache /usr/bin/gcc -c -O2 -I/home/aav/specter/buildroot-2013.08/output/host/usr/include -I/home/aav/specter/buildroot-2013.08/output/host/usr/include conftest.c >&5
configure:8012: $? = 0
configure:8012: result: yes
configure:8012: checking for sys/stat.h
configure:8012: /home/aav/specter/buildroot-2013.08/output/host/usr/bin/ccache /usr/bin/gcc -c -O2 -I/home/aav/specter/buildroot-2013.08/output/host/usr/include -I/home/aav/specter/buildroot-2013.08/output/host/usr/include conftest.c >&5
configure:8012: $? = 0
configure:8012: result: yes
configure:8012: checking for stdlib.h
configure:8012: /home/aav/specter/buildroot-2013.08/output/host/usr/bin/ccache /usr/bin/gcc -c -O2 -I/home/aav/specter/buildroot-2013.08/output/host/usr/include -I/home/aav/specter/buildroot-2013.08/output/host/usr/include conftest.c >&5
configure:8012: $? = 0
configure:8012: result: yes
configure:8012: checking for string.h
configure:8012: /home/aav/specter/buildroot-2013.08/output/host/usr/bin/ccache /usr/bin/gcc -c -O2 -I/home/aav/specter/buildroot-2013.08/output/host/usr/include -I/home/aav/specter/buildroot-2013.08/output/host/usr/include conftest.c >&5
configure:8012: $? = 0
configure:8012: result: yes
configure:8012: checking for memory.h
configure:8012: /home/aav/specter/buildroot-2013.08/output/host/usr/bin/ccache /usr/bin/gcc -c -O2 -I/home/aav/specter/buildroot-2013.08/output/host/usr/include -I/home/aav/specter/buildroot-2013.08/output/host/usr/include conftest.c >&5
configure:8012: $? = 0
configure:8012: result: yes
configure:8012: checking for strings.h
configure:8012: /home/aav/specter/buildroot-2013.08/output/host/usr/bin/ccache /usr/bin/gcc -c -O2 -I/home/aav/specter/buildroot-2013.08/output/host/usr/include -I/home/aav/specter/buildroot-2013.08/output/host/usr/include conftest.c >&5
configure:8012: $? = 0
configure:8012: result: yes
configure:8012: checking for inttypes.h
configure:8012: /home/aav/specter/buildroot-2013.08/output/host/usr/bin/ccache /usr/bin/gcc -c -O2 -I/home/aav/specter/buildroot-2013.08/output/host/usr/include -I/home/aav/specter/buildroot-2013.08/output/host/usr/include conftest.c >&5
configure:8012: $? = 0
configure:8012: result: yes
configure:8012: checking for stdint.h
configure:8012: /home/aav/specter/buildroot-2013.08/output/host/usr/bin/ccache /usr/bin/gcc -c -O2 -I/home/aav/specter/buildroot-2013.08/output/host/usr/include -I/home/aav/specter/buildroot-2013.08/output/host/usr/include conftest.c >&5
configure:8012: $? = 0
configure:8012: result: yes
configure:8012: checking for unistd.h
configure:8012: /home/aav/specter/buildroot-2013.08/output/host/usr/bin/ccache /usr/bin/gcc -c -O2 -I/home/aav/specter/buildroot-2013.08/output/host/usr/include -I/home/aav/specter/buildroot-2013.08/output/host/usr/include conftest.c >&5
configure:8012: $? = 0
configure:8012: result: yes
configure:8026: checking for dlfcn.h
configure:8026: /home/aav/specter/buildroot-2013.08/output/host/usr/bin/ccache /usr/bin/gcc -c -O2 -I/home/aav/specter/buildroot-2013.08/output/host/usr/include -I/home/aav/specter/buildroot-2013.08/output/host/usr/include conftest.c >&5
configure:8026: $? = 0
configure:8026: result: yes
configure:8232: checking for objdir
configure:8247: result: .libs
configure:8514: checking if /home/aav/specter/buildroot-2013.08/output/host/usr/bin/ccache /usr/bin/gcc supports -fno-rtti -fno-exceptions
configure:8532: /home/aav/specter/buildroot-2013.08/output/host/usr/bin/ccache /usr/bin/gcc -c -O2 -I/home/aav/specter/buildroot-2013.08/output/host/usr/include -I/home/aav/specter/buildroot-2013.08/output/host/usr/include -fno-rtti -fno-exceptions conftest.c >&5
cc1: warning: command line option '-fno-rtti' is valid for C++/ObjC++ but not for C [enabled by default]
cc1: warning: command line option '-fno-rtti' is valid for C++/ObjC++ but not for C [enabled by default]
configure:8536: $? = 0
configure:8549: result: no
configure:8876: checking for /home/aav/specter/buildroot-2013.08/output/host/usr/bin/ccache /usr/bin/gcc option to produce PIC
configure:8883: result: -fPIC -DPIC
configure:8891: checking if /home/aav/specter/buildroot-2013.08/output/host/usr/bin/ccache /usr/bin/gcc PIC flag -fPIC -DPIC works
configure:8909: /home/aav/specter/buildroot-2013.08/output/host/usr/bin/ccache /usr/bin/gcc -c -O2 -I/home/aav/specter/buildroot-2013.08/output/host/usr/include -I/home/aav/specter/buildroot-2013.08/output/host/usr/include -fPIC -DPIC -DPIC conftest.c >&5
configure:8913: $? = 0
configure:8926: result: yes
configure:8955: checking if /home/aav/specter/buildroot-2013.08/output/host/usr/bin/ccache /usr/bin/gcc static flag -static works
configure:8983: result: yes
configure:8998: checking if /home/aav/specter/buildroot-2013.08/output/host/usr/bin/ccache /usr/bin/gcc supports -c -o file.o
configure:9019: /home/aav/specter/buildroot-2013.08/output/host/usr/bin/ccache /usr/bin/gcc -c -O2 -I/home/aav/specter/buildroot-2013.08/output/host/usr/include -I/home/aav/specter/buildroot-2013.08/output/host/usr/include -o out/conftest2.o conftest.c >&5
configure:9023: $? = 0
configure:9045: result: yes
configure:9053: checking if /home/aav/specter/buildroot-2013.08/output/host/usr/bin/ccache /usr/bin/gcc supports -c -o file.o
configure:9100: result: yes
configure:9133: checking whether the /home/aav/specter/buildroot-2013.08/output/host/usr/bin/ccache /usr/bin/gcc linker (/usr/bin/ld) supports shared libraries
configure:10286: result: yes
configure:10323: checking whether -lc should be explicitly linked in
configure:10331: /home/aav/specter/buildroot-2013.08/output/host/usr/bin/ccache /usr/bin/gcc -c -O2 -I/home/aav/specter/buildroot-2013.08/output/host/usr/include -I/home/aav/specter/buildroot-2013.08/output/host/usr/include conftest.c >&5
configure:10334: $? = 0
configure:10349: /home/aav/specter/buildroot-2013.08/output/host/usr/bin/ccache /usr/bin/gcc -shared  -fPIC -DPIC conftest.o  -v -Wl,-soname -Wl,conftest -o conftest 2\>\&1 \| /bin/grep  -lc  \>/dev/null 2\>\&1
configure:10352: $? = 0
configure:10366: result: no
configure:10526: checking dynamic linker characteristics
configure:11037: /home/aav/specter/buildroot-2013.08/output/host/usr/bin/ccache /usr/bin/gcc -o conftest -O2 -I/home/aav/specter/buildroot-2013.08/output/host/usr/include -I/home/aav/specter/buildroot-2013.08/output/host/usr/include -L/home/aav/specter/buildroot-2013.08/output/host/lib -L/home/aav/specter/buildroot-2013.08/output/host/usr/lib -Wl,-rpath,/home/aav/specter/buildroot-2013.08/output/host/usr/lib -Wl,-rpath -Wl,/foo conftest.c  >&5
configure:11037: $? = 0
configure:11259: result: GNU/Linux ld.so
configure:11366: checking how to hardcode library paths into programs
configure:11391: result: immediate
configure:11931: checking whether stripping libraries is possible
configure:11936: result: yes
configure:11971: checking if libtool supports shared libraries
configure:11973: result: yes
configure:11976: checking whether to build shared libraries
configure:11997: result: yes
configure:12000: checking whether to build static libraries
configure:12004: result: no
configure:12048: checking size of size_t
configure:12053: /home/aav/specter/buildroot-2013.08/output/host/usr/bin/ccache /usr/bin/gcc -o conftest -O2 -I/home/aav/specter/buildroot-2013.08/output/host/usr/include -I/home/aav/specter/buildroot-2013.08/output/host/usr/include -L/home/aav/specter/buildroot-2013.08/output/host/lib -L/home/aav/specter/buildroot-2013.08/output/host/usr/lib -Wl,-rpath,/home/aav/specter/buildroot-2013.08/output/host/usr/lib conftest.c  >&5
configure:12053: $? = 0
configure:12053: ./conftest
configure:12053: $? = 0
configure:12067: result: 4
configure:12078: checking for C compiler vendor
configure:12123: /home/aav/specter/buildroot-2013.08/output/host/usr/bin/ccache /usr/bin/gcc -c -O2 -I/home/aav/specter/buildroot-2013.08/output/host/usr/include -I/home/aav/specter/buildroot-2013.08/output/host/usr/include conftest.c >&5
conftest.c: In function 'main':
conftest.c:30:9: error: 'thisisanerror' undeclared (first use in this function)
         thisisanerror;
         ^
conftest.c:30:9: note: each undeclared identifier is reported only once for each function it appears in
configure:12123: $? = 1
configure: failed program was:
| /* confdefs.h */
| #define PACKAGE_NAME "libffi"
| #define PACKAGE_TARNAME "libffi"
| #define PACKAGE_VERSION "3.0.13"
| #define PACKAGE_STRING "libffi 3.0.13"
| #define PACKAGE_BUGREPORT "http://github.com/atgreen/libffi/issues"
| #define PACKAGE_URL ""
| #define PACKAGE "libffi"
| #define VERSION "3.0.13"
| #define STDC_HEADERS 1
| #define HAVE_SYS_TYPES_H 1
| #define HAVE_SYS_STAT_H 1
| #define HAVE_STDLIB_H 1
| #define HAVE_STRING_H 1
| #define HAVE_MEMORY_H 1
| #define HAVE_STRINGS_H 1
| #define HAVE_INTTYPES_H 1
| #define HAVE_STDINT_H 1
| #define HAVE_UNISTD_H 1
| #define HAVE_DLFCN_H 1
| #define LT_OBJDIR ".libs/"
| #define SIZEOF_SIZE_T 4
| /* end confdefs.h.  */
| 
| int
| main ()
| {
| 
|       #if !(defined(__ICC) || defined(__ECC) || defined(__INTEL_COMPILER))
|         thisisanerror;
|       #endif
| 
|   ;
|   return 0;
| }
configure:12123: /home/aav/specter/buildroot-2013.08/output/host/usr/bin/ccache /usr/bin/gcc -c -O2 -I/home/aav/specter/buildroot-2013.08/output/host/usr/include -I/home/aav/specter/buildroot-2013.08/output/host/usr/include conftest.c >&5
conftest.c: In function 'main':
conftest.c:30:9: error: 'thisisanerror' undeclared (first use in this function)
         thisisanerror;
         ^
conftest.c:30:9: note: each undeclared identifier is reported only once for each function it appears in
configure:12123: $? = 1
configure: failed program was:
| /* confdefs.h */
| #define PACKAGE_NAME "libffi"
| #define PACKAGE_TARNAME "libffi"
| #define PACKAGE_VERSION "3.0.13"
| #define PACKAGE_STRING "libffi 3.0.13"
| #define PACKAGE_BUGREPORT "http://github.com/atgreen/libffi/issues"
| #define PACKAGE_URL ""
| #define PACKAGE "libffi"
| #define VERSION "3.0.13"
| #define STDC_HEADERS 1
| #define HAVE_SYS_TYPES_H 1
| #define HAVE_SYS_STAT_H 1
| #define HAVE_STDLIB_H 1
| #define HAVE_STRING_H 1
| #define HAVE_MEMORY_H 1
| #define HAVE_STRINGS_H 1
| #define HAVE_INTTYPES_H 1
| #define HAVE_STDINT_H 1
| #define HAVE_UNISTD_H 1
| #define HAVE_DLFCN_H 1
| #define LT_OBJDIR ".libs/"
| #define SIZEOF_SIZE_T 4
| /* end confdefs.h.  */
| 
| int
| main ()
| {
| 
|       #if !(defined(__xlc__) || defined(__xlC__) || defined(__IBMC__) || defined(__IBMCPP__))
|         thisisanerror;
|       #endif
| 
|   ;
|   return 0;
| }
configure:12123: /home/aav/specter/buildroot-2013.08/output/host/usr/bin/ccache /usr/bin/gcc -c -O2 -I/home/aav/specter/buildroot-2013.08/output/host/usr/include -I/home/aav/specter/buildroot-2013.08/output/host/usr/include conftest.c >&5
conftest.c: In function 'main':
conftest.c:30:9: error: 'thisisanerror' undeclared (first use in this function)
         thisisanerror;
         ^
conftest.c:30:9: note: each undeclared identifier is reported only once for each function it appears in
configure:12123: $? = 1
configure: failed program was:
| /* confdefs.h */
| #define PACKAGE_NAME "libffi"
| #define PACKAGE_TARNAME "libffi"
| #define PACKAGE_VERSION "3.0.13"
| #define PACKAGE_STRING "libffi 3.0.13"
| #define PACKAGE_BUGREPORT "http://github.com/atgreen/libffi/issues"
| #define PACKAGE_URL ""
| #define PACKAGE "libffi"
| #define VERSION "3.0.13"
| #define STDC_HEADERS 1
| #define HAVE_SYS_TYPES_H 1
| #define HAVE_SYS_STAT_H 1
| #define HAVE_STDLIB_H 1
| #define HAVE_STRING_H 1
| #define HAVE_MEMORY_H 1
| #define HAVE_STRINGS_H 1
| #define HAVE_INTTYPES_H 1
| #define HAVE_STDINT_H 1
| #define HAVE_UNISTD_H 1
| #define HAVE_DLFCN_H 1
| #define LT_OBJDIR ".libs/"
| #define SIZEOF_SIZE_T 4
| /* end confdefs.h.  */
| 
| int
| main ()
| {
| 
|       #if !(defined(__PATHCC__) || defined(__PATHSCALE__))
|         thisisanerror;
|       #endif
| 
|   ;
|   return 0;
| }
configure:12123: /home/aav/specter/buildroot-2013.08/output/host/usr/bin/ccache /usr/bin/gcc -c -O2 -I/home/aav/specter/buildroot-2013.08/output/host/usr/include -I/home/aav/specter/buildroot-2013.08/output/host/usr/include conftest.c >&5
conftest.c: In function 'main':
conftest.c:30:9: error: 'thisisanerror' undeclared (first use in this function)
         thisisanerror;
         ^
conftest.c:30:9: note: each undeclared identifier is reported only once for each function it appears in
configure:12123: $? = 1
configure: failed program was:
| /* confdefs.h */
| #define PACKAGE_NAME "libffi"
| #define PACKAGE_TARNAME "libffi"
| #define PACKAGE_VERSION "3.0.13"
| #define PACKAGE_STRING "libffi 3.0.13"
| #define PACKAGE_BUGREPORT "http://github.com/atgreen/libffi/issues"
| #define PACKAGE_URL ""
| #define PACKAGE "libffi"
| #define VERSION "3.0.13"
| #define STDC_HEADERS 1
| #define HAVE_SYS_TYPES_H 1
| #define HAVE_SYS_STAT_H 1
| #define HAVE_STDLIB_H 1
| #define HAVE_STRING_H 1
| #define HAVE_MEMORY_H 1
| #define HAVE_STRINGS_H 1
| #define HAVE_INTTYPES_H 1
| #define HAVE_STDINT_H 1
| #define HAVE_UNISTD_H 1
| #define HAVE_DLFCN_H 1
| #define LT_OBJDIR ".libs/"
| #define SIZEOF_SIZE_T 4
| /* end confdefs.h.  */
| 
| int
| main ()
| {
| 
|       #if !(defined(__clang__))
|         thisisanerror;
|       #endif
| 
|   ;
|   return 0;
| }
configure:12123: /home/aav/specter/buildroot-2013.08/output/host/usr/bin/ccache /usr/bin/gcc -c -O2 -I/home/aav/specter/buildroot-2013.08/output/host/usr/include -I/home/aav/specter/buildroot-2013.08/output/host/usr/include conftest.c >&5
configure:12123: $? = 0
configure:12131: result: gnu
configure:12964: : CFLAGS="$CFLAGS "
configure:12967: $? = 0
configure:12982: checking CFLAGS for maximum warnings
configure:13002: /home/aav/specter/buildroot-2013.08/output/host/usr/bin/ccache /usr/bin/gcc -c -O2 -I/home/aav/specter/buildroot-2013.08/output/host/usr/include  -warn all  -warn all -I/home/aav/specter/buildroot-2013.08/output/host/usr/include conftest.c >&5
gcc: error: all: No such file or directory
gcc: error: all: No such file or directory
gcc: error: unrecognized command line option '-warn'
gcc: error: unrecognized command line option '-warn'
configure:13002: $? = 1
configure: failed program was:
| /* confdefs.h */
| #define PACKAGE_NAME "libffi"
| #define PACKAGE_TARNAME "libffi"
| #define PACKAGE_VERSION "3.0.13"
| #define PACKAGE_STRING "libffi 3.0.13"
| #define PACKAGE_BUGREPORT "http://github.com/atgreen/libffi/issues"
| #define PACKAGE_URL ""
| #define PACKAGE "libffi"
| #define VERSION "3.0.13"
| #define STDC_HEADERS 1
| #define HAVE_SYS_TYPES_H 1
| #define HAVE_SYS_STAT_H 1
| #define HAVE_STDLIB_H 1
| #define HAVE_STRING_H 1
| #define HAVE_MEMORY_H 1
| #define HAVE_STRINGS_H 1
| #define HAVE_INTTYPES_H 1
| #define HAVE_STDINT_H 1
| #define HAVE_UNISTD_H 1
| #define HAVE_DLFCN_H 1
| #define LT_OBJDIR ".libs/"
| #define SIZEOF_SIZE_T 4
| /* end confdefs.h.  */
| 
| int
| main ()
| {
| 
|   ;
|   return 0;
| }
configure:13002: /home/aav/specter/buildroot-2013.08/output/host/usr/bin/ccache /usr/bin/gcc -c -O2 -I/home/aav/specter/buildroot-2013.08/output/host/usr/include  -pedantic  -Wall -I/home/aav/specter/buildroot-2013.08/output/host/usr/include conftest.c >&5
configure:13002: $? = 0
configure:13010: result: -Wall
configure:13026: : CFLAGS="$CFLAGS $ac_cv_cflags_warn_all"
configure:13029: $? = 0
configure:13059: checking whether to enable maintainer-specific portions of Makefiles
configure:13068: result: no
configure:13084: checking sys/mman.h usability
configure:13084: /home/aav/specter/buildroot-2013.08/output/host/usr/bin/ccache /usr/bin/gcc -c -O2 -I/home/aav/specter/buildroot-2013.08/output/host/usr/include  -Wall -fexceptions -I/home/aav/specter/buildroot-2013.08/output/host/usr/include conftest.c >&5
configure:13084: $? = 0
configure:13084: result: yes
configure:13084: checking sys/mman.h presence
configure:13084: /usr/bin/cpp -I/home/aav/specter/buildroot-2013.08/output/host/usr/include conftest.c
configure:13084: $? = 0
configure:13084: result: yes
configure:13084: checking for sys/mman.h
configure:13084: result: yes
configure:13096: checking for mmap
configure:13096: /home/aav/specter/buildroot-2013.08/output/host/usr/bin/ccache /usr/bin/gcc -o conftest -O2 -I/home/aav/specter/buildroot-2013.08/output/host/usr/include  -Wall -fexceptions -I/home/aav/specter/buildroot-2013.08/output/host/usr/include -L/home/aav/specter/buildroot-2013.08/output/host/lib -L/home/aav/specter/buildroot-2013.08/output/host/usr/lib -Wl,-rpath,/home/aav/specter/buildroot-2013.08/output/host/usr/lib conftest.c  >&5
configure:13096: $? = 0
configure:13096: result: yes
configure:13106: checking for sys/mman.h
configure:13106: result: yes
configure:13114: checking for mmap
configure:13114: result: yes
configure:13127: checking whether read-only mmap of a plain file works
configure:13144: result: yes
configure:13146: checking whether mmap from /dev/zero works
configure:13168: result: yes
configure:13172: checking for MAP_ANON(YMOUS)
configure:13195: /home/aav/specter/buildroot-2013.08/output/host/usr/bin/ccache /usr/bin/gcc -c -O2 -I/home/aav/specter/buildroot-2013.08/output/host/usr/include  -Wall -fexceptions -I/home/aav/specter/buildroot-2013.08/output/host/usr/include conftest.c >&5
conftest.c: In function 'main':
conftest.c:37:5: warning: unused variable 'n' [-Wunused-variable]
 int n = MAP_ANONYMOUS;
     ^
configure:13195: $? = 0
configure:13202: result: yes
configure:13208: checking whether mmap with MAP_ANON(YMOUS) works
configure:13225: result: yes
configure:13725: checking for ANSI C header files
configure:13829: result: yes
configure:13839: checking for memcpy
configure:13839: /home/aav/specter/buildroot-2013.08/output/host/usr/bin/ccache /usr/bin/gcc -o conftest -O2 -I/home/aav/specter/buildroot-2013.08/output/host/usr/include  -Wall -fexceptions -I/home/aav/specter/buildroot-2013.08/output/host/usr/include -L/home/aav/specter/buildroot-2013.08/output/host/lib -L/home/aav/specter/buildroot-2013.08/output/host/usr/lib -Wl,-rpath,/home/aav/specter/buildroot-2013.08/output/host/usr/lib conftest.c  >&5
conftest.c:53:6: warning: conflicting types for built-in function 'memcpy' [enabled by default]
 char memcpy ();
      ^
configure:13839: $? = 0
configure:13839: result: yes
configure:13848: checking for size_t
configure:13848: /home/aav/specter/buildroot-2013.08/output/host/usr/bin/ccache /usr/bin/gcc -c -O2 -I/home/aav/specter/buildroot-2013.08/output/host/usr/include  -Wall -fexceptions -I/home/aav/specter/buildroot-2013.08/output/host/usr/include conftest.c >&5
configure:13848: $? = 0
configure:13848: /home/aav/specter/buildroot-2013.08/output/host/usr/bin/ccache /usr/bin/gcc -c -O2 -I/home/aav/specter/buildroot-2013.08/output/host/usr/include  -Wall -fexceptions -I/home/aav/specter/buildroot-2013.08/output/host/usr/include conftest.c >&5
conftest.c: In function 'main':
conftest.c:67:21: error: expected expression before ')' token
 if (sizeof ((size_t)))
                     ^
configure:13848: $? = 1
configure: failed program was:
| /* confdefs.h */
| #define PACKAGE_NAME "libffi"
| #define PACKAGE_TARNAME "libffi"
| #define PACKAGE_VERSION "3.0.13"
| #define PACKAGE_STRING "libffi 3.0.13"
| #define PACKAGE_BUGREPORT "http://github.com/atgreen/libffi/issues"
| #define PACKAGE_URL ""
| #define PACKAGE "libffi"
| #define VERSION "3.0.13"
| #define STDC_HEADERS 1
| #define HAVE_SYS_TYPES_H 1
| #define HAVE_SYS_STAT_H 1
| #define HAVE_STDLIB_H 1
| #define HAVE_STRING_H 1
| #define HAVE_MEMORY_H 1
| #define HAVE_STRINGS_H 1
| #define HAVE_INTTYPES_H 1
| #define HAVE_STDINT_H 1
| #define HAVE_UNISTD_H 1
| #define HAVE_DLFCN_H 1
| #define LT_OBJDIR ".libs/"
| #define SIZEOF_SIZE_T 4
| #define HAVE_SYS_MMAN_H 1
| #define HAVE_MMAP 1
| #define HAVE_MMAP_FILE 1
| #define HAVE_MMAP_DEV_ZERO 1
| #define HAVE_MMAP_ANON 1
| #define STDC_HEADERS 1
| #define HAVE_MEMCPY 1
| /* end confdefs.h.  */
| #include <stdio.h>
| #ifdef HAVE_SYS_TYPES_H
| # include <sys/types.h>
| #endif
| #ifdef HAVE_SYS_STAT_H
| # include <sys/stat.h>
| #endif
| #ifdef STDC_HEADERS
| # include <stdlib.h>
| # include <stddef.h>
| #else
| # ifdef HAVE_STDLIB_H
| #  include <stdlib.h>
| # endif
| #endif
| #ifdef HAVE_STRING_H
| # if !defined STDC_HEADERS && defined HAVE_MEMORY_H
| #  include <memory.h>
| # endif
| # include <string.h>
| #endif
| #ifdef HAVE_STRINGS_H
| # include <strings.h>
| #endif
| #ifdef HAVE_INTTYPES_H
| # include <inttypes.h>
| #endif
| #ifdef HAVE_STDINT_H
| # include <stdint.h>
| #endif
| #ifdef HAVE_UNISTD_H
| # include <unistd.h>
| #endif
| int
| main ()
| {
| if (sizeof ((size_t)))
| 	    return 0;
|   ;
|   return 0;
| }
configure:13848: result: yes
configure:13861: checking for working alloca.h
configure:13878: /home/aav/specter/buildroot-2013.08/output/host/usr/bin/ccache /usr/bin/gcc -o conftest -O2 -I/home/aav/specter/buildroot-2013.08/output/host/usr/include  -Wall -fexceptions -I/home/aav/specter/buildroot-2013.08/output/host/usr/include -L/home/aav/specter/buildroot-2013.08/output/host/lib -L/home/aav/specter/buildroot-2013.08/output/host/usr/lib -Wl,-rpath,/home/aav/specter/buildroot-2013.08/output/host/usr/lib conftest.c  >&5
configure:13878: $? = 0
configure:13886: result: yes
configure:13894: checking for alloca
configure:13931: /home/aav/specter/buildroot-2013.08/output/host/usr/bin/ccache /usr/bin/gcc -o conftest -O2 -I/home/aav/specter/buildroot-2013.08/output/host/usr/include  -Wall -fexceptions -I/home/aav/specter/buildroot-2013.08/output/host/usr/include -L/home/aav/specter/buildroot-2013.08/output/host/lib -L/home/aav/specter/buildroot-2013.08/output/host/usr/lib -Wl,-rpath,/home/aav/specter/buildroot-2013.08/output/host/usr/lib conftest.c  >&5
configure:13931: $? = 0
configure:13939: result: yes
configure:14050: checking size of double
configure:14055: /home/aav/specter/buildroot-2013.08/output/host/usr/bin/ccache /usr/bin/gcc -o conftest -O2 -I/home/aav/specter/buildroot-2013.08/output/host/usr/include  -Wall -fexceptions -I/home/aav/specter/buildroot-2013.08/output/host/usr/include -L/home/aav/specter/buildroot-2013.08/output/host/lib -L/home/aav/specter/buildroot-2013.08/output/host/usr/lib -Wl,-rpath,/home/aav/specter/buildroot-2013.08/output/host/usr/lib conftest.c  >&5
configure:14055: $? = 0
configure:14055: ./conftest
configure:14055: $? = 0
configure:14069: result: 8
configure:14083: checking size of long double
configure:14088: /home/aav/specter/buildroot-2013.08/output/host/usr/bin/ccache /usr/bin/gcc -o conftest -O2 -I/home/aav/specter/buildroot-2013.08/output/host/usr/include  -Wall -fexceptions -I/home/aav/specter/buildroot-2013.08/output/host/usr/include -L/home/aav/specter/buildroot-2013.08/output/host/lib -L/home/aav/specter/buildroot-2013.08/output/host/usr/lib -Wl,-rpath,/home/aav/specter/buildroot-2013.08/output/host/usr/lib conftest.c  >&5
configure:14088: $? = 0
configure:14088: ./conftest
configure:14088: $? = 0
configure:14102: result: 12
configure:14127: checking whether byte ordering is bigendian
configure:14142: /home/aav/specter/buildroot-2013.08/output/host/usr/bin/ccache /usr/bin/gcc -c -O2 -I/home/aav/specter/buildroot-2013.08/output/host/usr/include  -Wall -fexceptions -I/home/aav/specter/buildroot-2013.08/output/host/usr/include conftest.c >&5
conftest.c:37:9: error: unknown type name 'not'
         not a universal capable compiler
         ^
conftest.c:37:15: error: expected '=', ',', ';', 'asm' or '__attribute__' before 'universal'
         not a universal capable compiler
               ^
conftest.c:37:15: error: unknown type name 'universal'
configure:14142: $? = 1
configure: failed program was:
| /* confdefs.h */
| #define PACKAGE_NAME "libffi"
| #define PACKAGE_TARNAME "libffi"
| #define PACKAGE_VERSION "3.0.13"
| #define PACKAGE_STRING "libffi 3.0.13"
| #define PACKAGE_BUGREPORT "http://github.com/atgreen/libffi/issues"
| #define PACKAGE_URL ""
| #define PACKAGE "libffi"
| #define VERSION "3.0.13"
| #define STDC_HEADERS 1
| #define HAVE_SYS_TYPES_H 1
| #define HAVE_SYS_STAT_H 1
| #define HAVE_STDLIB_H 1
| #define HAVE_STRING_H 1
| #define HAVE_MEMORY_H 1
| #define HAVE_STRINGS_H 1
| #define HAVE_INTTYPES_H 1
| #define HAVE_STDINT_H 1
| #define HAVE_UNISTD_H 1
| #define HAVE_DLFCN_H 1
| #define LT_OBJDIR ".libs/"
| #define SIZEOF_SIZE_T 4
| #define HAVE_SYS_MMAN_H 1
| #define HAVE_MMAP 1
| #define HAVE_MMAP_FILE 1
| #define HAVE_MMAP_DEV_ZERO 1
| #define HAVE_MMAP_ANON 1
| #define STDC_HEADERS 1
| #define HAVE_MEMCPY 1
| #define HAVE_ALLOCA_H 1
| #define HAVE_ALLOCA 1
| #define SIZEOF_DOUBLE 8
| #define SIZEOF_LONG_DOUBLE 12
| #define HAVE_LONG_DOUBLE 1
| /* end confdefs.h.  */
| #ifndef __APPLE_CC__
| 	       not a universal capable compiler
| 	     #endif
| 	     typedef int dummy;
| 
configure:14187: /home/aav/specter/buildroot-2013.08/output/host/usr/bin/ccache /usr/bin/gcc -c -O2 -I/home/aav/specter/buildroot-2013.08/output/host/usr/include  -Wall -fexceptions -I/home/aav/specter/buildroot-2013.08/output/host/usr/include conftest.c >&5
configure:14187: $? = 0
configure:14205: /home/aav/specter/buildroot-2013.08/output/host/usr/bin/ccache /usr/bin/gcc -c -O2 -I/home/aav/specter/buildroot-2013.08/output/host/usr/include  -Wall -fexceptions -I/home/aav/specter/buildroot-2013.08/output/host/usr/include conftest.c >&5
conftest.c: In function 'main':
conftest.c:43:4: error: unknown type name 'not'
    not big endian
    ^
conftest.c:43:12: error: expected '=', ',', ';', 'asm' or '__attribute__' before 'endian'
    not big endian
            ^
configure:14205: $? = 1
configure: failed program was:
| /* confdefs.h */
| #define PACKAGE_NAME "libffi"
| #define PACKAGE_TARNAME "libffi"
| #define PACKAGE_VERSION "3.0.13"
| #define PACKAGE_STRING "libffi 3.0.13"
| #define PACKAGE_BUGREPORT "http://github.com/atgreen/libffi/issues"
| #define PACKAGE_URL ""
| #define PACKAGE "libffi"
| #define VERSION "3.0.13"
| #define STDC_HEADERS 1
| #define HAVE_SYS_TYPES_H 1
| #define HAVE_SYS_STAT_H 1
| #define HAVE_STDLIB_H 1
| #define HAVE_STRING_H 1
| #define HAVE_MEMORY_H 1
| #define HAVE_STRINGS_H 1
| #define HAVE_INTTYPES_H 1
| #define HAVE_STDINT_H 1
| #define HAVE_UNISTD_H 1
| #define HAVE_DLFCN_H 1
| #define LT_OBJDIR ".libs/"
| #define SIZEOF_SIZE_T 4
| #define HAVE_SYS_MMAN_H 1
| #define HAVE_MMAP 1
| #define HAVE_MMAP_FILE 1
| #define HAVE_MMAP_DEV_ZERO 1
| #define HAVE_MMAP_ANON 1
| #define STDC_HEADERS 1
| #define HAVE_MEMCPY 1
| #define HAVE_ALLOCA_H 1
| #define HAVE_ALLOCA 1
| #define SIZEOF_DOUBLE 8
| #define SIZEOF_LONG_DOUBLE 12
| #define HAVE_LONG_DOUBLE 1
| /* end confdefs.h.  */
| #include <sys/types.h>
| 		#include <sys/param.h>
| 
| int
| main ()
| {
| #if BYTE_ORDER != BIG_ENDIAN
| 		 not big endian
| 		#endif
| 
|   ;
|   return 0;
| }
configure:14333: result: no
configure:14352: checking assembler .cfi pseudo-op support
configure:14370: /home/aav/specter/buildroot-2013.08/output/host/usr/bin/ccache /usr/bin/gcc -c -O2 -I/home/aav/specter/buildroot-2013.08/output/host/usr/include  -Wall -fexceptions -I/home/aav/specter/buildroot-2013.08/output/host/usr/include conftest.c >&5
configure:14370: $? = 0
configure:14378: result: yes
configure:14464: checking assembler supports pc related relocs
configure:14477: result: yes
configure:14485: checking assembler .ascii pseudo-op support
configure:14504: /home/aav/specter/buildroot-2013.08/output/host/usr/bin/ccache /usr/bin/gcc -c -O2 -I/home/aav/specter/buildroot-2013.08/output/host/usr/include  -Wall -fexceptions -I/home/aav/specter/buildroot-2013.08/output/host/usr/include conftest.c >&5
configure:14504: $? = 0
configure:14512: result: yes
configure:14520: checking assembler .string pseudo-op support
configure:14539: /home/aav/specter/buildroot-2013.08/output/host/usr/bin/ccache /usr/bin/gcc -c -O2 -I/home/aav/specter/buildroot-2013.08/output/host/usr/include  -Wall -fexceptions -I/home/aav/specter/buildroot-2013.08/output/host/usr/include conftest.c >&5
configure:14539: $? = 0
configure:14547: result: yes
configure:14697: checking whether .eh_frame section should be read-only
configure:14717: result: yes
configure:14732: checking for __attribute__((visibility("hidden")))
configure:14741: /home/aav/specter/buildroot-2013.08/output/host/usr/bin/ccache /usr/bin/gcc -Werror -S conftest.c -o conftest.s 1>&5
configure:14744: $? = 0
configure:14753: result: yes
configure:15145: creating ./config.status

## ---------------------- ##
## Running config.status. ##
## ---------------------- ##

This file was extended by libffi config.status 3.0.13, which was
generated by GNU Autoconf 2.69.  Invocation command line was

  CONFIG_FILES    = 
  CONFIG_HEADERS  = 
  CONFIG_LINKS    = 
  CONFIG_COMMANDS = 
  $ ./config.status 

on aav-K52Je

config.status:1216: creating include/Makefile
config.status:1216: creating include/ffi.h
config.status:1216: creating Makefile
config.status:1216: creating testsuite/Makefile
config.status:1216: creating man/Makefile
config.status:1216: creating libffi.pc
config.status:1216: creating fficonfig.h
config.status:1442: linking ../src/x86/ffitarget.h to include/ffitarget.h
config.status:1461: executing buildir commands
config.status:1491: create top_srcdir/Makefile guessed from local Makefile
config.status:1606: build in i686-pc-linux-gnu (HOST=)
config.status:1461: executing depfiles commands
config.status:1461: executing libtool commands
config.status:1461: executing include commands
config.status:1461: executing src commands
configure:17570: WARNING: unrecognized options: --disable-gtk-doc, --disable-doc, --disable-docs, --disable-documentation, --with-xmlto, --with-fop

## ---------------- ##
## Cache variables. ##
## ---------------- ##

ac_cv_build=i686-pc-linux-gnu
ac_cv_c_bigendian=no
ac_cv_c_compiler_gnu=yes
ac_cv_cflags_warn_all=-Wall
ac_cv_decl_map_anon=yes
ac_cv_env_CCASFLAGS_set=
ac_cv_env_CCASFLAGS_value=
ac_cv_env_CCAS_set=
ac_cv_env_CCAS_value=
ac_cv_env_CPPFLAGS_set=set
ac_cv_env_CPPFLAGS_value=-I/home/aav/specter/buildroot-2013.08/output/host/usr/include
ac_cv_env_CPP_set=set
ac_cv_env_CPP_value=/usr/bin/cpp
ac_cv_env_build_alias_set=
ac_cv_env_build_alias_value=
ac_cv_env_host_alias_set=
ac_cv_env_host_alias_value=
ac_cv_env_target_alias_set=
ac_cv_env_target_alias_value=
ac_cv_func_alloca_works=yes
ac_cv_func_memcpy=yes
ac_cv_func_mmap=yes
ac_cv_func_mmap_anon=yes
ac_cv_func_mmap_dev_zero=yes
ac_cv_func_mmap_file=yes
ac_cv_header_dlfcn_h=yes
ac_cv_header_inttypes_h=yes
ac_cv_header_memory_h=yes
ac_cv_header_stdc=yes
ac_cv_header_stdint_h=yes
ac_cv_header_stdlib_h=yes
ac_cv_header_string_h=yes
ac_cv_header_strings_h=yes
ac_cv_header_sys_mman_h=yes
ac_cv_header_sys_stat_h=yes
ac_cv_header_sys_types_h=yes
ac_cv_header_unistd_h=yes
ac_cv_host=i686-pc-linux-gnu
ac_cv_objext=o
ac_cv_path_EGREP='/bin/grep -E'
ac_cv_path_FGREP='/bin/grep -F'
ac_cv_path_GREP=/bin/grep
ac_cv_path_SED=/bin/sed
ac_cv_path_ax_enable_builddir_sed=sed
ac_cv_path_install='/usr/bin/install -c'
ac_cv_path_mkdir=/bin/mkdir
ac_cv_prog_AWK=mawk
ac_cv_prog_CPP=/usr/bin/cpp
ac_cv_prog_ac_ct_CC='/home/aav/specter/buildroot-2013.08/output/host/usr/bin/ccache /usr/bin/gcc'
ac_cv_prog_ac_ct_MANIFEST_TOOL=mt
ac_cv_prog_ac_ct_OBJDUMP=objdump
ac_cv_prog_ac_ct_RANLIB=ranlib
ac_cv_prog_ac_ct_STRIP=strip
ac_cv_prog_cc__home_aav_specter_buildroot_2013_08_output_host_usr_bin_ccache_c_o=yes
ac_cv_prog_cc_c89=
ac_cv_prog_cc_g=yes
ac_cv_prog_make_make_set=yes
ac_cv_sizeof_double=8
ac_cv_sizeof_long_double=12
ac_cv_sizeof_size_t=4
ac_cv_target=i686-pc-linux-gnu
ac_cv_type_size_t=yes
ac_cv_working_alloca_h=yes
am_cv_CCAS_dependencies_compiler_type=gcc3
am_cv_CC_dependencies_compiler_type=gcc3
ax_cv_c_compiler_vendor=gnu
gcc_cv_as_cfi_pseudo_op=yes
libffi_cv_as_ascii_pseudo_op=yes
libffi_cv_as_string_pseudo_op=yes
libffi_cv_as_x86_pcrel=yes
libffi_cv_hidden_visibility_attribute=yes
libffi_cv_ro_eh_frame=yes
lt_cv_ar_at_file=@
lt_cv_archive_cmds_need_lc=no
lt_cv_deplibs_check_method=pass_all
lt_cv_file_magic_cmd='$MAGIC_CMD'
lt_cv_file_magic_test_file=
lt_cv_ld_reload_flag=-r
lt_cv_nm_interface='BSD nm'
lt_cv_objdir=.libs
lt_cv_path_LD=/usr/bin/ld
lt_cv_path_NM=/usr/bin/nm
lt_cv_path_mainfest_tool=no
lt_cv_prog_compiler_c_o=yes
lt_cv_prog_compiler_pic='-fPIC -DPIC'
lt_cv_prog_compiler_pic_works=yes
lt_cv_prog_compiler_rtti_exceptions=no
lt_cv_prog_compiler_static_works=yes
lt_cv_prog_gnu_ld=yes
lt_cv_sharedlib_from_linklib_cmd='printf %s\n'
lt_cv_shlibpath_overrides_runpath=no
lt_cv_sys_global_symbol_pipe='sed -n -e '\''s/^.*[	 ]\([ABCDGIRSTW][ABCDGIRSTW]*\)[	 ][	 ]*\([_A-Za-z][_A-Za-z0-9]*\)$/\1 \2 \2/p'\'' | sed '\''/ __gnu_lto/d'\'''
lt_cv_sys_global_symbol_to_c_name_address='sed -n -e '\''s/^: \([^ ]*\)[ ]*$/  {\"\1\", (void *) 0},/p'\'' -e '\''s/^[ABCDGIRSTW]* \([^ ]*\) \([^ ]*\)$/  {"\2", (void *) \&\2},/p'\'''
lt_cv_sys_global_symbol_to_c_name_address_lib_prefix='sed -n -e '\''s/^: \([^ ]*\)[ ]*$/  {\"\1\", (void *) 0},/p'\'' -e '\''s/^[ABCDGIRSTW]* \([^ ]*\) \(lib[^ ]*\)$/  {"\2", (void *) \&\2},/p'\'' -e '\''s/^[ABCDGIRSTW]* \([^ ]*\) \([^ ]*\)$/  {"lib\2", (void *) \&\2},/p'\'''
lt_cv_sys_global_symbol_to_cdecl='sed -n -e '\''s/^T .* \(.*\)$/extern int \1();/p'\'' -e '\''s/^[ABCDGIRSTW]* .* \(.*\)$/extern char \1;/p'\'''
lt_cv_sys_max_cmd_len=805306365
lt_cv_to_host_file_cmd=func_convert_file_noop
lt_cv_to_tool_file_cmd=func_convert_file_noop

## ----------------- ##
## Output variables. ##
## ----------------- ##

AARCH64_FALSE=''
AARCH64_TRUE='#'
ACLOCAL='${SHELL} /home/aav/specter/buildroot-2013.08/output/build/host-libffi-3.0.13/missing --run aclocal-1.11'
ALLOCA=''
ALPHA_FALSE=''
ALPHA_TRUE='#'
AMDEPBACKSLASH='\'
AMDEP_FALSE='#'
AMDEP_TRUE=''
AMTAR='$${TAR-tar}'
AM_LTLDFLAGS=''
AM_RUNTESTFLAGS=''
AR='/usr/bin/ar'
ARM_FALSE=''
ARM_TRUE='#'
AUTOCONF='${SHELL} /home/aav/specter/buildroot-2013.08/output/build/host-libffi-3.0.13/missing --run autoconf'
AUTOHEADER='${SHELL} /home/aav/specter/buildroot-2013.08/output/build/host-libffi-3.0.13/missing --run autoheader'
AUTOMAKE='${SHELL} /home/aav/specter/buildroot-2013.08/output/build/host-libffi-3.0.13/missing --run automake-1.11'
AVR32_FALSE=''
AVR32_TRUE='#'
AWK='mawk'
BFIN_FALSE=''
BFIN_TRUE='#'
CC='/home/aav/specter/buildroot-2013.08/output/host/usr/bin/ccache /usr/bin/gcc'
CCAS='/home/aav/specter/buildroot-2013.08/output/host/usr/bin/ccache /usr/bin/gcc'
CCASDEPMODE='depmode=gcc3'
CCASFLAGS='-O2 -I/home/aav/specter/buildroot-2013.08/output/host/usr/include'
CCDEPMODE='depmode=gcc3'
CFLAGS='-O2 -I/home/aav/specter/buildroot-2013.08/output/host/usr/include  -Wall -fexceptions'
CPP='/usr/bin/cpp'
CPPFLAGS='-I/home/aav/specter/buildroot-2013.08/output/host/usr/include'
CYGPATH_W='echo'
DEFS='-DHAVE_CONFIG_H'
DEPDIR='.deps'
DLLTOOL='false'
DSYMUTIL=''
DUMPBIN=''
ECHO_C=''
ECHO_N='-n'
ECHO_T=''
EGREP='/bin/grep -E'
EXEEXT=''
FFI_DEBUG_FALSE=''
FFI_DEBUG_TRUE='#'
FFI_EXEC_TRAMPOLINE_TABLE='0'
FFI_EXEC_TRAMPOLINE_TABLE_FALSE=''
FFI_EXEC_TRAMPOLINE_TABLE_TRUE='#'
FGREP='/bin/grep -F'
FRV_FALSE=''
FRV_TRUE='#'
GREP='/bin/grep'
HAVE_LONG_DOUBLE='1'
IA64_FALSE=''
IA64_TRUE='#'
INSTALL_DATA='${INSTALL} -m 644'
INSTALL_PROGRAM='${INSTALL}'
INSTALL_SCRIPT='${INSTALL}'
INSTALL_STRIP_PROGRAM='$(install_sh) -c -s'
LD='/usr/bin/ld'
LDFLAGS='-L/home/aav/specter/buildroot-2013.08/output/host/lib -L/home/aav/specter/buildroot-2013.08/output/host/usr/lib -Wl,-rpath,/home/aav/specter/buildroot-2013.08/output/host/usr/lib'
LIBFFI_CRIS_FALSE=''
LIBFFI_CRIS_TRUE='#'
LIBOBJS=''
LIBS=''
LIBTOOL='$(SHELL) $(top_builddir)/libtool'
LIPO=''
LN_S='ln -s'
LTLIBOBJS=''
M32R_FALSE=''
M32R_TRUE='#'
M68K_FALSE=''
M68K_TRUE='#'
MAINT='#'
MAINTAINER_MODE_FALSE=''
MAINTAINER_MODE_TRUE='#'
MAKEINFO='${SHELL} /home/aav/specter/buildroot-2013.08/output/build/host-libffi-3.0.13/missing --run makeinfo'
MANIFEST_TOOL=':'
METAG_FALSE=''
METAG_TRUE='#'
MICROBLAZE_FALSE=''
MICROBLAZE_TRUE='#'
MIPS_FALSE=''
MIPS_TRUE='#'
MKDIR_P='/bin/mkdir -p'
MOXIE_FALSE=''
MOXIE_TRUE='#'
NM='/usr/bin/nm'
NMEDIT=''
OBJDUMP='objdump'
OBJEXT='o'
OTOOL64=''
OTOOL=''
PA64_HPUX_FALSE=''
PA64_HPUX_TRUE='#'
PACKAGE='libffi'
PACKAGE_BUGREPORT='http://github.com/atgreen/libffi/issues'
PACKAGE_NAME='libffi'
PACKAGE_STRING='libffi 3.0.13'
PACKAGE_TARNAME='libffi'
PACKAGE_URL=''
PACKAGE_VERSION='3.0.13'
PATH_SEPARATOR=':'
PA_HPUX_FALSE=''
PA_HPUX_TRUE='#'
PA_LINUX_FALSE=''
PA_LINUX_TRUE='#'
POWERPC_AIX_FALSE=''
POWERPC_AIX_TRUE='#'
POWERPC_DARWIN_FALSE=''
POWERPC_DARWIN_TRUE='#'
POWERPC_FALSE=''
POWERPC_FREEBSD_FALSE=''
POWERPC_FREEBSD_TRUE='#'
POWERPC_TRUE='#'
PRTDIAG=''
RANLIB='ranlib'
S390_FALSE=''
S390_TRUE='#'
SED='/bin/sed'
SET_MAKE=''
SH64_FALSE=''
SH64_TRUE='#'
SHELL='/bin/bash'
SH_FALSE=''
SH_TRUE='#'
SPARC_FALSE=''
SPARC_TRUE='#'
STRIP='strip'
TARGET='X86'
TARGETDIR='x86'
TESTSUBDIR_FALSE='#'
TESTSUBDIR_TRUE=''
TILE_FALSE=''
TILE_TRUE='#'
VERSION='3.0.13'
X86_64_FALSE=''
X86_64_TRUE='#'
X86_DARWIN_FALSE=''
X86_DARWIN_TRUE='#'
X86_FALSE='#'
X86_FREEBSD_FALSE=''
X86_FREEBSD_TRUE='#'
X86_TRUE=''
X86_WIN32_FALSE=''
X86_WIN32_TRUE='#'
X86_WIN64_FALSE=''
X86_WIN64_TRUE='#'
XTENSA_FALSE=''
XTENSA_TRUE='#'
ac_ct_AR=''
ac_ct_CC='/home/aav/specter/buildroot-2013.08/output/host/usr/bin/ccache /usr/bin/gcc'
ac_ct_DUMPBIN=''
am__EXEEXT_FALSE=''
am__EXEEXT_TRUE='#'
am__fastdepCCAS_FALSE='#'
am__fastdepCCAS_TRUE=''
am__fastdepCC_FALSE='#'
am__fastdepCC_TRUE=''
am__include='include'
am__isrc=' -I$(srcdir)'
am__leading_dot='.'
am__nodep='_no'
am__quote=''
am__tar='$${TAR-tar} chof - "$$tardir"'
am__untar='$${TAR-tar} xf -'
ax_enable_builddir_sed='sed'
bindir='${exec_prefix}/bin'
build='i686-pc-linux-gnu'
build_alias=''
build_cpu='i686'
build_os='linux-gnu'
build_vendor='pc'
datadir='${datarootdir}'
datarootdir='${prefix}/share'
docdir='${datarootdir}/doc/${PACKAGE_TARNAME}'
dvidir='${docdir}'
exec_prefix='${prefix}'
host='i686-pc-linux-gnu'
host_alias=''
host_cpu='i686'
host_os='linux-gnu'
host_vendor='pc'
htmldir='${docdir}'
includedir='${prefix}/include'
infodir='${datarootdir}/info'
install_sh='${SHELL} /home/aav/specter/buildroot-2013.08/output/build/host-libffi-3.0.13/install-sh'
libdir='${exec_prefix}/lib'
libexecdir='${exec_prefix}/libexec'
localedir='${datarootdir}/locale'
localstatedir='${prefix}/var'
mandir='${datarootdir}/man'
mkdir_p='/bin/mkdir -p'
oldincludedir='/usr/include'
pdfdir='${docdir}'
prefix='/home/aav/specter/buildroot-2013.08/output/host/usr'
program_transform_name='s,x,x,'
psdir='${docdir}'
sbindir='${exec_prefix}/sbin'
sharedstatedir='${prefix}/com'
sys_symbol_underscore=''
sysconfdir='/home/aav/specter/buildroot-2013.08/output/host/etc'
target='i686-pc-linux-gnu'
target_alias=''
target_cpu='i686'
target_os='linux-gnu'
target_vendor='pc'
toolexecdir='$(libdir)/gcc-lib/$(target_alias)'
toolexeclibdir='$(libdir)/../lib'

## ----------- ##
## confdefs.h. ##
## ----------- ##

/* confdefs.h */
#define PACKAGE_NAME "libffi"
#define PACKAGE_TARNAME "libffi"
#define PACKAGE_VERSION "3.0.13"
#define PACKAGE_STRING "libffi 3.0.13"
#define PACKAGE_BUGREPORT "http://github.com/atgreen/libffi/issues"
#define PACKAGE_URL ""
#define PACKAGE "libffi"
#define VERSION "3.0.13"
#define STDC_HEADERS 1
#define HAVE_SYS_TYPES_H 1
#define HAVE_SYS_STAT_H 1
#define HAVE_STDLIB_H 1
#define HAVE_STRING_H 1
#define HAVE_MEMORY_H 1
#define HAVE_STRINGS_H 1
#define HAVE_INTTYPES_H 1
#define HAVE_STDINT_H 1
#define HAVE_UNISTD_H 1
#define HAVE_DLFCN_H 1
#define LT_OBJDIR ".libs/"
#define SIZEOF_SIZE_T 4
#define HAVE_SYS_MMAN_H 1
#define HAVE_MMAP 1
#define HAVE_MMAP_FILE 1
#define HAVE_MMAP_DEV_ZERO 1
#define HAVE_MMAP_ANON 1
#define STDC_HEADERS 1
#define HAVE_MEMCPY 1
#define HAVE_ALLOCA_H 1
#define HAVE_ALLOCA 1
#define SIZEOF_DOUBLE 8
#define SIZEOF_LONG_DOUBLE 12
#define HAVE_LONG_DOUBLE 1
#define HAVE_AS_CFI_PSEUDO_OP 1
#define HAVE_AS_X86_PCREL 1
#define HAVE_AS_ASCII_PSEUDO_OP 1
#define HAVE_AS_STRING_PSEUDO_OP 1
#define HAVE_RO_EH_FRAME 1
#define EH_FRAME_FLAGS "a"
#define HAVE_HIDDEN_VISIBILITY_ATTRIBUTE 1

configure: exit 0

## ---------------- ##
## Cache variables. ##
## ---------------- ##

ac_cv_build=i686-pc-linux-gnu
ac_cv_env_CCASFLAGS_set=
ac_cv_env_CCASFLAGS_value=
ac_cv_env_CCAS_set=
ac_cv_env_CCAS_value=
ac_cv_env_CPPFLAGS_set=set
ac_cv_env_CPPFLAGS_value=-I/home/aav/specter/buildroot-2013.08/output/host/usr/include
ac_cv_env_CPP_set=set
ac_cv_env_CPP_value=/usr/bin/cpp
ac_cv_env_build_alias_set=
ac_cv_env_build_alias_value=
ac_cv_env_host_alias_set=
ac_cv_env_host_alias_value=
ac_cv_env_target_alias_set=
ac_cv_env_target_alias_value=
ac_cv_host=i686-pc-linux-gnu
ac_cv_target=i686-pc-linux-gnu

## ----------------- ##
## Output variables. ##
## ----------------- ##

AARCH64_FALSE=''
AARCH64_TRUE=''
ACLOCAL=''
ALLOCA=''
ALPHA_FALSE=''
ALPHA_TRUE=''
AMDEPBACKSLASH=''
AMDEP_FALSE=''
AMDEP_TRUE=''
AMTAR=''
AM_LTLDFLAGS=''
AM_RUNTESTFLAGS=''
AR='/usr/bin/ar'
ARM_FALSE=''
ARM_TRUE=''
AUTOCONF=''
AUTOHEADER=''
AUTOMAKE=''
AVR32_FALSE=''
AVR32_TRUE=''
AWK=''
BFIN_FALSE=''
BFIN_TRUE=''
CC='/home/aav/specter/buildroot-2013.08/output/host/usr/bin/ccache /usr/bin/gcc'
CCAS=''
CCASDEPMODE=''
CCASFLAGS=''
CCDEPMODE=''
CFLAGS='-O2 -I/home/aav/specter/buildroot-2013.08/output/host/usr/include'
CPP='/usr/bin/cpp'
CPPFLAGS='-I/home/aav/specter/buildroot-2013.08/output/host/usr/include'
CYGPATH_W=''
DEFS=''
DEPDIR=''
DLLTOOL=''
DSYMUTIL=''
DUMPBIN=''
ECHO_C=''
ECHO_N='-n'
ECHO_T=''
EGREP=''
EXEEXT=''
FFI_DEBUG_FALSE=''
FFI_DEBUG_TRUE=''
FFI_EXEC_TRAMPOLINE_TABLE=''
FFI_EXEC_TRAMPOLINE_TABLE_FALSE=''
FFI_EXEC_TRAMPOLINE_TABLE_TRUE=''
FGREP=''
FRV_FALSE=''
FRV_TRUE=''
GREP=''
HAVE_LONG_DOUBLE=''
IA64_FALSE=''
IA64_TRUE=''
INSTALL_DATA=''
INSTALL_PROGRAM=''
INSTALL_SCRIPT=''
INSTALL_STRIP_PROGRAM=''
LD='/usr/bin/ld'
LDFLAGS='-L/home/aav/specter/buildroot-2013.08/output/host/lib -L/home/aav/specter/buildroot-2013.08/output/host/usr/lib -Wl,-rpath,/home/aav/specter/buildroot-2013.08/output/host/usr/lib'
LIBFFI_CRIS_FALSE=''
LIBFFI_CRIS_TRUE=''
LIBOBJS=''
LIBS=''
LIBTOOL=''
LIPO=''
LN_S=''
LTLIBOBJS=''
M32R_FALSE=''
M32R_TRUE=''
M68K_FALSE=''
M68K_TRUE=''
MAINT=''
MAINTAINER_MODE_FALSE=''
MAINTAINER_MODE_TRUE=''
MAKEINFO=''
MANIFEST_TOOL=''
METAG_FALSE=''
METAG_TRUE=''
MICROBLAZE_FALSE=''
MICROBLAZE_TRUE=''
MIPS_FALSE=''
MIPS_TRUE=''
MKDIR_P=''
MOXIE_FALSE=''
MOXIE_TRUE=''
NM='/usr/bin/nm'
NMEDIT=''
OBJDUMP=''
OBJEXT=''
OTOOL64=''
OTOOL=''
PA64_HPUX_FALSE=''
PA64_HPUX_TRUE=''
PACKAGE=''
PACKAGE_BUGREPORT='http://github.com/atgreen/libffi/issues'
PACKAGE_NAME='libffi'
PACKAGE_STRING='libffi 3.0.13'
PACKAGE_TARNAME='libffi'
PACKAGE_URL=''
PACKAGE_VERSION='3.0.13'
PATH_SEPARATOR=':'
PA_HPUX_FALSE=''
PA_HPUX_TRUE=''
PA_LINUX_FALSE=''
PA_LINUX_TRUE=''
POWERPC_AIX_FALSE=''
POWERPC_AIX_TRUE=''
POWERPC_DARWIN_FALSE=''
POWERPC_DARWIN_TRUE=''
POWERPC_FALSE=''
POWERPC_FREEBSD_FALSE=''
POWERPC_FREEBSD_TRUE=''
POWERPC_TRUE=''
PRTDIAG=''
RANLIB=''
S390_FALSE=''
S390_TRUE=''
SED=''
SET_MAKE=''
SH64_FALSE=''
SH64_TRUE=''
SHELL='/bin/bash'
SH_FALSE=''
SH_TRUE=''
SPARC_FALSE=''
SPARC_TRUE=''
STRIP=''
TARGET='i686-pc-linux-gnu'
TARGETDIR=''
TESTSUBDIR_FALSE=''
TESTSUBDIR_TRUE=''
TILE_FALSE=''
TILE_TRUE=''
VERSION=''
X86_64_FALSE=''
X86_64_TRUE=''
X86_DARWIN_FALSE=''
X86_DARWIN_TRUE=''
X86_FALSE=''
X86_FREEBSD_FALSE=''
X86_FREEBSD_TRUE=''
X86_TRUE=''
X86_WIN32_FALSE=''
X86_WIN32_TRUE=''
X86_WIN64_FALSE=''
X86_WIN64_TRUE=''
XTENSA_FALSE=''
XTENSA_TRUE=''
ac_ct_AR=''
ac_ct_CC=''
ac_ct_DUMPBIN=''
am__EXEEXT_FALSE=''
am__EXEEXT_TRUE=''
am__fastdepCCAS_FALSE=''
am__fastdepCCAS_TRUE=''
am__fastdepCC_FALSE=''
am__fastdepCC_TRUE=''
am__include=''
am__isrc=''
am__leading_dot=''
am__nodep=''
am__quote=''
am__tar=''
am__untar=''
ax_enable_builddir_sed=''
bindir='${exec_prefix}/bin'
build='i686-pc-linux-gnu'
build_alias=''
build_cpu='i686'
build_os='linux-gnu'
build_vendor='pc'
datadir='${datarootdir}'
datarootdir='${prefix}/share'
docdir='${datarootdir}/doc/${PACKAGE_TARNAME}'
dvidir='${docdir}'
exec_prefix='NONE'
host='i686-pc-linux-gnu'
host_alias=''
host_cpu='i686'
host_os='linux-gnu'
host_vendor='pc'
htmldir='${docdir}'
includedir='${prefix}/include'
infodir='${datarootdir}/info'
install_sh=''
libdir='${exec_prefix}/lib'
libexecdir='${exec_prefix}/libexec'
localedir='${datarootdir}/locale'
localstatedir='${prefix}/var'
mandir='${datarootdir}/man'
mkdir_p=''
oldincludedir='/usr/include'
pdfdir='${docdir}'
prefix='/home/aav/specter/buildroot-2013.08/output/host/usr'
program_transform_name='s,x,x,'
psdir='${docdir}'
sbindir='${exec_prefix}/sbin'
sharedstatedir='${prefix}/com'
sys_symbol_underscore=''
sysconfdir='/home/aav/specter/buildroot-2013.08/output/host/etc'
target='i686-pc-linux-gnu'
target_alias=''
target_cpu='i686'
target_os='linux-gnu'
target_vendor='pc'
toolexecdir=''
toolexeclibdir=''

configure: exit 0
