--------------------
./configure --prefix=/home/aav/specter/buildroot-2013.08/output/host/usr --sysconfdir=/home/aav/specter/buildroot-2013.08/output/host/etc
Ср. апр. 15 15:36:32 MSK 2015
ignored option: --sysconfdir
=== ztest32570.c ===
extern int getchar();
int hello() {return getchar();}
===
/home/aav/specter/buildroot-2013.08/output/host/usr/bin/ccache /usr/bin/gcc -c ztest32570.c
... using gcc

Checking for obsessive-compulsive compiler options...
=== ztest32570.c ===
int foo() { return 0; }
===
/home/aav/specter/buildroot-2013.08/output/host/usr/bin/ccache /usr/bin/gcc -c -O2 -I/home/aav/specter/buildroot-2013.08/output/host/usr/include ztest32570.c

Checking for shared library support...
=== ztest32570.c ===
extern int getchar();
int hello() {return getchar();}
===
/home/aav/specter/buildroot-2013.08/output/host/usr/bin/ccache /usr/bin/gcc -w -c -O2 -I/home/aav/specter/buildroot-2013.08/output/host/usr/include -fPIC ztest32570.c
/home/aav/specter/buildroot-2013.08/output/host/usr/bin/ccache /usr/bin/gcc -shared -Wl,-soname,libz.so.1,--version-script,zlib.map -O2 -I/home/aav/specter/buildroot-2013.08/output/host/usr/include -fPIC -o ztest32570.so ztest32570.o
Building shared library libz.so.1.2.8 with /home/aav/specter/buildroot-2013.08/output/host/usr/bin/ccache /usr/bin/gcc.

=== ztest32570.c ===
#include <sys/types.h>
off64_t dummy = 0;
===
/home/aav/specter/buildroot-2013.08/output/host/usr/bin/ccache /usr/bin/gcc -c -O2 -I/home/aav/specter/buildroot-2013.08/output/host/usr/include -D_LARGEFILE64_SOURCE=1 ztest32570.c
Checking for off64_t... Yes.
Checking for fseeko... Yes.

=== ztest32570.c ===
#include <string.h>
#include <errno.h>
int main() { return strlen(strerror(errno)); }
===
/home/aav/specter/buildroot-2013.08/output/host/usr/bin/ccache /usr/bin/gcc -O2 -I/home/aav/specter/buildroot-2013.08/output/host/usr/include -D_LARGEFILE64_SOURCE=1 -o ztest32570 ztest32570.c
Checking for strerror... Yes.

=== ztest32570.c ===
#include <unistd.h>
int main() { return 0; }
===
/home/aav/specter/buildroot-2013.08/output/host/usr/bin/ccache /usr/bin/gcc -c -O2 -I/home/aav/specter/buildroot-2013.08/output/host/usr/include -D_LARGEFILE64_SOURCE=1 ztest32570.c
Checking for unistd.h... Yes.

=== ztest32570.c ===
#include <stdarg.h>
int main() { return 0; }
===
/home/aav/specter/buildroot-2013.08/output/host/usr/bin/ccache /usr/bin/gcc -c -O2 -I/home/aav/specter/buildroot-2013.08/output/host/usr/include -D_LARGEFILE64_SOURCE=1 ztest32570.c
Checking for stdarg.h... Yes.

=== ztest32570.c ===
#include <stdio.h>
#include <stdarg.h>
#include "zconf.h"
int main()
{
#ifndef STDC
  choke me
#endif
  return 0;
}
===
/home/aav/specter/buildroot-2013.08/output/host/usr/bin/ccache /usr/bin/gcc -c -O2 -I/home/aav/specter/buildroot-2013.08/output/host/usr/include -D_LARGEFILE64_SOURCE=1 ztest32570.c
Checking whether to use vs[n]printf() or s[n]printf()... using vs[n]printf().

=== ztest32570.c ===
#include <stdio.h>
#include <stdarg.h>
int mytest(const char *fmt, ...)
{
  char buf[20];
  va_list ap;
  va_start(ap, fmt);
  vsnprintf(buf, sizeof(buf), fmt, ap);
  va_end(ap);
  return 0;
}
int main()
{
  return (mytest("Hello%d\n", 1));
}
===
/home/aav/specter/buildroot-2013.08/output/host/usr/bin/ccache /usr/bin/gcc -O2 -I/home/aav/specter/buildroot-2013.08/output/host/usr/include -D_LARGEFILE64_SOURCE=1 -o ztest32570 ztest32570.c
Checking for vsnprintf() in stdio.h... Yes.

=== ztest32570.c ===
#include <stdio.h>
#include <stdarg.h>
int mytest(const char *fmt, ...)
{
  int n;
  char buf[20];
  va_list ap;
  va_start(ap, fmt);
  n = vsnprintf(buf, sizeof(buf), fmt, ap);
  va_end(ap);
  return n;
}
int main()
{
  return (mytest("Hello%d\n", 1));
}
===
/home/aav/specter/buildroot-2013.08/output/host/usr/bin/ccache /usr/bin/gcc -c -O2 -I/home/aav/specter/buildroot-2013.08/output/host/usr/include -D_LARGEFILE64_SOURCE=1 ztest32570.c
Checking for return value of vsnprintf()... Yes.

=== ztest32570.c ===
#define ZLIB_INTERNAL __attribute__((visibility ("hidden")))
int ZLIB_INTERNAL foo;
int main()
{
  return 0;
}
===
/home/aav/specter/buildroot-2013.08/output/host/usr/bin/ccache /usr/bin/gcc -c -O2 -I/home/aav/specter/buildroot-2013.08/output/host/usr/include -D_LARGEFILE64_SOURCE=1 ztest32570.c
Checking for attribute(visibility) support... Yes.

ALL = static shared all64
AR = /usr/bin/ar
ARFLAGS = rc
CC = /home/aav/specter/buildroot-2013.08/output/host/usr/bin/ccache /usr/bin/gcc
CFLAGS = -O2 -I/home/aav/specter/buildroot-2013.08/output/host/usr/include -D_LARGEFILE64_SOURCE=1 -DHAVE_HIDDEN
CPP = /usr/bin/cpp
EXE =
LDCONFIG = ldconfig
LDFLAGS = -L/home/aav/specter/buildroot-2013.08/output/host/lib -L/home/aav/specter/buildroot-2013.08/output/host/usr/lib -Wl,-rpath,/home/aav/specter/buildroot-2013.08/output/host/usr/lib
LDSHARED = /home/aav/specter/buildroot-2013.08/output/host/usr/bin/ccache /usr/bin/gcc -shared -Wl,-soname,libz.so.1,--version-script,zlib.map
LDSHAREDLIBC = -lc
OBJC = $(OBJZ) $(OBJG)
PIC_OBJC = $(PIC_OBJZ) $(PIC_OBJG)
RANLIB = ranlib
SFLAGS = -O2 -I/home/aav/specter/buildroot-2013.08/output/host/usr/include -fPIC -D_LARGEFILE64_SOURCE=1 -DHAVE_HIDDEN
SHAREDLIB = libz.so
SHAREDLIBM = libz.so.1
SHAREDLIBV = libz.so.1.2.8
STATICLIB = libz.a
TEST = all teststatic testshared test64
VER = 1.2.8
Z_U4 =
exec_prefix = ${prefix}
includedir = ${prefix}/include
libdir = ${exec_prefix}/lib
mandir = ${prefix}/share/man
prefix = /home/aav/specter/buildroot-2013.08/output/host/usr
sharedlibdir = ${libdir}
uname = Linux
--------------------


