This file contains any messages produced by compilers while
running configure, to aid debugging if configure makes a mistake.

It was created by ID3 Tag configure 0.15.1b, which was
generated by GNU Autoconf 2.59.  Invocation command line was

  $ ./configure --target=arm-buildroot-linux-gnueabi --host=arm-buildroot-linux-gnueabi --build=i686-pc-linux-gnu --prefix=/usr --exec-prefix=/usr --sysconfdir=/etc --program-prefix= --disable-gtk-doc --disable-doc --disable-docs --disable-documentation --with-xmlto=no --with-fop=no --enable-ipv6 --enable-static --enable-shared

## --------- ##
## Platform. ##
## --------- ##

hostname = aav-K52Je
uname -m = i686
uname -r = 3.11.0-12-generic
uname -s = Linux
uname -v = #19-Ubuntu SMP Wed Oct 9 16:12:00 UTC 2013

/usr/bin/uname -p = unknown
/bin/uname -X     = unknown

/bin/arch              = unknown
/usr/bin/arch -k       = unknown
/usr/convex/getsysinfo = unknown
hostinfo               = unknown
/bin/machine           = unknown
/usr/bin/oslevel       = unknown
/bin/universe          = unknown

PATH: /home/aav/specter/buildroot-2013.08/output/host/bin
PATH: /home/aav/specter/buildroot-2013.08/output/host/usr/bin
PATH: /home/aav/specter/buildroot-2013.08/output/host/usr/sbin/
PATH: /home/aav/bin
PATH: /usr/local/sbin
PATH: /usr/local/bin
PATH: /usr/sbin
PATH: /usr/bin
PATH: /sbin
PATH: /bin
PATH: /usr/games
PATH: /usr/local/games


## ----------- ##
## Core tests. ##
## ----------- ##

configure:1559: checking for a BSD-compatible install
configure:1614: result: /usr/bin/install -c
configure:1625: checking whether build environment is sane
configure:1668: result: yes
configure:1725: checking for gawk
configure:1754: result: no
configure:1725: checking for mawk
configure:1741: found /usr/bin/mawk
configure:1751: result: mawk
configure:1761: checking whether make sets $(MAKE)
configure:1781: result: yes
configure:1860: checking for arm-buildroot-linux-gnueabi-strip
configure:1886: result: /home/aav/specter/buildroot-2013.08/output/host/usr/bin/arm-none-linux-gnueabi-strip
configure:1956: checking build system type
configure:1974: result: i686-pc-linux-gnu
configure:1982: checking host system type
configure:1996: result: arm-buildroot-linux-gnueabi
configure:2014: checking for arm-buildroot-linux-gnueabi-gcc
configure:2040: result: /home/aav/specter/buildroot-2013.08/output/host/usr/bin/ccache /home/aav/specter/buildroot-2013.08/output/host/usr/bin/arm-none-linux-gnueabi-gcc
configure:2322: checking for C compiler version
configure:2325: /home/aav/specter/buildroot-2013.08/output/host/usr/bin/ccache /home/aav/specter/buildroot-2013.08/output/host/usr/bin/arm-none-linux-gnueabi-gcc --version </dev/null >&5
arm-none-linux-gnueabi-gcc (Sourcery CodeBench Lite 2013.05-24) 4.7.3
Copyright (C) 2012 Free Software Foundation, Inc.
This is free software; see the source for copying conditions.  There is NO
warranty; not even for MERCHANTABILITY or FITNESS FOR A PARTICULAR PURPOSE.

configure:2328: $? = 0
configure:2330: /home/aav/specter/buildroot-2013.08/output/host/usr/bin/ccache /home/aav/specter/buildroot-2013.08/output/host/usr/bin/arm-none-linux-gnueabi-gcc -v </dev/null >&5
Using built-in specs.
COLLECT_GCC=/home/aav/arm-2013.05_linux/bin/arm-none-linux-gnueabi-gcc
COLLECT_LTO_WRAPPER=/home/aav/arm-2013.05_linux/bin/../libexec/gcc/arm-none-linux-gnueabi/4.7.3/lto-wrapper
Target: arm-none-linux-gnueabi
Configured with: /scratch/jbrown/2013.05-arm-linux-release/src/gcc-4.7-2013.05/configure --build=i686-pc-linux-gnu --host=i686-pc-linux-gnu --target=arm-none-linux-gnueabi --enable-threads --disable-libmudflap --disable-libssp --disable-libstdcxx-pch --enable-extra-sgxxlite-multilibs --with-arch=armv5te --with-gnu-as --with-gnu-ld --with-specs='%{save-temps: -fverbose-asm} %{funwind-tables|fno-unwind-tables|mabi=*|ffreestanding|nostdlib:;:-funwind-tables} -D__CS_SOURCERYGXX_MAJ__=2013 -D__CS_SOURCERYGXX_MIN__=5 -D__CS_SOURCERYGXX_REV__=24 %{O2:%{!fno-remove-local-statics: -fremove-local-statics}} %{O*:%{O|O0|O1|O2|Os:;:%{!fno-remove-local-statics: -fremove-local-statics}}}' --enable-languages=c,c++ --enable-shared --enable-lto --enable-symvers=gnu --enable-__cxa_atexit --with-pkgversion='Sourcery CodeBench Lite 2013.05-24' --with-bugurl=https://sourcery.mentor.com/GNUToolchain/ --disable-nls --prefix=/opt/codesourcery --with-sysroot=/opt/codesourcery/arm-none-linux-gnueabi/libc --with-build-sysroot=/scratch/jbrown/2013.05-arm-linux-release/install/arm-none-linux-gnueabi/libc --with-gmp=/scratch/jbrown/2013.05-arm-linux-release/obj/pkg-2013.05-24-arm-none-linux-gnueabi/arm-2013.05-24-arm-none-linux-gnueabi.extras/host-libs-i686-pc-linux-gnu/usr --with-mpfr=/scratch/jbrown/2013.05-arm-linux-release/obj/pkg-2013.05-24-arm-none-linux-gnueabi/arm-2013.05-24-arm-none-linux-gnueabi.extras/host-libs-i686-pc-linux-gnu/usr --with-mpc=/scratch/jbrown/2013.05-arm-linux-release/obj/pkg-2013.05-24-arm-none-linux-gnueabi/arm-2013.05-24-arm-none-linux-gnueabi.extras/host-libs-i686-pc-linux-gnu/usr --with-ppl=/scratch/jbrown/2013.05-arm-linux-release/obj/pkg-2013.05-24-arm-none-linux-gnueabi/arm-2013.05-24-arm-none-linux-gnueabi.extras/host-libs-i686-pc-linux-gnu/usr --with-host-libstdcxx='-static-libgcc -Wl,-Bstatic,-lstdc++,-Bdynamic -lm' --with-cloog=/scratch/jbrown/2013.05-arm-linux-release/obj/pkg-2013.05-24-arm-none-linux-gnueabi/arm-2013.05-24-arm-none-linux-gnueabi.extras/host-libs-i686-pc-linux-gnu/usr --with-libelf=/scratch/jbrown/2013.05-arm-linux-release/obj/pkg-2013.05-24-arm-none-linux-gnueabi/arm-2013.05-24-arm-none-linux-gnueabi.extras/host-libs-i686-pc-linux-gnu/usr --disable-libgomp --disable-libitm --enable-poison-system-directories --with-build-time-tools=/scratch/jbrown/2013.05-arm-linux-release/install/arm-none-linux-gnueabi/bin --with-build-time-tools=/scratch/jbrown/2013.05-arm-linux-release/install/arm-none-linux-gnueabi/bin
Thread model: posix
gcc version 4.7.3 (Sourcery CodeBench Lite 2013.05-24) 
configure:2333: $? = 0
configure:2335: /home/aav/specter/buildroot-2013.08/output/host/usr/bin/ccache /home/aav/specter/buildroot-2013.08/output/host/usr/bin/arm-none-linux-gnueabi-gcc -V </dev/null >&5
arm-none-linux-gnueabi-gcc: error: unrecognized command line option '-V'
arm-none-linux-gnueabi-gcc: fatal error: no input files
compilation terminated.
configure:2338: $? = 1
configure:2361: checking for C compiler default output file name
configure:2364: /home/aav/specter/buildroot-2013.08/output/host/usr/bin/ccache /home/aav/specter/buildroot-2013.08/output/host/usr/bin/arm-none-linux-gnueabi-gcc -D_LARGEFILE_SOURCE -D_LARGEFILE64_SOURCE -D_FILE_OFFSET_BITS=64  -Os -pipe -Os  -D_LARGEFILE_SOURCE -D_LARGEFILE64_SOURCE -D_FILE_OFFSET_BITS=64  conftest.c  >&5
configure:2367: $? = 0
configure:2413: result: a.out
configure:2418: checking whether the C compiler works
configure:2444: result: yes
configure:2451: checking whether we are cross compiling
configure:2453: result: yes
configure:2456: checking for suffix of executables
configure:2458: /home/aav/specter/buildroot-2013.08/output/host/usr/bin/ccache /home/aav/specter/buildroot-2013.08/output/host/usr/bin/arm-none-linux-gnueabi-gcc -o conftest -D_LARGEFILE_SOURCE -D_LARGEFILE64_SOURCE -D_FILE_OFFSET_BITS=64  -Os -pipe -Os  -D_LARGEFILE_SOURCE -D_LARGEFILE64_SOURCE -D_FILE_OFFSET_BITS=64  conftest.c  >&5
configure:2461: $? = 0
configure:2486: result: 
configure:2492: checking for suffix of object files
configure:2513: /home/aav/specter/buildroot-2013.08/output/host/usr/bin/ccache /home/aav/specter/buildroot-2013.08/output/host/usr/bin/arm-none-linux-gnueabi-gcc -c -D_LARGEFILE_SOURCE -D_LARGEFILE64_SOURCE -D_FILE_OFFSET_BITS=64  -Os -pipe -Os  -D_LARGEFILE_SOURCE -D_LARGEFILE64_SOURCE -D_FILE_OFFSET_BITS=64 conftest.c >&5
configure:2516: $? = 0
configure:2538: result: o
configure:2542: checking whether we are using the GNU C compiler
configure:2566: /home/aav/specter/buildroot-2013.08/output/host/usr/bin/ccache /home/aav/specter/buildroot-2013.08/output/host/usr/bin/arm-none-linux-gnueabi-gcc -c -D_LARGEFILE_SOURCE -D_LARGEFILE64_SOURCE -D_FILE_OFFSET_BITS=64  -Os -pipe -Os  -D_LARGEFILE_SOURCE -D_LARGEFILE64_SOURCE -D_FILE_OFFSET_BITS=64 conftest.c >&5
configure:2572: $? = 0
configure:2575: test -z 			 || test ! -s conftest.err
configure:2578: $? = 0
configure:2581: test -s conftest.o
configure:2584: $? = 0
configure:2597: result: yes
configure:2603: checking whether /home/aav/specter/buildroot-2013.08/output/host/usr/bin/ccache /home/aav/specter/buildroot-2013.08/output/host/usr/bin/arm-none-linux-gnueabi-gcc accepts -g
configure:2624: /home/aav/specter/buildroot-2013.08/output/host/usr/bin/ccache /home/aav/specter/buildroot-2013.08/output/host/usr/bin/arm-none-linux-gnueabi-gcc -c -g -D_LARGEFILE_SOURCE -D_LARGEFILE64_SOURCE -D_FILE_OFFSET_BITS=64 conftest.c >&5
configure:2630: $? = 0
configure:2633: test -z 			 || test ! -s conftest.err
configure:2636: $? = 0
configure:2639: test -s conftest.o
configure:2642: $? = 0
configure:2653: result: yes
configure:2670: checking for /home/aav/specter/buildroot-2013.08/output/host/usr/bin/ccache /home/aav/specter/buildroot-2013.08/output/host/usr/bin/arm-none-linux-gnueabi-gcc option to accept ANSI C
configure:2740: /home/aav/specter/buildroot-2013.08/output/host/usr/bin/ccache /home/aav/specter/buildroot-2013.08/output/host/usr/bin/arm-none-linux-gnueabi-gcc  -c -D_LARGEFILE_SOURCE -D_LARGEFILE64_SOURCE -D_FILE_OFFSET_BITS=64  -Os -pipe -Os  -D_LARGEFILE_SOURCE -D_LARGEFILE64_SOURCE -D_FILE_OFFSET_BITS=64 conftest.c >&5
configure:2746: $? = 0
configure:2749: test -z 			 || test ! -s conftest.err
configure:2752: $? = 0
configure:2755: test -s conftest.o
configure:2758: $? = 0
configure:2776: result: none needed
configure:2794: /home/aav/specter/buildroot-2013.08/output/host/usr/bin/ccache /home/aav/specter/buildroot-2013.08/output/host/usr/bin/arm-none-linux-gnueabi-gcc -c -D_LARGEFILE_SOURCE -D_LARGEFILE64_SOURCE -D_FILE_OFFSET_BITS=64  -Os -pipe -Os  -D_LARGEFILE_SOURCE -D_LARGEFILE64_SOURCE -D_FILE_OFFSET_BITS=64 conftest.c >&5
conftest.c:2:3: error: unknown type name 'choke'
conftest.c:2:3: error: expected '=', ',', ';', 'asm' or '__attribute__' at end of input
configure:2800: $? = 1
configure: failed program was:
| #ifndef __cplusplus
|   choke me
| #endif
configure:2941: checking for style of include used by make
configure:2969: result: GNU
configure:2997: checking dependency style of /home/aav/specter/buildroot-2013.08/output/host/usr/bin/ccache /home/aav/specter/buildroot-2013.08/output/host/usr/bin/arm-none-linux-gnueabi-gcc
configure:3080: result: gcc3
configure:3185: checking for a sed that does not truncate output
configure:3239: result: /bin/sed
configure:3242: checking for egrep
configure:3252: result: grep -E
configure:3268: checking for ld used by /home/aav/specter/buildroot-2013.08/output/host/usr/bin/ccache /home/aav/specter/buildroot-2013.08/output/host/usr/bin/arm-none-linux-gnueabi-gcc
configure:3335: result: /home/aav/specter/buildroot-2013.08/output/host/usr/bin/arm-none-linux-gnueabi-ld
configure:3344: checking if the linker (/home/aav/specter/buildroot-2013.08/output/host/usr/bin/arm-none-linux-gnueabi-ld) is GNU ld
configure:3359: result: yes
configure:3364: checking for /home/aav/specter/buildroot-2013.08/output/host/usr/bin/arm-none-linux-gnueabi-ld option to reload object files
configure:3371: result: -r
configure:3380: checking for BSD-compatible nm
configure:3422: result: /home/aav/specter/buildroot-2013.08/output/host/usr/bin/arm-none-linux-gnueabi-nm
configure:3426: checking whether ln -s works
configure:3430: result: yes
configure:3437: checking how to recognise dependent libraries
configure:3611: result: pass_all
configure:3824: checking how to run the C preprocessor
configure:3942: result: /home/aav/specter/buildroot-2013.08/output/host/usr/bin/arm-none-linux-gnueabi-cpp
configure:3966: /home/aav/specter/buildroot-2013.08/output/host/usr/bin/arm-none-linux-gnueabi-cpp -D_LARGEFILE_SOURCE -D_LARGEFILE64_SOURCE -D_FILE_OFFSET_BITS=64 conftest.c
configure:3972: $? = 0
configure:4004: /home/aav/specter/buildroot-2013.08/output/host/usr/bin/arm-none-linux-gnueabi-cpp -D_LARGEFILE_SOURCE -D_LARGEFILE64_SOURCE -D_FILE_OFFSET_BITS=64 conftest.c
conftest.c:11:28: fatal error: ac_nonexistent.h: No such file or directory
compilation terminated.
configure:4010: $? = 1
configure: failed program was:
| /* confdefs.h.  */
| 
| #define PACKAGE_NAME "ID3 Tag"
| #define PACKAGE_TARNAME "libid3tag"
| #define PACKAGE_VERSION "0.15.1b"
| #define PACKAGE_STRING "ID3 Tag 0.15.1b"
| #define PACKAGE_BUGREPORT "support@underbit.com"
| #define PACKAGE "libid3tag"
| #define VERSION "0.15.1b"
| /* end confdefs.h.  */
| #include <ac_nonexistent.h>
configure:4054: checking for ANSI C header files
configure:4079: /home/aav/specter/buildroot-2013.08/output/host/usr/bin/ccache /home/aav/specter/buildroot-2013.08/output/host/usr/bin/arm-none-linux-gnueabi-gcc -c -D_LARGEFILE_SOURCE -D_LARGEFILE64_SOURCE -D_FILE_OFFSET_BITS=64  -Os -pipe -Os  -D_LARGEFILE_SOURCE -D_LARGEFILE64_SOURCE -D_FILE_OFFSET_BITS=64 conftest.c >&5
configure:4085: $? = 0
configure:4088: test -z 			 || test ! -s conftest.err
configure:4091: $? = 0
configure:4094: test -s conftest.o
configure:4097: $? = 0
configure:4209: result: yes
configure:4233: checking for sys/types.h
configure:4249: /home/aav/specter/buildroot-2013.08/output/host/usr/bin/ccache /home/aav/specter/buildroot-2013.08/output/host/usr/bin/arm-none-linux-gnueabi-gcc -c -D_LARGEFILE_SOURCE -D_LARGEFILE64_SOURCE -D_FILE_OFFSET_BITS=64  -Os -pipe -Os  -D_LARGEFILE_SOURCE -D_LARGEFILE64_SOURCE -D_FILE_OFFSET_BITS=64 conftest.c >&5
configure:4255: $? = 0
configure:4258: test -z 			 || test ! -s conftest.err
configure:4261: $? = 0
configure:4264: test -s conftest.o
configure:4267: $? = 0
configure:4278: result: yes
configure:4233: checking for sys/stat.h
configure:4249: /home/aav/specter/buildroot-2013.08/output/host/usr/bin/ccache /home/aav/specter/buildroot-2013.08/output/host/usr/bin/arm-none-linux-gnueabi-gcc -c -D_LARGEFILE_SOURCE -D_LARGEFILE64_SOURCE -D_FILE_OFFSET_BITS=64  -Os -pipe -Os  -D_LARGEFILE_SOURCE -D_LARGEFILE64_SOURCE -D_FILE_OFFSET_BITS=64 conftest.c >&5
configure:4255: $? = 0
configure:4258: test -z 			 || test ! -s conftest.err
configure:4261: $? = 0
configure:4264: test -s conftest.o
configure:4267: $? = 0
configure:4278: result: yes
configure:4233: checking for stdlib.h
configure:4249: /home/aav/specter/buildroot-2013.08/output/host/usr/bin/ccache /home/aav/specter/buildroot-2013.08/output/host/usr/bin/arm-none-linux-gnueabi-gcc -c -D_LARGEFILE_SOURCE -D_LARGEFILE64_SOURCE -D_FILE_OFFSET_BITS=64  -Os -pipe -Os  -D_LARGEFILE_SOURCE -D_LARGEFILE64_SOURCE -D_FILE_OFFSET_BITS=64 conftest.c >&5
configure:4255: $? = 0
configure:4258: test -z 			 || test ! -s conftest.err
configure:4261: $? = 0
configure:4264: test -s conftest.o
configure:4267: $? = 0
configure:4278: result: yes
configure:4233: checking for string.h
configure:4249: /home/aav/specter/buildroot-2013.08/output/host/usr/bin/ccache /home/aav/specter/buildroot-2013.08/output/host/usr/bin/arm-none-linux-gnueabi-gcc -c -D_LARGEFILE_SOURCE -D_LARGEFILE64_SOURCE -D_FILE_OFFSET_BITS=64  -Os -pipe -Os  -D_LARGEFILE_SOURCE -D_LARGEFILE64_SOURCE -D_FILE_OFFSET_BITS=64 conftest.c >&5
configure:4255: $? = 0
configure:4258: test -z 			 || test ! -s conftest.err
configure:4261: $? = 0
configure:4264: test -s conftest.o
configure:4267: $? = 0
configure:4278: result: yes
configure:4233: checking for memory.h
configure:4249: /home/aav/specter/buildroot-2013.08/output/host/usr/bin/ccache /home/aav/specter/buildroot-2013.08/output/host/usr/bin/arm-none-linux-gnueabi-gcc -c -D_LARGEFILE_SOURCE -D_LARGEFILE64_SOURCE -D_FILE_OFFSET_BITS=64  -Os -pipe -Os  -D_LARGEFILE_SOURCE -D_LARGEFILE64_SOURCE -D_FILE_OFFSET_BITS=64 conftest.c >&5
configure:4255: $? = 0
configure:4258: test -z 			 || test ! -s conftest.err
configure:4261: $? = 0
configure:4264: test -s conftest.o
configure:4267: $? = 0
configure:4278: result: yes
configure:4233: checking for strings.h
configure:4249: /home/aav/specter/buildroot-2013.08/output/host/usr/bin/ccache /home/aav/specter/buildroot-2013.08/output/host/usr/bin/arm-none-linux-gnueabi-gcc -c -D_LARGEFILE_SOURCE -D_LARGEFILE64_SOURCE -D_FILE_OFFSET_BITS=64  -Os -pipe -Os  -D_LARGEFILE_SOURCE -D_LARGEFILE64_SOURCE -D_FILE_OFFSET_BITS=64 conftest.c >&5
configure:4255: $? = 0
configure:4258: test -z 			 || test ! -s conftest.err
configure:4261: $? = 0
configure:4264: test -s conftest.o
configure:4267: $? = 0
configure:4278: result: yes
configure:4233: checking for inttypes.h
configure:4249: /home/aav/specter/buildroot-2013.08/output/host/usr/bin/ccache /home/aav/specter/buildroot-2013.08/output/host/usr/bin/arm-none-linux-gnueabi-gcc -c -D_LARGEFILE_SOURCE -D_LARGEFILE64_SOURCE -D_FILE_OFFSET_BITS=64  -Os -pipe -Os  -D_LARGEFILE_SOURCE -D_LARGEFILE64_SOURCE -D_FILE_OFFSET_BITS=64 conftest.c >&5
configure:4255: $? = 0
configure:4258: test -z 			 || test ! -s conftest.err
configure:4261: $? = 0
configure:4264: test -s conftest.o
configure:4267: $? = 0
configure:4278: result: yes
configure:4233: checking for stdint.h
configure:4249: /home/aav/specter/buildroot-2013.08/output/host/usr/bin/ccache /home/aav/specter/buildroot-2013.08/output/host/usr/bin/arm-none-linux-gnueabi-gcc -c -D_LARGEFILE_SOURCE -D_LARGEFILE64_SOURCE -D_FILE_OFFSET_BITS=64  -Os -pipe -Os  -D_LARGEFILE_SOURCE -D_LARGEFILE64_SOURCE -D_FILE_OFFSET_BITS=64 conftest.c >&5
configure:4255: $? = 0
configure:4258: test -z 			 || test ! -s conftest.err
configure:4261: $? = 0
configure:4264: test -s conftest.o
configure:4267: $? = 0
configure:4278: result: yes
configure:4233: checking for unistd.h
configure:4249: /home/aav/specter/buildroot-2013.08/output/host/usr/bin/ccache /home/aav/specter/buildroot-2013.08/output/host/usr/bin/arm-none-linux-gnueabi-gcc -c -D_LARGEFILE_SOURCE -D_LARGEFILE64_SOURCE -D_FILE_OFFSET_BITS=64  -Os -pipe -Os  -D_LARGEFILE_SOURCE -D_LARGEFILE64_SOURCE -D_FILE_OFFSET_BITS=64 conftest.c >&5
configure:4255: $? = 0
configure:4258: test -z 			 || test ! -s conftest.err
configure:4261: $? = 0
configure:4264: test -s conftest.o
configure:4267: $? = 0
configure:4278: result: yes
configure:4304: checking dlfcn.h usability
configure:4316: /home/aav/specter/buildroot-2013.08/output/host/usr/bin/ccache /home/aav/specter/buildroot-2013.08/output/host/usr/bin/arm-none-linux-gnueabi-gcc -c -D_LARGEFILE_SOURCE -D_LARGEFILE64_SOURCE -D_FILE_OFFSET_BITS=64  -Os -pipe -Os  -D_LARGEFILE_SOURCE -D_LARGEFILE64_SOURCE -D_FILE_OFFSET_BITS=64 conftest.c >&5
configure:4322: $? = 0
configure:4325: test -z 			 || test ! -s conftest.err
configure:4328: $? = 0
configure:4331: test -s conftest.o
configure:4334: $? = 0
configure:4344: result: yes
configure:4348: checking dlfcn.h presence
configure:4358: /home/aav/specter/buildroot-2013.08/output/host/usr/bin/arm-none-linux-gnueabi-cpp -D_LARGEFILE_SOURCE -D_LARGEFILE64_SOURCE -D_FILE_OFFSET_BITS=64 conftest.c
configure:4364: $? = 0
configure:4384: result: yes
configure:4419: checking for dlfcn.h
configure:4426: result: yes
configure:4449: checking for arm-buildroot-linux-gnueabi-g++
configure:4475: result: /home/aav/specter/buildroot-2013.08/output/host/usr/bin/ccache /home/aav/specter/buildroot-2013.08/output/host/usr/bin/arm-none-linux-gnueabi-g++
configure:4533: checking for C++ compiler version
configure:4536: /home/aav/specter/buildroot-2013.08/output/host/usr/bin/ccache /home/aav/specter/buildroot-2013.08/output/host/usr/bin/arm-none-linux-gnueabi-g++ --version </dev/null >&5
arm-none-linux-gnueabi-g++ (Sourcery CodeBench Lite 2013.05-24) 4.7.3
Copyright (C) 2012 Free Software Foundation, Inc.
This is free software; see the source for copying conditions.  There is NO
warranty; not even for MERCHANTABILITY or FITNESS FOR A PARTICULAR PURPOSE.

configure:4539: $? = 0
configure:4541: /home/aav/specter/buildroot-2013.08/output/host/usr/bin/ccache /home/aav/specter/buildroot-2013.08/output/host/usr/bin/arm-none-linux-gnueabi-g++ -v </dev/null >&5
Using built-in specs.
COLLECT_GCC=/home/aav/arm-2013.05_linux/bin/arm-none-linux-gnueabi-g++
COLLECT_LTO_WRAPPER=/home/aav/arm-2013.05_linux/bin/../libexec/gcc/arm-none-linux-gnueabi/4.7.3/lto-wrapper
Target: arm-none-linux-gnueabi
Configured with: /scratch/jbrown/2013.05-arm-linux-release/src/gcc-4.7-2013.05/configure --build=i686-pc-linux-gnu --host=i686-pc-linux-gnu --target=arm-none-linux-gnueabi --enable-threads --disable-libmudflap --disable-libssp --disable-libstdcxx-pch --enable-extra-sgxxlite-multilibs --with-arch=armv5te --with-gnu-as --with-gnu-ld --with-specs='%{save-temps: -fverbose-asm} %{funwind-tables|fno-unwind-tables|mabi=*|ffreestanding|nostdlib:;:-funwind-tables} -D__CS_SOURCERYGXX_MAJ__=2013 -D__CS_SOURCERYGXX_MIN__=5 -D__CS_SOURCERYGXX_REV__=24 %{O2:%{!fno-remove-local-statics: -fremove-local-statics}} %{O*:%{O|O0|O1|O2|Os:;:%{!fno-remove-local-statics: -fremove-local-statics}}}' --enable-languages=c,c++ --enable-shared --enable-lto --enable-symvers=gnu --enable-__cxa_atexit --with-pkgversion='Sourcery CodeBench Lite 2013.05-24' --with-bugurl=https://sourcery.mentor.com/GNUToolchain/ --disable-nls --prefix=/opt/codesourcery --with-sysroot=/opt/codesourcery/arm-none-linux-gnueabi/libc --with-build-sysroot=/scratch/jbrown/2013.05-arm-linux-release/install/arm-none-linux-gnueabi/libc --with-gmp=/scratch/jbrown/2013.05-arm-linux-release/obj/pkg-2013.05-24-arm-none-linux-gnueabi/arm-2013.05-24-arm-none-linux-gnueabi.extras/host-libs-i686-pc-linux-gnu/usr --with-mpfr=/scratch/jbrown/2013.05-arm-linux-release/obj/pkg-2013.05-24-arm-none-linux-gnueabi/arm-2013.05-24-arm-none-linux-gnueabi.extras/host-libs-i686-pc-linux-gnu/usr --with-mpc=/scratch/jbrown/2013.05-arm-linux-release/obj/pkg-2013.05-24-arm-none-linux-gnueabi/arm-2013.05-24-arm-none-linux-gnueabi.extras/host-libs-i686-pc-linux-gnu/usr --with-ppl=/scratch/jbrown/2013.05-arm-linux-release/obj/pkg-2013.05-24-arm-none-linux-gnueabi/arm-2013.05-24-arm-none-linux-gnueabi.extras/host-libs-i686-pc-linux-gnu/usr --with-host-libstdcxx='-static-libgcc -Wl,-Bstatic,-lstdc++,-Bdynamic -lm' --with-cloog=/scratch/jbrown/2013.05-arm-linux-release/obj/pkg-2013.05-24-arm-none-linux-gnueabi/arm-2013.05-24-arm-none-linux-gnueabi.extras/host-libs-i686-pc-linux-gnu/usr --with-libelf=/scratch/jbrown/2013.05-arm-linux-release/obj/pkg-2013.05-24-arm-none-linux-gnueabi/arm-2013.05-24-arm-none-linux-gnueabi.extras/host-libs-i686-pc-linux-gnu/usr --disable-libgomp --disable-libitm --enable-poison-system-directories --with-build-time-tools=/scratch/jbrown/2013.05-arm-linux-release/install/arm-none-linux-gnueabi/bin --with-build-time-tools=/scratch/jbrown/2013.05-arm-linux-release/install/arm-none-linux-gnueabi/bin
Thread model: posix
gcc version 4.7.3 (Sourcery CodeBench Lite 2013.05-24) 
configure:4544: $? = 0
configure:4546: /home/aav/specter/buildroot-2013.08/output/host/usr/bin/ccache /home/aav/specter/buildroot-2013.08/output/host/usr/bin/arm-none-linux-gnueabi-g++ -V </dev/null >&5
arm-none-linux-gnueabi-g++: error: unrecognized command line option '-V'
arm-none-linux-gnueabi-g++: fatal error: no input files
compilation terminated.
configure:4549: $? = 1
configure:4552: checking whether we are using the GNU C++ compiler
configure:4576: /home/aav/specter/buildroot-2013.08/output/host/usr/bin/ccache /home/aav/specter/buildroot-2013.08/output/host/usr/bin/arm-none-linux-gnueabi-g++ -c -D_LARGEFILE_SOURCE -D_LARGEFILE64_SOURCE -D_FILE_OFFSET_BITS=64  -Os -pipe -Os  -D_LARGEFILE_SOURCE -D_LARGEFILE64_SOURCE -D_FILE_OFFSET_BITS=64 conftest.cc >&5
configure:4582: $? = 0
configure:4585: test -z 			 || test ! -s conftest.err
configure:4588: $? = 0
configure:4591: test -s conftest.o
configure:4594: $? = 0
configure:4607: result: yes
configure:4613: checking whether /home/aav/specter/buildroot-2013.08/output/host/usr/bin/ccache /home/aav/specter/buildroot-2013.08/output/host/usr/bin/arm-none-linux-gnueabi-g++ accepts -g
configure:4634: /home/aav/specter/buildroot-2013.08/output/host/usr/bin/ccache /home/aav/specter/buildroot-2013.08/output/host/usr/bin/arm-none-linux-gnueabi-g++ -c -g -D_LARGEFILE_SOURCE -D_LARGEFILE64_SOURCE -D_FILE_OFFSET_BITS=64 conftest.cc >&5
configure:4640: $? = 0
configure:4643: test -z 			 || test ! -s conftest.err
configure:4646: $? = 0
configure:4649: test -s conftest.o
configure:4652: $? = 0
configure:4663: result: yes
configure:4705: /home/aav/specter/buildroot-2013.08/output/host/usr/bin/ccache /home/aav/specter/buildroot-2013.08/output/host/usr/bin/arm-none-linux-gnueabi-g++ -c -D_LARGEFILE_SOURCE -D_LARGEFILE64_SOURCE -D_FILE_OFFSET_BITS=64  -Os -pipe -Os  -D_LARGEFILE_SOURCE -D_LARGEFILE64_SOURCE -D_FILE_OFFSET_BITS=64 conftest.cc >&5
configure:4711: $? = 0
configure:4714: test -z 			 || test ! -s conftest.err
configure:4717: $? = 0
configure:4720: test -s conftest.o
configure:4723: $? = 0
configure:4749: /home/aav/specter/buildroot-2013.08/output/host/usr/bin/ccache /home/aav/specter/buildroot-2013.08/output/host/usr/bin/arm-none-linux-gnueabi-g++ -c -D_LARGEFILE_SOURCE -D_LARGEFILE64_SOURCE -D_FILE_OFFSET_BITS=64  -Os -pipe -Os  -D_LARGEFILE_SOURCE -D_LARGEFILE64_SOURCE -D_FILE_OFFSET_BITS=64 conftest.cc >&5
conftest.cc: In function 'int main()':
conftest.cc:26:9: error: 'exit' was not declared in this scope
configure:4755: $? = 1
configure: failed program was:
| /* confdefs.h.  */
| 
| #define PACKAGE_NAME "ID3 Tag"
| #define PACKAGE_TARNAME "libid3tag"
| #define PACKAGE_VERSION "0.15.1b"
| #define PACKAGE_STRING "ID3 Tag 0.15.1b"
| #define PACKAGE_BUGREPORT "support@underbit.com"
| #define PACKAGE "libid3tag"
| #define VERSION "0.15.1b"
| #define STDC_HEADERS 1
| #define HAVE_SYS_TYPES_H 1
| #define HAVE_SYS_STAT_H 1
| #define HAVE_STDLIB_H 1
| #define HAVE_STRING_H 1
| #define HAVE_MEMORY_H 1
| #define HAVE_STRINGS_H 1
| #define HAVE_INTTYPES_H 1
| #define HAVE_STDINT_H 1
| #define HAVE_UNISTD_H 1
| #define HAVE_DLFCN_H 1
| /* end confdefs.h.  */
| 
| int
| main ()
| {
| exit (42);
|   ;
|   return 0;
| }
configure:4705: /home/aav/specter/buildroot-2013.08/output/host/usr/bin/ccache /home/aav/specter/buildroot-2013.08/output/host/usr/bin/arm-none-linux-gnueabi-g++ -c -D_LARGEFILE_SOURCE -D_LARGEFILE64_SOURCE -D_FILE_OFFSET_BITS=64  -Os -pipe -Os  -D_LARGEFILE_SOURCE -D_LARGEFILE64_SOURCE -D_FILE_OFFSET_BITS=64 conftest.cc >&5
conftest.cc:22:40: error: 'void std::exit(int)' should have been declared inside 'std'
configure:4711: $? = 1
configure: failed program was:
| /* confdefs.h.  */
| 
| #define PACKAGE_NAME "ID3 Tag"
| #define PACKAGE_TARNAME "libid3tag"
| #define PACKAGE_VERSION "0.15.1b"
| #define PACKAGE_STRING "ID3 Tag 0.15.1b"
| #define PACKAGE_BUGREPORT "support@underbit.com"
| #define PACKAGE "libid3tag"
| #define VERSION "0.15.1b"
| #define STDC_HEADERS 1
| #define HAVE_SYS_TYPES_H 1
| #define HAVE_SYS_STAT_H 1
| #define HAVE_STDLIB_H 1
| #define HAVE_STRING_H 1
| #define HAVE_MEMORY_H 1
| #define HAVE_STRINGS_H 1
| #define HAVE_INTTYPES_H 1
| #define HAVE_STDINT_H 1
| #define HAVE_UNISTD_H 1
| #define HAVE_DLFCN_H 1
| /* end confdefs.h.  */
| extern "C" void std::exit (int) throw (); using std::exit;
| #include <stdlib.h>
| int
| main ()
| {
| exit (42);
|   ;
|   return 0;
| }
configure:4705: /home/aav/specter/buildroot-2013.08/output/host/usr/bin/ccache /home/aav/specter/buildroot-2013.08/output/host/usr/bin/arm-none-linux-gnueabi-g++ -c -D_LARGEFILE_SOURCE -D_LARGEFILE64_SOURCE -D_FILE_OFFSET_BITS=64  -Os -pipe -Os  -D_LARGEFILE_SOURCE -D_LARGEFILE64_SOURCE -D_FILE_OFFSET_BITS=64 conftest.cc >&5
conftest.cc:22:31: error: 'void std::exit(int)' should have been declared inside 'std'
In file included from conftest.cc:23:0:
/home/aav/specter/buildroot-2013.08/output/host/usr/arm-buildroot-linux-gnueabi/sysroot/usr/include/stdlib.h:542:71: error: declaration of 'void std::exit(int) throw ()' has a different exception specifier
conftest.cc:22:17: error: from previous declaration 'void std::exit(int)'
configure:4711: $? = 1
configure: failed program was:
| /* confdefs.h.  */
| 
| #define PACKAGE_NAME "ID3 Tag"
| #define PACKAGE_TARNAME "libid3tag"
| #define PACKAGE_VERSION "0.15.1b"
| #define PACKAGE_STRING "ID3 Tag 0.15.1b"
| #define PACKAGE_BUGREPORT "support@underbit.com"
| #define PACKAGE "libid3tag"
| #define VERSION "0.15.1b"
| #define STDC_HEADERS 1
| #define HAVE_SYS_TYPES_H 1
| #define HAVE_SYS_STAT_H 1
| #define HAVE_STDLIB_H 1
| #define HAVE_STRING_H 1
| #define HAVE_MEMORY_H 1
| #define HAVE_STRINGS_H 1
| #define HAVE_INTTYPES_H 1
| #define HAVE_STDINT_H 1
| #define HAVE_UNISTD_H 1
| #define HAVE_DLFCN_H 1
| /* end confdefs.h.  */
| extern "C" void std::exit (int); using std::exit;
| #include <stdlib.h>
| int
| main ()
| {
| exit (42);
|   ;
|   return 0;
| }
configure:4705: /home/aav/specter/buildroot-2013.08/output/host/usr/bin/ccache /home/aav/specter/buildroot-2013.08/output/host/usr/bin/arm-none-linux-gnueabi-g++ -c -D_LARGEFILE_SOURCE -D_LARGEFILE64_SOURCE -D_FILE_OFFSET_BITS=64  -Os -pipe -Os  -D_LARGEFILE_SOURCE -D_LARGEFILE64_SOURCE -D_FILE_OFFSET_BITS=64 conftest.cc >&5
configure:4711: $? = 0
configure:4714: test -z 			 || test ! -s conftest.err
configure:4717: $? = 0
configure:4720: test -s conftest.o
configure:4723: $? = 0
configure:4749: /home/aav/specter/buildroot-2013.08/output/host/usr/bin/ccache /home/aav/specter/buildroot-2013.08/output/host/usr/bin/arm-none-linux-gnueabi-g++ -c -D_LARGEFILE_SOURCE -D_LARGEFILE64_SOURCE -D_FILE_OFFSET_BITS=64  -Os -pipe -Os  -D_LARGEFILE_SOURCE -D_LARGEFILE64_SOURCE -D_FILE_OFFSET_BITS=64 conftest.cc >&5
configure:4755: $? = 0
configure:4758: test -z 			 || test ! -s conftest.err
configure:4761: $? = 0
configure:4764: test -s conftest.o
configure:4767: $? = 0
configure:4792: checking dependency style of /home/aav/specter/buildroot-2013.08/output/host/usr/bin/ccache /home/aav/specter/buildroot-2013.08/output/host/usr/bin/arm-none-linux-gnueabi-g++
configure:4875: result: gcc3
configure:4897: checking how to run the C++ preprocessor
configure:4928: /home/aav/specter/buildroot-2013.08/output/host/usr/bin/ccache /home/aav/specter/buildroot-2013.08/output/host/usr/bin/arm-none-linux-gnueabi-g++ -E -D_LARGEFILE_SOURCE -D_LARGEFILE64_SOURCE -D_FILE_OFFSET_BITS=64 conftest.cc
configure:4934: $? = 0
configure:4966: /home/aav/specter/buildroot-2013.08/output/host/usr/bin/ccache /home/aav/specter/buildroot-2013.08/output/host/usr/bin/arm-none-linux-gnueabi-g++ -E -D_LARGEFILE_SOURCE -D_LARGEFILE64_SOURCE -D_FILE_OFFSET_BITS=64 conftest.cc
conftest.cc:25:28: fatal error: ac_nonexistent.h: No such file or directory
compilation terminated.
configure:4972: $? = 1
configure: failed program was:
| /* confdefs.h.  */
| 
| #define PACKAGE_NAME "ID3 Tag"
| #define PACKAGE_TARNAME "libid3tag"
| #define PACKAGE_VERSION "0.15.1b"
| #define PACKAGE_STRING "ID3 Tag 0.15.1b"
| #define PACKAGE_BUGREPORT "support@underbit.com"
| #define PACKAGE "libid3tag"
| #define VERSION "0.15.1b"
| #define STDC_HEADERS 1
| #define HAVE_SYS_TYPES_H 1
| #define HAVE_SYS_STAT_H 1
| #define HAVE_STDLIB_H 1
| #define HAVE_STRING_H 1
| #define HAVE_MEMORY_H 1
| #define HAVE_STRINGS_H 1
| #define HAVE_INTTYPES_H 1
| #define HAVE_STDINT_H 1
| #define HAVE_UNISTD_H 1
| #define HAVE_DLFCN_H 1
| #ifdef __cplusplus
| extern "C" void exit (int) throw ();
| #endif
| /* end confdefs.h.  */
| #include <ac_nonexistent.h>
configure:5011: result: /home/aav/specter/buildroot-2013.08/output/host/usr/bin/ccache /home/aav/specter/buildroot-2013.08/output/host/usr/bin/arm-none-linux-gnueabi-g++ -E
configure:5035: /home/aav/specter/buildroot-2013.08/output/host/usr/bin/ccache /home/aav/specter/buildroot-2013.08/output/host/usr/bin/arm-none-linux-gnueabi-g++ -E -D_LARGEFILE_SOURCE -D_LARGEFILE64_SOURCE -D_FILE_OFFSET_BITS=64 conftest.cc
configure:5041: $? = 0
configure:5073: /home/aav/specter/buildroot-2013.08/output/host/usr/bin/ccache /home/aav/specter/buildroot-2013.08/output/host/usr/bin/arm-none-linux-gnueabi-g++ -E -D_LARGEFILE_SOURCE -D_LARGEFILE64_SOURCE -D_FILE_OFFSET_BITS=64 conftest.cc
conftest.cc:25:28: fatal error: ac_nonexistent.h: No such file or directory
compilation terminated.
configure:5079: $? = 1
configure: failed program was:
| /* confdefs.h.  */
| 
| #define PACKAGE_NAME "ID3 Tag"
| #define PACKAGE_TARNAME "libid3tag"
| #define PACKAGE_VERSION "0.15.1b"
| #define PACKAGE_STRING "ID3 Tag 0.15.1b"
| #define PACKAGE_BUGREPORT "support@underbit.com"
| #define PACKAGE "libid3tag"
| #define VERSION "0.15.1b"
| #define STDC_HEADERS 1
| #define HAVE_SYS_TYPES_H 1
| #define HAVE_SYS_STAT_H 1
| #define HAVE_STDLIB_H 1
| #define HAVE_STRING_H 1
| #define HAVE_MEMORY_H 1
| #define HAVE_STRINGS_H 1
| #define HAVE_INTTYPES_H 1
| #define HAVE_STDINT_H 1
| #define HAVE_UNISTD_H 1
| #define HAVE_DLFCN_H 1
| #ifdef __cplusplus
| extern "C" void exit (int) throw ();
| #endif
| /* end confdefs.h.  */
| #include <ac_nonexistent.h>
configure:5132: checking for arm-buildroot-linux-gnueabi-g77
configure:5161: result: no
configure:5132: checking for arm-buildroot-linux-gnueabi-f77
configure:5161: result: no
configure:5132: checking for arm-buildroot-linux-gnueabi-xlf
configure:5161: result: no
configure:5132: checking for arm-buildroot-linux-gnueabi-frt
configure:5161: result: no
configure:5132: checking for arm-buildroot-linux-gnueabi-pgf77
configure:5161: result: no
configure:5132: checking for arm-buildroot-linux-gnueabi-fort77
configure:5161: result: no
configure:5132: checking for arm-buildroot-linux-gnueabi-fl32
configure:5161: result: no
configure:5132: checking for arm-buildroot-linux-gnueabi-af77
configure:5161: result: no
configure:5132: checking for arm-buildroot-linux-gnueabi-f90
configure:5161: result: no
configure:5132: checking for arm-buildroot-linux-gnueabi-xlf90
configure:5161: result: no
configure:5132: checking for arm-buildroot-linux-gnueabi-pgf90
configure:5161: result: no
configure:5132: checking for arm-buildroot-linux-gnueabi-epcf90
configure:5161: result: no
configure:5132: checking for arm-buildroot-linux-gnueabi-f95
configure:5161: result: no
configure:5132: checking for arm-buildroot-linux-gnueabi-fort
configure:5161: result: no
configure:5132: checking for arm-buildroot-linux-gnueabi-xlf95
configure:5161: result: no
configure:5132: checking for arm-buildroot-linux-gnueabi-ifc
configure:5161: result: no
configure:5132: checking for arm-buildroot-linux-gnueabi-efc
configure:5161: result: no
configure:5132: checking for arm-buildroot-linux-gnueabi-pgf95
configure:5161: result: no
configure:5132: checking for arm-buildroot-linux-gnueabi-lf95
configure:5161: result: no
configure:5132: checking for arm-buildroot-linux-gnueabi-gfortran
configure:5161: result: no
configure:5174: checking for g77
configure:5203: result: no
configure:5174: checking for f77
configure:5190: found /usr/bin/f77
configure:5200: result: f77
configure:5215: checking for Fortran 77 compiler version
configure:5218: f77 --version </dev/null >&5
/usr/bin/f77: Illegal option: --version
configure:5221: $? = 255
configure:5223: f77 -v </dev/null >&5
/usr/bin/f77: fort77 Version 1.15
/usr/bin/f77: No input files specified
configure:5226: $? = 255
configure:5228: f77 -V </dev/null >&5
/usr/bin/f77 : Missing argument to "-V"
configure:5231: $? = 255
configure:5239: checking whether we are using the GNU Fortran 77 compiler
configure:5253: f77 -c  conftest.F >&5
   MAIN main:
configure:5259: $? = 0
configure:5262: test -z 			 || test ! -s conftest.err
configure:5265: $? = 0
configure:5268: test -s conftest.o
configure:5271: $? = 0
configure:5284: result: yes
configure:5290: checking whether f77 accepts -g
configure:5302: f77 -c -g conftest.f >&5
   MAIN main:
configure:5308: $? = 0
configure:5311: test -z 			 || test ! -s conftest.err
configure:5314: $? = 0
configure:5317: test -s conftest.o
configure:5320: $? = 0
configure:5332: result: yes
configure:5362: checking the maximum length of command line arguments
configure:5427: result: 32768
configure:5438: checking command to parse /home/aav/specter/buildroot-2013.08/output/host/usr/bin/arm-none-linux-gnueabi-nm output from /home/aav/specter/buildroot-2013.08/output/host/usr/bin/ccache /home/aav/specter/buildroot-2013.08/output/host/usr/bin/arm-none-linux-gnueabi-gcc object
configure:5527: /home/aav/specter/buildroot-2013.08/output/host/usr/bin/ccache /home/aav/specter/buildroot-2013.08/output/host/usr/bin/arm-none-linux-gnueabi-gcc -c -D_LARGEFILE_SOURCE -D_LARGEFILE64_SOURCE -D_FILE_OFFSET_BITS=64  -Os -pipe -Os  -D_LARGEFILE_SOURCE -D_LARGEFILE64_SOURCE -D_FILE_OFFSET_BITS=64 conftest.c >&5
configure:5530: $? = 0
configure:5534: /home/aav/specter/buildroot-2013.08/output/host/usr/bin/arm-none-linux-gnueabi-nm conftest.o \| sed -n -e 's/^.*[ 	]\([ABCDGIRSTW][ABCDGIRSTW]*\)[ 	][ 	]*\(\)\([_A-Za-z][_A-Za-z0-9]*\)$/\1 \2\3 \3/p' \> conftest.nm
configure:5537: $? = 0
configure:5589: /home/aav/specter/buildroot-2013.08/output/host/usr/bin/ccache /home/aav/specter/buildroot-2013.08/output/host/usr/bin/arm-none-linux-gnueabi-gcc -o conftest -D_LARGEFILE_SOURCE -D_LARGEFILE64_SOURCE -D_FILE_OFFSET_BITS=64  -Os -pipe -Os  -D_LARGEFILE_SOURCE -D_LARGEFILE64_SOURCE -D_FILE_OFFSET_BITS=64  conftest.c conftstm.o >&5
configure:5592: $? = 0
configure:5630: result: ok
configure:5634: checking for objdir
configure:5649: result: .libs
configure:5701: checking for arm-buildroot-linux-gnueabi-ar
configure:5727: result: /home/aav/specter/buildroot-2013.08/output/host/usr/bin/arm-none-linux-gnueabi-ar
configure:5781: checking for arm-buildroot-linux-gnueabi-ranlib
configure:5807: result: /home/aav/specter/buildroot-2013.08/output/host/usr/bin/arm-none-linux-gnueabi-ranlib
configure:5861: checking for arm-buildroot-linux-gnueabi-strip
configure:5887: result: /home/aav/specter/buildroot-2013.08/output/host/usr/bin/arm-none-linux-gnueabi-strip
configure:6188: checking if /home/aav/specter/buildroot-2013.08/output/host/usr/bin/ccache /home/aav/specter/buildroot-2013.08/output/host/usr/bin/arm-none-linux-gnueabi-gcc static flag  works
configure:6211: result: yes
configure:6229: checking if /home/aav/specter/buildroot-2013.08/output/host/usr/bin/ccache /home/aav/specter/buildroot-2013.08/output/host/usr/bin/arm-none-linux-gnueabi-gcc supports -fno-rtti -fno-exceptions
configure:6247: /home/aav/specter/buildroot-2013.08/output/host/usr/bin/ccache /home/aav/specter/buildroot-2013.08/output/host/usr/bin/arm-none-linux-gnueabi-gcc -c -D_LARGEFILE_SOURCE -D_LARGEFILE64_SOURCE -D_FILE_OFFSET_BITS=64  -Os -pipe -Os  -D_LARGEFILE_SOURCE -D_LARGEFILE64_SOURCE -D_FILE_OFFSET_BITS=64 -fno-rtti -fno-exceptions conftest.c >&5
cc1: warning: command line option '-fno-rtti' is valid for C++/ObjC++ but not for C [enabled by default]
cc1: warning: command line option '-fno-rtti' is valid for C++/ObjC++ but not for C [enabled by default]
configure:6251: $? = 0
configure:6262: result: no
configure:6277: checking for /home/aav/specter/buildroot-2013.08/output/host/usr/bin/ccache /home/aav/specter/buildroot-2013.08/output/host/usr/bin/arm-none-linux-gnueabi-gcc option to produce PIC
configure:6454: result: -fPIC
configure:6462: checking if /home/aav/specter/buildroot-2013.08/output/host/usr/bin/ccache /home/aav/specter/buildroot-2013.08/output/host/usr/bin/arm-none-linux-gnueabi-gcc PIC flag -fPIC works
configure:6480: /home/aav/specter/buildroot-2013.08/output/host/usr/bin/ccache /home/aav/specter/buildroot-2013.08/output/host/usr/bin/arm-none-linux-gnueabi-gcc -c -D_LARGEFILE_SOURCE -D_LARGEFILE64_SOURCE -D_FILE_OFFSET_BITS=64  -Os -pipe -Os  -D_LARGEFILE_SOURCE -D_LARGEFILE64_SOURCE -D_FILE_OFFSET_BITS=64 -fPIC -DPIC conftest.c >&5
configure:6484: $? = 0
configure:6495: result: yes
configure:6519: checking if /home/aav/specter/buildroot-2013.08/output/host/usr/bin/ccache /home/aav/specter/buildroot-2013.08/output/host/usr/bin/arm-none-linux-gnueabi-gcc supports -c -o file.o
configure:6540: /home/aav/specter/buildroot-2013.08/output/host/usr/bin/ccache /home/aav/specter/buildroot-2013.08/output/host/usr/bin/arm-none-linux-gnueabi-gcc -c -D_LARGEFILE_SOURCE -D_LARGEFILE64_SOURCE -D_FILE_OFFSET_BITS=64  -Os -pipe -Os  -D_LARGEFILE_SOURCE -D_LARGEFILE64_SOURCE -D_FILE_OFFSET_BITS=64 -o out/conftest2.o conftest.c >&5
configure:6544: $? = 0
configure:6564: result: yes
configure:6590: checking whether the /home/aav/specter/buildroot-2013.08/output/host/usr/bin/ccache /home/aav/specter/buildroot-2013.08/output/host/usr/bin/arm-none-linux-gnueabi-gcc linker (/home/aav/specter/buildroot-2013.08/output/host/usr/bin/arm-none-linux-gnueabi-ld) supports shared libraries
configure:7436: result: yes
configure:7462: checking whether -lc should be explicitly linked in
configure:7467: /home/aav/specter/buildroot-2013.08/output/host/usr/bin/ccache /home/aav/specter/buildroot-2013.08/output/host/usr/bin/arm-none-linux-gnueabi-gcc -c -D_LARGEFILE_SOURCE -D_LARGEFILE64_SOURCE -D_FILE_OFFSET_BITS=64  -Os -pipe -Os  -D_LARGEFILE_SOURCE -D_LARGEFILE64_SOURCE -D_FILE_OFFSET_BITS=64 conftest.c >&5
configure:7470: $? = 0
configure:7484: /home/aav/specter/buildroot-2013.08/output/host/usr/bin/ccache /home/aav/specter/buildroot-2013.08/output/host/usr/bin/arm-none-linux-gnueabi-gcc -shared conftest.o  -v -Wl,-soname -Wl,conftest -o conftest 2\>\&1 \| grep  -lc  \>/dev/null 2\>\&1
configure:7487: $? = 0
configure:7499: result: no
configure:7507: checking dynamic linker characteristics
configure:8047: result: GNU/Linux ld.so
configure:8051: checking how to hardcode library paths into programs
configure:8076: result: immediate
configure:8090: checking whether stripping libraries is possible
configure:8095: result: yes
configure:8918: checking if libtool supports shared libraries
configure:8920: result: yes
configure:8923: checking whether to build shared libraries
configure:8981: result: yes
configure:8984: checking whether to build static libraries
configure:8988: result: yes
configure:9080: creating libtool
configure:9627: checking for ld used by /home/aav/specter/buildroot-2013.08/output/host/usr/bin/ccache /home/aav/specter/buildroot-2013.08/output/host/usr/bin/arm-none-linux-gnueabi-g++
configure:9694: result: /home/aav/specter/buildroot-2013.08/output/host/usr/bin/arm-none-linux-gnueabi-ld
configure:9703: checking if the linker (/home/aav/specter/buildroot-2013.08/output/host/usr/bin/arm-none-linux-gnueabi-ld) is GNU ld
configure:9718: result: yes
configure:9769: checking whether the /home/aav/specter/buildroot-2013.08/output/host/usr/bin/ccache /home/aav/specter/buildroot-2013.08/output/host/usr/bin/arm-none-linux-gnueabi-g++ linker (/home/aav/specter/buildroot-2013.08/output/host/usr/bin/arm-none-linux-gnueabi-ld) supports shared libraries
configure:10595: result: yes
configure:10613: /home/aav/specter/buildroot-2013.08/output/host/usr/bin/ccache /home/aav/specter/buildroot-2013.08/output/host/usr/bin/arm-none-linux-gnueabi-g++ -c -D_LARGEFILE_SOURCE -D_LARGEFILE64_SOURCE -D_FILE_OFFSET_BITS=64  -Os -pipe -Os  -D_LARGEFILE_SOURCE -D_LARGEFILE64_SOURCE -D_FILE_OFFSET_BITS=64 conftest.cc >&5
configure:10616: $? = 0
configure:10712: checking for /home/aav/specter/buildroot-2013.08/output/host/usr/bin/ccache /home/aav/specter/buildroot-2013.08/output/host/usr/bin/arm-none-linux-gnueabi-g++ option to produce PIC
configure:10964: result: -fPIC
configure:10972: checking if /home/aav/specter/buildroot-2013.08/output/host/usr/bin/ccache /home/aav/specter/buildroot-2013.08/output/host/usr/bin/arm-none-linux-gnueabi-g++ PIC flag -fPIC works
configure:10990: /home/aav/specter/buildroot-2013.08/output/host/usr/bin/ccache /home/aav/specter/buildroot-2013.08/output/host/usr/bin/arm-none-linux-gnueabi-g++ -c -D_LARGEFILE_SOURCE -D_LARGEFILE64_SOURCE -D_FILE_OFFSET_BITS=64  -Os -pipe -Os  -D_LARGEFILE_SOURCE -D_LARGEFILE64_SOURCE -D_FILE_OFFSET_BITS=64 -fPIC -DPIC conftest.cc >&5
configure:10994: $? = 0
configure:11005: result: yes
configure:11029: checking if /home/aav/specter/buildroot-2013.08/output/host/usr/bin/ccache /home/aav/specter/buildroot-2013.08/output/host/usr/bin/arm-none-linux-gnueabi-g++ supports -c -o file.o
configure:11050: /home/aav/specter/buildroot-2013.08/output/host/usr/bin/ccache /home/aav/specter/buildroot-2013.08/output/host/usr/bin/arm-none-linux-gnueabi-g++ -c -D_LARGEFILE_SOURCE -D_LARGEFILE64_SOURCE -D_FILE_OFFSET_BITS=64  -Os -pipe -Os  -D_LARGEFILE_SOURCE -D_LARGEFILE64_SOURCE -D_FILE_OFFSET_BITS=64 -o out/conftest2.o conftest.cc >&5
configure:11054: $? = 0
configure:11074: result: yes
configure:11100: checking whether the /home/aav/specter/buildroot-2013.08/output/host/usr/bin/ccache /home/aav/specter/buildroot-2013.08/output/host/usr/bin/arm-none-linux-gnueabi-g++ linker (/home/aav/specter/buildroot-2013.08/output/host/usr/bin/arm-none-linux-gnueabi-ld) supports shared libraries
configure:11125: result: yes
configure:11196: checking dynamic linker characteristics
configure:11736: result: GNU/Linux ld.so
configure:11740: checking how to hardcode library paths into programs
configure:11765: result: immediate
configure:11779: checking whether stripping libraries is possible
configure:11784: result: yes
configure:13084: checking if libtool supports shared libraries
configure:13086: result: yes
configure:13089: checking whether to build shared libraries
configure:13107: result: yes
configure:13110: checking whether to build static libraries
configure:13114: result: yes
configure:13126: checking for f77 option to produce PIC
configure:13303: result: -fPIC
configure:13311: checking if f77 PIC flag -fPIC works
configure:13329: f77 -c -g -O2 -fPIC conftest.f >&5
   t:
configure:13333: $? = 0
configure:13344: result: no
configure:13368: checking if f77 supports -c -o file.o
configure:13389: f77 -c -g -O2 -o out/conftest2.o conftest.f >&5
   t:
configure:13393: $? = 0
configure:13413: result: no
configure:13439: checking whether the f77 linker (/home/aav/specter/buildroot-2013.08/output/host/usr/bin/arm-none-linux-gnueabi-ld) supports shared libraries
configure:14265: result: yes
configure:14336: checking dynamic linker characteristics
configure:14876: result: GNU/Linux ld.so
configure:14880: checking how to hardcode library paths into programs
configure:14905: result: immediate
configure:14919: checking whether stripping libraries is possible
configure:14924: result: yes
configure:19056: checking for ANSI C header files
configure:19211: result: yes
configure:19236: checking assert.h usability
configure:19248: /home/aav/specter/buildroot-2013.08/output/host/usr/bin/ccache /home/aav/specter/buildroot-2013.08/output/host/usr/bin/arm-none-linux-gnueabi-gcc -c -Wall -D_LARGEFILE_SOURCE -D_LARGEFILE64_SOURCE -D_FILE_OFFSET_BITS=64 -pipe -D_LARGEFILE_SOURCE -D_LARGEFILE64_SOURCE -D_FILE_OFFSET_BITS=64 conftest.c >&5
configure:19254: $? = 0
configure:19257: test -z 			 || test ! -s conftest.err
configure:19260: $? = 0
configure:19263: test -s conftest.o
configure:19266: $? = 0
configure:19276: result: yes
configure:19280: checking assert.h presence
configure:19290: /home/aav/specter/buildroot-2013.08/output/host/usr/bin/arm-none-linux-gnueabi-cpp -D_LARGEFILE_SOURCE -D_LARGEFILE64_SOURCE -D_FILE_OFFSET_BITS=64 conftest.c
configure:19296: $? = 0
configure:19316: result: yes
configure:19351: checking for assert.h
configure:19358: result: yes
configure:19227: checking for unistd.h
configure:19232: result: yes
configure:19382: checking zlib.h usability
configure:19394: /home/aav/specter/buildroot-2013.08/output/host/usr/bin/ccache /home/aav/specter/buildroot-2013.08/output/host/usr/bin/arm-none-linux-gnueabi-gcc -c -Wall -D_LARGEFILE_SOURCE -D_LARGEFILE64_SOURCE -D_FILE_OFFSET_BITS=64 -pipe -D_LARGEFILE_SOURCE -D_LARGEFILE64_SOURCE -D_FILE_OFFSET_BITS=64 conftest.c >&5
configure:19400: $? = 0
configure:19403: test -z 			 || test ! -s conftest.err
configure:19406: $? = 0
configure:19409: test -s conftest.o
configure:19412: $? = 0
configure:19422: result: yes
configure:19426: checking zlib.h presence
configure:19436: /home/aav/specter/buildroot-2013.08/output/host/usr/bin/arm-none-linux-gnueabi-cpp -D_LARGEFILE_SOURCE -D_LARGEFILE64_SOURCE -D_FILE_OFFSET_BITS=64 conftest.c
configure:19442: $? = 0
configure:19462: result: yes
configure:19497: checking for zlib.h
configure:19504: result: yes
configure:19527: checking for an ANSI C-conforming const
configure:19594: /home/aav/specter/buildroot-2013.08/output/host/usr/bin/ccache /home/aav/specter/buildroot-2013.08/output/host/usr/bin/arm-none-linux-gnueabi-gcc -c -Wall -D_LARGEFILE_SOURCE -D_LARGEFILE64_SOURCE -D_FILE_OFFSET_BITS=64 -pipe -D_LARGEFILE_SOURCE -D_LARGEFILE64_SOURCE -D_FILE_OFFSET_BITS=64 conftest.c >&5
conftest.c: In function 'main':
conftest.c:55:17: warning: unused variable 's' [-Wunused-variable]
conftest.c:75:15: warning: unused variable 'foo' [-Wunused-variable]
conftest.c:42:29: warning: unused variable 'zero' [-Wunused-variable]
conftest.c:36:17: warning: unused variable 'x' [-Wunused-variable]
conftest.c:57:10: warning: 't' is used uninitialized in this function [-Wuninitialized]
conftest.c:72:23: warning: 'b' is used uninitialized in this function [-Wuninitialized]
configure:19600: $? = 0
configure:19603: test -z 			 || test ! -s conftest.err
configure:19606: $? = 0
configure:19609: test -s conftest.o
configure:19612: $? = 0
configure:19623: result: yes
configure:19633: checking for inline
configure:19654: /home/aav/specter/buildroot-2013.08/output/host/usr/bin/ccache /home/aav/specter/buildroot-2013.08/output/host/usr/bin/arm-none-linux-gnueabi-gcc -c -Wall -D_LARGEFILE_SOURCE -D_LARGEFILE64_SOURCE -D_FILE_OFFSET_BITS=64 -pipe -D_LARGEFILE_SOURCE -D_LARGEFILE64_SOURCE -D_FILE_OFFSET_BITS=64 conftest.c >&5
configure:19660: $? = 0
configure:19663: test -z 			 || test ! -s conftest.err
configure:19666: $? = 0
configure:19669: test -s conftest.o
configure:19672: $? = 0
configure:19684: result: inline
configure:19709: checking for ftruncate
configure:19766: /home/aav/specter/buildroot-2013.08/output/host/usr/bin/ccache /home/aav/specter/buildroot-2013.08/output/host/usr/bin/arm-none-linux-gnueabi-gcc -o conftest -Wall -D_LARGEFILE_SOURCE -D_LARGEFILE64_SOURCE -D_FILE_OFFSET_BITS=64 -pipe -D_LARGEFILE_SOURCE -D_LARGEFILE64_SOURCE -D_FILE_OFFSET_BITS=64  conftest.c  >&5
configure:19772: $? = 0
configure:19775: test -z 			 || test ! -s conftest.err
configure:19778: $? = 0
configure:19781: test -s conftest
configure:19784: $? = 0
configure:19796: result: yes
configure:19808: checking for compress2 in -lz
configure:19838: /home/aav/specter/buildroot-2013.08/output/host/usr/bin/ccache /home/aav/specter/buildroot-2013.08/output/host/usr/bin/arm-none-linux-gnueabi-gcc -o conftest -Wall -D_LARGEFILE_SOURCE -D_LARGEFILE64_SOURCE -D_FILE_OFFSET_BITS=64 -pipe -D_LARGEFILE_SOURCE -D_LARGEFILE64_SOURCE -D_FILE_OFFSET_BITS=64  conftest.c -lz   >&5
configure:19844: $? = 0
configure:19847: test -z 			 || test ! -s conftest.err
configure:19850: $? = 0
configure:19853: test -s conftest
configure:19856: $? = 0
configure:19869: result: yes
configure:19949: checking whether to enable profiling
configure:19960: result: no
configure:19963: checking whether to enable debugging
configure:20000: result: default
configure:20145: creating ./config.status

## ---------------------- ##
## Running config.status. ##
## ---------------------- ##

This file was extended by ID3 Tag config.status 0.15.1b, which was
generated by GNU Autoconf 2.59.  Invocation command line was

  CONFIG_FILES    = 
  CONFIG_HEADERS  = 
  CONFIG_LINKS    = 
  CONFIG_COMMANDS = 
  $ ./config.status 

on aav-K52Je

config.status:756: creating Makefile
config.status:756: creating msvc++/Makefile
config.status:756: creating libid3tag.list
config.status:822: creating config.h
config.status:1120: executing depfiles commands

## ---------------- ##
## Cache variables. ##
## ---------------- ##

ac_cv_build=i686-pc-linux-gnu
ac_cv_build_alias=i686-pc-linux-gnu
ac_cv_c_bigendian=no
ac_cv_c_compiler_gnu=yes
ac_cv_c_const=yes
ac_cv_c_inline=inline
ac_cv_cxx_compiler_gnu=yes
ac_cv_env_CC_set=set
ac_cv_env_CC_value='/home/aav/specter/buildroot-2013.08/output/host/usr/bin/ccache /home/aav/specter/buildroot-2013.08/output/host/usr/bin/arm-none-linux-gnueabi-gcc'
ac_cv_env_CFLAGS_set=set
ac_cv_env_CFLAGS_value='-D_LARGEFILE_SOURCE -D_LARGEFILE64_SOURCE -D_FILE_OFFSET_BITS=64  -Os -pipe -Os '
ac_cv_env_CPPFLAGS_set=set
ac_cv_env_CPPFLAGS_value='-D_LARGEFILE_SOURCE -D_LARGEFILE64_SOURCE -D_FILE_OFFSET_BITS=64'
ac_cv_env_CPP_set=set
ac_cv_env_CPP_value=/home/aav/specter/buildroot-2013.08/output/host/usr/bin/arm-none-linux-gnueabi-cpp
ac_cv_env_CXXCPP_set=
ac_cv_env_CXXCPP_value=
ac_cv_env_CXXFLAGS_set=set
ac_cv_env_CXXFLAGS_value='-D_LARGEFILE_SOURCE -D_LARGEFILE64_SOURCE -D_FILE_OFFSET_BITS=64  -Os -pipe -Os '
ac_cv_env_CXX_set=set
ac_cv_env_CXX_value='/home/aav/specter/buildroot-2013.08/output/host/usr/bin/ccache /home/aav/specter/buildroot-2013.08/output/host/usr/bin/arm-none-linux-gnueabi-g++'
ac_cv_env_F77_set=
ac_cv_env_F77_value=
ac_cv_env_FFLAGS_set=
ac_cv_env_FFLAGS_value=
ac_cv_env_LDFLAGS_set=set
ac_cv_env_LDFLAGS_value=
ac_cv_env_build_alias_set=set
ac_cv_env_build_alias_value=i686-pc-linux-gnu
ac_cv_env_host_alias_set=set
ac_cv_env_host_alias_value=arm-buildroot-linux-gnueabi
ac_cv_env_target_alias_set=set
ac_cv_env_target_alias_value=arm-buildroot-linux-gnueabi
ac_cv_exeext=
ac_cv_f77_compiler_gnu=yes
ac_cv_func_calloc_0_nonnull=yes
ac_cv_func_ftruncate=yes
ac_cv_func_malloc_0_nonnull=yes
ac_cv_func_memcmp_working=yes
ac_cv_func_mmap_fixed_mapped=yes
ac_cv_func_realloc_0_nonnull=yes
ac_cv_have_decl_malloc=yes
ac_cv_header_assert_h=yes
ac_cv_header_dlfcn_h=yes
ac_cv_header_inttypes_h=yes
ac_cv_header_memory_h=yes
ac_cv_header_stdc=yes
ac_cv_header_stdint_h=yes
ac_cv_header_stdlib_h=yes
ac_cv_header_string_h=yes
ac_cv_header_strings_h=yes
ac_cv_header_sys_stat_h=yes
ac_cv_header_sys_types_h=yes
ac_cv_header_unistd_h=yes
ac_cv_header_zlib_h=yes
ac_cv_host=arm-buildroot-linux-gnueabi
ac_cv_host_alias=arm-buildroot-linux-gnueabi
ac_cv_lbl_unaligned_fail=yes
ac_cv_lib_z_compress2=yes
ac_cv_objext=o
ac_cv_path_install='/usr/bin/install -c'
ac_cv_prog_AR=/home/aav/specter/buildroot-2013.08/output/host/usr/bin/arm-none-linux-gnueabi-ar
ac_cv_prog_AWK=mawk
ac_cv_prog_CC='/home/aav/specter/buildroot-2013.08/output/host/usr/bin/ccache /home/aav/specter/buildroot-2013.08/output/host/usr/bin/arm-none-linux-gnueabi-gcc'
ac_cv_prog_CPP=/home/aav/specter/buildroot-2013.08/output/host/usr/bin/arm-none-linux-gnueabi-cpp
ac_cv_prog_CXX='/home/aav/specter/buildroot-2013.08/output/host/usr/bin/ccache /home/aav/specter/buildroot-2013.08/output/host/usr/bin/arm-none-linux-gnueabi-g++'
ac_cv_prog_CXXCPP='/home/aav/specter/buildroot-2013.08/output/host/usr/bin/ccache /home/aav/specter/buildroot-2013.08/output/host/usr/bin/arm-none-linux-gnueabi-g++ -E'
ac_cv_prog_RANLIB=/home/aav/specter/buildroot-2013.08/output/host/usr/bin/arm-none-linux-gnueabi-ranlib
ac_cv_prog_STRIP=/home/aav/specter/buildroot-2013.08/output/host/usr/bin/arm-none-linux-gnueabi-strip
ac_cv_prog_ac_ct_F77=f77
ac_cv_prog_cc_g=yes
ac_cv_prog_cc_stdc=
ac_cv_prog_cxx_g=yes
ac_cv_prog_egrep='grep -E'
ac_cv_prog_f77_g=yes
ac_cv_prog_make_make_set=yes
am_cv_CC_dependencies_compiler_type=gcc3
am_cv_CXX_dependencies_compiler_type=gcc3
gl_cv_func_malloc_0_nonnull=yes
lt_cv_deplibs_check_method=pass_all
lt_cv_file_magic_cmd='$MAGIC_CMD'
lt_cv_file_magic_test_file=
lt_cv_ld_reload_flag=-r
lt_cv_objdir=.libs
lt_cv_path_LD=/home/aav/specter/buildroot-2013.08/output/host/usr/bin/arm-none-linux-gnueabi-ld
lt_cv_path_LDCXX=/home/aav/specter/buildroot-2013.08/output/host/usr/bin/arm-none-linux-gnueabi-ld
lt_cv_path_NM=/home/aav/specter/buildroot-2013.08/output/host/usr/bin/arm-none-linux-gnueabi-nm
lt_cv_path_SED=/bin/sed
lt_cv_prog_compiler_c_o=yes
lt_cv_prog_compiler_c_o_CXX=yes
lt_cv_prog_compiler_c_o_F77=no
lt_cv_prog_compiler_rtti_exceptions=no
lt_cv_prog_gnu_ld=yes
lt_cv_prog_gnu_ldcxx=yes
lt_cv_sys_global_symbol_pipe='sed -n -e '\''s/^.*[ 	]\([ABCDGIRSTW][ABCDGIRSTW]*\)[ 	][ 	]*\(\)\([_A-Za-z][_A-Za-z0-9]*\)$/\1 \2\3 \3/p'\'''
lt_cv_sys_global_symbol_to_c_name_address='sed -n -e '\''s/^: \([^ ]*\) $/  {\"\1\", (lt_ptr) 0},/p'\'' -e '\''s/^[BCDEGRST] \([^ ]*\) \([^ ]*\)$/  {"\2", (lt_ptr) \&\2},/p'\'''
lt_cv_sys_global_symbol_to_cdecl='sed -n -e '\''s/^. .* \(.*\)$/extern int \1;/p'\'''
lt_cv_sys_lib_search_path_spec=
lt_cv_sys_max_cmd_len=32768
lt_lt_cv_prog_compiler_c_o='"yes"'
lt_lt_cv_prog_compiler_c_o_CXX='"yes"'
lt_lt_cv_prog_compiler_c_o_F77='"no"'
lt_lt_cv_sys_global_symbol_pipe='"sed -n -e '\''s/^.*[ 	]\\([ABCDGIRSTW][ABCDGIRSTW]*\\)[ 	][ 	]*\\(\\)\\([_A-Za-z][_A-Za-z0-9]*\\)\$/\\1 \\2\\3 \\3/p'\''"'
lt_lt_cv_sys_global_symbol_to_c_name_address='"sed -n -e '\''s/^: \\([^ ]*\\) \$/  {\\\"\\1\\\", (lt_ptr) 0},/p'\'' -e '\''s/^[BCDEGRST] \\([^ ]*\\) \\([^ ]*\\)\$/  {\"\\2\", (lt_ptr) \\&\\2},/p'\''"'
lt_lt_cv_sys_global_symbol_to_cdecl='"sed -n -e '\''s/^. .* \\(.*\\)\$/extern int \\1;/p'\''"'

## ----------------- ##
## Output variables. ##
## ----------------- ##

ACLOCAL='${SHELL} /home/aav/specter/buildroot-2013.08/output/build/libid3tag-0.15.1b/missing --run aclocal-1.8'
AMDEPBACKSLASH='\'
AMDEP_FALSE='#'
AMDEP_TRUE=''
AMTAR='${SHELL} /home/aav/specter/buildroot-2013.08/output/build/libid3tag-0.15.1b/missing --run tar'
AR='/home/aav/specter/buildroot-2013.08/output/host/usr/bin/arm-none-linux-gnueabi-ar'
AUTOCONF='${SHELL} /home/aav/specter/buildroot-2013.08/output/build/libid3tag-0.15.1b/missing --run autoconf'
AUTOHEADER='${SHELL} /home/aav/specter/buildroot-2013.08/output/build/libid3tag-0.15.1b/missing --run autoheader'
AUTOMAKE='${SHELL} /home/aav/specter/buildroot-2013.08/output/build/libid3tag-0.15.1b/missing --run automake-1.8'
AWK='mawk'
CC='/home/aav/specter/buildroot-2013.08/output/host/usr/bin/ccache /home/aav/specter/buildroot-2013.08/output/host/usr/bin/arm-none-linux-gnueabi-gcc'
CCDEPMODE='depmode=gcc3'
CFLAGS='-Wall -D_LARGEFILE_SOURCE -D_LARGEFILE64_SOURCE -D_FILE_OFFSET_BITS=64 -pipe -Os'
CPP='/home/aav/specter/buildroot-2013.08/output/host/usr/bin/arm-none-linux-gnueabi-cpp'
CPPFLAGS='-D_LARGEFILE_SOURCE -D_LARGEFILE64_SOURCE -D_FILE_OFFSET_BITS=64'
CXX='/home/aav/specter/buildroot-2013.08/output/host/usr/bin/ccache /home/aav/specter/buildroot-2013.08/output/host/usr/bin/arm-none-linux-gnueabi-g++'
CXXCPP='/home/aav/specter/buildroot-2013.08/output/host/usr/bin/ccache /home/aav/specter/buildroot-2013.08/output/host/usr/bin/arm-none-linux-gnueabi-g++ -E'
CXXDEPMODE='depmode=gcc3'
CXXFLAGS='-D_LARGEFILE_SOURCE -D_LARGEFILE64_SOURCE -D_FILE_OFFSET_BITS=64  -Os -pipe -Os '
CYGPATH_W='echo'
DEBUG_FALSE=''
DEBUG_TRUE='#'
DEFS='-DHAVE_CONFIG_H'
DEPDIR='.deps'
ECHO='echo'
ECHO_C=''
ECHO_N='-n'
ECHO_T=''
EGREP='grep -E'
EXEEXT=''
F77='f77'
FFLAGS='-g -O2'
INSTALL_DATA='${INSTALL} -m 644'
INSTALL_PROGRAM='${INSTALL}'
INSTALL_SCRIPT='${INSTALL}'
INSTALL_STRIP_PROGRAM='${SHELL} $(install_sh) -c -s'
LDFLAGS=''
LIBOBJS=''
LIBS='-lz '
LIBTOOL='$(SHELL) $(top_builddir)/libtool'
LIBTOOL_DEPS='./ltmain.sh'
LN_S='ln -s'
LTLIBOBJS=''
MAKEINFO='${SHELL} /home/aav/specter/buildroot-2013.08/output/build/libid3tag-0.15.1b/missing --run makeinfo'
OBJEXT='o'
PACKAGE='libid3tag'
PACKAGE_BUGREPORT='support@underbit.com'
PACKAGE_NAME='ID3 Tag'
PACKAGE_STRING='ID3 Tag 0.15.1b'
PACKAGE_TARNAME='libid3tag'
PACKAGE_VERSION='0.15.1b'
PATH_SEPARATOR=':'
RANLIB='/home/aav/specter/buildroot-2013.08/output/host/usr/bin/arm-none-linux-gnueabi-ranlib'
SET_MAKE=''
SHELL='/bin/bash'
STRIP='/home/aav/specter/buildroot-2013.08/output/host/usr/bin/arm-none-linux-gnueabi-strip'
VERSION='0.15.1b'
ac_ct_AR=''
ac_ct_CC=''
ac_ct_CXX=''
ac_ct_F77='f77'
ac_ct_RANLIB=''
ac_ct_STRIP=''
am__fastdepCC_FALSE='#'
am__fastdepCC_TRUE=''
am__fastdepCXX_FALSE='#'
am__fastdepCXX_TRUE=''
am__include='include'
am__leading_dot='.'
am__quote=''
bindir='${exec_prefix}/bin'
build='i686-pc-linux-gnu'
build_alias='i686-pc-linux-gnu'
build_cpu='i686'
build_os='linux-gnu'
build_vendor='pc'
datadir='${prefix}/share'
exec_prefix='/usr'
host='arm-buildroot-linux-gnueabi'
host_alias='arm-buildroot-linux-gnueabi'
host_cpu='arm'
host_os='linux-gnueabi'
host_vendor='buildroot'
includedir='${prefix}/include'
infodir='${prefix}/info'
install_sh='/home/aav/specter/buildroot-2013.08/output/build/libid3tag-0.15.1b/install-sh'
libdir='${exec_prefix}/lib'
libexecdir='${exec_prefix}/libexec'
localstatedir='${prefix}/var'
mandir='${prefix}/man'
mkdir_p='mkdir -p -- .'
oldincludedir='/usr/include'
prefix='/usr'
program_transform_name='s,^,,'
sbindir='${exec_prefix}/sbin'
sharedstatedir='${prefix}/com'
sysconfdir='/etc'
target_alias='arm-buildroot-linux-gnueabi'

## ----------- ##
## confdefs.h. ##
## ----------- ##

#define HAVE_ASSERT_H 1
#define HAVE_DLFCN_H 1
#define HAVE_FTRUNCATE 1
#define HAVE_INTTYPES_H 1
#define HAVE_LIBZ 1
#define HAVE_MEMORY_H 1
#define HAVE_STDINT_H 1
#define HAVE_STDLIB_H 1
#define HAVE_STRINGS_H 1
#define HAVE_STRING_H 1
#define HAVE_SYS_STAT_H 1
#define HAVE_SYS_TYPES_H 1
#define HAVE_UNISTD_H 1
#define HAVE_UNISTD_H 1
#define PACKAGE "libid3tag"
#define PACKAGE_BUGREPORT "support@underbit.com"
#define PACKAGE_NAME "ID3 Tag"
#define PACKAGE_STRING "ID3 Tag 0.15.1b"
#define PACKAGE_TARNAME "libid3tag"
#define PACKAGE_VERSION "0.15.1b"
#define STDC_HEADERS 1
#define STDC_HEADERS 1
#define VERSION "0.15.1b"
#endif
#ifdef __cplusplus
extern "C" void exit (int) throw ();

configure: exit 0
