This file contains any messages produced by compilers while
running configure, to aid debugging if configure makes a mistake.

It was created by Iperf configure 2.0.5, which was
generated by GNU Autoconf 2.65.  Invocation command line was

  $ ./configure --target=arm-buildroot-linux-gnueabi --host=arm-buildroot-linux-gnueabi --build=i686-pc-linux-gnu --prefix=/usr --exec-prefix=/usr --sysconfdir=/etc --program-prefix= --disable-gtk-doc --disable-doc --disable-docs --disable-documentation --with-xmlto=no --with-fop=no --enable-ipv6 --enable-static --enable-shared --disable-dependency-tracking --disable-web100

## --------- ##
## Platform. ##
## --------- ##

hostname = aav-K52Je
uname -m = i686
uname -r = 3.11.0-12-generic
uname -s = Linux
uname -v = #19-Ubuntu SMP Wed Oct 9 16:12:00 UTC 2013

/usr/bin/uname -p = unknown
/bin/uname -X     = unknown

/bin/arch              = unknown
/usr/bin/arch -k       = unknown
/usr/convex/getsysinfo = unknown
/usr/bin/hostinfo      = unknown
/bin/machine           = unknown
/usr/bin/oslevel       = unknown
/bin/universe          = unknown

PATH: /home/aav/specter/buildroot-2013.08/output/host/bin
PATH: /home/aav/specter/buildroot-2013.08/output/host/usr/bin
PATH: /home/aav/specter/buildroot-2013.08/output/host/usr/sbin/
PATH: /home/aav/bin
PATH: /usr/local/sbin
PATH: /usr/local/bin
PATH: /usr/sbin
PATH: /usr/bin
PATH: /sbin
PATH: /bin
PATH: /usr/games
PATH: /usr/local/games


## ----------- ##
## Core tests. ##
## ----------- ##

configure:2486: checking for a BSD-compatible install
configure:2554: result: /usr/bin/install -c
configure:2565: checking whether build environment is sane
configure:2602: result: yes
configure:2664: checking for gawk
configure:2694: result: no
configure:2664: checking for mawk
configure:2680: found /usr/bin/mawk
configure:2691: result: mawk
configure:2702: checking whether make sets $(MAKE)
configure:2724: result: yes
configure:2798: checking for arm-buildroot-linux-gnueabi-strip
configure:2825: result: /home/aav/specter/buildroot-2013.08/output/host/usr/bin/arm-none-linux-gnueabi-strip
configure:3084: checking for C++ compiler version
configure:3093: /home/aav/specter/buildroot-2013.08/output/host/usr/bin/ccache /home/aav/specter/buildroot-2013.08/output/host/usr/bin/arm-none-linux-gnueabi-g++ --version >&5
arm-none-linux-gnueabi-g++ (Sourcery CodeBench Lite 2013.05-24) 4.7.3
Copyright (C) 2012 Free Software Foundation, Inc.
This is free software; see the source for copying conditions.  There is NO
warranty; not even for MERCHANTABILITY or FITNESS FOR A PARTICULAR PURPOSE.

configure:3104: $? = 0
configure:3093: /home/aav/specter/buildroot-2013.08/output/host/usr/bin/ccache /home/aav/specter/buildroot-2013.08/output/host/usr/bin/arm-none-linux-gnueabi-g++ -v >&5
Using built-in specs.
COLLECT_GCC=/home/aav/arm-2013.05_linux/bin/arm-none-linux-gnueabi-g++
COLLECT_LTO_WRAPPER=/home/aav/arm-2013.05_linux/bin/../libexec/gcc/arm-none-linux-gnueabi/4.7.3/lto-wrapper
Target: arm-none-linux-gnueabi
Configured with: /scratch/jbrown/2013.05-arm-linux-release/src/gcc-4.7-2013.05/configure --build=i686-pc-linux-gnu --host=i686-pc-linux-gnu --target=arm-none-linux-gnueabi --enable-threads --disable-libmudflap --disable-libssp --disable-libstdcxx-pch --enable-extra-sgxxlite-multilibs --with-arch=armv5te --with-gnu-as --with-gnu-ld --with-specs='%{save-temps: -fverbose-asm} %{funwind-tables|fno-unwind-tables|mabi=*|ffreestanding|nostdlib:;:-funwind-tables} -D__CS_SOURCERYGXX_MAJ__=2013 -D__CS_SOURCERYGXX_MIN__=5 -D__CS_SOURCERYGXX_REV__=24 %{O2:%{!fno-remove-local-statics: -fremove-local-statics}} %{O*:%{O|O0|O1|O2|Os:;:%{!fno-remove-local-statics: -fremove-local-statics}}}' --enable-languages=c,c++ --enable-shared --enable-lto --enable-symvers=gnu --enable-__cxa_atexit --with-pkgversion='Sourcery CodeBench Lite 2013.05-24' --with-bugurl=https://sourcery.mentor.com/GNUToolchain/ --disable-nls --prefix=/opt/codesourcery --with-sysroot=/opt/codesourcery/arm-none-linux-gnueabi/libc --with-build-sysroot=/scratch/jbrown/2013.05-arm-linux-release/install/arm-none-linux-gnueabi/libc --with-gmp=/scratch/jbrown/2013.05-arm-linux-release/obj/pkg-2013.05-24-arm-none-linux-gnueabi/arm-2013.05-24-arm-none-linux-gnueabi.extras/host-libs-i686-pc-linux-gnu/usr --with-mpfr=/scratch/jbrown/2013.05-arm-linux-release/obj/pkg-2013.05-24-arm-none-linux-gnueabi/arm-2013.05-24-arm-none-linux-gnueabi.extras/host-libs-i686-pc-linux-gnu/usr --with-mpc=/scratch/jbrown/2013.05-arm-linux-release/obj/pkg-2013.05-24-arm-none-linux-gnueabi/arm-2013.05-24-arm-none-linux-gnueabi.extras/host-libs-i686-pc-linux-gnu/usr --with-ppl=/scratch/jbrown/2013.05-arm-linux-release/obj/pkg-2013.05-24-arm-none-linux-gnueabi/arm-2013.05-24-arm-none-linux-gnueabi.extras/host-libs-i686-pc-linux-gnu/usr --with-host-libstdcxx='-static-libgcc -Wl,-Bstatic,-lstdc++,-Bdynamic -lm' --with-cloog=/scratch/jbrown/2013.05-arm-linux-release/obj/pkg-2013.05-24-arm-none-linux-gnueabi/arm-2013.05-24-arm-none-linux-gnueabi.extras/host-libs-i686-pc-linux-gnu/usr --with-libelf=/scratch/jbrown/2013.05-arm-linux-release/obj/pkg-2013.05-24-arm-none-linux-gnueabi/arm-2013.05-24-arm-none-linux-gnueabi.extras/host-libs-i686-pc-linux-gnu/usr --disable-libgomp --disable-libitm --enable-poison-system-directories --with-build-time-tools=/scratch/jbrown/2013.05-arm-linux-release/install/arm-none-linux-gnueabi/bin --with-build-time-tools=/scratch/jbrown/2013.05-arm-linux-release/install/arm-none-linux-gnueabi/bin
Thread model: posix
gcc version 4.7.3 (Sourcery CodeBench Lite 2013.05-24) 
configure:3104: $? = 0
configure:3093: /home/aav/specter/buildroot-2013.08/output/host/usr/bin/ccache /home/aav/specter/buildroot-2013.08/output/host/usr/bin/arm-none-linux-gnueabi-g++ -V >&5
arm-none-linux-gnueabi-g++: error: unrecognized command line option '-V'
arm-none-linux-gnueabi-g++: fatal error: no input files
compilation terminated.
configure:3104: $? = 1
configure:3093: /home/aav/specter/buildroot-2013.08/output/host/usr/bin/ccache /home/aav/specter/buildroot-2013.08/output/host/usr/bin/arm-none-linux-gnueabi-g++ -qversion >&5
arm-none-linux-gnueabi-g++: error: unrecognized command line option '-qversion'
arm-none-linux-gnueabi-g++: fatal error: no input files
compilation terminated.
configure:3104: $? = 1
configure:3124: checking whether the C++ compiler works
configure:3146: /home/aav/specter/buildroot-2013.08/output/host/usr/bin/ccache /home/aav/specter/buildroot-2013.08/output/host/usr/bin/arm-none-linux-gnueabi-g++ -D_LARGEFILE_SOURCE -D_LARGEFILE64_SOURCE -D_FILE_OFFSET_BITS=64  -Os -pipe -Os  -D_LARGEFILE_SOURCE -D_LARGEFILE64_SOURCE -D_FILE_OFFSET_BITS=64  conftest.cpp  >&5
configure:3150: $? = 0
configure:3199: result: yes
configure:3202: checking for C++ compiler default output file name
configure:3204: result: a.out
configure:3210: checking for suffix of executables
configure:3217: /home/aav/specter/buildroot-2013.08/output/host/usr/bin/ccache /home/aav/specter/buildroot-2013.08/output/host/usr/bin/arm-none-linux-gnueabi-g++ -o conftest -D_LARGEFILE_SOURCE -D_LARGEFILE64_SOURCE -D_FILE_OFFSET_BITS=64  -Os -pipe -Os  -D_LARGEFILE_SOURCE -D_LARGEFILE64_SOURCE -D_FILE_OFFSET_BITS=64  conftest.cpp  >&5
configure:3221: $? = 0
configure:3243: result: 
configure:3265: checking whether we are cross compiling
configure:3303: result: yes
configure:3308: checking for suffix of object files
configure:3330: /home/aav/specter/buildroot-2013.08/output/host/usr/bin/ccache /home/aav/specter/buildroot-2013.08/output/host/usr/bin/arm-none-linux-gnueabi-g++ -c -D_LARGEFILE_SOURCE -D_LARGEFILE64_SOURCE -D_FILE_OFFSET_BITS=64  -Os -pipe -Os  -D_LARGEFILE_SOURCE -D_LARGEFILE64_SOURCE -D_FILE_OFFSET_BITS=64 conftest.cpp >&5
configure:3334: $? = 0
configure:3355: result: o
configure:3359: checking whether we are using the GNU C++ compiler
configure:3378: /home/aav/specter/buildroot-2013.08/output/host/usr/bin/ccache /home/aav/specter/buildroot-2013.08/output/host/usr/bin/arm-none-linux-gnueabi-g++ -c -D_LARGEFILE_SOURCE -D_LARGEFILE64_SOURCE -D_FILE_OFFSET_BITS=64  -Os -pipe -Os  -D_LARGEFILE_SOURCE -D_LARGEFILE64_SOURCE -D_FILE_OFFSET_BITS=64 conftest.cpp >&5
configure:3378: $? = 0
configure:3387: result: yes
configure:3396: checking whether /home/aav/specter/buildroot-2013.08/output/host/usr/bin/ccache /home/aav/specter/buildroot-2013.08/output/host/usr/bin/arm-none-linux-gnueabi-g++ accepts -g
configure:3416: /home/aav/specter/buildroot-2013.08/output/host/usr/bin/ccache /home/aav/specter/buildroot-2013.08/output/host/usr/bin/arm-none-linux-gnueabi-g++ -c -g -D_LARGEFILE_SOURCE -D_LARGEFILE64_SOURCE -D_FILE_OFFSET_BITS=64 conftest.cpp >&5
configure:3416: $? = 0
configure:3457: result: yes
configure:3491: checking for style of include used by make
configure:3519: result: GNU
configure:3547: checking dependency style of /home/aav/specter/buildroot-2013.08/output/host/usr/bin/ccache /home/aav/specter/buildroot-2013.08/output/host/usr/bin/arm-none-linux-gnueabi-g++
configure:3637: result: none
configure:3663: checking for arm-buildroot-linux-gnueabi-gcc
configure:3690: result: /home/aav/specter/buildroot-2013.08/output/host/usr/bin/ccache /home/aav/specter/buildroot-2013.08/output/host/usr/bin/arm-none-linux-gnueabi-gcc
configure:3959: checking for C compiler version
configure:3968: /home/aav/specter/buildroot-2013.08/output/host/usr/bin/ccache /home/aav/specter/buildroot-2013.08/output/host/usr/bin/arm-none-linux-gnueabi-gcc --version >&5
arm-none-linux-gnueabi-gcc (Sourcery CodeBench Lite 2013.05-24) 4.7.3
Copyright (C) 2012 Free Software Foundation, Inc.
This is free software; see the source for copying conditions.  There is NO
warranty; not even for MERCHANTABILITY or FITNESS FOR A PARTICULAR PURPOSE.

configure:3979: $? = 0
configure:3968: /home/aav/specter/buildroot-2013.08/output/host/usr/bin/ccache /home/aav/specter/buildroot-2013.08/output/host/usr/bin/arm-none-linux-gnueabi-gcc -v >&5
Using built-in specs.
COLLECT_GCC=/home/aav/arm-2013.05_linux/bin/arm-none-linux-gnueabi-gcc
COLLECT_LTO_WRAPPER=/home/aav/arm-2013.05_linux/bin/../libexec/gcc/arm-none-linux-gnueabi/4.7.3/lto-wrapper
Target: arm-none-linux-gnueabi
Configured with: /scratch/jbrown/2013.05-arm-linux-release/src/gcc-4.7-2013.05/configure --build=i686-pc-linux-gnu --host=i686-pc-linux-gnu --target=arm-none-linux-gnueabi --enable-threads --disable-libmudflap --disable-libssp --disable-libstdcxx-pch --enable-extra-sgxxlite-multilibs --with-arch=armv5te --with-gnu-as --with-gnu-ld --with-specs='%{save-temps: -fverbose-asm} %{funwind-tables|fno-unwind-tables|mabi=*|ffreestanding|nostdlib:;:-funwind-tables} -D__CS_SOURCERYGXX_MAJ__=2013 -D__CS_SOURCERYGXX_MIN__=5 -D__CS_SOURCERYGXX_REV__=24 %{O2:%{!fno-remove-local-statics: -fremove-local-statics}} %{O*:%{O|O0|O1|O2|Os:;:%{!fno-remove-local-statics: -fremove-local-statics}}}' --enable-languages=c,c++ --enable-shared --enable-lto --enable-symvers=gnu --enable-__cxa_atexit --with-pkgversion='Sourcery CodeBench Lite 2013.05-24' --with-bugurl=https://sourcery.mentor.com/GNUToolchain/ --disable-nls --prefix=/opt/codesourcery --with-sysroot=/opt/codesourcery/arm-none-linux-gnueabi/libc --with-build-sysroot=/scratch/jbrown/2013.05-arm-linux-release/install/arm-none-linux-gnueabi/libc --with-gmp=/scratch/jbrown/2013.05-arm-linux-release/obj/pkg-2013.05-24-arm-none-linux-gnueabi/arm-2013.05-24-arm-none-linux-gnueabi.extras/host-libs-i686-pc-linux-gnu/usr --with-mpfr=/scratch/jbrown/2013.05-arm-linux-release/obj/pkg-2013.05-24-arm-none-linux-gnueabi/arm-2013.05-24-arm-none-linux-gnueabi.extras/host-libs-i686-pc-linux-gnu/usr --with-mpc=/scratch/jbrown/2013.05-arm-linux-release/obj/pkg-2013.05-24-arm-none-linux-gnueabi/arm-2013.05-24-arm-none-linux-gnueabi.extras/host-libs-i686-pc-linux-gnu/usr --with-ppl=/scratch/jbrown/2013.05-arm-linux-release/obj/pkg-2013.05-24-arm-none-linux-gnueabi/arm-2013.05-24-arm-none-linux-gnueabi.extras/host-libs-i686-pc-linux-gnu/usr --with-host-libstdcxx='-static-libgcc -Wl,-Bstatic,-lstdc++,-Bdynamic -lm' --with-cloog=/scratch/jbrown/2013.05-arm-linux-release/obj/pkg-2013.05-24-arm-none-linux-gnueabi/arm-2013.05-24-arm-none-linux-gnueabi.extras/host-libs-i686-pc-linux-gnu/usr --with-libelf=/scratch/jbrown/2013.05-arm-linux-release/obj/pkg-2013.05-24-arm-none-linux-gnueabi/arm-2013.05-24-arm-none-linux-gnueabi.extras/host-libs-i686-pc-linux-gnu/usr --disable-libgomp --disable-libitm --enable-poison-system-directories --with-build-time-tools=/scratch/jbrown/2013.05-arm-linux-release/install/arm-none-linux-gnueabi/bin --with-build-time-tools=/scratch/jbrown/2013.05-arm-linux-release/install/arm-none-linux-gnueabi/bin
Thread model: posix
gcc version 4.7.3 (Sourcery CodeBench Lite 2013.05-24) 
configure:3979: $? = 0
configure:3968: /home/aav/specter/buildroot-2013.08/output/host/usr/bin/ccache /home/aav/specter/buildroot-2013.08/output/host/usr/bin/arm-none-linux-gnueabi-gcc -V >&5
arm-none-linux-gnueabi-gcc: error: unrecognized command line option '-V'
arm-none-linux-gnueabi-gcc: fatal error: no input files
compilation terminated.
configure:3979: $? = 1
configure:3968: /home/aav/specter/buildroot-2013.08/output/host/usr/bin/ccache /home/aav/specter/buildroot-2013.08/output/host/usr/bin/arm-none-linux-gnueabi-gcc -qversion >&5
arm-none-linux-gnueabi-gcc: error: unrecognized command line option '-qversion'
arm-none-linux-gnueabi-gcc: fatal error: no input files
compilation terminated.
configure:3979: $? = 1
configure:3983: checking whether we are using the GNU C compiler
configure:4002: /home/aav/specter/buildroot-2013.08/output/host/usr/bin/ccache /home/aav/specter/buildroot-2013.08/output/host/usr/bin/arm-none-linux-gnueabi-gcc -c -D_LARGEFILE_SOURCE -D_LARGEFILE64_SOURCE -D_FILE_OFFSET_BITS=64  -Os -pipe -Os  -D_LARGEFILE_SOURCE -D_LARGEFILE64_SOURCE -D_FILE_OFFSET_BITS=64 conftest.c >&5
configure:4002: $? = 0
configure:4011: result: yes
configure:4020: checking whether /home/aav/specter/buildroot-2013.08/output/host/usr/bin/ccache /home/aav/specter/buildroot-2013.08/output/host/usr/bin/arm-none-linux-gnueabi-gcc accepts -g
configure:4040: /home/aav/specter/buildroot-2013.08/output/host/usr/bin/ccache /home/aav/specter/buildroot-2013.08/output/host/usr/bin/arm-none-linux-gnueabi-gcc -c -g -D_LARGEFILE_SOURCE -D_LARGEFILE64_SOURCE -D_FILE_OFFSET_BITS=64 conftest.c >&5
configure:4040: $? = 0
configure:4081: result: yes
configure:4098: checking for /home/aav/specter/buildroot-2013.08/output/host/usr/bin/ccache /home/aav/specter/buildroot-2013.08/output/host/usr/bin/arm-none-linux-gnueabi-gcc option to accept ISO C89
configure:4162: /home/aav/specter/buildroot-2013.08/output/host/usr/bin/ccache /home/aav/specter/buildroot-2013.08/output/host/usr/bin/arm-none-linux-gnueabi-gcc  -c -D_LARGEFILE_SOURCE -D_LARGEFILE64_SOURCE -D_FILE_OFFSET_BITS=64  -Os -pipe -Os  -D_LARGEFILE_SOURCE -D_LARGEFILE64_SOURCE -D_FILE_OFFSET_BITS=64 conftest.c >&5
configure:4162: $? = 0
configure:4175: result: none needed
configure:4197: checking dependency style of /home/aav/specter/buildroot-2013.08/output/host/usr/bin/ccache /home/aav/specter/buildroot-2013.08/output/host/usr/bin/arm-none-linux-gnueabi-gcc
configure:4287: result: none
configure:4306: checking for library containing strerror
configure:4337: /home/aav/specter/buildroot-2013.08/output/host/usr/bin/ccache /home/aav/specter/buildroot-2013.08/output/host/usr/bin/arm-none-linux-gnueabi-gcc -o conftest  -D_LARGEFILE_SOURCE -D_LARGEFILE64_SOURCE -D_FILE_OFFSET_BITS=64  -Os -pipe -Os   -D_LARGEFILE_SOURCE -D_LARGEFILE64_SOURCE -D_FILE_OFFSET_BITS=64  conftest.c  >&5
configure:4337: $? = 0
configure:4354: result: none required
configure:4363: checking whether make sets $(MAKE)
configure:4385: result: yes
configure:4397: checking for arm-buildroot-linux-gnueabi-ranlib
configure:4424: result: /home/aav/specter/buildroot-2013.08/output/host/usr/bin/arm-none-linux-gnueabi-ranlib
configure:4496: checking build system type
configure:4510: result: i686-pc-linux-gnu
configure:4530: checking host system type
configure:4543: result: arm-buildroot-linux-gnueabi
configure:4731: checking for the pthreads library -lpthreads
configure:4764: /home/aav/specter/buildroot-2013.08/output/host/usr/bin/ccache /home/aav/specter/buildroot-2013.08/output/host/usr/bin/arm-none-linux-gnueabi-gcc -o conftest  -D_LARGEFILE_SOURCE -D_LARGEFILE64_SOURCE -D_FILE_OFFSET_BITS=64  -Os -pipe -Os    -D_LARGEFILE_SOURCE -D_LARGEFILE64_SOURCE -D_FILE_OFFSET_BITS=64  conftest.c -lpthreads  >&5
/home/aav/arm-2013.05_linux/bin/../lib/gcc/arm-none-linux-gnueabi/4.7.3/../../../../arm-none-linux-gnueabi/bin/ld: cannot find -lpthreads
collect2: error: ld returned 1 exit status
configure:4764: $? = 1
configure: failed program was:
| /* confdefs.h */
| #define PACKAGE_NAME "Iperf"
| #define PACKAGE_TARNAME "iperf"
| #define PACKAGE_VERSION "2.0.5"
| #define PACKAGE_STRING "Iperf 2.0.5"
| #define PACKAGE_BUGREPORT ""
| #define PACKAGE_URL ""
| #define PACKAGE "iperf"
| #define VERSION "2.0.5"
| /* end confdefs.h.  */
| #include <pthread.h>
| int
| main ()
| {
| pthread_t th; pthread_join(th, 0);
|                      pthread_attr_init(0); pthread_cleanup_push(0, 0);
|                      pthread_create(0,0,0,0); pthread_cleanup_pop(0);
|   ;
|   return 0;
| }
configure:4773: result: no
configure:4676: checking whether pthreads work without any flags
configure:4764: /home/aav/specter/buildroot-2013.08/output/host/usr/bin/ccache /home/aav/specter/buildroot-2013.08/output/host/usr/bin/arm-none-linux-gnueabi-gcc -o conftest  -D_LARGEFILE_SOURCE -D_LARGEFILE64_SOURCE -D_FILE_OFFSET_BITS=64  -Os -pipe -Os    -D_LARGEFILE_SOURCE -D_LARGEFILE64_SOURCE -D_FILE_OFFSET_BITS=64  conftest.c   >&5
/tmp/cc6UARX6.o: In function `main':
conftest.c:(.text.startup+0x10): undefined reference to `pthread_join'
conftest.c:(.text.startup+0x48): undefined reference to `__pthread_register_cancel'
conftest.c:(.text.startup+0x5c): undefined reference to `pthread_create'
conftest.c:(.text.startup+0x64): undefined reference to `__pthread_unregister_cancel'
collect2: error: ld returned 1 exit status
configure:4764: $? = 1
configure: failed program was:
| /* confdefs.h */
| #define PACKAGE_NAME "Iperf"
| #define PACKAGE_TARNAME "iperf"
| #define PACKAGE_VERSION "2.0.5"
| #define PACKAGE_STRING "Iperf 2.0.5"
| #define PACKAGE_BUGREPORT ""
| #define PACKAGE_URL ""
| #define PACKAGE "iperf"
| #define VERSION "2.0.5"
| /* end confdefs.h.  */
| #include <pthread.h>
| int
| main ()
| {
| pthread_t th; pthread_join(th, 0);
|                      pthread_attr_init(0); pthread_cleanup_push(0, 0);
|                      pthread_create(0,0,0,0); pthread_cleanup_pop(0);
|   ;
|   return 0;
| }
configure:4773: result: no
configure:4681: checking whether pthreads work with -Kthread
configure:4764: /home/aav/specter/buildroot-2013.08/output/host/usr/bin/ccache /home/aav/specter/buildroot-2013.08/output/host/usr/bin/arm-none-linux-gnueabi-gcc -o conftest  -D_LARGEFILE_SOURCE -D_LARGEFILE64_SOURCE -D_FILE_OFFSET_BITS=64  -Os -pipe -Os   -Kthread -D_LARGEFILE_SOURCE -D_LARGEFILE64_SOURCE -D_FILE_OFFSET_BITS=64  conftest.c   >&5
arm-none-linux-gnueabi-gcc: error: unrecognized command line option '-Kthread'
configure:4764: $? = 1
configure: failed program was:
| /* confdefs.h */
| #define PACKAGE_NAME "Iperf"
| #define PACKAGE_TARNAME "iperf"
| #define PACKAGE_VERSION "2.0.5"
| #define PACKAGE_STRING "Iperf 2.0.5"
| #define PACKAGE_BUGREPORT ""
| #define PACKAGE_URL ""
| #define PACKAGE "iperf"
| #define VERSION "2.0.5"
| /* end confdefs.h.  */
| #include <pthread.h>
| int
| main ()
| {
| pthread_t th; pthread_join(th, 0);
|                      pthread_attr_init(0); pthread_cleanup_push(0, 0);
|                      pthread_create(0,0,0,0); pthread_cleanup_pop(0);
|   ;
|   return 0;
| }
configure:4773: result: no
configure:4681: checking whether pthreads work with -kthread
configure:4764: /home/aav/specter/buildroot-2013.08/output/host/usr/bin/ccache /home/aav/specter/buildroot-2013.08/output/host/usr/bin/arm-none-linux-gnueabi-gcc -o conftest  -D_LARGEFILE_SOURCE -D_LARGEFILE64_SOURCE -D_FILE_OFFSET_BITS=64  -Os -pipe -Os   -kthread -D_LARGEFILE_SOURCE -D_LARGEFILE64_SOURCE -D_FILE_OFFSET_BITS=64  conftest.c   >&5
arm-none-linux-gnueabi-gcc: error: unrecognized command line option '-kthread'
configure:4764: $? = 1
configure: failed program was:
| /* confdefs.h */
| #define PACKAGE_NAME "Iperf"
| #define PACKAGE_TARNAME "iperf"
| #define PACKAGE_VERSION "2.0.5"
| #define PACKAGE_STRING "Iperf 2.0.5"
| #define PACKAGE_BUGREPORT ""
| #define PACKAGE_URL ""
| #define PACKAGE "iperf"
| #define VERSION "2.0.5"
| /* end confdefs.h.  */
| #include <pthread.h>
| int
| main ()
| {
| pthread_t th; pthread_join(th, 0);
|                      pthread_attr_init(0); pthread_cleanup_push(0, 0);
|                      pthread_create(0,0,0,0); pthread_cleanup_pop(0);
|   ;
|   return 0;
| }
configure:4773: result: no
configure:4731: checking for the pthreads library -llthread
configure:4764: /home/aav/specter/buildroot-2013.08/output/host/usr/bin/ccache /home/aav/specter/buildroot-2013.08/output/host/usr/bin/arm-none-linux-gnueabi-gcc -o conftest  -D_LARGEFILE_SOURCE -D_LARGEFILE64_SOURCE -D_FILE_OFFSET_BITS=64  -Os -pipe -Os    -D_LARGEFILE_SOURCE -D_LARGEFILE64_SOURCE -D_FILE_OFFSET_BITS=64  conftest.c -llthread  >&5
/home/aav/arm-2013.05_linux/bin/../lib/gcc/arm-none-linux-gnueabi/4.7.3/../../../../arm-none-linux-gnueabi/bin/ld: cannot find -llthread
collect2: error: ld returned 1 exit status
configure:4764: $? = 1
configure: failed program was:
| /* confdefs.h */
| #define PACKAGE_NAME "Iperf"
| #define PACKAGE_TARNAME "iperf"
| #define PACKAGE_VERSION "2.0.5"
| #define PACKAGE_STRING "Iperf 2.0.5"
| #define PACKAGE_BUGREPORT ""
| #define PACKAGE_URL ""
| #define PACKAGE "iperf"
| #define VERSION "2.0.5"
| /* end confdefs.h.  */
| #include <pthread.h>
| int
| main ()
| {
| pthread_t th; pthread_join(th, 0);
|                      pthread_attr_init(0); pthread_cleanup_push(0, 0);
|                      pthread_create(0,0,0,0); pthread_cleanup_pop(0);
|   ;
|   return 0;
| }
configure:4773: result: no
configure:4681: checking whether pthreads work with -pthread
configure:4764: /home/aav/specter/buildroot-2013.08/output/host/usr/bin/ccache /home/aav/specter/buildroot-2013.08/output/host/usr/bin/arm-none-linux-gnueabi-gcc -o conftest  -D_LARGEFILE_SOURCE -D_LARGEFILE64_SOURCE -D_FILE_OFFSET_BITS=64  -Os -pipe -Os   -pthread -D_LARGEFILE_SOURCE -D_LARGEFILE64_SOURCE -D_FILE_OFFSET_BITS=64  conftest.c   >&5
configure:4764: $? = 0
configure:4773: result: yes
configure:4793: checking for joinable pthread attribute
configure:4806: /home/aav/specter/buildroot-2013.08/output/host/usr/bin/ccache /home/aav/specter/buildroot-2013.08/output/host/usr/bin/arm-none-linux-gnueabi-gcc -o conftest  -D_LARGEFILE_SOURCE -D_LARGEFILE64_SOURCE -D_FILE_OFFSET_BITS=64  -Os -pipe -Os   -pthread -D_LARGEFILE_SOURCE -D_LARGEFILE64_SOURCE -D_FILE_OFFSET_BITS=64  conftest.c   >&5
configure:4806: $? = 0
configure:4838: result: PTHREAD_CREATE_JOINABLE
configure:4845: checking if more special flags are required for pthreads
configure:4852: result: no
configure:4864: checking for cc_r
configure:4892: result: /home/aav/specter/buildroot-2013.08/output/host/usr/bin/ccache /home/aav/specter/buildroot-2013.08/output/host/usr/bin/arm-none-linux-gnueabi-gcc
configure:4933: checking for gethostbyname
configure:4933: /home/aav/specter/buildroot-2013.08/output/host/usr/bin/ccache /home/aav/specter/buildroot-2013.08/output/host/usr/bin/arm-none-linux-gnueabi-gcc -o conftest  -D_LARGEFILE_SOURCE -D_LARGEFILE64_SOURCE -D_FILE_OFFSET_BITS=64  -Os -pipe -Os   -D_LARGEFILE_SOURCE -D_LARGEFILE64_SOURCE -D_FILE_OFFSET_BITS=64  conftest.c  >&5
configure:4933: $? = 0
configure:4933: result: yes
configure:4984: checking for socket
configure:4984: /home/aav/specter/buildroot-2013.08/output/host/usr/bin/ccache /home/aav/specter/buildroot-2013.08/output/host/usr/bin/arm-none-linux-gnueabi-gcc -o conftest  -D_LARGEFILE_SOURCE -D_LARGEFILE64_SOURCE -D_FILE_OFFSET_BITS=64  -Os -pipe -Os   -D_LARGEFILE_SOURCE -D_LARGEFILE64_SOURCE -D_FILE_OFFSET_BITS=64  conftest.c  >&5
configure:4984: $? = 0
configure:4984: result: yes
configure:5041: checking how to run the C preprocessor
configure:5111: result: /home/aav/specter/buildroot-2013.08/output/host/usr/bin/arm-none-linux-gnueabi-cpp
configure:5131: /home/aav/specter/buildroot-2013.08/output/host/usr/bin/arm-none-linux-gnueabi-cpp -D_LARGEFILE_SOURCE -D_LARGEFILE64_SOURCE -D_FILE_OFFSET_BITS=64 conftest.c
configure:5131: $? = 0
configure:5145: /home/aav/specter/buildroot-2013.08/output/host/usr/bin/arm-none-linux-gnueabi-cpp -D_LARGEFILE_SOURCE -D_LARGEFILE64_SOURCE -D_FILE_OFFSET_BITS=64 conftest.c
conftest.c:14:28: fatal error: ac_nonexistent.h: No such file or directory
compilation terminated.
configure:5145: $? = 1
configure: failed program was:
| /* confdefs.h */
| #define PACKAGE_NAME "Iperf"
| #define PACKAGE_TARNAME "iperf"
| #define PACKAGE_VERSION "2.0.5"
| #define PACKAGE_STRING "Iperf 2.0.5"
| #define PACKAGE_BUGREPORT ""
| #define PACKAGE_URL ""
| #define PACKAGE "iperf"
| #define VERSION "2.0.5"
| #define HAVE_PTHREAD 1
| #define HAVE_POSIX_THREAD 1
| #define _REENTRANT 1
| /* end confdefs.h.  */
| #include <ac_nonexistent.h>
configure:5174: checking for grep that handles long lines and -e
configure:5232: result: /bin/grep
configure:5237: checking for egrep
configure:5299: result: /bin/grep -E
configure:5304: checking for ANSI C header files
configure:5324: /home/aav/specter/buildroot-2013.08/output/host/usr/bin/ccache /home/aav/specter/buildroot-2013.08/output/host/usr/bin/arm-none-linux-gnueabi-gcc -c  -D_LARGEFILE_SOURCE -D_LARGEFILE64_SOURCE -D_FILE_OFFSET_BITS=64  -Os -pipe -Os   -D_LARGEFILE_SOURCE -D_LARGEFILE64_SOURCE -D_FILE_OFFSET_BITS=64 conftest.c >&5
configure:5324: $? = 0
configure:5408: result: yes
configure:5421: checking for sys/types.h
configure:5421: /home/aav/specter/buildroot-2013.08/output/host/usr/bin/ccache /home/aav/specter/buildroot-2013.08/output/host/usr/bin/arm-none-linux-gnueabi-gcc -c  -D_LARGEFILE_SOURCE -D_LARGEFILE64_SOURCE -D_FILE_OFFSET_BITS=64  -Os -pipe -Os   -D_LARGEFILE_SOURCE -D_LARGEFILE64_SOURCE -D_FILE_OFFSET_BITS=64 conftest.c >&5
configure:5421: $? = 0
configure:5421: result: yes
configure:5421: checking for sys/stat.h
configure:5421: /home/aav/specter/buildroot-2013.08/output/host/usr/bin/ccache /home/aav/specter/buildroot-2013.08/output/host/usr/bin/arm-none-linux-gnueabi-gcc -c  -D_LARGEFILE_SOURCE -D_LARGEFILE64_SOURCE -D_FILE_OFFSET_BITS=64  -Os -pipe -Os   -D_LARGEFILE_SOURCE -D_LARGEFILE64_SOURCE -D_FILE_OFFSET_BITS=64 conftest.c >&5
configure:5421: $? = 0
configure:5421: result: yes
configure:5421: checking for stdlib.h
configure:5421: /home/aav/specter/buildroot-2013.08/output/host/usr/bin/ccache /home/aav/specter/buildroot-2013.08/output/host/usr/bin/arm-none-linux-gnueabi-gcc -c  -D_LARGEFILE_SOURCE -D_LARGEFILE64_SOURCE -D_FILE_OFFSET_BITS=64  -Os -pipe -Os   -D_LARGEFILE_SOURCE -D_LARGEFILE64_SOURCE -D_FILE_OFFSET_BITS=64 conftest.c >&5
configure:5421: $? = 0
configure:5421: result: yes
configure:5421: checking for string.h
configure:5421: /home/aav/specter/buildroot-2013.08/output/host/usr/bin/ccache /home/aav/specter/buildroot-2013.08/output/host/usr/bin/arm-none-linux-gnueabi-gcc -c  -D_LARGEFILE_SOURCE -D_LARGEFILE64_SOURCE -D_FILE_OFFSET_BITS=64  -Os -pipe -Os   -D_LARGEFILE_SOURCE -D_LARGEFILE64_SOURCE -D_FILE_OFFSET_BITS=64 conftest.c >&5
configure:5421: $? = 0
configure:5421: result: yes
configure:5421: checking for memory.h
configure:5421: /home/aav/specter/buildroot-2013.08/output/host/usr/bin/ccache /home/aav/specter/buildroot-2013.08/output/host/usr/bin/arm-none-linux-gnueabi-gcc -c  -D_LARGEFILE_SOURCE -D_LARGEFILE64_SOURCE -D_FILE_OFFSET_BITS=64  -Os -pipe -Os   -D_LARGEFILE_SOURCE -D_LARGEFILE64_SOURCE -D_FILE_OFFSET_BITS=64 conftest.c >&5
configure:5421: $? = 0
configure:5421: result: yes
configure:5421: checking for strings.h
configure:5421: /home/aav/specter/buildroot-2013.08/output/host/usr/bin/ccache /home/aav/specter/buildroot-2013.08/output/host/usr/bin/arm-none-linux-gnueabi-gcc -c  -D_LARGEFILE_SOURCE -D_LARGEFILE64_SOURCE -D_FILE_OFFSET_BITS=64  -Os -pipe -Os   -D_LARGEFILE_SOURCE -D_LARGEFILE64_SOURCE -D_FILE_OFFSET_BITS=64 conftest.c >&5
configure:5421: $? = 0
configure:5421: result: yes
configure:5421: checking for inttypes.h
configure:5421: /home/aav/specter/buildroot-2013.08/output/host/usr/bin/ccache /home/aav/specter/buildroot-2013.08/output/host/usr/bin/arm-none-linux-gnueabi-gcc -c  -D_LARGEFILE_SOURCE -D_LARGEFILE64_SOURCE -D_FILE_OFFSET_BITS=64  -Os -pipe -Os   -D_LARGEFILE_SOURCE -D_LARGEFILE64_SOURCE -D_FILE_OFFSET_BITS=64 conftest.c >&5
configure:5421: $? = 0
configure:5421: result: yes
configure:5421: checking for stdint.h
configure:5421: /home/aav/specter/buildroot-2013.08/output/host/usr/bin/ccache /home/aav/specter/buildroot-2013.08/output/host/usr/bin/arm-none-linux-gnueabi-gcc -c  -D_LARGEFILE_SOURCE -D_LARGEFILE64_SOURCE -D_FILE_OFFSET_BITS=64  -Os -pipe -Os   -D_LARGEFILE_SOURCE -D_LARGEFILE64_SOURCE -D_FILE_OFFSET_BITS=64 conftest.c >&5
configure:5421: $? = 0
configure:5421: result: yes
configure:5421: checking for unistd.h
configure:5421: /home/aav/specter/buildroot-2013.08/output/host/usr/bin/ccache /home/aav/specter/buildroot-2013.08/output/host/usr/bin/arm-none-linux-gnueabi-gcc -c  -D_LARGEFILE_SOURCE -D_LARGEFILE64_SOURCE -D_FILE_OFFSET_BITS=64  -Os -pipe -Os   -D_LARGEFILE_SOURCE -D_LARGEFILE64_SOURCE -D_FILE_OFFSET_BITS=64 conftest.c >&5
configure:5421: $? = 0
configure:5421: result: yes
configure:5437: checking arpa/inet.h usability
configure:5437: /home/aav/specter/buildroot-2013.08/output/host/usr/bin/ccache /home/aav/specter/buildroot-2013.08/output/host/usr/bin/arm-none-linux-gnueabi-gcc -c  -D_LARGEFILE_SOURCE -D_LARGEFILE64_SOURCE -D_FILE_OFFSET_BITS=64  -Os -pipe -Os   -D_LARGEFILE_SOURCE -D_LARGEFILE64_SOURCE -D_FILE_OFFSET_BITS=64 conftest.c >&5
configure:5437: $? = 0
configure:5437: result: yes
configure:5437: checking arpa/inet.h presence
configure:5437: /home/aav/specter/buildroot-2013.08/output/host/usr/bin/arm-none-linux-gnueabi-cpp -D_LARGEFILE_SOURCE -D_LARGEFILE64_SOURCE -D_FILE_OFFSET_BITS=64 conftest.c
configure:5437: $? = 0
configure:5437: result: yes
configure:5437: checking for arpa/inet.h
configure:5437: result: yes
configure:5437: checking libintl.h usability
configure:5437: /home/aav/specter/buildroot-2013.08/output/host/usr/bin/ccache /home/aav/specter/buildroot-2013.08/output/host/usr/bin/arm-none-linux-gnueabi-gcc -c  -D_LARGEFILE_SOURCE -D_LARGEFILE64_SOURCE -D_FILE_OFFSET_BITS=64  -Os -pipe -Os   -D_LARGEFILE_SOURCE -D_LARGEFILE64_SOURCE -D_FILE_OFFSET_BITS=64 conftest.c >&5
configure:5437: $? = 0
configure:5437: result: yes
configure:5437: checking libintl.h presence
configure:5437: /home/aav/specter/buildroot-2013.08/output/host/usr/bin/arm-none-linux-gnueabi-cpp -D_LARGEFILE_SOURCE -D_LARGEFILE64_SOURCE -D_FILE_OFFSET_BITS=64 conftest.c
configure:5437: $? = 0
configure:5437: result: yes
configure:5437: checking for libintl.h
configure:5437: result: yes
configure:5437: checking netdb.h usability
configure:5437: /home/aav/specter/buildroot-2013.08/output/host/usr/bin/ccache /home/aav/specter/buildroot-2013.08/output/host/usr/bin/arm-none-linux-gnueabi-gcc -c  -D_LARGEFILE_SOURCE -D_LARGEFILE64_SOURCE -D_FILE_OFFSET_BITS=64  -Os -pipe -Os   -D_LARGEFILE_SOURCE -D_LARGEFILE64_SOURCE -D_FILE_OFFSET_BITS=64 conftest.c >&5
configure:5437: $? = 0
configure:5437: result: yes
configure:5437: checking netdb.h presence
configure:5437: /home/aav/specter/buildroot-2013.08/output/host/usr/bin/arm-none-linux-gnueabi-cpp -D_LARGEFILE_SOURCE -D_LARGEFILE64_SOURCE -D_FILE_OFFSET_BITS=64 conftest.c
configure:5437: $? = 0
configure:5437: result: yes
configure:5437: checking for netdb.h
configure:5437: result: yes
configure:5437: checking netinet/in.h usability
configure:5437: /home/aav/specter/buildroot-2013.08/output/host/usr/bin/ccache /home/aav/specter/buildroot-2013.08/output/host/usr/bin/arm-none-linux-gnueabi-gcc -c  -D_LARGEFILE_SOURCE -D_LARGEFILE64_SOURCE -D_FILE_OFFSET_BITS=64  -Os -pipe -Os   -D_LARGEFILE_SOURCE -D_LARGEFILE64_SOURCE -D_FILE_OFFSET_BITS=64 conftest.c >&5
configure:5437: $? = 0
configure:5437: result: yes
configure:5437: checking netinet/in.h presence
configure:5437: /home/aav/specter/buildroot-2013.08/output/host/usr/bin/arm-none-linux-gnueabi-cpp -D_LARGEFILE_SOURCE -D_LARGEFILE64_SOURCE -D_FILE_OFFSET_BITS=64 conftest.c
configure:5437: $? = 0
configure:5437: result: yes
configure:5437: checking for netinet/in.h
configure:5437: result: yes
configure:5437: checking for stdlib.h
configure:5437: result: yes
configure:5437: checking for string.h
configure:5437: result: yes
configure:5437: checking for strings.h
configure:5437: result: yes
configure:5437: checking sys/socket.h usability
configure:5437: /home/aav/specter/buildroot-2013.08/output/host/usr/bin/ccache /home/aav/specter/buildroot-2013.08/output/host/usr/bin/arm-none-linux-gnueabi-gcc -c  -D_LARGEFILE_SOURCE -D_LARGEFILE64_SOURCE -D_FILE_OFFSET_BITS=64  -Os -pipe -Os   -D_LARGEFILE_SOURCE -D_LARGEFILE64_SOURCE -D_FILE_OFFSET_BITS=64 conftest.c >&5
configure:5437: $? = 0
configure:5437: result: yes
configure:5437: checking sys/socket.h presence
configure:5437: /home/aav/specter/buildroot-2013.08/output/host/usr/bin/arm-none-linux-gnueabi-cpp -D_LARGEFILE_SOURCE -D_LARGEFILE64_SOURCE -D_FILE_OFFSET_BITS=64 conftest.c
configure:5437: $? = 0
configure:5437: result: yes
configure:5437: checking for sys/socket.h
configure:5437: result: yes
configure:5437: checking sys/time.h usability
configure:5437: /home/aav/specter/buildroot-2013.08/output/host/usr/bin/ccache /home/aav/specter/buildroot-2013.08/output/host/usr/bin/arm-none-linux-gnueabi-gcc -c  -D_LARGEFILE_SOURCE -D_LARGEFILE64_SOURCE -D_FILE_OFFSET_BITS=64  -Os -pipe -Os   -D_LARGEFILE_SOURCE -D_LARGEFILE64_SOURCE -D_FILE_OFFSET_BITS=64 conftest.c >&5
configure:5437: $? = 0
configure:5437: result: yes
configure:5437: checking sys/time.h presence
configure:5437: /home/aav/specter/buildroot-2013.08/output/host/usr/bin/arm-none-linux-gnueabi-cpp -D_LARGEFILE_SOURCE -D_LARGEFILE64_SOURCE -D_FILE_OFFSET_BITS=64 conftest.c
configure:5437: $? = 0
configure:5437: result: yes
configure:5437: checking for sys/time.h
configure:5437: result: yes
configure:5437: checking syslog.h usability
configure:5437: /home/aav/specter/buildroot-2013.08/output/host/usr/bin/ccache /home/aav/specter/buildroot-2013.08/output/host/usr/bin/arm-none-linux-gnueabi-gcc -c  -D_LARGEFILE_SOURCE -D_LARGEFILE64_SOURCE -D_FILE_OFFSET_BITS=64  -Os -pipe -Os   -D_LARGEFILE_SOURCE -D_LARGEFILE64_SOURCE -D_FILE_OFFSET_BITS=64 conftest.c >&5
configure:5437: $? = 0
configure:5437: result: yes
configure:5437: checking syslog.h presence
configure:5437: /home/aav/specter/buildroot-2013.08/output/host/usr/bin/arm-none-linux-gnueabi-cpp -D_LARGEFILE_SOURCE -D_LARGEFILE64_SOURCE -D_FILE_OFFSET_BITS=64 conftest.c
configure:5437: $? = 0
configure:5437: result: yes
configure:5437: checking for syslog.h
configure:5437: result: yes
configure:5437: checking for unistd.h
configure:5437: result: yes
configure:5450: checking for an ANSI C-conforming const
configure:5515: /home/aav/specter/buildroot-2013.08/output/host/usr/bin/ccache /home/aav/specter/buildroot-2013.08/output/host/usr/bin/arm-none-linux-gnueabi-gcc -c  -D_LARGEFILE_SOURCE -D_LARGEFILE64_SOURCE -D_FILE_OFFSET_BITS=64  -Os -pipe -Os   -D_LARGEFILE_SOURCE -D_LARGEFILE64_SOURCE -D_FILE_OFFSET_BITS=64 conftest.c >&5
configure:5515: $? = 0
configure:5522: result: yes
configure:5530: checking for size_t
configure:5530: /home/aav/specter/buildroot-2013.08/output/host/usr/bin/ccache /home/aav/specter/buildroot-2013.08/output/host/usr/bin/arm-none-linux-gnueabi-gcc -c  -D_LARGEFILE_SOURCE -D_LARGEFILE64_SOURCE -D_FILE_OFFSET_BITS=64  -Os -pipe -Os   -D_LARGEFILE_SOURCE -D_LARGEFILE64_SOURCE -D_FILE_OFFSET_BITS=64 conftest.c >&5
configure:5530: $? = 0
configure:5530: /home/aav/specter/buildroot-2013.08/output/host/usr/bin/ccache /home/aav/specter/buildroot-2013.08/output/host/usr/bin/arm-none-linux-gnueabi-gcc -c  -D_LARGEFILE_SOURCE -D_LARGEFILE64_SOURCE -D_FILE_OFFSET_BITS=64  -Os -pipe -Os   -D_LARGEFILE_SOURCE -D_LARGEFILE64_SOURCE -D_FILE_OFFSET_BITS=64 conftest.c >&5
conftest.c: In function 'main':
conftest.c:71:21: error: expected expression before ')' token
configure:5530: $? = 1
configure: failed program was:
| /* confdefs.h */
| #define PACKAGE_NAME "Iperf"
| #define PACKAGE_TARNAME "iperf"
| #define PACKAGE_VERSION "2.0.5"
| #define PACKAGE_STRING "Iperf 2.0.5"
| #define PACKAGE_BUGREPORT ""
| #define PACKAGE_URL ""
| #define PACKAGE "iperf"
| #define VERSION "2.0.5"
| #define HAVE_PTHREAD 1
| #define HAVE_POSIX_THREAD 1
| #define _REENTRANT 1
| #define STDC_HEADERS 1
| #define HAVE_SYS_TYPES_H 1
| #define HAVE_SYS_STAT_H 1
| #define HAVE_STDLIB_H 1
| #define HAVE_STRING_H 1
| #define HAVE_MEMORY_H 1
| #define HAVE_STRINGS_H 1
| #define HAVE_INTTYPES_H 1
| #define HAVE_STDINT_H 1
| #define HAVE_UNISTD_H 1
| #define HAVE_ARPA_INET_H 1
| #define HAVE_LIBINTL_H 1
| #define HAVE_NETDB_H 1
| #define HAVE_NETINET_IN_H 1
| #define HAVE_STDLIB_H 1
| #define HAVE_STRING_H 1
| #define HAVE_STRINGS_H 1
| #define HAVE_SYS_SOCKET_H 1
| #define HAVE_SYS_TIME_H 1
| #define HAVE_SYSLOG_H 1
| #define HAVE_UNISTD_H 1
| /* end confdefs.h.  */
| #include <stdio.h>
| #ifdef HAVE_SYS_TYPES_H
| # include <sys/types.h>
| #endif
| #ifdef HAVE_SYS_STAT_H
| # include <sys/stat.h>
| #endif
| #ifdef STDC_HEADERS
| # include <stdlib.h>
| # include <stddef.h>
| #else
| # ifdef HAVE_STDLIB_H
| #  include <stdlib.h>
| # endif
| #endif
| #ifdef HAVE_STRING_H
| # if !defined STDC_HEADERS && defined HAVE_MEMORY_H
| #  include <memory.h>
| # endif
| # include <string.h>
| #endif
| #ifdef HAVE_STRINGS_H
| # include <strings.h>
| #endif
| #ifdef HAVE_INTTYPES_H
| # include <inttypes.h>
| #endif
| #ifdef HAVE_STDINT_H
| # include <stdint.h>
| #endif
| #ifdef HAVE_UNISTD_H
| # include <unistd.h>
| #endif
| int
| main ()
| {
| if (sizeof ((size_t)))
| 	    return 0;
|   ;
|   return 0;
| }
configure:5530: result: yes
configure:5541: checking for ssize_t
configure:5541: /home/aav/specter/buildroot-2013.08/output/host/usr/bin/ccache /home/aav/specter/buildroot-2013.08/output/host/usr/bin/arm-none-linux-gnueabi-gcc -c  -D_LARGEFILE_SOURCE -D_LARGEFILE64_SOURCE -D_FILE_OFFSET_BITS=64  -Os -pipe -Os   -D_LARGEFILE_SOURCE -D_LARGEFILE64_SOURCE -D_FILE_OFFSET_BITS=64 conftest.c >&5
configure:5541: $? = 0
configure:5541: /home/aav/specter/buildroot-2013.08/output/host/usr/bin/ccache /home/aav/specter/buildroot-2013.08/output/host/usr/bin/arm-none-linux-gnueabi-gcc -c  -D_LARGEFILE_SOURCE -D_LARGEFILE64_SOURCE -D_FILE_OFFSET_BITS=64  -Os -pipe -Os   -D_LARGEFILE_SOURCE -D_LARGEFILE64_SOURCE -D_FILE_OFFSET_BITS=64 conftest.c >&5
conftest.c: In function 'main':
conftest.c:71:22: error: expected expression before ')' token
configure:5541: $? = 1
configure: failed program was:
| /* confdefs.h */
| #define PACKAGE_NAME "Iperf"
| #define PACKAGE_TARNAME "iperf"
| #define PACKAGE_VERSION "2.0.5"
| #define PACKAGE_STRING "Iperf 2.0.5"
| #define PACKAGE_BUGREPORT ""
| #define PACKAGE_URL ""
| #define PACKAGE "iperf"
| #define VERSION "2.0.5"
| #define HAVE_PTHREAD 1
| #define HAVE_POSIX_THREAD 1
| #define _REENTRANT 1
| #define STDC_HEADERS 1
| #define HAVE_SYS_TYPES_H 1
| #define HAVE_SYS_STAT_H 1
| #define HAVE_STDLIB_H 1
| #define HAVE_STRING_H 1
| #define HAVE_MEMORY_H 1
| #define HAVE_STRINGS_H 1
| #define HAVE_INTTYPES_H 1
| #define HAVE_STDINT_H 1
| #define HAVE_UNISTD_H 1
| #define HAVE_ARPA_INET_H 1
| #define HAVE_LIBINTL_H 1
| #define HAVE_NETDB_H 1
| #define HAVE_NETINET_IN_H 1
| #define HAVE_STDLIB_H 1
| #define HAVE_STRING_H 1
| #define HAVE_STRINGS_H 1
| #define HAVE_SYS_SOCKET_H 1
| #define HAVE_SYS_TIME_H 1
| #define HAVE_SYSLOG_H 1
| #define HAVE_UNISTD_H 1
| /* end confdefs.h.  */
| #include <stdio.h>
| #ifdef HAVE_SYS_TYPES_H
| # include <sys/types.h>
| #endif
| #ifdef HAVE_SYS_STAT_H
| # include <sys/stat.h>
| #endif
| #ifdef STDC_HEADERS
| # include <stdlib.h>
| # include <stddef.h>
| #else
| # ifdef HAVE_STDLIB_H
| #  include <stdlib.h>
| # endif
| #endif
| #ifdef HAVE_STRING_H
| # if !defined STDC_HEADERS && defined HAVE_MEMORY_H
| #  include <memory.h>
| # endif
| # include <string.h>
| #endif
| #ifdef HAVE_STRINGS_H
| # include <strings.h>
| #endif
| #ifdef HAVE_INTTYPES_H
| # include <inttypes.h>
| #endif
| #ifdef HAVE_STDINT_H
| # include <stdint.h>
| #endif
| #ifdef HAVE_UNISTD_H
| # include <unistd.h>
| #endif
| int
| main ()
| {
| if (sizeof ((ssize_t)))
| 	    return 0;
|   ;
|   return 0;
| }
configure:5541: result: yes
configure:5556: checking whether time.h and sys/time.h may both be included
configure:5576: /home/aav/specter/buildroot-2013.08/output/host/usr/bin/ccache /home/aav/specter/buildroot-2013.08/output/host/usr/bin/arm-none-linux-gnueabi-gcc -c  -D_LARGEFILE_SOURCE -D_LARGEFILE64_SOURCE -D_FILE_OFFSET_BITS=64  -Os -pipe -Os   -D_LARGEFILE_SOURCE -D_LARGEFILE64_SOURCE -D_FILE_OFFSET_BITS=64 conftest.c >&5
configure:5576: $? = 0
configure:5583: result: yes
configure:5591: checking whether struct tm is in sys/time.h or time.h
configure:5611: /home/aav/specter/buildroot-2013.08/output/host/usr/bin/ccache /home/aav/specter/buildroot-2013.08/output/host/usr/bin/arm-none-linux-gnueabi-gcc -c  -D_LARGEFILE_SOURCE -D_LARGEFILE64_SOURCE -D_FILE_OFFSET_BITS=64  -Os -pipe -Os   -D_LARGEFILE_SOURCE -D_LARGEFILE64_SOURCE -D_FILE_OFFSET_BITS=64 conftest.c >&5
configure:5611: $? = 0
configure:5618: result: time.h
configure:5628: checking for stdint types
configure:5651: /home/aav/specter/buildroot-2013.08/output/host/usr/bin/ccache /home/aav/specter/buildroot-2013.08/output/host/usr/bin/arm-none-linux-gnueabi-gcc -c   conftest.c >&5
configure:5651: $? = 0
configure:5676: result: stdint.h (shortcircuit)
configure:6066: result: make use of stdint.h in include/iperf-int.h (assuming C99 compatible system)
configure:6075: checking 3rd argument of accept
configure:6104: /home/aav/specter/buildroot-2013.08/output/host/usr/bin/ccache /home/aav/specter/buildroot-2013.08/output/host/usr/bin/arm-none-linux-gnueabi-g++ -c  -D_LARGEFILE_SOURCE -D_LARGEFILE64_SOURCE -D_FILE_OFFSET_BITS=64  -Os -pipe -Os   -D_LARGEFILE_SOURCE -D_LARGEFILE64_SOURCE -D_FILE_OFFSET_BITS=64 conftest.cpp >&5
configure:6104: $? = 0
configure:6267: result: socklen_t
configure:6280: checking for pid_t
configure:6280: /home/aav/specter/buildroot-2013.08/output/host/usr/bin/ccache /home/aav/specter/buildroot-2013.08/output/host/usr/bin/arm-none-linux-gnueabi-gcc -c  -D_LARGEFILE_SOURCE -D_LARGEFILE64_SOURCE -D_FILE_OFFSET_BITS=64  -Os -pipe -Os   -D_LARGEFILE_SOURCE -D_LARGEFILE64_SOURCE -D_FILE_OFFSET_BITS=64 conftest.c >&5
configure:6280: $? = 0
configure:6280: /home/aav/specter/buildroot-2013.08/output/host/usr/bin/ccache /home/aav/specter/buildroot-2013.08/output/host/usr/bin/arm-none-linux-gnueabi-gcc -c  -D_LARGEFILE_SOURCE -D_LARGEFILE64_SOURCE -D_FILE_OFFSET_BITS=64  -Os -pipe -Os   -D_LARGEFILE_SOURCE -D_LARGEFILE64_SOURCE -D_FILE_OFFSET_BITS=64 conftest.c >&5
conftest.c: In function 'main':
conftest.c:74:20: error: expected expression before ')' token
configure:6280: $? = 1
configure: failed program was:
| /* confdefs.h */
| #define PACKAGE_NAME "Iperf"
| #define PACKAGE_TARNAME "iperf"
| #define PACKAGE_VERSION "2.0.5"
| #define PACKAGE_STRING "Iperf 2.0.5"
| #define PACKAGE_BUGREPORT ""
| #define PACKAGE_URL ""
| #define PACKAGE "iperf"
| #define VERSION "2.0.5"
| #define HAVE_PTHREAD 1
| #define HAVE_POSIX_THREAD 1
| #define _REENTRANT 1
| #define STDC_HEADERS 1
| #define HAVE_SYS_TYPES_H 1
| #define HAVE_SYS_STAT_H 1
| #define HAVE_STDLIB_H 1
| #define HAVE_STRING_H 1
| #define HAVE_MEMORY_H 1
| #define HAVE_STRINGS_H 1
| #define HAVE_INTTYPES_H 1
| #define HAVE_STDINT_H 1
| #define HAVE_UNISTD_H 1
| #define HAVE_ARPA_INET_H 1
| #define HAVE_LIBINTL_H 1
| #define HAVE_NETDB_H 1
| #define HAVE_NETINET_IN_H 1
| #define HAVE_STDLIB_H 1
| #define HAVE_STRING_H 1
| #define HAVE_STRINGS_H 1
| #define HAVE_SYS_SOCKET_H 1
| #define HAVE_SYS_TIME_H 1
| #define HAVE_SYSLOG_H 1
| #define HAVE_UNISTD_H 1
| #define HAVE_SSIZE_T 1
| #define TIME_WITH_SYS_TIME 1
| #define Socklen_t socklen_t
| /* end confdefs.h.  */
| #include <stdio.h>
| #ifdef HAVE_SYS_TYPES_H
| # include <sys/types.h>
| #endif
| #ifdef HAVE_SYS_STAT_H
| # include <sys/stat.h>
| #endif
| #ifdef STDC_HEADERS
| # include <stdlib.h>
| # include <stddef.h>
| #else
| # ifdef HAVE_STDLIB_H
| #  include <stdlib.h>
| # endif
| #endif
| #ifdef HAVE_STRING_H
| # if !defined STDC_HEADERS && defined HAVE_MEMORY_H
| #  include <memory.h>
| # endif
| # include <string.h>
| #endif
| #ifdef HAVE_STRINGS_H
| # include <strings.h>
| #endif
| #ifdef HAVE_INTTYPES_H
| # include <inttypes.h>
| #endif
| #ifdef HAVE_STDINT_H
| # include <stdint.h>
| #endif
| #ifdef HAVE_UNISTD_H
| # include <unistd.h>
| #endif
| int
| main ()
| {
| if (sizeof ((pid_t)))
| 	    return 0;
|   ;
|   return 0;
| }
configure:6280: result: yes
configure:6293: checking vfork.h usability
configure:6293: /home/aav/specter/buildroot-2013.08/output/host/usr/bin/ccache /home/aav/specter/buildroot-2013.08/output/host/usr/bin/arm-none-linux-gnueabi-gcc -c  -D_LARGEFILE_SOURCE -D_LARGEFILE64_SOURCE -D_FILE_OFFSET_BITS=64  -Os -pipe -Os   -D_LARGEFILE_SOURCE -D_LARGEFILE64_SOURCE -D_FILE_OFFSET_BITS=64 conftest.c >&5
conftest.c:71:19: fatal error: vfork.h: No such file or directory
compilation terminated.
configure:6293: $? = 1
configure: failed program was:
| /* confdefs.h */
| #define PACKAGE_NAME "Iperf"
| #define PACKAGE_TARNAME "iperf"
| #define PACKAGE_VERSION "2.0.5"
| #define PACKAGE_STRING "Iperf 2.0.5"
| #define PACKAGE_BUGREPORT ""
| #define PACKAGE_URL ""
| #define PACKAGE "iperf"
| #define VERSION "2.0.5"
| #define HAVE_PTHREAD 1
| #define HAVE_POSIX_THREAD 1
| #define _REENTRANT 1
| #define STDC_HEADERS 1
| #define HAVE_SYS_TYPES_H 1
| #define HAVE_SYS_STAT_H 1
| #define HAVE_STDLIB_H 1
| #define HAVE_STRING_H 1
| #define HAVE_MEMORY_H 1
| #define HAVE_STRINGS_H 1
| #define HAVE_INTTYPES_H 1
| #define HAVE_STDINT_H 1
| #define HAVE_UNISTD_H 1
| #define HAVE_ARPA_INET_H 1
| #define HAVE_LIBINTL_H 1
| #define HAVE_NETDB_H 1
| #define HAVE_NETINET_IN_H 1
| #define HAVE_STDLIB_H 1
| #define HAVE_STRING_H 1
| #define HAVE_STRINGS_H 1
| #define HAVE_SYS_SOCKET_H 1
| #define HAVE_SYS_TIME_H 1
| #define HAVE_SYSLOG_H 1
| #define HAVE_UNISTD_H 1
| #define HAVE_SSIZE_T 1
| #define TIME_WITH_SYS_TIME 1
| #define Socklen_t socklen_t
| /* end confdefs.h.  */
| #include <stdio.h>
| #ifdef HAVE_SYS_TYPES_H
| # include <sys/types.h>
| #endif
| #ifdef HAVE_SYS_STAT_H
| # include <sys/stat.h>
| #endif
| #ifdef STDC_HEADERS
| # include <stdlib.h>
| # include <stddef.h>
| #else
| # ifdef HAVE_STDLIB_H
| #  include <stdlib.h>
| # endif
| #endif
| #ifdef HAVE_STRING_H
| # if !defined STDC_HEADERS && defined HAVE_MEMORY_H
| #  include <memory.h>
| # endif
| # include <string.h>
| #endif
| #ifdef HAVE_STRINGS_H
| # include <strings.h>
| #endif
| #ifdef HAVE_INTTYPES_H
| # include <inttypes.h>
| #endif
| #ifdef HAVE_STDINT_H
| # include <stdint.h>
| #endif
| #ifdef HAVE_UNISTD_H
| # include <unistd.h>
| #endif
| #include <vfork.h>
configure:6293: result: no
configure:6293: checking vfork.h presence
configure:6293: /home/aav/specter/buildroot-2013.08/output/host/usr/bin/arm-none-linux-gnueabi-cpp -D_LARGEFILE_SOURCE -D_LARGEFILE64_SOURCE -D_FILE_OFFSET_BITS=64 conftest.c
conftest.c:38:19: fatal error: vfork.h: No such file or directory
compilation terminated.
configure:6293: $? = 1
configure: failed program was:
| /* confdefs.h */
| #define PACKAGE_NAME "Iperf"
| #define PACKAGE_TARNAME "iperf"
| #define PACKAGE_VERSION "2.0.5"
| #define PACKAGE_STRING "Iperf 2.0.5"
| #define PACKAGE_BUGREPORT ""
| #define PACKAGE_URL ""
| #define PACKAGE "iperf"
| #define VERSION "2.0.5"
| #define HAVE_PTHREAD 1
| #define HAVE_POSIX_THREAD 1
| #define _REENTRANT 1
| #define STDC_HEADERS 1
| #define HAVE_SYS_TYPES_H 1
| #define HAVE_SYS_STAT_H 1
| #define HAVE_STDLIB_H 1
| #define HAVE_STRING_H 1
| #define HAVE_MEMORY_H 1
| #define HAVE_STRINGS_H 1
| #define HAVE_INTTYPES_H 1
| #define HAVE_STDINT_H 1
| #define HAVE_UNISTD_H 1
| #define HAVE_ARPA_INET_H 1
| #define HAVE_LIBINTL_H 1
| #define HAVE_NETDB_H 1
| #define HAVE_NETINET_IN_H 1
| #define HAVE_STDLIB_H 1
| #define HAVE_STRING_H 1
| #define HAVE_STRINGS_H 1
| #define HAVE_SYS_SOCKET_H 1
| #define HAVE_SYS_TIME_H 1
| #define HAVE_SYSLOG_H 1
| #define HAVE_UNISTD_H 1
| #define HAVE_SSIZE_T 1
| #define TIME_WITH_SYS_TIME 1
| #define Socklen_t socklen_t
| /* end confdefs.h.  */
| #include <vfork.h>
configure:6293: result: no
configure:6293: checking for vfork.h
configure:6293: result: no
configure:6306: checking for fork
configure:6306: /home/aav/specter/buildroot-2013.08/output/host/usr/bin/ccache /home/aav/specter/buildroot-2013.08/output/host/usr/bin/arm-none-linux-gnueabi-gcc -o conftest  -D_LARGEFILE_SOURCE -D_LARGEFILE64_SOURCE -D_FILE_OFFSET_BITS=64  -Os -pipe -Os   -D_LARGEFILE_SOURCE -D_LARGEFILE64_SOURCE -D_FILE_OFFSET_BITS=64  conftest.c  >&5
conftest.c:61:6: warning: conflicting types for built-in function 'fork' [enabled by default]
configure:6306: $? = 0
configure:6306: result: yes
configure:6306: checking for vfork
configure:6306: /home/aav/specter/buildroot-2013.08/output/host/usr/bin/ccache /home/aav/specter/buildroot-2013.08/output/host/usr/bin/arm-none-linux-gnueabi-gcc -o conftest  -D_LARGEFILE_SOURCE -D_LARGEFILE64_SOURCE -D_FILE_OFFSET_BITS=64  -Os -pipe -Os   -D_LARGEFILE_SOURCE -D_LARGEFILE64_SOURCE -D_FILE_OFFSET_BITS=64  conftest.c  >&5
configure:6306: $? = 0
configure:6306: result: yes
configure:6317: checking for working fork
configure:6349: result: cross
configure:6365: WARNING: result yes guessed because of cross compilation
configure:6370: checking for working vfork
configure:6480: result: yes
configure:6507: checking for stdlib.h
configure:6507: result: yes
configure:6517: checking for GNU libc compatible malloc
configure:6551: result: yes
configure:6572: checking for working memcmp
configure:6625: result: yes
configure:6637: checking sys/select.h usability
configure:6637: /home/aav/specter/buildroot-2013.08/output/host/usr/bin/ccache /home/aav/specter/buildroot-2013.08/output/host/usr/bin/arm-none-linux-gnueabi-gcc -c  -D_LARGEFILE_SOURCE -D_LARGEFILE64_SOURCE -D_FILE_OFFSET_BITS=64  -Os -pipe -Os   -D_LARGEFILE_SOURCE -D_LARGEFILE64_SOURCE -D_FILE_OFFSET_BITS=64 conftest.c >&5
configure:6637: $? = 0
configure:6637: result: yes
configure:6637: checking sys/select.h presence
configure:6637: /home/aav/specter/buildroot-2013.08/output/host/usr/bin/arm-none-linux-gnueabi-cpp -D_LARGEFILE_SOURCE -D_LARGEFILE64_SOURCE -D_FILE_OFFSET_BITS=64 conftest.c
configure:6637: $? = 0
configure:6637: result: yes
configure:6637: checking for sys/select.h
configure:6637: result: yes
configure:6637: checking for sys/socket.h
configure:6637: result: yes
configure:6648: checking types of arguments for select
configure:6676: /home/aav/specter/buildroot-2013.08/output/host/usr/bin/ccache /home/aav/specter/buildroot-2013.08/output/host/usr/bin/arm-none-linux-gnueabi-gcc -c  -D_LARGEFILE_SOURCE -D_LARGEFILE64_SOURCE -D_FILE_OFFSET_BITS=64  -Os -pipe -Os   -D_LARGEFILE_SOURCE -D_LARGEFILE64_SOURCE -D_FILE_OFFSET_BITS=64 conftest.c >&5
configure:6676: $? = 0
configure:6687: result: int,fd_set *,struct timeval *
configure:6710: checking return type of signal handlers
configure:6728: /home/aav/specter/buildroot-2013.08/output/host/usr/bin/ccache /home/aav/specter/buildroot-2013.08/output/host/usr/bin/arm-none-linux-gnueabi-gcc -c  -D_LARGEFILE_SOURCE -D_LARGEFILE64_SOURCE -D_FILE_OFFSET_BITS=64  -Os -pipe -Os   -D_LARGEFILE_SOURCE -D_LARGEFILE64_SOURCE -D_FILE_OFFSET_BITS=64 conftest.c >&5
conftest.c: In function 'main':
conftest.c:55:1: error: void value not ignored as it ought to be
configure:6728: $? = 1
configure: failed program was:
| /* confdefs.h */
| #define PACKAGE_NAME "Iperf"
| #define PACKAGE_TARNAME "iperf"
| #define PACKAGE_VERSION "2.0.5"
| #define PACKAGE_STRING "Iperf 2.0.5"
| #define PACKAGE_BUGREPORT ""
| #define PACKAGE_URL ""
| #define PACKAGE "iperf"
| #define VERSION "2.0.5"
| #define HAVE_PTHREAD 1
| #define HAVE_POSIX_THREAD 1
| #define _REENTRANT 1
| #define STDC_HEADERS 1
| #define HAVE_SYS_TYPES_H 1
| #define HAVE_SYS_STAT_H 1
| #define HAVE_STDLIB_H 1
| #define HAVE_STRING_H 1
| #define HAVE_MEMORY_H 1
| #define HAVE_STRINGS_H 1
| #define HAVE_INTTYPES_H 1
| #define HAVE_STDINT_H 1
| #define HAVE_UNISTD_H 1
| #define HAVE_ARPA_INET_H 1
| #define HAVE_LIBINTL_H 1
| #define HAVE_NETDB_H 1
| #define HAVE_NETINET_IN_H 1
| #define HAVE_STDLIB_H 1
| #define HAVE_STRING_H 1
| #define HAVE_STRINGS_H 1
| #define HAVE_SYS_SOCKET_H 1
| #define HAVE_SYS_TIME_H 1
| #define HAVE_SYSLOG_H 1
| #define HAVE_UNISTD_H 1
| #define HAVE_SSIZE_T 1
| #define TIME_WITH_SYS_TIME 1
| #define Socklen_t socklen_t
| #define HAVE_FORK 1
| #define HAVE_VFORK 1
| #define HAVE_WORKING_VFORK 1
| #define HAVE_WORKING_FORK 1
| #define HAVE_STDLIB_H 1
| #define HAVE_MALLOC 1
| #define HAVE_SYS_SELECT_H 1
| #define HAVE_SYS_SOCKET_H 1
| #define SELECT_TYPE_ARG1 int
| #define SELECT_TYPE_ARG234 (fd_set *)
| #define SELECT_TYPE_ARG5 (struct timeval *)
| /* end confdefs.h.  */
| #include <sys/types.h>
| #include <signal.h>
| 
| int
| main ()
| {
| return *(signal (0, 0)) (0) == 1;
|   ;
|   return 0;
| }
configure:6735: result: void
configure:6745: checking for strftime
configure:6745: /home/aav/specter/buildroot-2013.08/output/host/usr/bin/ccache /home/aav/specter/buildroot-2013.08/output/host/usr/bin/arm-none-linux-gnueabi-gcc -o conftest  -D_LARGEFILE_SOURCE -D_LARGEFILE64_SOURCE -D_FILE_OFFSET_BITS=64  -Os -pipe -Os   -D_LARGEFILE_SOURCE -D_LARGEFILE64_SOURCE -D_FILE_OFFSET_BITS=64  conftest.c  >&5
conftest.c:73:6: warning: conflicting types for built-in function 'strftime' [enabled by default]
configure:6745: $? = 0
configure:6745: result: yes
configure:6800: checking for vprintf
configure:6800: /home/aav/specter/buildroot-2013.08/output/host/usr/bin/ccache /home/aav/specter/buildroot-2013.08/output/host/usr/bin/arm-none-linux-gnueabi-gcc -o conftest  -D_LARGEFILE_SOURCE -D_LARGEFILE64_SOURCE -D_FILE_OFFSET_BITS=64  -Os -pipe -Os   -D_LARGEFILE_SOURCE -D_LARGEFILE64_SOURCE -D_FILE_OFFSET_BITS=64  conftest.c  >&5
conftest.c:74:6: warning: conflicting types for built-in function 'vprintf' [enabled by default]
configure:6800: $? = 0
configure:6800: result: yes
configure:6806: checking for _doprnt
configure:6806: /home/aav/specter/buildroot-2013.08/output/host/usr/bin/ccache /home/aav/specter/buildroot-2013.08/output/host/usr/bin/arm-none-linux-gnueabi-gcc -o conftest  -D_LARGEFILE_SOURCE -D_LARGEFILE64_SOURCE -D_FILE_OFFSET_BITS=64  -Os -pipe -Os   -D_LARGEFILE_SOURCE -D_LARGEFILE64_SOURCE -D_FILE_OFFSET_BITS=64  conftest.c  >&5
/tmp/ccdQRlXb.o: In function `main':
conftest.c:(.text.startup+0x4): undefined reference to `_doprnt'
collect2: error: ld returned 1 exit status
configure:6806: $? = 1
configure: failed program was:
| /* confdefs.h */
| #define PACKAGE_NAME "Iperf"
| #define PACKAGE_TARNAME "iperf"
| #define PACKAGE_VERSION "2.0.5"
| #define PACKAGE_STRING "Iperf 2.0.5"
| #define PACKAGE_BUGREPORT ""
| #define PACKAGE_URL ""
| #define PACKAGE "iperf"
| #define VERSION "2.0.5"
| #define HAVE_PTHREAD 1
| #define HAVE_POSIX_THREAD 1
| #define _REENTRANT 1
| #define STDC_HEADERS 1
| #define HAVE_SYS_TYPES_H 1
| #define HAVE_SYS_STAT_H 1
| #define HAVE_STDLIB_H 1
| #define HAVE_STRING_H 1
| #define HAVE_MEMORY_H 1
| #define HAVE_STRINGS_H 1
| #define HAVE_INTTYPES_H 1
| #define HAVE_STDINT_H 1
| #define HAVE_UNISTD_H 1
| #define HAVE_ARPA_INET_H 1
| #define HAVE_LIBINTL_H 1
| #define HAVE_NETDB_H 1
| #define HAVE_NETINET_IN_H 1
| #define HAVE_STDLIB_H 1
| #define HAVE_STRING_H 1
| #define HAVE_STRINGS_H 1
| #define HAVE_SYS_SOCKET_H 1
| #define HAVE_SYS_TIME_H 1
| #define HAVE_SYSLOG_H 1
| #define HAVE_UNISTD_H 1
| #define HAVE_SSIZE_T 1
| #define TIME_WITH_SYS_TIME 1
| #define Socklen_t socklen_t
| #define HAVE_FORK 1
| #define HAVE_VFORK 1
| #define HAVE_WORKING_VFORK 1
| #define HAVE_WORKING_FORK 1
| #define HAVE_STDLIB_H 1
| #define HAVE_MALLOC 1
| #define HAVE_SYS_SELECT_H 1
| #define HAVE_SYS_SOCKET_H 1
| #define SELECT_TYPE_ARG1 int
| #define SELECT_TYPE_ARG234 (fd_set *)
| #define SELECT_TYPE_ARG5 (struct timeval *)
| #define RETSIGTYPE void
| #define HAVE_STRFTIME 1
| #define HAVE_VPRINTF 1
| /* end confdefs.h.  */
| /* Define _doprnt to an innocuous variant, in case <limits.h> declares _doprnt.
|    For example, HP-UX 11i <limits.h> declares gettimeofday.  */
| #define _doprnt innocuous__doprnt
| 
| /* System header to define __stub macros and hopefully few prototypes,
|     which can conflict with char _doprnt (); below.
|     Prefer <limits.h> to <assert.h> if __STDC__ is defined, since
|     <limits.h> exists even on freestanding compilers.  */
| 
| #ifdef __STDC__
| # include <limits.h>
| #else
| # include <assert.h>
| #endif
| 
| #undef _doprnt
| 
| /* Override any GCC internal prototype to avoid an error.
|    Use char because int might match the return type of a GCC
|    builtin and then its argument prototype would still apply.  */
| #ifdef __cplusplus
| extern "C"
| #endif
| char _doprnt ();
| /* The GNU C library defines this for functions which it implements
|     to always fail with ENOSYS.  Some functions are actually named
|     something starting with __ and the normal name is an alias.  */
| #if defined __stub__doprnt || defined __stub____doprnt
| choke me
| #endif
| 
| int
| main ()
| {
| return _doprnt ();
|   ;
|   return 0;
| }
configure:6806: result: no
configure:6820: checking for atexit
configure:6820: /home/aav/specter/buildroot-2013.08/output/host/usr/bin/ccache /home/aav/specter/buildroot-2013.08/output/host/usr/bin/arm-none-linux-gnueabi-gcc -o conftest  -D_LARGEFILE_SOURCE -D_LARGEFILE64_SOURCE -D_FILE_OFFSET_BITS=64  -Os -pipe -Os   -D_LARGEFILE_SOURCE -D_LARGEFILE64_SOURCE -D_FILE_OFFSET_BITS=64  conftest.c  >&5
configure:6820: $? = 0
configure:6820: result: yes
configure:6820: checking for gettimeofday
configure:6820: /home/aav/specter/buildroot-2013.08/output/host/usr/bin/ccache /home/aav/specter/buildroot-2013.08/output/host/usr/bin/arm-none-linux-gnueabi-gcc -o conftest  -D_LARGEFILE_SOURCE -D_LARGEFILE64_SOURCE -D_FILE_OFFSET_BITS=64  -Os -pipe -Os   -D_LARGEFILE_SOURCE -D_LARGEFILE64_SOURCE -D_FILE_OFFSET_BITS=64  conftest.c  >&5
configure:6820: $? = 0
configure:6820: result: yes
configure:6820: checking for memset
configure:6820: /home/aav/specter/buildroot-2013.08/output/host/usr/bin/ccache /home/aav/specter/buildroot-2013.08/output/host/usr/bin/arm-none-linux-gnueabi-gcc -o conftest  -D_LARGEFILE_SOURCE -D_LARGEFILE64_SOURCE -D_FILE_OFFSET_BITS=64  -Os -pipe -Os   -D_LARGEFILE_SOURCE -D_LARGEFILE64_SOURCE -D_FILE_OFFSET_BITS=64  conftest.c  >&5
conftest.c:77:6: warning: conflicting types for built-in function 'memset' [enabled by default]
configure:6820: $? = 0
configure:6820: result: yes
configure:6820: checking for pthread_cancel
configure:6820: /home/aav/specter/buildroot-2013.08/output/host/usr/bin/ccache /home/aav/specter/buildroot-2013.08/output/host/usr/bin/arm-none-linux-gnueabi-gcc -o conftest  -D_LARGEFILE_SOURCE -D_LARGEFILE64_SOURCE -D_FILE_OFFSET_BITS=64  -Os -pipe -Os   -D_LARGEFILE_SOURCE -D_LARGEFILE64_SOURCE -D_FILE_OFFSET_BITS=64  conftest.c  >&5
/tmp/ccGgu8gq.o: In function `main':
conftest.c:(.text.startup+0x4): undefined reference to `pthread_cancel'
collect2: error: ld returned 1 exit status
configure:6820: $? = 1
configure: failed program was:
| /* confdefs.h */
| #define PACKAGE_NAME "Iperf"
| #define PACKAGE_TARNAME "iperf"
| #define PACKAGE_VERSION "2.0.5"
| #define PACKAGE_STRING "Iperf 2.0.5"
| #define PACKAGE_BUGREPORT ""
| #define PACKAGE_URL ""
| #define PACKAGE "iperf"
| #define VERSION "2.0.5"
| #define HAVE_PTHREAD 1
| #define HAVE_POSIX_THREAD 1
| #define _REENTRANT 1
| #define STDC_HEADERS 1
| #define HAVE_SYS_TYPES_H 1
| #define HAVE_SYS_STAT_H 1
| #define HAVE_STDLIB_H 1
| #define HAVE_STRING_H 1
| #define HAVE_MEMORY_H 1
| #define HAVE_STRINGS_H 1
| #define HAVE_INTTYPES_H 1
| #define HAVE_STDINT_H 1
| #define HAVE_UNISTD_H 1
| #define HAVE_ARPA_INET_H 1
| #define HAVE_LIBINTL_H 1
| #define HAVE_NETDB_H 1
| #define HAVE_NETINET_IN_H 1
| #define HAVE_STDLIB_H 1
| #define HAVE_STRING_H 1
| #define HAVE_STRINGS_H 1
| #define HAVE_SYS_SOCKET_H 1
| #define HAVE_SYS_TIME_H 1
| #define HAVE_SYSLOG_H 1
| #define HAVE_UNISTD_H 1
| #define HAVE_SSIZE_T 1
| #define TIME_WITH_SYS_TIME 1
| #define Socklen_t socklen_t
| #define HAVE_FORK 1
| #define HAVE_VFORK 1
| #define HAVE_WORKING_VFORK 1
| #define HAVE_WORKING_FORK 1
| #define HAVE_STDLIB_H 1
| #define HAVE_MALLOC 1
| #define HAVE_SYS_SELECT_H 1
| #define HAVE_SYS_SOCKET_H 1
| #define SELECT_TYPE_ARG1 int
| #define SELECT_TYPE_ARG234 (fd_set *)
| #define SELECT_TYPE_ARG5 (struct timeval *)
| #define RETSIGTYPE void
| #define HAVE_STRFTIME 1
| #define HAVE_VPRINTF 1
| #define HAVE_ATEXIT 1
| #define HAVE_GETTIMEOFDAY 1
| #define HAVE_MEMSET 1
| /* end confdefs.h.  */
| /* Define pthread_cancel to an innocuous variant, in case <limits.h> declares pthread_cancel.
|    For example, HP-UX 11i <limits.h> declares gettimeofday.  */
| #define pthread_cancel innocuous_pthread_cancel
| 
| /* System header to define __stub macros and hopefully few prototypes,
|     which can conflict with char pthread_cancel (); below.
|     Prefer <limits.h> to <assert.h> if __STDC__ is defined, since
|     <limits.h> exists even on freestanding compilers.  */
| 
| #ifdef __STDC__
| # include <limits.h>
| #else
| # include <assert.h>
| #endif
| 
| #undef pthread_cancel
| 
| /* Override any GCC internal prototype to avoid an error.
|    Use char because int might match the return type of a GCC
|    builtin and then its argument prototype would still apply.  */
| #ifdef __cplusplus
| extern "C"
| #endif
| char pthread_cancel ();
| /* The GNU C library defines this for functions which it implements
|     to always fail with ENOSYS.  Some functions are actually named
|     something starting with __ and the normal name is an alias.  */
| #if defined __stub_pthread_cancel || defined __stub___pthread_cancel
| choke me
| #endif
| 
| int
| main ()
| {
| return pthread_cancel ();
|   ;
|   return 0;
| }
configure:6820: result: no
configure:6820: checking for select
configure:6820: /home/aav/specter/buildroot-2013.08/output/host/usr/bin/ccache /home/aav/specter/buildroot-2013.08/output/host/usr/bin/arm-none-linux-gnueabi-gcc -o conftest  -D_LARGEFILE_SOURCE -D_LARGEFILE64_SOURCE -D_FILE_OFFSET_BITS=64  -Os -pipe -Os   -D_LARGEFILE_SOURCE -D_LARGEFILE64_SOURCE -D_FILE_OFFSET_BITS=64  conftest.c  >&5
configure:6820: $? = 0
configure:6820: result: yes
configure:6820: checking for strchr
configure:6820: /home/aav/specter/buildroot-2013.08/output/host/usr/bin/ccache /home/aav/specter/buildroot-2013.08/output/host/usr/bin/arm-none-linux-gnueabi-gcc -o conftest  -D_LARGEFILE_SOURCE -D_LARGEFILE64_SOURCE -D_FILE_OFFSET_BITS=64  -Os -pipe -Os   -D_LARGEFILE_SOURCE -D_LARGEFILE64_SOURCE -D_FILE_OFFSET_BITS=64  conftest.c  >&5
conftest.c:79:6: warning: conflicting types for built-in function 'strchr' [enabled by default]
configure:6820: $? = 0
configure:6820: result: yes
configure:6820: checking for strerror
configure:6820: /home/aav/specter/buildroot-2013.08/output/host/usr/bin/ccache /home/aav/specter/buildroot-2013.08/output/host/usr/bin/arm-none-linux-gnueabi-gcc -o conftest  -D_LARGEFILE_SOURCE -D_LARGEFILE64_SOURCE -D_FILE_OFFSET_BITS=64  -Os -pipe -Os   -D_LARGEFILE_SOURCE -D_LARGEFILE64_SOURCE -D_FILE_OFFSET_BITS=64  conftest.c  >&5
configure:6820: $? = 0
configure:6820: result: yes
configure:6820: checking for strtol
configure:6820: /home/aav/specter/buildroot-2013.08/output/host/usr/bin/ccache /home/aav/specter/buildroot-2013.08/output/host/usr/bin/arm-none-linux-gnueabi-gcc -o conftest  -D_LARGEFILE_SOURCE -D_LARGEFILE64_SOURCE -D_FILE_OFFSET_BITS=64  -Os -pipe -Os   -D_LARGEFILE_SOURCE -D_LARGEFILE64_SOURCE -D_FILE_OFFSET_BITS=64  conftest.c  >&5
configure:6820: $? = 0
configure:6820: result: yes
configure:6820: checking for usleep
configure:6820: /home/aav/specter/buildroot-2013.08/output/host/usr/bin/ccache /home/aav/specter/buildroot-2013.08/output/host/usr/bin/arm-none-linux-gnueabi-gcc -o conftest  -D_LARGEFILE_SOURCE -D_LARGEFILE64_SOURCE -D_FILE_OFFSET_BITS=64  -Os -pipe -Os   -D_LARGEFILE_SOURCE -D_LARGEFILE64_SOURCE -D_FILE_OFFSET_BITS=64  conftest.c  >&5
configure:6820: $? = 0
configure:6820: result: yes
configure:6833: checking for snprintf
configure:6833: /home/aav/specter/buildroot-2013.08/output/host/usr/bin/ccache /home/aav/specter/buildroot-2013.08/output/host/usr/bin/arm-none-linux-gnueabi-gcc -o conftest  -D_LARGEFILE_SOURCE -D_LARGEFILE64_SOURCE -D_FILE_OFFSET_BITS=64  -Os -pipe -Os   -D_LARGEFILE_SOURCE -D_LARGEFILE64_SOURCE -D_FILE_OFFSET_BITS=64  conftest.c  >&5
conftest.c:83:6: warning: conflicting types for built-in function 'snprintf' [enabled by default]
configure:6833: $? = 0
configure:6833: result: yes
configure:6833: checking for inet_pton
configure:6833: /home/aav/specter/buildroot-2013.08/output/host/usr/bin/ccache /home/aav/specter/buildroot-2013.08/output/host/usr/bin/arm-none-linux-gnueabi-gcc -o conftest  -D_LARGEFILE_SOURCE -D_LARGEFILE64_SOURCE -D_FILE_OFFSET_BITS=64  -Os -pipe -Os   -D_LARGEFILE_SOURCE -D_LARGEFILE64_SOURCE -D_FILE_OFFSET_BITS=64  conftest.c  >&5
configure:6833: $? = 0
configure:6833: result: yes
configure:6833: checking for inet_ntop
configure:6833: /home/aav/specter/buildroot-2013.08/output/host/usr/bin/ccache /home/aav/specter/buildroot-2013.08/output/host/usr/bin/arm-none-linux-gnueabi-gcc -o conftest  -D_LARGEFILE_SOURCE -D_LARGEFILE64_SOURCE -D_FILE_OFFSET_BITS=64  -Os -pipe -Os   -D_LARGEFILE_SOURCE -D_LARGEFILE64_SOURCE -D_FILE_OFFSET_BITS=64  conftest.c  >&5
configure:6833: $? = 0
configure:6833: result: yes
configure:6833: checking for gettimeofday
configure:6833: result: yes
configure:6856: checking *printf() support for %lld
configure:6891: checking *printf() support for %qd
configure:6939: checking size of bool
configure:6959: result: 1
configure:6974: checking if true is defined
configure:6997: /home/aav/specter/buildroot-2013.08/output/host/usr/bin/ccache /home/aav/specter/buildroot-2013.08/output/host/usr/bin/arm-none-linux-gnueabi-g++ -c  -D_LARGEFILE_SOURCE -D_LARGEFILE64_SOURCE -D_FILE_OFFSET_BITS=64  -Os -pipe -Os   -D_LARGEFILE_SOURCE -D_LARGEFILE64_SOURCE -D_FILE_OFFSET_BITS=64 conftest.cpp >&5
configure:6997: $? = 0
configure:7011: result: yes
configure:7023: checking whether byte ordering is bigendian
configure:7229: result: no
configure:7250: checking for struct ip_mreq
configure:7250: /home/aav/specter/buildroot-2013.08/output/host/usr/bin/ccache /home/aav/specter/buildroot-2013.08/output/host/usr/bin/arm-none-linux-gnueabi-gcc -c  -D_LARGEFILE_SOURCE -D_LARGEFILE64_SOURCE -D_FILE_OFFSET_BITS=64  -Os -pipe -Os   -D_LARGEFILE_SOURCE -D_LARGEFILE64_SOURCE -D_FILE_OFFSET_BITS=64 conftest.c >&5
configure:7250: $? = 0
configure:7250: /home/aav/specter/buildroot-2013.08/output/host/usr/bin/ccache /home/aav/specter/buildroot-2013.08/output/host/usr/bin/arm-none-linux-gnueabi-gcc -c  -D_LARGEFILE_SOURCE -D_LARGEFILE64_SOURCE -D_FILE_OFFSET_BITS=64  -Os -pipe -Os   -D_LARGEFILE_SOURCE -D_LARGEFILE64_SOURCE -D_FILE_OFFSET_BITS=64 conftest.c >&5
conftest.c: In function 'main':
conftest.c:70:29: error: expected expression before ')' token
configure:7250: $? = 1
configure: failed program was:
| /* confdefs.h */
| #define PACKAGE_NAME "Iperf"
| #define PACKAGE_TARNAME "iperf"
| #define PACKAGE_VERSION "2.0.5"
| #define PACKAGE_STRING "Iperf 2.0.5"
| #define PACKAGE_BUGREPORT ""
| #define PACKAGE_URL ""
| #define PACKAGE "iperf"
| #define VERSION "2.0.5"
| #define HAVE_PTHREAD 1
| #define HAVE_POSIX_THREAD 1
| #define _REENTRANT 1
| #define STDC_HEADERS 1
| #define HAVE_SYS_TYPES_H 1
| #define HAVE_SYS_STAT_H 1
| #define HAVE_STDLIB_H 1
| #define HAVE_STRING_H 1
| #define HAVE_MEMORY_H 1
| #define HAVE_STRINGS_H 1
| #define HAVE_INTTYPES_H 1
| #define HAVE_STDINT_H 1
| #define HAVE_UNISTD_H 1
| #define HAVE_ARPA_INET_H 1
| #define HAVE_LIBINTL_H 1
| #define HAVE_NETDB_H 1
| #define HAVE_NETINET_IN_H 1
| #define HAVE_STDLIB_H 1
| #define HAVE_STRING_H 1
| #define HAVE_STRINGS_H 1
| #define HAVE_SYS_SOCKET_H 1
| #define HAVE_SYS_TIME_H 1
| #define HAVE_SYSLOG_H 1
| #define HAVE_UNISTD_H 1
| #define HAVE_SSIZE_T 1
| #define TIME_WITH_SYS_TIME 1
| #define Socklen_t socklen_t
| #define HAVE_FORK 1
| #define HAVE_VFORK 1
| #define HAVE_WORKING_VFORK 1
| #define HAVE_WORKING_FORK 1
| #define HAVE_STDLIB_H 1
| #define HAVE_MALLOC 1
| #define HAVE_SYS_SELECT_H 1
| #define HAVE_SYS_SOCKET_H 1
| #define SELECT_TYPE_ARG1 int
| #define SELECT_TYPE_ARG234 (fd_set *)
| #define SELECT_TYPE_ARG5 (struct timeval *)
| #define RETSIGTYPE void
| #define HAVE_STRFTIME 1
| #define HAVE_VPRINTF 1
| #define HAVE_ATEXIT 1
| #define HAVE_GETTIMEOFDAY 1
| #define HAVE_MEMSET 1
| #define HAVE_SELECT 1
| #define HAVE_STRCHR 1
| #define HAVE_STRERROR 1
| #define HAVE_STRTOL 1
| #define HAVE_USLEEP 1
| #define HAVE_SNPRINTF 1
| #define HAVE_INET_PTON 1
| #define HAVE_INET_NTOP 1
| #define HAVE_GETTIMEOFDAY 1
| #define SIZEOF_BOOL 1
| /* end confdefs.h.  */
| #include "compat/headers_slim.h"
| 
| int
| main ()
| {
| if (sizeof ((struct ip_mreq)))
| 	    return 0;
|   ;
|   return 0;
| }
configure:7250: result: yes
configure:7261: checking whether IP_ADD_MEMBERSHIP is declared
configure:7261: /home/aav/specter/buildroot-2013.08/output/host/usr/bin/ccache /home/aav/specter/buildroot-2013.08/output/host/usr/bin/arm-none-linux-gnueabi-gcc -c  -D_LARGEFILE_SOURCE -D_LARGEFILE64_SOURCE -D_FILE_OFFSET_BITS=64  -Os -pipe -Os   -D_LARGEFILE_SOURCE -D_LARGEFILE64_SOURCE -D_FILE_OFFSET_BITS=64 conftest.c >&5
configure:7261: $? = 0
configure:7261: result: yes
configure:7273: checking for multicast support
configure:7281: result: yes
configure:7291: checking for struct sockaddr_storage
configure:7291: /home/aav/specter/buildroot-2013.08/output/host/usr/bin/ccache /home/aav/specter/buildroot-2013.08/output/host/usr/bin/arm-none-linux-gnueabi-gcc -c  -D_LARGEFILE_SOURCE -D_LARGEFILE64_SOURCE -D_FILE_OFFSET_BITS=64  -Os -pipe -Os   -D_LARGEFILE_SOURCE -D_LARGEFILE64_SOURCE -D_FILE_OFFSET_BITS=64 conftest.c >&5
configure:7291: $? = 0
configure:7291: /home/aav/specter/buildroot-2013.08/output/host/usr/bin/ccache /home/aav/specter/buildroot-2013.08/output/host/usr/bin/arm-none-linux-gnueabi-gcc -c  -D_LARGEFILE_SOURCE -D_LARGEFILE64_SOURCE -D_FILE_OFFSET_BITS=64  -Os -pipe -Os   -D_LARGEFILE_SOURCE -D_LARGEFILE64_SOURCE -D_FILE_OFFSET_BITS=64 conftest.c >&5
conftest.c: In function 'main':
conftest.c:73:38: error: expected expression before ')' token
configure:7291: $? = 1
configure: failed program was:
| /* confdefs.h */
| #define PACKAGE_NAME "Iperf"
| #define PACKAGE_TARNAME "iperf"
| #define PACKAGE_VERSION "2.0.5"
| #define PACKAGE_STRING "Iperf 2.0.5"
| #define PACKAGE_BUGREPORT ""
| #define PACKAGE_URL ""
| #define PACKAGE "iperf"
| #define VERSION "2.0.5"
| #define HAVE_PTHREAD 1
| #define HAVE_POSIX_THREAD 1
| #define _REENTRANT 1
| #define STDC_HEADERS 1
| #define HAVE_SYS_TYPES_H 1
| #define HAVE_SYS_STAT_H 1
| #define HAVE_STDLIB_H 1
| #define HAVE_STRING_H 1
| #define HAVE_MEMORY_H 1
| #define HAVE_STRINGS_H 1
| #define HAVE_INTTYPES_H 1
| #define HAVE_STDINT_H 1
| #define HAVE_UNISTD_H 1
| #define HAVE_ARPA_INET_H 1
| #define HAVE_LIBINTL_H 1
| #define HAVE_NETDB_H 1
| #define HAVE_NETINET_IN_H 1
| #define HAVE_STDLIB_H 1
| #define HAVE_STRING_H 1
| #define HAVE_STRINGS_H 1
| #define HAVE_SYS_SOCKET_H 1
| #define HAVE_SYS_TIME_H 1
| #define HAVE_SYSLOG_H 1
| #define HAVE_UNISTD_H 1
| #define HAVE_SSIZE_T 1
| #define TIME_WITH_SYS_TIME 1
| #define Socklen_t socklen_t
| #define HAVE_FORK 1
| #define HAVE_VFORK 1
| #define HAVE_WORKING_VFORK 1
| #define HAVE_WORKING_FORK 1
| #define HAVE_STDLIB_H 1
| #define HAVE_MALLOC 1
| #define HAVE_SYS_SELECT_H 1
| #define HAVE_SYS_SOCKET_H 1
| #define SELECT_TYPE_ARG1 int
| #define SELECT_TYPE_ARG234 (fd_set *)
| #define SELECT_TYPE_ARG5 (struct timeval *)
| #define RETSIGTYPE void
| #define HAVE_STRFTIME 1
| #define HAVE_VPRINTF 1
| #define HAVE_ATEXIT 1
| #define HAVE_GETTIMEOFDAY 1
| #define HAVE_MEMSET 1
| #define HAVE_SELECT 1
| #define HAVE_STRCHR 1
| #define HAVE_STRERROR 1
| #define HAVE_STRTOL 1
| #define HAVE_USLEEP 1
| #define HAVE_SNPRINTF 1
| #define HAVE_INET_PTON 1
| #define HAVE_INET_NTOP 1
| #define HAVE_GETTIMEOFDAY 1
| #define SIZEOF_BOOL 1
| #define HAVE_STRUCT_IP_MREQ 1
| #define HAVE_DECL_IP_ADD_MEMBERSHIP 1
| #define HAVE_MULTICAST 1
| /* end confdefs.h.  */
| #include "compat/headers_slim.h"
| 
| int
| main ()
| {
| if (sizeof ((struct sockaddr_storage)))
| 	    return 0;
|   ;
|   return 0;
| }
configure:7291: result: yes
configure:7302: checking for struct sockaddr_in6
configure:7302: /home/aav/specter/buildroot-2013.08/output/host/usr/bin/ccache /home/aav/specter/buildroot-2013.08/output/host/usr/bin/arm-none-linux-gnueabi-gcc -c  -D_LARGEFILE_SOURCE -D_LARGEFILE64_SOURCE -D_FILE_OFFSET_BITS=64  -Os -pipe -Os   -D_LARGEFILE_SOURCE -D_LARGEFILE64_SOURCE -D_FILE_OFFSET_BITS=64 conftest.c >&5
configure:7302: $? = 0
configure:7302: /home/aav/specter/buildroot-2013.08/output/host/usr/bin/ccache /home/aav/specter/buildroot-2013.08/output/host/usr/bin/arm-none-linux-gnueabi-gcc -c  -D_LARGEFILE_SOURCE -D_LARGEFILE64_SOURCE -D_FILE_OFFSET_BITS=64  -Os -pipe -Os   -D_LARGEFILE_SOURCE -D_LARGEFILE64_SOURCE -D_FILE_OFFSET_BITS=64 conftest.c >&5
conftest.c: In function 'main':
conftest.c:74:34: error: expected expression before ')' token
configure:7302: $? = 1
configure: failed program was:
| /* confdefs.h */
| #define PACKAGE_NAME "Iperf"
| #define PACKAGE_TARNAME "iperf"
| #define PACKAGE_VERSION "2.0.5"
| #define PACKAGE_STRING "Iperf 2.0.5"
| #define PACKAGE_BUGREPORT ""
| #define PACKAGE_URL ""
| #define PACKAGE "iperf"
| #define VERSION "2.0.5"
| #define HAVE_PTHREAD 1
| #define HAVE_POSIX_THREAD 1
| #define _REENTRANT 1
| #define STDC_HEADERS 1
| #define HAVE_SYS_TYPES_H 1
| #define HAVE_SYS_STAT_H 1
| #define HAVE_STDLIB_H 1
| #define HAVE_STRING_H 1
| #define HAVE_MEMORY_H 1
| #define HAVE_STRINGS_H 1
| #define HAVE_INTTYPES_H 1
| #define HAVE_STDINT_H 1
| #define HAVE_UNISTD_H 1
| #define HAVE_ARPA_INET_H 1
| #define HAVE_LIBINTL_H 1
| #define HAVE_NETDB_H 1
| #define HAVE_NETINET_IN_H 1
| #define HAVE_STDLIB_H 1
| #define HAVE_STRING_H 1
| #define HAVE_STRINGS_H 1
| #define HAVE_SYS_SOCKET_H 1
| #define HAVE_SYS_TIME_H 1
| #define HAVE_SYSLOG_H 1
| #define HAVE_UNISTD_H 1
| #define HAVE_SSIZE_T 1
| #define TIME_WITH_SYS_TIME 1
| #define Socklen_t socklen_t
| #define HAVE_FORK 1
| #define HAVE_VFORK 1
| #define HAVE_WORKING_VFORK 1
| #define HAVE_WORKING_FORK 1
| #define HAVE_STDLIB_H 1
| #define HAVE_MALLOC 1
| #define HAVE_SYS_SELECT_H 1
| #define HAVE_SYS_SOCKET_H 1
| #define SELECT_TYPE_ARG1 int
| #define SELECT_TYPE_ARG234 (fd_set *)
| #define SELECT_TYPE_ARG5 (struct timeval *)
| #define RETSIGTYPE void
| #define HAVE_STRFTIME 1
| #define HAVE_VPRINTF 1
| #define HAVE_ATEXIT 1
| #define HAVE_GETTIMEOFDAY 1
| #define HAVE_MEMSET 1
| #define HAVE_SELECT 1
| #define HAVE_STRCHR 1
| #define HAVE_STRERROR 1
| #define HAVE_STRTOL 1
| #define HAVE_USLEEP 1
| #define HAVE_SNPRINTF 1
| #define HAVE_INET_PTON 1
| #define HAVE_INET_NTOP 1
| #define HAVE_GETTIMEOFDAY 1
| #define SIZEOF_BOOL 1
| #define HAVE_STRUCT_IP_MREQ 1
| #define HAVE_DECL_IP_ADD_MEMBERSHIP 1
| #define HAVE_MULTICAST 1
| #define HAVE_STRUCT_SOCKADDR_STORAGE 1
| /* end confdefs.h.  */
| #include "compat/headers_slim.h"
| 
| int
| main ()
| {
| if (sizeof ((struct sockaddr_in6)))
| 	    return 0;
|   ;
|   return 0;
| }
configure:7302: result: yes
configure:7313: checking whether AF_INET6 is declared
configure:7313: /home/aav/specter/buildroot-2013.08/output/host/usr/bin/ccache /home/aav/specter/buildroot-2013.08/output/host/usr/bin/arm-none-linux-gnueabi-gcc -c  -D_LARGEFILE_SOURCE -D_LARGEFILE64_SOURCE -D_FILE_OFFSET_BITS=64  -Os -pipe -Os   -D_LARGEFILE_SOURCE -D_LARGEFILE64_SOURCE -D_FILE_OFFSET_BITS=64 conftest.c >&5
configure:7313: $? = 0
configure:7313: result: yes
configure:7325: checking for IPv6 headers and structures
configure:7338: result: yes
configure:7344: checking for struct ipv6_mreq
configure:7344: /home/aav/specter/buildroot-2013.08/output/host/usr/bin/ccache /home/aav/specter/buildroot-2013.08/output/host/usr/bin/arm-none-linux-gnueabi-gcc -c  -D_LARGEFILE_SOURCE -D_LARGEFILE64_SOURCE -D_FILE_OFFSET_BITS=64  -Os -pipe -Os   -D_LARGEFILE_SOURCE -D_LARGEFILE64_SOURCE -D_FILE_OFFSET_BITS=64 conftest.c >&5
configure:7344: $? = 0
configure:7344: /home/aav/specter/buildroot-2013.08/output/host/usr/bin/ccache /home/aav/specter/buildroot-2013.08/output/host/usr/bin/arm-none-linux-gnueabi-gcc -c  -D_LARGEFILE_SOURCE -D_LARGEFILE64_SOURCE -D_FILE_OFFSET_BITS=64  -Os -pipe -Os   -D_LARGEFILE_SOURCE -D_LARGEFILE64_SOURCE -D_FILE_OFFSET_BITS=64 conftest.c >&5
conftest.c: In function 'main':
conftest.c:77:31: error: expected expression before ')' token
configure:7344: $? = 1
configure: failed program was:
| /* confdefs.h */
| #define PACKAGE_NAME "Iperf"
| #define PACKAGE_TARNAME "iperf"
| #define PACKAGE_VERSION "2.0.5"
| #define PACKAGE_STRING "Iperf 2.0.5"
| #define PACKAGE_BUGREPORT ""
| #define PACKAGE_URL ""
| #define PACKAGE "iperf"
| #define VERSION "2.0.5"
| #define HAVE_PTHREAD 1
| #define HAVE_POSIX_THREAD 1
| #define _REENTRANT 1
| #define STDC_HEADERS 1
| #define HAVE_SYS_TYPES_H 1
| #define HAVE_SYS_STAT_H 1
| #define HAVE_STDLIB_H 1
| #define HAVE_STRING_H 1
| #define HAVE_MEMORY_H 1
| #define HAVE_STRINGS_H 1
| #define HAVE_INTTYPES_H 1
| #define HAVE_STDINT_H 1
| #define HAVE_UNISTD_H 1
| #define HAVE_ARPA_INET_H 1
| #define HAVE_LIBINTL_H 1
| #define HAVE_NETDB_H 1
| #define HAVE_NETINET_IN_H 1
| #define HAVE_STDLIB_H 1
| #define HAVE_STRING_H 1
| #define HAVE_STRINGS_H 1
| #define HAVE_SYS_SOCKET_H 1
| #define HAVE_SYS_TIME_H 1
| #define HAVE_SYSLOG_H 1
| #define HAVE_UNISTD_H 1
| #define HAVE_SSIZE_T 1
| #define TIME_WITH_SYS_TIME 1
| #define Socklen_t socklen_t
| #define HAVE_FORK 1
| #define HAVE_VFORK 1
| #define HAVE_WORKING_VFORK 1
| #define HAVE_WORKING_FORK 1
| #define HAVE_STDLIB_H 1
| #define HAVE_MALLOC 1
| #define HAVE_SYS_SELECT_H 1
| #define HAVE_SYS_SOCKET_H 1
| #define SELECT_TYPE_ARG1 int
| #define SELECT_TYPE_ARG234 (fd_set *)
| #define SELECT_TYPE_ARG5 (struct timeval *)
| #define RETSIGTYPE void
| #define HAVE_STRFTIME 1
| #define HAVE_VPRINTF 1
| #define HAVE_ATEXIT 1
| #define HAVE_GETTIMEOFDAY 1
| #define HAVE_MEMSET 1
| #define HAVE_SELECT 1
| #define HAVE_STRCHR 1
| #define HAVE_STRERROR 1
| #define HAVE_STRTOL 1
| #define HAVE_USLEEP 1
| #define HAVE_SNPRINTF 1
| #define HAVE_INET_PTON 1
| #define HAVE_INET_NTOP 1
| #define HAVE_GETTIMEOFDAY 1
| #define SIZEOF_BOOL 1
| #define HAVE_STRUCT_IP_MREQ 1
| #define HAVE_DECL_IP_ADD_MEMBERSHIP 1
| #define HAVE_MULTICAST 1
| #define HAVE_STRUCT_SOCKADDR_STORAGE 1
| #define HAVE_STRUCT_SOCKADDR_IN6 1
| #define HAVE_DECL_AF_INET6 1
| #define HAVE_IPV6 1
| /* end confdefs.h.  */
| #include "compat/headers_slim.h"
| 
| int
| main ()
| {
| if (sizeof ((struct ipv6_mreq)))
| 	    return 0;
|   ;
|   return 0;
| }
configure:7344: result: yes
configure:7355: checking whether IPV6_ADD_MEMBERSHIP is declared
configure:7355: /home/aav/specter/buildroot-2013.08/output/host/usr/bin/ccache /home/aav/specter/buildroot-2013.08/output/host/usr/bin/arm-none-linux-gnueabi-gcc -c  -D_LARGEFILE_SOURCE -D_LARGEFILE64_SOURCE -D_FILE_OFFSET_BITS=64  -Os -pipe -Os   -D_LARGEFILE_SOURCE -D_LARGEFILE64_SOURCE -D_FILE_OFFSET_BITS=64 conftest.c >&5
configure:7355: $? = 0
configure:7355: result: yes
configure:7367: checking whether IPV6_MULTICAST_HOPS is declared
configure:7367: /home/aav/specter/buildroot-2013.08/output/host/usr/bin/ccache /home/aav/specter/buildroot-2013.08/output/host/usr/bin/arm-none-linux-gnueabi-gcc -c  -D_LARGEFILE_SOURCE -D_LARGEFILE64_SOURCE -D_FILE_OFFSET_BITS=64  -Os -pipe -Os   -D_LARGEFILE_SOURCE -D_LARGEFILE64_SOURCE -D_FILE_OFFSET_BITS=64 conftest.c >&5
configure:7367: $? = 0
configure:7367: result: yes
configure:7379: checking for IPv6 multicast support
configure:7392: result: yes
configure:7513: checking whether make is GNU make
configure:7520: result: yes
configure:7649: creating ./config.status

## ---------------------- ##
## Running config.status. ##
## ---------------------- ##

This file was extended by Iperf config.status 2.0.5, which was
generated by GNU Autoconf 2.65.  Invocation command line was

  CONFIG_FILES    = 
  CONFIG_HEADERS  = 
  CONFIG_LINKS    = 
  CONFIG_COMMANDS = 
  $ ./config.status 

on aav-K52Je

config.status:8618: creating Makefile
config.status:8618: creating compat/Makefile
config.status:8618: creating doc/Makefile
config.status:8618: creating include/Makefile
config.status:8618: creating src/Makefile
config.status:8618: creating man/Makefile
config.status:8618: creating config.h
config.status:8837: executing depfiles commands
config.status:8837: executing include/iperf-int.h commands
config.status:8928: creating include/iperf-int.h : _IPERF_INCLUDE_IPERF_INT_H
configure:9425: WARNING: unrecognized options: --disable-gtk-doc, --disable-doc, --disable-docs, --disable-documentation, --with-xmlto, --with-fop, --enable-static, --enable-shared

## ---------------- ##
## Cache variables. ##
## ---------------- ##

ac_cv_accept_arg='socklen_t'
ac_cv_build='i686-pc-linux-gnu'
ac_cv_c_bigendian='no'
ac_cv_c_compiler_gnu='yes'
ac_cv_c_const='yes'
ac_cv_cxx_compiler_gnu='yes'
ac_cv_env_CCC_set=''
ac_cv_env_CCC_value=''
ac_cv_env_CC_set='set'
ac_cv_env_CC_value='/home/aav/specter/buildroot-2013.08/output/host/usr/bin/ccache /home/aav/specter/buildroot-2013.08/output/host/usr/bin/arm-none-linux-gnueabi-gcc'
ac_cv_env_CFLAGS_set='set'
ac_cv_env_CFLAGS_value='-D_LARGEFILE_SOURCE -D_LARGEFILE64_SOURCE -D_FILE_OFFSET_BITS=64  -Os -pipe -Os '
ac_cv_env_CPPFLAGS_set='set'
ac_cv_env_CPPFLAGS_value='-D_LARGEFILE_SOURCE -D_LARGEFILE64_SOURCE -D_FILE_OFFSET_BITS=64'
ac_cv_env_CPP_set='set'
ac_cv_env_CPP_value='/home/aav/specter/buildroot-2013.08/output/host/usr/bin/arm-none-linux-gnueabi-cpp'
ac_cv_env_CXXFLAGS_set='set'
ac_cv_env_CXXFLAGS_value='-D_LARGEFILE_SOURCE -D_LARGEFILE64_SOURCE -D_FILE_OFFSET_BITS=64  -Os -pipe -Os '
ac_cv_env_CXX_set='set'
ac_cv_env_CXX_value='/home/aav/specter/buildroot-2013.08/output/host/usr/bin/ccache /home/aav/specter/buildroot-2013.08/output/host/usr/bin/arm-none-linux-gnueabi-g++'
ac_cv_env_LDFLAGS_set='set'
ac_cv_env_LDFLAGS_value=''
ac_cv_env_LIBS_set=''
ac_cv_env_LIBS_value=''
ac_cv_env_build_alias_set='set'
ac_cv_env_build_alias_value='i686-pc-linux-gnu'
ac_cv_env_host_alias_set='set'
ac_cv_env_host_alias_value='arm-buildroot-linux-gnueabi'
ac_cv_env_target_alias_set='set'
ac_cv_env_target_alias_value='arm-buildroot-linux-gnueabi'
ac_cv_func__doprnt='no'
ac_cv_func_atexit='yes'
ac_cv_func_calloc_0_nonnull='yes'
ac_cv_func_fork='yes'
ac_cv_func_fork_works='yes'
ac_cv_func_gethostbyname='yes'
ac_cv_func_gettimeofday='yes'
ac_cv_func_inet_ntop='yes'
ac_cv_func_inet_pton='yes'
ac_cv_func_malloc_0_nonnull='yes'
ac_cv_func_memcmp_working='yes'
ac_cv_func_memset='yes'
ac_cv_func_mmap_fixed_mapped='yes'
ac_cv_func_pthread_cancel='no'
ac_cv_func_realloc_0_nonnull='yes'
ac_cv_func_select='yes'
ac_cv_func_select_args='int,fd_set *,struct timeval *'
ac_cv_func_snprintf='yes'
ac_cv_func_socket='yes'
ac_cv_func_strchr='yes'
ac_cv_func_strerror='yes'
ac_cv_func_strftime='yes'
ac_cv_func_strtol='yes'
ac_cv_func_usleep='yes'
ac_cv_func_vfork='yes'
ac_cv_func_vfork_works='yes'
ac_cv_func_vprintf='yes'
ac_cv_have_decl_AF_INET6='yes'
ac_cv_have_decl_IPV6_ADD_MEMBERSHIP='yes'
ac_cv_have_decl_IPV6_MULTICAST_HOPS='yes'
ac_cv_have_decl_IP_ADD_MEMBERSHIP='yes'
ac_cv_have_decl_malloc='yes'
ac_cv_have_ipv6='yes'
ac_cv_have_ipv6_multicast='yes'
ac_cv_have_true='yes'
ac_cv_header_arpa_inet_h='yes'
ac_cv_header_inttypes_h='yes'
ac_cv_header_libintl_h='yes'
ac_cv_header_memory_h='yes'
ac_cv_header_netdb_h='yes'
ac_cv_header_netinet_in_h='yes'
ac_cv_header_stdc='yes'
ac_cv_header_stdint='stdint.h'
ac_cv_header_stdint_h='yes'
ac_cv_header_stdint_t='stdint.h'
ac_cv_header_stdlib_h='yes'
ac_cv_header_string_h='yes'
ac_cv_header_strings_h='yes'
ac_cv_header_sys_select_h='yes'
ac_cv_header_sys_socket_h='yes'
ac_cv_header_sys_stat_h='yes'
ac_cv_header_sys_time_h='yes'
ac_cv_header_sys_types_h='yes'
ac_cv_header_syslog_h='yes'
ac_cv_header_time='yes'
ac_cv_header_unistd_h='yes'
ac_cv_header_vfork_h='no'
ac_cv_host='arm-buildroot-linux-gnueabi'
ac_cv_lbl_unaligned_fail='yes'
ac_cv_multicast='yes'
ac_cv_objext='o'
ac_cv_path_EGREP='/bin/grep -E'
ac_cv_path_GREP='/bin/grep'
ac_cv_path_install='/usr/bin/install -c'
ac_cv_prog_AWK='mawk'
ac_cv_prog_CC='/home/aav/specter/buildroot-2013.08/output/host/usr/bin/ccache /home/aav/specter/buildroot-2013.08/output/host/usr/bin/arm-none-linux-gnueabi-gcc'
ac_cv_prog_CPP='/home/aav/specter/buildroot-2013.08/output/host/usr/bin/arm-none-linux-gnueabi-cpp'
ac_cv_prog_PTHREAD_CC='/home/aav/specter/buildroot-2013.08/output/host/usr/bin/ccache /home/aav/specter/buildroot-2013.08/output/host/usr/bin/arm-none-linux-gnueabi-gcc'
ac_cv_prog_RANLIB='/home/aav/specter/buildroot-2013.08/output/host/usr/bin/arm-none-linux-gnueabi-ranlib'
ac_cv_prog_STRIP='/home/aav/specter/buildroot-2013.08/output/host/usr/bin/arm-none-linux-gnueabi-strip'
ac_cv_prog_cc_c89=''
ac_cv_prog_cc_g='yes'
ac_cv_prog_cxx_g='yes'
ac_cv_prog_make_make_set='yes'
ac_cv_search_strerror='none required'
ac_cv_sizeof_bool='1'
ac_cv_stdint_message='using gnu compiler arm-none-linux-gnueabi-gcc (Sourcery CodeBench Lite 2013.05-24) 4.7.3'
ac_cv_stdint_result='(assuming C99 compatible system)'
ac_cv_struct_tm='time.h'
ac_cv_type_bool='yes'
ac_cv_type_pid_t='yes'
ac_cv_type_signal='void'
ac_cv_type_size_t='yes'
ac_cv_type_ssize_t='yes'
ac_cv_type_struct_ip_mreq='yes'
ac_cv_type_struct_ipv6_mreq='yes'
ac_cv_type_struct_sockaddr_in6='yes'
ac_cv_type_struct_sockaddr_storage='yes'
am_cv_CC_dependencies_compiler_type='none'
am_cv_CXX_dependencies_compiler_type='none'
gl_cv_func_malloc_0_nonnull='yes'
lt_cv_sys_lib_search_path_spec=''

## ----------------- ##
## Output variables. ##
## ----------------- ##

ACLOCAL='${SHELL} /home/aav/specter/buildroot-2013.08/output/build/iperf-2.0.5/missing --run aclocal-1.9'
AMDEPBACKSLASH=''
AMDEP_FALSE=''
AMDEP_TRUE='#'
AMTAR='${SHELL} /home/aav/specter/buildroot-2013.08/output/build/iperf-2.0.5/missing --run tar'
AUTOCONF='${SHELL} /home/aav/specter/buildroot-2013.08/output/build/iperf-2.0.5/missing --run autoconf'
AUTOHEADER='${SHELL} /home/aav/specter/buildroot-2013.08/output/build/iperf-2.0.5/missing --run autoheader'
AUTOMAKE='${SHELL} /home/aav/specter/buildroot-2013.08/output/build/iperf-2.0.5/missing --run automake-1.9'
AWK='mawk'
CC='/home/aav/specter/buildroot-2013.08/output/host/usr/bin/ccache /home/aav/specter/buildroot-2013.08/output/host/usr/bin/arm-none-linux-gnueabi-gcc'
CCDEPMODE='depmode=none'
CFLAGS=' -D_LARGEFILE_SOURCE -D_LARGEFILE64_SOURCE -D_FILE_OFFSET_BITS=64  -Os -pipe -Os  '
CPP='/home/aav/specter/buildroot-2013.08/output/host/usr/bin/arm-none-linux-gnueabi-cpp'
CPPFLAGS='-D_LARGEFILE_SOURCE -D_LARGEFILE64_SOURCE -D_FILE_OFFSET_BITS=64'
CXX='/home/aav/specter/buildroot-2013.08/output/host/usr/bin/ccache /home/aav/specter/buildroot-2013.08/output/host/usr/bin/arm-none-linux-gnueabi-g++'
CXXDEPMODE='depmode=none'
CXXFLAGS=' -D_LARGEFILE_SOURCE -D_LARGEFILE64_SOURCE -D_FILE_OFFSET_BITS=64  -Os -pipe -Os  '
CYGPATH_W='echo'
DEFS='-DHAVE_CONFIG_H'
DEPDIR='.deps'
ECHO_C=''
ECHO_N='-n'
ECHO_T=''
EGREP='/bin/grep -E'
EXEEXT=''
GREP='/bin/grep'
INSTALL_DATA='${INSTALL} -m 644'
INSTALL_PROGRAM='${INSTALL}'
INSTALL_SCRIPT='${INSTALL}'
INSTALL_STRIP_PROGRAM='${SHELL} $(install_sh) -c -s'
LDFLAGS=''
LIBOBJS=''
LIBS=''
LTLIBOBJS=''
MAKEINFO='${SHELL} /home/aav/specter/buildroot-2013.08/output/build/iperf-2.0.5/missing --run makeinfo'
OBJEXT='o'
PACKAGE='iperf'
PACKAGE_BUGREPORT=''
PACKAGE_NAME='Iperf'
PACKAGE_STRING='Iperf 2.0.5'
PACKAGE_TARNAME='iperf'
PACKAGE_URL=''
PACKAGE_VERSION='2.0.5'
PATH_SEPARATOR=':'
PTHREAD_CC='/home/aav/specter/buildroot-2013.08/output/host/usr/bin/ccache /home/aav/specter/buildroot-2013.08/output/host/usr/bin/arm-none-linux-gnueabi-gcc'
PTHREAD_CFLAGS='-pthread'
PTHREAD_LIBS=''
RANLIB='/home/aav/specter/buildroot-2013.08/output/host/usr/bin/arm-none-linux-gnueabi-ranlib'
SET_MAKE=''
SHELL='/bin/bash'
STRIP='/home/aav/specter/buildroot-2013.08/output/host/usr/bin/arm-none-linux-gnueabi-strip'
STRIP_BEGIN='$(strip $(STRIP_DUMMY)'
STRIP_DUMMY=''
STRIP_END=')'
VERSION='2.0.5'
WEB100_CFLAGS=''
WEB100_CONFIG=''
WEB100_LIBS=''
ac_ct_CC=''
ac_ct_CXX=''
acx_pthread_config=''
am__fastdepCC_FALSE=''
am__fastdepCC_TRUE='#'
am__fastdepCXX_FALSE=''
am__fastdepCXX_TRUE='#'
am__include='include'
am__leading_dot='.'
am__quote=''
am__tar='${AMTAR} chof - "$$tardir"'
am__untar='${AMTAR} xf -'
bindir='${exec_prefix}/bin'
build='i686-pc-linux-gnu'
build_alias='i686-pc-linux-gnu'
build_cpu='i686'
build_os='linux-gnu'
build_vendor='pc'
datadir='${datarootdir}'
datarootdir='${prefix}/share'
docdir='${datarootdir}/doc/${PACKAGE_TARNAME}'
dvidir='${docdir}'
exec_prefix='/usr'
host='arm-buildroot-linux-gnueabi'
host_alias='arm-buildroot-linux-gnueabi'
host_cpu='arm'
host_os='linux-gnueabi'
host_vendor='buildroot'
htmldir='${docdir}'
includedir='${prefix}/include'
infodir='${datarootdir}/info'
install_sh='/home/aav/specter/buildroot-2013.08/output/build/iperf-2.0.5/install-sh'
libdir='${exec_prefix}/lib'
libexecdir='${exec_prefix}/libexec'
localedir='${datarootdir}/locale'
localstatedir='${prefix}/var'
mandir='${datarootdir}/man'
mkdir_p='mkdir -p --'
oldincludedir='/usr/include'
pdfdir='${docdir}'
prefix='/usr'
program_transform_name='s&^&&'
psdir='${docdir}'
sbindir='${exec_prefix}/sbin'
sharedstatedir='${prefix}/com'
sysconfdir='/etc'
target_alias='arm-buildroot-linux-gnueabi'

## ----------- ##
## confdefs.h. ##
## ----------- ##

/* confdefs.h */
#define PACKAGE_NAME "Iperf"
#define PACKAGE_TARNAME "iperf"
#define PACKAGE_VERSION "2.0.5"
#define PACKAGE_STRING "Iperf 2.0.5"
#define PACKAGE_BUGREPORT ""
#define PACKAGE_URL ""
#define PACKAGE "iperf"
#define VERSION "2.0.5"
#define HAVE_PTHREAD 1
#define HAVE_POSIX_THREAD 1
#define _REENTRANT 1
#define STDC_HEADERS 1
#define HAVE_SYS_TYPES_H 1
#define HAVE_SYS_STAT_H 1
#define HAVE_STDLIB_H 1
#define HAVE_STRING_H 1
#define HAVE_MEMORY_H 1
#define HAVE_STRINGS_H 1
#define HAVE_INTTYPES_H 1
#define HAVE_STDINT_H 1
#define HAVE_UNISTD_H 1
#define HAVE_ARPA_INET_H 1
#define HAVE_LIBINTL_H 1
#define HAVE_NETDB_H 1
#define HAVE_NETINET_IN_H 1
#define HAVE_STDLIB_H 1
#define HAVE_STRING_H 1
#define HAVE_STRINGS_H 1
#define HAVE_SYS_SOCKET_H 1
#define HAVE_SYS_TIME_H 1
#define HAVE_SYSLOG_H 1
#define HAVE_UNISTD_H 1
#define HAVE_SSIZE_T 1
#define TIME_WITH_SYS_TIME 1
#define Socklen_t socklen_t
#define HAVE_FORK 1
#define HAVE_VFORK 1
#define HAVE_WORKING_VFORK 1
#define HAVE_WORKING_FORK 1
#define HAVE_STDLIB_H 1
#define HAVE_MALLOC 1
#define HAVE_SYS_SELECT_H 1
#define HAVE_SYS_SOCKET_H 1
#define SELECT_TYPE_ARG1 int
#define SELECT_TYPE_ARG234 (fd_set *)
#define SELECT_TYPE_ARG5 (struct timeval *)
#define RETSIGTYPE void
#define HAVE_STRFTIME 1
#define HAVE_VPRINTF 1
#define HAVE_ATEXIT 1
#define HAVE_GETTIMEOFDAY 1
#define HAVE_MEMSET 1
#define HAVE_SELECT 1
#define HAVE_STRCHR 1
#define HAVE_STRERROR 1
#define HAVE_STRTOL 1
#define HAVE_USLEEP 1
#define HAVE_SNPRINTF 1
#define HAVE_INET_PTON 1
#define HAVE_INET_NTOP 1
#define HAVE_GETTIMEOFDAY 1
#define SIZEOF_BOOL 1
#define HAVE_STRUCT_IP_MREQ 1
#define HAVE_DECL_IP_ADD_MEMBERSHIP 1
#define HAVE_MULTICAST 1
#define HAVE_STRUCT_SOCKADDR_STORAGE 1
#define HAVE_STRUCT_SOCKADDR_IN6 1
#define HAVE_DECL_AF_INET6 1
#define HAVE_IPV6 1
#define HAVE_STRUCT_IPV6_MREQ 1
#define HAVE_DECL_IPV6_ADD_MEMBERSHIP 1
#define HAVE_DECL_IPV6_MULTICAST_HOPS 1
#define HAVE_IPV6_MULTICAST 1

configure: exit 0
