This file contains any messages produced by compilers while
running configure, to aid debugging if configure makes a mistake.

It was created by libqmi configure 1.4.0, which was
generated by GNU Autoconf 2.69.  Invocation command line was

  $ ./configure --target=arm-buildroot-linux-gnueabi --host=arm-buildroot-linux-gnueabi --build=i686-pc-linux-gnu --prefix=/usr --exec-prefix=/usr --sysconfdir=/etc --program-prefix= --disable-gtk-doc --disable-doc --disable-docs --disable-documentation --with-xmlto=no --with-fop=no --enable-ipv6 --enable-static --enable-shared

## --------- ##
## Platform. ##
## --------- ##

hostname = aav-K52Je
uname -m = i686
uname -r = 3.11.0-12-generic
uname -s = Linux
uname -v = #19-Ubuntu SMP Wed Oct 9 16:12:00 UTC 2013

/usr/bin/uname -p = unknown
/bin/uname -X     = unknown

/bin/arch              = unknown
/usr/bin/arch -k       = unknown
/usr/convex/getsysinfo = unknown
/usr/bin/hostinfo      = unknown
/bin/machine           = unknown
/usr/bin/oslevel       = unknown
/bin/universe          = unknown

PATH: /home/aav/specter/buildroot-2013.08/output/host/bin
PATH: /home/aav/specter/buildroot-2013.08/output/host/usr/bin
PATH: /home/aav/specter/buildroot-2013.08/output/host/usr/sbin/
PATH: /home/aav/bin
PATH: /usr/local/sbin
PATH: /usr/local/bin
PATH: /usr/sbin
PATH: /usr/bin
PATH: /sbin
PATH: /bin
PATH: /usr/games
PATH: /usr/local/games


## ----------- ##
## Core tests. ##
## ----------- ##

configure:2234: checking for a BSD-compatible install
configure:2302: result: /usr/bin/install -c
configure:2313: checking whether build environment is sane
configure:2368: result: yes
configure:2427: checking for arm-buildroot-linux-gnueabi-strip
configure:2454: result: /home/aav/specter/buildroot-2013.08/output/host/usr/bin/arm-none-linux-gnueabi-strip
configure:2519: checking for a thread-safe mkdir -p
configure:2558: result: /bin/mkdir -p
configure:2565: checking for gawk
configure:2595: result: no
configure:2565: checking for mawk
configure:2581: found /usr/bin/mawk
configure:2592: result: mawk
configure:2603: checking whether make sets $(MAKE)
configure:2625: result: yes
configure:2654: checking whether make supports nested variables
configure:2671: result: yes
configure:2736: checking how to create a ustar tar archive
configure:2749: tar --version
tar (GNU tar) 1.26
Copyright (C) 2011 Free Software Foundation, Inc.
License GPLv3+: GNU GPL version 3 or later <http://gnu.org/licenses/gpl.html>.
This is free software: you are free to change and redistribute it.
There is NO WARRANTY, to the extent permitted by law.

Written by John Gilmore and Jay Fenlason.
configure:2752: $? = 0
configure:2792: tardir=conftest.dir && eval tar --format=ustar -chf - "$tardir" >conftest.tar
configure:2795: $? = 0
configure:2799: tar -xf - <conftest.tar
configure:2802: $? = 0
configure:2815: result: gnutar
configure:2823: checking whether to enable maintainer-specific portions of Makefiles
configure:2832: result: yes
configure:2857: checking whether make supports nested variables
configure:2874: result: yes
configure:2894: checking for arm-buildroot-linux-gnueabi-gcc
configure:2921: result: /home/aav/specter/buildroot-2013.08/output/host/usr/bin/ccache /home/aav/specter/buildroot-2013.08/output/host/usr/bin/arm-none-linux-gnueabi-gcc
configure:3190: checking for C compiler version
configure:3199: /home/aav/specter/buildroot-2013.08/output/host/usr/bin/ccache /home/aav/specter/buildroot-2013.08/output/host/usr/bin/arm-none-linux-gnueabi-gcc --version >&5
arm-none-linux-gnueabi-gcc (Sourcery CodeBench Lite 2013.05-24) 4.7.3
Copyright (C) 2012 Free Software Foundation, Inc.
This is free software; see the source for copying conditions.  There is NO
warranty; not even for MERCHANTABILITY or FITNESS FOR A PARTICULAR PURPOSE.

configure:3210: $? = 0
configure:3199: /home/aav/specter/buildroot-2013.08/output/host/usr/bin/ccache /home/aav/specter/buildroot-2013.08/output/host/usr/bin/arm-none-linux-gnueabi-gcc -v >&5
Using built-in specs.
COLLECT_GCC=/home/aav/arm-2013.05_linux/bin/arm-none-linux-gnueabi-gcc
COLLECT_LTO_WRAPPER=/home/aav/arm-2013.05_linux/bin/../libexec/gcc/arm-none-linux-gnueabi/4.7.3/lto-wrapper
Target: arm-none-linux-gnueabi
Configured with: /scratch/jbrown/2013.05-arm-linux-release/src/gcc-4.7-2013.05/configure --build=i686-pc-linux-gnu --host=i686-pc-linux-gnu --target=arm-none-linux-gnueabi --enable-threads --disable-libmudflap --disable-libssp --disable-libstdcxx-pch --enable-extra-sgxxlite-multilibs --with-arch=armv5te --with-gnu-as --with-gnu-ld --with-specs='%{save-temps: -fverbose-asm} %{funwind-tables|fno-unwind-tables|mabi=*|ffreestanding|nostdlib:;:-funwind-tables} -D__CS_SOURCERYGXX_MAJ__=2013 -D__CS_SOURCERYGXX_MIN__=5 -D__CS_SOURCERYGXX_REV__=24 %{O2:%{!fno-remove-local-statics: -fremove-local-statics}} %{O*:%{O|O0|O1|O2|Os:;:%{!fno-remove-local-statics: -fremove-local-statics}}}' --enable-languages=c,c++ --enable-shared --enable-lto --enable-symvers=gnu --enable-__cxa_atexit --with-pkgversion='Sourcery CodeBench Lite 2013.05-24' --with-bugurl=https://sourcery.mentor.com/GNUToolchain/ --disable-nls --prefix=/opt/codesourcery --with-sysroot=/opt/codesourcery/arm-none-linux-gnueabi/libc --with-build-sysroot=/scratch/jbrown/2013.05-arm-linux-release/install/arm-none-linux-gnueabi/libc --with-gmp=/scratch/jbrown/2013.05-arm-linux-release/obj/pkg-2013.05-24-arm-none-linux-gnueabi/arm-2013.05-24-arm-none-linux-gnueabi.extras/host-libs-i686-pc-linux-gnu/usr --with-mpfr=/scratch/jbrown/2013.05-arm-linux-release/obj/pkg-2013.05-24-arm-none-linux-gnueabi/arm-2013.05-24-arm-none-linux-gnueabi.extras/host-libs-i686-pc-linux-gnu/usr --with-mpc=/scratch/jbrown/2013.05-arm-linux-release/obj/pkg-2013.05-24-arm-none-linux-gnueabi/arm-2013.05-24-arm-none-linux-gnueabi.extras/host-libs-i686-pc-linux-gnu/usr --with-ppl=/scratch/jbrown/2013.05-arm-linux-release/obj/pkg-2013.05-24-arm-none-linux-gnueabi/arm-2013.05-24-arm-none-linux-gnueabi.extras/host-libs-i686-pc-linux-gnu/usr --with-host-libstdcxx='-static-libgcc -Wl,-Bstatic,-lstdc++,-Bdynamic -lm' --with-cloog=/scratch/jbrown/2013.05-arm-linux-release/obj/pkg-2013.05-24-arm-none-linux-gnueabi/arm-2013.05-24-arm-none-linux-gnueabi.extras/host-libs-i686-pc-linux-gnu/usr --with-libelf=/scratch/jbrown/2013.05-arm-linux-release/obj/pkg-2013.05-24-arm-none-linux-gnueabi/arm-2013.05-24-arm-none-linux-gnueabi.extras/host-libs-i686-pc-linux-gnu/usr --disable-libgomp --disable-libitm --enable-poison-system-directories --with-build-time-tools=/scratch/jbrown/2013.05-arm-linux-release/install/arm-none-linux-gnueabi/bin --with-build-time-tools=/scratch/jbrown/2013.05-arm-linux-release/install/arm-none-linux-gnueabi/bin
Thread model: posix
gcc version 4.7.3 (Sourcery CodeBench Lite 2013.05-24) 
configure:3210: $? = 0
configure:3199: /home/aav/specter/buildroot-2013.08/output/host/usr/bin/ccache /home/aav/specter/buildroot-2013.08/output/host/usr/bin/arm-none-linux-gnueabi-gcc -V >&5
arm-none-linux-gnueabi-gcc: error: unrecognized command line option '-V'
arm-none-linux-gnueabi-gcc: fatal error: no input files
compilation terminated.
configure:3210: $? = 1
configure:3199: /home/aav/specter/buildroot-2013.08/output/host/usr/bin/ccache /home/aav/specter/buildroot-2013.08/output/host/usr/bin/arm-none-linux-gnueabi-gcc -qversion >&5
arm-none-linux-gnueabi-gcc: error: unrecognized command line option '-qversion'
arm-none-linux-gnueabi-gcc: fatal error: no input files
compilation terminated.
configure:3210: $? = 1
configure:3230: checking whether the C compiler works
configure:3252: /home/aav/specter/buildroot-2013.08/output/host/usr/bin/ccache /home/aav/specter/buildroot-2013.08/output/host/usr/bin/arm-none-linux-gnueabi-gcc -D_LARGEFILE_SOURCE -D_LARGEFILE64_SOURCE -D_FILE_OFFSET_BITS=64  -Os -pipe -Os  -D_LARGEFILE_SOURCE -D_LARGEFILE64_SOURCE -D_FILE_OFFSET_BITS=64  conftest.c  >&5
configure:3256: $? = 0
configure:3304: result: yes
configure:3307: checking for C compiler default output file name
configure:3309: result: a.out
configure:3315: checking for suffix of executables
configure:3322: /home/aav/specter/buildroot-2013.08/output/host/usr/bin/ccache /home/aav/specter/buildroot-2013.08/output/host/usr/bin/arm-none-linux-gnueabi-gcc -o conftest -D_LARGEFILE_SOURCE -D_LARGEFILE64_SOURCE -D_FILE_OFFSET_BITS=64  -Os -pipe -Os  -D_LARGEFILE_SOURCE -D_LARGEFILE64_SOURCE -D_FILE_OFFSET_BITS=64  conftest.c  >&5
configure:3326: $? = 0
configure:3348: result: 
configure:3370: checking whether we are cross compiling
configure:3408: result: yes
configure:3413: checking for suffix of object files
configure:3435: /home/aav/specter/buildroot-2013.08/output/host/usr/bin/ccache /home/aav/specter/buildroot-2013.08/output/host/usr/bin/arm-none-linux-gnueabi-gcc -c -D_LARGEFILE_SOURCE -D_LARGEFILE64_SOURCE -D_FILE_OFFSET_BITS=64  -Os -pipe -Os  -D_LARGEFILE_SOURCE -D_LARGEFILE64_SOURCE -D_FILE_OFFSET_BITS=64 conftest.c >&5
configure:3439: $? = 0
configure:3460: result: o
configure:3464: checking whether we are using the GNU C compiler
configure:3483: /home/aav/specter/buildroot-2013.08/output/host/usr/bin/ccache /home/aav/specter/buildroot-2013.08/output/host/usr/bin/arm-none-linux-gnueabi-gcc -c -D_LARGEFILE_SOURCE -D_LARGEFILE64_SOURCE -D_FILE_OFFSET_BITS=64  -Os -pipe -Os  -D_LARGEFILE_SOURCE -D_LARGEFILE64_SOURCE -D_FILE_OFFSET_BITS=64 conftest.c >&5
configure:3483: $? = 0
configure:3492: result: yes
configure:3501: checking whether /home/aav/specter/buildroot-2013.08/output/host/usr/bin/ccache /home/aav/specter/buildroot-2013.08/output/host/usr/bin/arm-none-linux-gnueabi-gcc accepts -g
configure:3521: /home/aav/specter/buildroot-2013.08/output/host/usr/bin/ccache /home/aav/specter/buildroot-2013.08/output/host/usr/bin/arm-none-linux-gnueabi-gcc -c -g -D_LARGEFILE_SOURCE -D_LARGEFILE64_SOURCE -D_FILE_OFFSET_BITS=64 conftest.c >&5
configure:3521: $? = 0
configure:3562: result: yes
configure:3579: checking for /home/aav/specter/buildroot-2013.08/output/host/usr/bin/ccache /home/aav/specter/buildroot-2013.08/output/host/usr/bin/arm-none-linux-gnueabi-gcc option to accept ISO C89
configure:3642: /home/aav/specter/buildroot-2013.08/output/host/usr/bin/ccache /home/aav/specter/buildroot-2013.08/output/host/usr/bin/arm-none-linux-gnueabi-gcc  -c -D_LARGEFILE_SOURCE -D_LARGEFILE64_SOURCE -D_FILE_OFFSET_BITS=64  -Os -pipe -Os  -D_LARGEFILE_SOURCE -D_LARGEFILE64_SOURCE -D_FILE_OFFSET_BITS=64 conftest.c >&5
configure:3642: $? = 0
configure:3655: result: none needed
configure:3686: checking for style of include used by make
configure:3714: result: GNU
configure:3740: checking dependency style of /home/aav/specter/buildroot-2013.08/output/host/usr/bin/ccache /home/aav/specter/buildroot-2013.08/output/host/usr/bin/arm-none-linux-gnueabi-gcc
configure:3851: result: gcc3
configure:3867: checking whether /home/aav/specter/buildroot-2013.08/output/host/usr/bin/ccache /home/aav/specter/buildroot-2013.08/output/host/usr/bin/arm-none-linux-gnueabi-gcc and cc understand -c and -o together
configure:3898: /home/aav/specter/buildroot-2013.08/output/host/usr/bin/ccache /home/aav/specter/buildroot-2013.08/output/host/usr/bin/arm-none-linux-gnueabi-gcc -c conftest.c -o conftest2.o >&5
configure:3902: $? = 0
configure:3908: /home/aav/specter/buildroot-2013.08/output/host/usr/bin/ccache /home/aav/specter/buildroot-2013.08/output/host/usr/bin/arm-none-linux-gnueabi-gcc -c conftest.c -o conftest2.o >&5
configure:3912: $? = 0
configure:3923: cc -c conftest.c >&5
configure:3927: $? = 0
configure:3935: cc -c conftest.c -o conftest2.o >&5
configure:3939: $? = 0
configure:3945: cc -c conftest.c -o conftest2.o >&5
configure:3949: $? = 0
configure:3967: result: yes
configure:4024: checking build system type
configure:4038: result: i686-pc-linux-gnu
configure:4058: checking host system type
configure:4071: result: arm-buildroot-linux-gnueabi
configure:4112: checking how to print strings
configure:4139: result: printf
configure:4160: checking for a sed that does not truncate output
configure:4224: result: /bin/sed
configure:4242: checking for grep that handles long lines and -e
configure:4300: result: /bin/grep
configure:4305: checking for egrep
configure:4367: result: /bin/grep -E
configure:4372: checking for fgrep
configure:4434: result: /bin/grep -F
configure:4469: checking for ld used by /home/aav/specter/buildroot-2013.08/output/host/usr/bin/ccache /home/aav/specter/buildroot-2013.08/output/host/usr/bin/arm-none-linux-gnueabi-gcc
configure:4536: result: /home/aav/specter/buildroot-2013.08/output/host/usr/bin/arm-none-linux-gnueabi-ld
configure:4543: checking if the linker (/home/aav/specter/buildroot-2013.08/output/host/usr/bin/arm-none-linux-gnueabi-ld) is GNU ld
configure:4558: result: yes
configure:4570: checking for BSD- or MS-compatible name lister (nm)
configure:4619: result: /home/aav/specter/buildroot-2013.08/output/host/usr/bin/arm-none-linux-gnueabi-nm
configure:4749: checking the name lister (/home/aav/specter/buildroot-2013.08/output/host/usr/bin/arm-none-linux-gnueabi-nm) interface
configure:4756: /home/aav/specter/buildroot-2013.08/output/host/usr/bin/ccache /home/aav/specter/buildroot-2013.08/output/host/usr/bin/arm-none-linux-gnueabi-gcc -c -D_LARGEFILE_SOURCE -D_LARGEFILE64_SOURCE -D_FILE_OFFSET_BITS=64  -Os -pipe -Os  -D_LARGEFILE_SOURCE -D_LARGEFILE64_SOURCE -D_FILE_OFFSET_BITS=64 conftest.c >&5
configure:4759: /home/aav/specter/buildroot-2013.08/output/host/usr/bin/arm-none-linux-gnueabi-nm "conftest.o"
configure:4762: output
00000000 B some_variable
configure:4769: result: BSD nm
configure:4772: checking whether ln -s works
configure:4776: result: yes
configure:4784: checking the maximum length of command line arguments
configure:4914: result: 805306365
configure:4931: checking whether the shell understands some XSI constructs
configure:4941: result: yes
configure:4945: checking whether the shell understands "+="
configure:4951: result: yes
configure:4986: checking how to convert i686-pc-linux-gnu file names to arm-buildroot-linux-gnueabi format
configure:5026: result: func_convert_file_noop
configure:5033: checking how to convert i686-pc-linux-gnu file names to toolchain format
configure:5053: result: func_convert_file_noop
configure:5060: checking for /home/aav/specter/buildroot-2013.08/output/host/usr/bin/arm-none-linux-gnueabi-ld option to reload object files
configure:5067: result: -r
configure:5101: checking for arm-buildroot-linux-gnueabi-objdump
configure:5128: result: /home/aav/specter/buildroot-2013.08/output/host/usr/bin/arm-none-linux-gnueabi-objdump
configure:5200: checking how to recognize dependent libraries
configure:5402: result: pass_all
configure:5447: checking for arm-buildroot-linux-gnueabi-dlltool
configure:5477: result: no
configure:5487: checking for dlltool
configure:5517: result: no
configure:5547: checking how to associate runtime and link libraries
configure:5574: result: printf %s\n
configure:5591: checking for arm-buildroot-linux-gnueabi-ar
configure:5618: result: /home/aav/specter/buildroot-2013.08/output/host/usr/bin/arm-none-linux-gnueabi-ar
configure:5699: checking for archiver @FILE support
configure:5716: /home/aav/specter/buildroot-2013.08/output/host/usr/bin/ccache /home/aav/specter/buildroot-2013.08/output/host/usr/bin/arm-none-linux-gnueabi-gcc -c -D_LARGEFILE_SOURCE -D_LARGEFILE64_SOURCE -D_FILE_OFFSET_BITS=64  -Os -pipe -Os  -D_LARGEFILE_SOURCE -D_LARGEFILE64_SOURCE -D_FILE_OFFSET_BITS=64 conftest.c >&5
configure:5716: $? = 0
configure:5719: /home/aav/specter/buildroot-2013.08/output/host/usr/bin/arm-none-linux-gnueabi-ar cru libconftest.a @conftest.lst >&5
configure:5722: $? = 0
configure:5727: /home/aav/specter/buildroot-2013.08/output/host/usr/bin/arm-none-linux-gnueabi-ar cru libconftest.a @conftest.lst >&5
/home/aav/specter/buildroot-2013.08/output/host/usr/bin/arm-none-linux-gnueabi-ar: conftest.o: No such file or directory
configure:5730: $? = 1
configure:5742: result: @
configure:5760: checking for arm-buildroot-linux-gnueabi-strip
configure:5787: result: /home/aav/specter/buildroot-2013.08/output/host/usr/bin/arm-none-linux-gnueabi-strip
configure:5859: checking for arm-buildroot-linux-gnueabi-ranlib
configure:5886: result: /home/aav/specter/buildroot-2013.08/output/host/usr/bin/arm-none-linux-gnueabi-ranlib
configure:6028: checking command to parse /home/aav/specter/buildroot-2013.08/output/host/usr/bin/arm-none-linux-gnueabi-nm output from /home/aav/specter/buildroot-2013.08/output/host/usr/bin/ccache /home/aav/specter/buildroot-2013.08/output/host/usr/bin/arm-none-linux-gnueabi-gcc object
configure:6148: /home/aav/specter/buildroot-2013.08/output/host/usr/bin/ccache /home/aav/specter/buildroot-2013.08/output/host/usr/bin/arm-none-linux-gnueabi-gcc -c -D_LARGEFILE_SOURCE -D_LARGEFILE64_SOURCE -D_FILE_OFFSET_BITS=64  -Os -pipe -Os  -D_LARGEFILE_SOURCE -D_LARGEFILE64_SOURCE -D_FILE_OFFSET_BITS=64 conftest.c >&5
configure:6151: $? = 0
configure:6155: /home/aav/specter/buildroot-2013.08/output/host/usr/bin/arm-none-linux-gnueabi-nm conftest.o \| sed -n -e 's/^.*[ ]\([ABCDGIRSTW][ABCDGIRSTW]*\)[ ][ ]*\([_A-Za-z][_A-Za-z0-9]*\)$/\1 \2 \2/p' | sed '/ __gnu_lto/d' \> conftest.nm
configure:6158: $? = 0
configure:6224: /home/aav/specter/buildroot-2013.08/output/host/usr/bin/ccache /home/aav/specter/buildroot-2013.08/output/host/usr/bin/arm-none-linux-gnueabi-gcc -o conftest -D_LARGEFILE_SOURCE -D_LARGEFILE64_SOURCE -D_FILE_OFFSET_BITS=64  -Os -pipe -Os  -D_LARGEFILE_SOURCE -D_LARGEFILE64_SOURCE -D_FILE_OFFSET_BITS=64  conftest.c conftstm.o >&5
configure:6227: $? = 0
configure:6265: result: ok
configure:6302: checking for sysroot
configure:6332: result: no
configure:6548: checking for arm-buildroot-linux-gnueabi-mt
configure:6578: result: no
configure:6588: checking for mt
configure:6604: found /bin/mt
configure:6615: result: mt
configure:6627: WARNING: using cross tools not prefixed with host triplet
configure:6638: checking if mt is a manifest tool
configure:6644: mt '-?'
configure:6652: result: no
configure:7294: checking how to run the C preprocessor
configure:7364: result: /home/aav/specter/buildroot-2013.08/output/host/usr/bin/arm-none-linux-gnueabi-cpp
configure:7384: /home/aav/specter/buildroot-2013.08/output/host/usr/bin/arm-none-linux-gnueabi-cpp -D_LARGEFILE_SOURCE -D_LARGEFILE64_SOURCE -D_FILE_OFFSET_BITS=64 conftest.c
configure:7384: $? = 0
configure:7398: /home/aav/specter/buildroot-2013.08/output/host/usr/bin/arm-none-linux-gnueabi-cpp -D_LARGEFILE_SOURCE -D_LARGEFILE64_SOURCE -D_FILE_OFFSET_BITS=64 conftest.c
conftest.c:9:28: fatal error: ac_nonexistent.h: No such file or directory
compilation terminated.
configure:7398: $? = 1
configure: failed program was:
| /* confdefs.h */
| #define PACKAGE_NAME "libqmi"
| #define PACKAGE_TARNAME "libqmi"
| #define PACKAGE_VERSION "1.4.0"
| #define PACKAGE_STRING "libqmi 1.4.0"
| #define PACKAGE_BUGREPORT "libqmi-devel@lists.freedesktop.org"
| #define PACKAGE_URL ""
| /* end confdefs.h.  */
| #include <ac_nonexistent.h>
configure:7427: checking for ANSI C header files
configure:7447: /home/aav/specter/buildroot-2013.08/output/host/usr/bin/ccache /home/aav/specter/buildroot-2013.08/output/host/usr/bin/arm-none-linux-gnueabi-gcc -c -D_LARGEFILE_SOURCE -D_LARGEFILE64_SOURCE -D_FILE_OFFSET_BITS=64  -Os -pipe -Os  -D_LARGEFILE_SOURCE -D_LARGEFILE64_SOURCE -D_FILE_OFFSET_BITS=64 conftest.c >&5
configure:7447: $? = 0
configure:7531: result: yes
configure:7544: checking for sys/types.h
configure:7544: /home/aav/specter/buildroot-2013.08/output/host/usr/bin/ccache /home/aav/specter/buildroot-2013.08/output/host/usr/bin/arm-none-linux-gnueabi-gcc -c -D_LARGEFILE_SOURCE -D_LARGEFILE64_SOURCE -D_FILE_OFFSET_BITS=64  -Os -pipe -Os  -D_LARGEFILE_SOURCE -D_LARGEFILE64_SOURCE -D_FILE_OFFSET_BITS=64 conftest.c >&5
configure:7544: $? = 0
configure:7544: result: yes
configure:7544: checking for sys/stat.h
configure:7544: /home/aav/specter/buildroot-2013.08/output/host/usr/bin/ccache /home/aav/specter/buildroot-2013.08/output/host/usr/bin/arm-none-linux-gnueabi-gcc -c -D_LARGEFILE_SOURCE -D_LARGEFILE64_SOURCE -D_FILE_OFFSET_BITS=64  -Os -pipe -Os  -D_LARGEFILE_SOURCE -D_LARGEFILE64_SOURCE -D_FILE_OFFSET_BITS=64 conftest.c >&5
configure:7544: $? = 0
configure:7544: result: yes
configure:7544: checking for stdlib.h
configure:7544: /home/aav/specter/buildroot-2013.08/output/host/usr/bin/ccache /home/aav/specter/buildroot-2013.08/output/host/usr/bin/arm-none-linux-gnueabi-gcc -c -D_LARGEFILE_SOURCE -D_LARGEFILE64_SOURCE -D_FILE_OFFSET_BITS=64  -Os -pipe -Os  -D_LARGEFILE_SOURCE -D_LARGEFILE64_SOURCE -D_FILE_OFFSET_BITS=64 conftest.c >&5
configure:7544: $? = 0
configure:7544: result: yes
configure:7544: checking for string.h
configure:7544: /home/aav/specter/buildroot-2013.08/output/host/usr/bin/ccache /home/aav/specter/buildroot-2013.08/output/host/usr/bin/arm-none-linux-gnueabi-gcc -c -D_LARGEFILE_SOURCE -D_LARGEFILE64_SOURCE -D_FILE_OFFSET_BITS=64  -Os -pipe -Os  -D_LARGEFILE_SOURCE -D_LARGEFILE64_SOURCE -D_FILE_OFFSET_BITS=64 conftest.c >&5
configure:7544: $? = 0
configure:7544: result: yes
configure:7544: checking for memory.h
configure:7544: /home/aav/specter/buildroot-2013.08/output/host/usr/bin/ccache /home/aav/specter/buildroot-2013.08/output/host/usr/bin/arm-none-linux-gnueabi-gcc -c -D_LARGEFILE_SOURCE -D_LARGEFILE64_SOURCE -D_FILE_OFFSET_BITS=64  -Os -pipe -Os  -D_LARGEFILE_SOURCE -D_LARGEFILE64_SOURCE -D_FILE_OFFSET_BITS=64 conftest.c >&5
configure:7544: $? = 0
configure:7544: result: yes
configure:7544: checking for strings.h
configure:7544: /home/aav/specter/buildroot-2013.08/output/host/usr/bin/ccache /home/aav/specter/buildroot-2013.08/output/host/usr/bin/arm-none-linux-gnueabi-gcc -c -D_LARGEFILE_SOURCE -D_LARGEFILE64_SOURCE -D_FILE_OFFSET_BITS=64  -Os -pipe -Os  -D_LARGEFILE_SOURCE -D_LARGEFILE64_SOURCE -D_FILE_OFFSET_BITS=64 conftest.c >&5
configure:7544: $? = 0
configure:7544: result: yes
configure:7544: checking for inttypes.h
configure:7544: /home/aav/specter/buildroot-2013.08/output/host/usr/bin/ccache /home/aav/specter/buildroot-2013.08/output/host/usr/bin/arm-none-linux-gnueabi-gcc -c -D_LARGEFILE_SOURCE -D_LARGEFILE64_SOURCE -D_FILE_OFFSET_BITS=64  -Os -pipe -Os  -D_LARGEFILE_SOURCE -D_LARGEFILE64_SOURCE -D_FILE_OFFSET_BITS=64 conftest.c >&5
configure:7544: $? = 0
configure:7544: result: yes
configure:7544: checking for stdint.h
configure:7544: /home/aav/specter/buildroot-2013.08/output/host/usr/bin/ccache /home/aav/specter/buildroot-2013.08/output/host/usr/bin/arm-none-linux-gnueabi-gcc -c -D_LARGEFILE_SOURCE -D_LARGEFILE64_SOURCE -D_FILE_OFFSET_BITS=64  -Os -pipe -Os  -D_LARGEFILE_SOURCE -D_LARGEFILE64_SOURCE -D_FILE_OFFSET_BITS=64 conftest.c >&5
configure:7544: $? = 0
configure:7544: result: yes
configure:7544: checking for unistd.h
configure:7544: /home/aav/specter/buildroot-2013.08/output/host/usr/bin/ccache /home/aav/specter/buildroot-2013.08/output/host/usr/bin/arm-none-linux-gnueabi-gcc -c -D_LARGEFILE_SOURCE -D_LARGEFILE64_SOURCE -D_FILE_OFFSET_BITS=64  -Os -pipe -Os  -D_LARGEFILE_SOURCE -D_LARGEFILE64_SOURCE -D_FILE_OFFSET_BITS=64 conftest.c >&5
configure:7544: $? = 0
configure:7544: result: yes
configure:7558: checking for dlfcn.h
configure:7558: /home/aav/specter/buildroot-2013.08/output/host/usr/bin/ccache /home/aav/specter/buildroot-2013.08/output/host/usr/bin/arm-none-linux-gnueabi-gcc -c -D_LARGEFILE_SOURCE -D_LARGEFILE64_SOURCE -D_FILE_OFFSET_BITS=64  -Os -pipe -Os  -D_LARGEFILE_SOURCE -D_LARGEFILE64_SOURCE -D_FILE_OFFSET_BITS=64 conftest.c >&5
configure:7558: $? = 0
configure:7558: result: yes
configure:7764: checking for objdir
configure:7779: result: .libs
configure:8050: checking if /home/aav/specter/buildroot-2013.08/output/host/usr/bin/ccache /home/aav/specter/buildroot-2013.08/output/host/usr/bin/arm-none-linux-gnueabi-gcc supports -fno-rtti -fno-exceptions
configure:8068: /home/aav/specter/buildroot-2013.08/output/host/usr/bin/ccache /home/aav/specter/buildroot-2013.08/output/host/usr/bin/arm-none-linux-gnueabi-gcc -c -D_LARGEFILE_SOURCE -D_LARGEFILE64_SOURCE -D_FILE_OFFSET_BITS=64  -Os -pipe -Os  -D_LARGEFILE_SOURCE -D_LARGEFILE64_SOURCE -D_FILE_OFFSET_BITS=64 -fno-rtti -fno-exceptions conftest.c >&5
cc1: warning: command line option '-fno-rtti' is valid for C++/ObjC++ but not for C [enabled by default]
cc1: warning: command line option '-fno-rtti' is valid for C++/ObjC++ but not for C [enabled by default]
configure:8072: $? = 0
configure:8085: result: no
configure:8412: checking for /home/aav/specter/buildroot-2013.08/output/host/usr/bin/ccache /home/aav/specter/buildroot-2013.08/output/host/usr/bin/arm-none-linux-gnueabi-gcc option to produce PIC
configure:8419: result: -fPIC -DPIC
configure:8427: checking if /home/aav/specter/buildroot-2013.08/output/host/usr/bin/ccache /home/aav/specter/buildroot-2013.08/output/host/usr/bin/arm-none-linux-gnueabi-gcc PIC flag -fPIC -DPIC works
configure:8445: /home/aav/specter/buildroot-2013.08/output/host/usr/bin/ccache /home/aav/specter/buildroot-2013.08/output/host/usr/bin/arm-none-linux-gnueabi-gcc -c -D_LARGEFILE_SOURCE -D_LARGEFILE64_SOURCE -D_FILE_OFFSET_BITS=64  -Os -pipe -Os  -D_LARGEFILE_SOURCE -D_LARGEFILE64_SOURCE -D_FILE_OFFSET_BITS=64 -fPIC -DPIC -DPIC conftest.c >&5
configure:8449: $? = 0
configure:8462: result: yes
configure:8491: checking if /home/aav/specter/buildroot-2013.08/output/host/usr/bin/ccache /home/aav/specter/buildroot-2013.08/output/host/usr/bin/arm-none-linux-gnueabi-gcc static flag -static works
configure:8519: result: yes
configure:8534: checking if /home/aav/specter/buildroot-2013.08/output/host/usr/bin/ccache /home/aav/specter/buildroot-2013.08/output/host/usr/bin/arm-none-linux-gnueabi-gcc supports -c -o file.o
configure:8555: /home/aav/specter/buildroot-2013.08/output/host/usr/bin/ccache /home/aav/specter/buildroot-2013.08/output/host/usr/bin/arm-none-linux-gnueabi-gcc -c -D_LARGEFILE_SOURCE -D_LARGEFILE64_SOURCE -D_FILE_OFFSET_BITS=64  -Os -pipe -Os  -D_LARGEFILE_SOURCE -D_LARGEFILE64_SOURCE -D_FILE_OFFSET_BITS=64 -o out/conftest2.o conftest.c >&5
configure:8559: $? = 0
configure:8581: result: yes
configure:8589: checking if /home/aav/specter/buildroot-2013.08/output/host/usr/bin/ccache /home/aav/specter/buildroot-2013.08/output/host/usr/bin/arm-none-linux-gnueabi-gcc supports -c -o file.o
configure:8636: result: yes
configure:8669: checking whether the /home/aav/specter/buildroot-2013.08/output/host/usr/bin/ccache /home/aav/specter/buildroot-2013.08/output/host/usr/bin/arm-none-linux-gnueabi-gcc linker (/home/aav/specter/buildroot-2013.08/output/host/usr/bin/arm-none-linux-gnueabi-ld) supports shared libraries
configure:9822: result: yes
configure:9859: checking whether -lc should be explicitly linked in
configure:9867: /home/aav/specter/buildroot-2013.08/output/host/usr/bin/ccache /home/aav/specter/buildroot-2013.08/output/host/usr/bin/arm-none-linux-gnueabi-gcc -c -D_LARGEFILE_SOURCE -D_LARGEFILE64_SOURCE -D_FILE_OFFSET_BITS=64  -Os -pipe -Os  -D_LARGEFILE_SOURCE -D_LARGEFILE64_SOURCE -D_FILE_OFFSET_BITS=64 conftest.c >&5
configure:9870: $? = 0
configure:9885: /home/aav/specter/buildroot-2013.08/output/host/usr/bin/ccache /home/aav/specter/buildroot-2013.08/output/host/usr/bin/arm-none-linux-gnueabi-gcc -shared  -fPIC -DPIC conftest.o  -v -Wl,-soname -Wl,conftest -o conftest 2\>\&1 \| /bin/grep  -lc  \>/dev/null 2\>\&1
configure:9888: $? = 0
configure:9902: result: no
configure:10062: checking dynamic linker characteristics
configure:10573: /home/aav/specter/buildroot-2013.08/output/host/usr/bin/ccache /home/aav/specter/buildroot-2013.08/output/host/usr/bin/arm-none-linux-gnueabi-gcc -o conftest -D_LARGEFILE_SOURCE -D_LARGEFILE64_SOURCE -D_FILE_OFFSET_BITS=64  -Os -pipe -Os  -D_LARGEFILE_SOURCE -D_LARGEFILE64_SOURCE -D_FILE_OFFSET_BITS=64  -Wl,-rpath -Wl,/foo conftest.c  >&5
configure:10573: $? = 0
configure:10799: result: GNU/Linux ld.so
configure:10906: checking how to hardcode library paths into programs
configure:10931: result: immediate
configure:11471: checking whether stripping libraries is possible
configure:11476: result: yes
configure:11511: checking if libtool supports shared libraries
configure:11513: result: yes
configure:11516: checking whether to build shared libraries
configure:11537: result: yes
configure:11540: checking whether to build static libraries
configure:11544: result: yes
configure:11589: checking for more warnings
configure:11592: result: yes
configure:11607: checking whether gcc understands -Wmissing-declarations
configure:11620: /home/aav/specter/buildroot-2013.08/output/host/usr/bin/ccache /home/aav/specter/buildroot-2013.08/output/host/usr/bin/arm-none-linux-gnueabi-gcc -c -Wall -std=gnu89 -D_LARGEFILE_SOURCE -D_LARGEFILE64_SOURCE -D_FILE_OFFSET_BITS=64  -Os -pipe -Os  -Wmissing-declarations -D_LARGEFILE_SOURCE -D_LARGEFILE64_SOURCE -D_FILE_OFFSET_BITS=64 conftest.c >&5
configure:11620: $? = 0
configure:11629: result: yes
configure:11607: checking whether gcc understands -Wmissing-prototypes
configure:11620: /home/aav/specter/buildroot-2013.08/output/host/usr/bin/ccache /home/aav/specter/buildroot-2013.08/output/host/usr/bin/arm-none-linux-gnueabi-gcc -c -Wall -std=gnu89 -D_LARGEFILE_SOURCE -D_LARGEFILE64_SOURCE -D_FILE_OFFSET_BITS=64  -Os -pipe -Os  -Wmissing-declarations -Wmissing-prototypes -D_LARGEFILE_SOURCE -D_LARGEFILE64_SOURCE -D_FILE_OFFSET_BITS=64 conftest.c >&5
configure:11620: $? = 0
configure:11629: result: yes
configure:11607: checking whether gcc understands -Wdeclaration-after-statement
configure:11620: /home/aav/specter/buildroot-2013.08/output/host/usr/bin/ccache /home/aav/specter/buildroot-2013.08/output/host/usr/bin/arm-none-linux-gnueabi-gcc -c -Wall -std=gnu89 -D_LARGEFILE_SOURCE -D_LARGEFILE64_SOURCE -D_FILE_OFFSET_BITS=64  -Os -pipe -Os  -Wmissing-declarations -Wmissing-prototypes -Wdeclaration-after-statement -D_LARGEFILE_SOURCE -D_LARGEFILE64_SOURCE -D_FILE_OFFSET_BITS=64 conftest.c >&5
configure:11620: $? = 0
configure:11629: result: yes
configure:11607: checking whether gcc understands -Wstrict-prototypes
configure:11620: /home/aav/specter/buildroot-2013.08/output/host/usr/bin/ccache /home/aav/specter/buildroot-2013.08/output/host/usr/bin/arm-none-linux-gnueabi-gcc -c -Wall -std=gnu89 -D_LARGEFILE_SOURCE -D_LARGEFILE64_SOURCE -D_FILE_OFFSET_BITS=64  -Os -pipe -Os  -Wmissing-declarations -Wmissing-prototypes -Wdeclaration-after-statement -Wstrict-prototypes -D_LARGEFILE_SOURCE -D_LARGEFILE64_SOURCE -D_FILE_OFFSET_BITS=64 conftest.c >&5
conftest.c:23:1: warning: function declaration isn't a prototype [-Wstrict-prototypes]
configure:11620: $? = 0
configure:11629: result: yes
configure:11607: checking whether gcc understands -fno-strict-aliasing
configure:11620: /home/aav/specter/buildroot-2013.08/output/host/usr/bin/ccache /home/aav/specter/buildroot-2013.08/output/host/usr/bin/arm-none-linux-gnueabi-gcc -c -Wall -std=gnu89 -D_LARGEFILE_SOURCE -D_LARGEFILE64_SOURCE -D_FILE_OFFSET_BITS=64  -Os -pipe -Os  -Wmissing-declarations -Wmissing-prototypes -Wdeclaration-after-statement -Wstrict-prototypes -fno-strict-aliasing -D_LARGEFILE_SOURCE -D_LARGEFILE64_SOURCE -D_FILE_OFFSET_BITS=64 conftest.c >&5
conftest.c:23:1: warning: function declaration isn't a prototype [-Wstrict-prototypes]
configure:11620: $? = 0
configure:11629: result: yes
configure:11607: checking whether gcc understands -Wno-deprecated-declarations
configure:11620: /home/aav/specter/buildroot-2013.08/output/host/usr/bin/ccache /home/aav/specter/buildroot-2013.08/output/host/usr/bin/arm-none-linux-gnueabi-gcc -c -Wall -std=gnu89 -D_LARGEFILE_SOURCE -D_LARGEFILE64_SOURCE -D_FILE_OFFSET_BITS=64  -Os -pipe -Os  -Wmissing-declarations -Wmissing-prototypes -Wdeclaration-after-statement -Wstrict-prototypes -fno-strict-aliasing -Wno-deprecated-declarations -D_LARGEFILE_SOURCE -D_LARGEFILE64_SOURCE -D_FILE_OFFSET_BITS=64 conftest.c >&5
conftest.c:23:1: warning: function declaration isn't a prototype [-Wstrict-prototypes]
configure:11620: $? = 0
configure:11629: result: yes
configure:11607: checking whether gcc understands -Wint-to-pointer-cast
configure:11620: /home/aav/specter/buildroot-2013.08/output/host/usr/bin/ccache /home/aav/specter/buildroot-2013.08/output/host/usr/bin/arm-none-linux-gnueabi-gcc -c -Wall -std=gnu89 -D_LARGEFILE_SOURCE -D_LARGEFILE64_SOURCE -D_FILE_OFFSET_BITS=64  -Os -pipe -Os  -Wmissing-declarations -Wmissing-prototypes -Wdeclaration-after-statement -Wstrict-prototypes -fno-strict-aliasing -Wno-deprecated-declarations -Wint-to-pointer-cast -D_LARGEFILE_SOURCE -D_LARGEFILE64_SOURCE -D_FILE_OFFSET_BITS=64 conftest.c >&5
conftest.c:23:1: warning: function declaration isn't a prototype [-Wstrict-prototypes]
configure:11620: $? = 0
configure:11629: result: yes
configure:11607: checking whether gcc understands -Wfloat-equal
configure:11620: /home/aav/specter/buildroot-2013.08/output/host/usr/bin/ccache /home/aav/specter/buildroot-2013.08/output/host/usr/bin/arm-none-linux-gnueabi-gcc -c -Wall -std=gnu89 -D_LARGEFILE_SOURCE -D_LARGEFILE64_SOURCE -D_FILE_OFFSET_BITS=64  -Os -pipe -Os  -Wmissing-declarations -Wmissing-prototypes -Wdeclaration-after-statement -Wstrict-prototypes -fno-strict-aliasing -Wno-deprecated-declarations -Wint-to-pointer-cast -Wfloat-equal -D_LARGEFILE_SOURCE -D_LARGEFILE64_SOURCE -D_FILE_OFFSET_BITS=64 conftest.c >&5
conftest.c:23:1: warning: function declaration isn't a prototype [-Wstrict-prototypes]
configure:11620: $? = 0
configure:11629: result: yes
configure:11607: checking whether gcc understands -Wno-unused-parameter
configure:11620: /home/aav/specter/buildroot-2013.08/output/host/usr/bin/ccache /home/aav/specter/buildroot-2013.08/output/host/usr/bin/arm-none-linux-gnueabi-gcc -c -Wall -std=gnu89 -D_LARGEFILE_SOURCE -D_LARGEFILE64_SOURCE -D_FILE_OFFSET_BITS=64  -Os -pipe -Os  -Wmissing-declarations -Wmissing-prototypes -Wdeclaration-after-statement -Wstrict-prototypes -fno-strict-aliasing -Wno-deprecated-declarations -Wint-to-pointer-cast -Wfloat-equal -Wno-unused-parameter -D_LARGEFILE_SOURCE -D_LARGEFILE64_SOURCE -D_FILE_OFFSET_BITS=64 conftest.c >&5
conftest.c:23:1: warning: function declaration isn't a prototype [-Wstrict-prototypes]
configure:11620: $? = 0
configure:11629: result: yes
configure:11607: checking whether gcc understands -Wno-sign-compare
configure:11620: /home/aav/specter/buildroot-2013.08/output/host/usr/bin/ccache /home/aav/specter/buildroot-2013.08/output/host/usr/bin/arm-none-linux-gnueabi-gcc -c -Wall -std=gnu89 -D_LARGEFILE_SOURCE -D_LARGEFILE64_SOURCE -D_FILE_OFFSET_BITS=64  -Os -pipe -Os  -Wmissing-declarations -Wmissing-prototypes -Wdeclaration-after-statement -Wstrict-prototypes -fno-strict-aliasing -Wno-deprecated-declarations -Wint-to-pointer-cast -Wfloat-equal -Wno-unused-parameter -Wno-sign-compare -D_LARGEFILE_SOURCE -D_LARGEFILE64_SOURCE -D_FILE_OFFSET_BITS=64 conftest.c >&5
conftest.c:23:1: warning: function declaration isn't a prototype [-Wstrict-prototypes]
configure:11620: $? = 0
configure:11629: result: yes
configure:11607: checking whether gcc understands -Wunused-but-set-variable
configure:11620: /home/aav/specter/buildroot-2013.08/output/host/usr/bin/ccache /home/aav/specter/buildroot-2013.08/output/host/usr/bin/arm-none-linux-gnueabi-gcc -c -Wall -std=gnu89 -D_LARGEFILE_SOURCE -D_LARGEFILE64_SOURCE -D_FILE_OFFSET_BITS=64  -Os -pipe -Os  -Wmissing-declarations -Wmissing-prototypes -Wdeclaration-after-statement -Wstrict-prototypes -fno-strict-aliasing -Wno-deprecated-declarations -Wint-to-pointer-cast -Wfloat-equal -Wno-unused-parameter -Wno-sign-compare -Wunused-but-set-variable -D_LARGEFILE_SOURCE -D_LARGEFILE64_SOURCE -D_FILE_OFFSET_BITS=64 conftest.c >&5
conftest.c:23:1: warning: function declaration isn't a prototype [-Wstrict-prototypes]
configure:11620: $? = 0
configure:11629: result: yes
configure:11607: checking whether gcc understands -Wundef
configure:11620: /home/aav/specter/buildroot-2013.08/output/host/usr/bin/ccache /home/aav/specter/buildroot-2013.08/output/host/usr/bin/arm-none-linux-gnueabi-gcc -c -Wall -std=gnu89 -D_LARGEFILE_SOURCE -D_LARGEFILE64_SOURCE -D_FILE_OFFSET_BITS=64  -Os -pipe -Os  -Wmissing-declarations -Wmissing-prototypes -Wdeclaration-after-statement -Wstrict-prototypes -fno-strict-aliasing -Wno-deprecated-declarations -Wint-to-pointer-cast -Wfloat-equal -Wno-unused-parameter -Wno-sign-compare -Wunused-but-set-variable -Wundef -D_LARGEFILE_SOURCE -D_LARGEFILE64_SOURCE -D_FILE_OFFSET_BITS=64 conftest.c >&5
conftest.c:23:1: warning: function declaration isn't a prototype [-Wstrict-prototypes]
configure:11620: $? = 0
configure:11629: result: yes
configure:11607: checking whether gcc understands -Wimplicit-function-declaration
configure:11620: /home/aav/specter/buildroot-2013.08/output/host/usr/bin/ccache /home/aav/specter/buildroot-2013.08/output/host/usr/bin/arm-none-linux-gnueabi-gcc -c -Wall -std=gnu89 -D_LARGEFILE_SOURCE -D_LARGEFILE64_SOURCE -D_FILE_OFFSET_BITS=64  -Os -pipe -Os  -Wmissing-declarations -Wmissing-prototypes -Wdeclaration-after-statement -Wstrict-prototypes -fno-strict-aliasing -Wno-deprecated-declarations -Wint-to-pointer-cast -Wfloat-equal -Wno-unused-parameter -Wno-sign-compare -Wunused-but-set-variable -Wundef -Wimplicit-function-declaration -D_LARGEFILE_SOURCE -D_LARGEFILE64_SOURCE -D_FILE_OFFSET_BITS=64 conftest.c >&5
conftest.c:23:1: warning: function declaration isn't a prototype [-Wstrict-prototypes]
configure:11620: $? = 0
configure:11629: result: yes
configure:11607: checking whether gcc understands -Wpointer-arith
configure:11620: /home/aav/specter/buildroot-2013.08/output/host/usr/bin/ccache /home/aav/specter/buildroot-2013.08/output/host/usr/bin/arm-none-linux-gnueabi-gcc -c -Wall -std=gnu89 -D_LARGEFILE_SOURCE -D_LARGEFILE64_SOURCE -D_FILE_OFFSET_BITS=64  -Os -pipe -Os  -Wmissing-declarations -Wmissing-prototypes -Wdeclaration-after-statement -Wstrict-prototypes -fno-strict-aliasing -Wno-deprecated-declarations -Wint-to-pointer-cast -Wfloat-equal -Wno-unused-parameter -Wno-sign-compare -Wunused-but-set-variable -Wundef -Wimplicit-function-declaration -Wpointer-arith -D_LARGEFILE_SOURCE -D_LARGEFILE64_SOURCE -D_FILE_OFFSET_BITS=64 conftest.c >&5
conftest.c:23:1: warning: function declaration isn't a prototype [-Wstrict-prototypes]
configure:11620: $? = 0
configure:11629: result: yes
configure:11607: checking whether gcc understands -Winit-self
configure:11620: /home/aav/specter/buildroot-2013.08/output/host/usr/bin/ccache /home/aav/specter/buildroot-2013.08/output/host/usr/bin/arm-none-linux-gnueabi-gcc -c -Wall -std=gnu89 -D_LARGEFILE_SOURCE -D_LARGEFILE64_SOURCE -D_FILE_OFFSET_BITS=64  -Os -pipe -Os  -Wmissing-declarations -Wmissing-prototypes -Wdeclaration-after-statement -Wstrict-prototypes -fno-strict-aliasing -Wno-deprecated-declarations -Wint-to-pointer-cast -Wfloat-equal -Wno-unused-parameter -Wno-sign-compare -Wunused-but-set-variable -Wundef -Wimplicit-function-declaration -Wpointer-arith -Winit-self -D_LARGEFILE_SOURCE -D_LARGEFILE64_SOURCE -D_FILE_OFFSET_BITS=64 conftest.c >&5
conftest.c:23:1: warning: function declaration isn't a prototype [-Wstrict-prototypes]
configure:11620: $? = 0
configure:11629: result: yes
configure:11607: checking whether gcc understands -Wshadow
configure:11620: /home/aav/specter/buildroot-2013.08/output/host/usr/bin/ccache /home/aav/specter/buildroot-2013.08/output/host/usr/bin/arm-none-linux-gnueabi-gcc -c -Wall -std=gnu89 -D_LARGEFILE_SOURCE -D_LARGEFILE64_SOURCE -D_FILE_OFFSET_BITS=64  -Os -pipe -Os  -Wmissing-declarations -Wmissing-prototypes -Wdeclaration-after-statement -Wstrict-prototypes -fno-strict-aliasing -Wno-deprecated-declarations -Wint-to-pointer-cast -Wfloat-equal -Wno-unused-parameter -Wno-sign-compare -Wunused-but-set-variable -Wundef -Wimplicit-function-declaration -Wpointer-arith -Winit-self -Wshadow -D_LARGEFILE_SOURCE -D_LARGEFILE64_SOURCE -D_FILE_OFFSET_BITS=64 conftest.c >&5
conftest.c:23:1: warning: function declaration isn't a prototype [-Wstrict-prototypes]
configure:11620: $? = 0
configure:11629: result: yes
configure:11607: checking whether gcc understands -Wmissing-include-dirs
configure:11620: /home/aav/specter/buildroot-2013.08/output/host/usr/bin/ccache /home/aav/specter/buildroot-2013.08/output/host/usr/bin/arm-none-linux-gnueabi-gcc -c -Wall -std=gnu89 -D_LARGEFILE_SOURCE -D_LARGEFILE64_SOURCE -D_FILE_OFFSET_BITS=64  -Os -pipe -Os  -Wmissing-declarations -Wmissing-prototypes -Wdeclaration-after-statement -Wstrict-prototypes -fno-strict-aliasing -Wno-deprecated-declarations -Wint-to-pointer-cast -Wfloat-equal -Wno-unused-parameter -Wno-sign-compare -Wunused-but-set-variable -Wundef -Wimplicit-function-declaration -Wpointer-arith -Winit-self -Wshadow -Wmissing-include-dirs -D_LARGEFILE_SOURCE -D_LARGEFILE64_SOURCE -D_FILE_OFFSET_BITS=64 conftest.c >&5
conftest.c:23:1: warning: function declaration isn't a prototype [-Wstrict-prototypes]
configure:11620: $? = 0
configure:11629: result: yes
configure:11607: checking whether gcc understands -Waggregate-return
configure:11620: /home/aav/specter/buildroot-2013.08/output/host/usr/bin/ccache /home/aav/specter/buildroot-2013.08/output/host/usr/bin/arm-none-linux-gnueabi-gcc -c -Wall -std=gnu89 -D_LARGEFILE_SOURCE -D_LARGEFILE64_SOURCE -D_FILE_OFFSET_BITS=64  -Os -pipe -Os  -Wmissing-declarations -Wmissing-prototypes -Wdeclaration-after-statement -Wstrict-prototypes -fno-strict-aliasing -Wno-deprecated-declarations -Wint-to-pointer-cast -Wfloat-equal -Wno-unused-parameter -Wno-sign-compare -Wunused-but-set-variable -Wundef -Wimplicit-function-declaration -Wpointer-arith -Winit-self -Wshadow -Wmissing-include-dirs -Waggregate-return -D_LARGEFILE_SOURCE -D_LARGEFILE64_SOURCE -D_FILE_OFFSET_BITS=64 conftest.c >&5
conftest.c:23:1: warning: function declaration isn't a prototype [-Wstrict-prototypes]
configure:11620: $? = 0
configure:11629: result: yes
configure:11607: checking whether gcc understands -Wformat-security
configure:11620: /home/aav/specter/buildroot-2013.08/output/host/usr/bin/ccache /home/aav/specter/buildroot-2013.08/output/host/usr/bin/arm-none-linux-gnueabi-gcc -c -Wall -std=gnu89 -D_LARGEFILE_SOURCE -D_LARGEFILE64_SOURCE -D_FILE_OFFSET_BITS=64  -Os -pipe -Os  -Wmissing-declarations -Wmissing-prototypes -Wdeclaration-after-statement -Wstrict-prototypes -fno-strict-aliasing -Wno-deprecated-declarations -Wint-to-pointer-cast -Wfloat-equal -Wno-unused-parameter -Wno-sign-compare -Wunused-but-set-variable -Wundef -Wimplicit-function-declaration -Wpointer-arith -Winit-self -Wshadow -Wmissing-include-dirs -Waggregate-return -Wformat-security -D_LARGEFILE_SOURCE -D_LARGEFILE64_SOURCE -D_FILE_OFFSET_BITS=64 conftest.c >&5
conftest.c:23:1: warning: function declaration isn't a prototype [-Wstrict-prototypes]
configure:11620: $? = 0
configure:11629: result: yes
configure:11753: checking pkg-config is at least version 0.9.0
configure:11756: result: yes
configure:11766: checking for LIBQMI_GLIB
configure:11775: $PKG_CONFIG --exists --print-errors "glib-2.0 >= 2.32
                  gobject-2.0
                  gio-2.0"
configure:11780: $? = 0
configure:11798: $PKG_CONFIG --exists --print-errors "glib-2.0 >= 2.32
                  gobject-2.0
                  gio-2.0"
configure:11803: $? = 0
configure:11869: result: yes
configure:11878: checking for QMICLI
configure:11887: $PKG_CONFIG --exists --print-errors "glib-2.0 >= 2.28
                  gobject-2.0
                  gio-2.0"
configure:11892: $? = 0
configure:11910: $PKG_CONFIG --exists --print-errors "glib-2.0 >= 2.28
                  gobject-2.0
                  gio-2.0"
configure:11915: $? = 0
configure:11981: result: yes
configure:11996: checking for gtkdoc-check
configure:12029: result: no
configure:12038: checking for gtkdoc-rebase
configure:12071: result: no
configure:12082: checking for gtkdoc-mkpdf
configure:12115: result: no
configure:12246: checking whether to build gtk-doc documentation
configure:12248: result: no
configure:12447: checking that generated files are newer than configure
configure:12453: result: done
configure:12504: creating ./config.status

## ---------------------- ##
## Running config.status. ##
## ---------------------- ##

This file was extended by libqmi config.status 1.4.0, which was
generated by GNU Autoconf 2.69.  Invocation command line was

  CONFIG_FILES    = 
  CONFIG_HEADERS  = 
  CONFIG_LINKS    = 
  CONFIG_COMMANDS = 
  $ ./config.status 

on aav-K52Je

config.status:1128: creating Makefile
config.status:1128: creating data/Makefile
config.status:1128: creating data/pkg-config/Makefile
config.status:1128: creating data/pkg-config/qmi-glib.pc
config.status:1128: creating build-aux/Makefile
config.status:1128: creating build-aux/templates/Makefile
config.status:1128: creating build-aux/qmi-codegen/Makefile
config.status:1128: creating libqmi-glib/Makefile
config.status:1128: creating libqmi-glib/generated/Makefile
config.status:1128: creating libqmi-glib/test/Makefile
config.status:1128: creating cli/Makefile
config.status:1128: creating cli/test/Makefile
config.status:1128: creating utils/Makefile
config.status:1128: creating docs/Makefile
config.status:1128: creating docs/reference/Makefile
config.status:1128: creating docs/reference/libqmi-glib/Makefile
config.status:1128: creating docs/reference/libqmi-glib/version.xml
config.status:1128: creating config.h
config.status:1357: executing depfiles commands
config.status:1357: executing libtool commands
configure:14740: WARNING: unrecognized options: --disable-doc, --disable-docs, --disable-documentation, --with-xmlto, --with-fop, --enable-ipv6

## ---------------- ##
## Cache variables. ##
## ---------------- ##

ac_cv_build=i686-pc-linux-gnu
ac_cv_c_bigendian=no
ac_cv_c_compiler_gnu=yes
ac_cv_env_CC_set=set
ac_cv_env_CC_value='/home/aav/specter/buildroot-2013.08/output/host/usr/bin/ccache /home/aav/specter/buildroot-2013.08/output/host/usr/bin/arm-none-linux-gnueabi-gcc'
ac_cv_env_CFLAGS_set=set
ac_cv_env_CFLAGS_value='-D_LARGEFILE_SOURCE -D_LARGEFILE64_SOURCE -D_FILE_OFFSET_BITS=64  -Os -pipe -Os '
ac_cv_env_CPPFLAGS_set=set
ac_cv_env_CPPFLAGS_value='-D_LARGEFILE_SOURCE -D_LARGEFILE64_SOURCE -D_FILE_OFFSET_BITS=64'
ac_cv_env_CPP_set=set
ac_cv_env_CPP_value=/home/aav/specter/buildroot-2013.08/output/host/usr/bin/arm-none-linux-gnueabi-cpp
ac_cv_env_GTKDOC_DEPS_CFLAGS_set=
ac_cv_env_GTKDOC_DEPS_CFLAGS_value=
ac_cv_env_GTKDOC_DEPS_LIBS_set=
ac_cv_env_GTKDOC_DEPS_LIBS_value=
ac_cv_env_LDFLAGS_set=set
ac_cv_env_LDFLAGS_value=
ac_cv_env_LIBQMI_GLIB_CFLAGS_set=
ac_cv_env_LIBQMI_GLIB_CFLAGS_value=
ac_cv_env_LIBQMI_GLIB_LIBS_set=
ac_cv_env_LIBQMI_GLIB_LIBS_value=
ac_cv_env_LIBS_set=
ac_cv_env_LIBS_value=
ac_cv_env_PKG_CONFIG_LIBDIR_set=
ac_cv_env_PKG_CONFIG_LIBDIR_value=
ac_cv_env_PKG_CONFIG_PATH_set=
ac_cv_env_PKG_CONFIG_PATH_value=
ac_cv_env_PKG_CONFIG_set=set
ac_cv_env_PKG_CONFIG_value=/home/aav/specter/buildroot-2013.08/output/host/usr/bin/pkg-config
ac_cv_env_QMICLI_CFLAGS_set=
ac_cv_env_QMICLI_CFLAGS_value=
ac_cv_env_QMICLI_LIBS_set=
ac_cv_env_QMICLI_LIBS_value=
ac_cv_env_build_alias_set=set
ac_cv_env_build_alias_value=i686-pc-linux-gnu
ac_cv_env_host_alias_set=set
ac_cv_env_host_alias_value=arm-buildroot-linux-gnueabi
ac_cv_env_target_alias_set=set
ac_cv_env_target_alias_value=arm-buildroot-linux-gnueabi
ac_cv_func_calloc_0_nonnull=yes
ac_cv_func_malloc_0_nonnull=yes
ac_cv_func_memcmp_working=yes
ac_cv_func_mmap_fixed_mapped=yes
ac_cv_func_realloc_0_nonnull=yes
ac_cv_have_decl_malloc=yes
ac_cv_header_dlfcn_h=yes
ac_cv_header_inttypes_h=yes
ac_cv_header_memory_h=yes
ac_cv_header_stdc=yes
ac_cv_header_stdint_h=yes
ac_cv_header_stdlib_h=yes
ac_cv_header_string_h=yes
ac_cv_header_strings_h=yes
ac_cv_header_sys_stat_h=yes
ac_cv_header_sys_types_h=yes
ac_cv_header_unistd_h=yes
ac_cv_host=arm-buildroot-linux-gnueabi
ac_cv_lbl_unaligned_fail=yes
ac_cv_objext=o
ac_cv_path_EGREP='/bin/grep -E'
ac_cv_path_FGREP='/bin/grep -F'
ac_cv_path_GREP=/bin/grep
ac_cv_path_SED=/bin/sed
ac_cv_path_install='/usr/bin/install -c'
ac_cv_path_mkdir=/bin/mkdir
ac_cv_prog_AR=/home/aav/specter/buildroot-2013.08/output/host/usr/bin/arm-none-linux-gnueabi-ar
ac_cv_prog_AWK=mawk
ac_cv_prog_CC='/home/aav/specter/buildroot-2013.08/output/host/usr/bin/ccache /home/aav/specter/buildroot-2013.08/output/host/usr/bin/arm-none-linux-gnueabi-gcc'
ac_cv_prog_CPP=/home/aav/specter/buildroot-2013.08/output/host/usr/bin/arm-none-linux-gnueabi-cpp
ac_cv_prog_OBJDUMP=/home/aav/specter/buildroot-2013.08/output/host/usr/bin/arm-none-linux-gnueabi-objdump
ac_cv_prog_RANLIB=/home/aav/specter/buildroot-2013.08/output/host/usr/bin/arm-none-linux-gnueabi-ranlib
ac_cv_prog_STRIP=/home/aav/specter/buildroot-2013.08/output/host/usr/bin/arm-none-linux-gnueabi-strip
ac_cv_prog_ac_ct_MANIFEST_TOOL=mt
ac_cv_prog_cc__home_aav_specter_buildroot_2013_08_output_host_usr_bin_ccache_c_o=yes
ac_cv_prog_cc_c89=
ac_cv_prog_cc_g=yes
ac_cv_prog_make_make_set=yes
am_cv_CC_dependencies_compiler_type=gcc3
am_cv_make_support_nested_variables=yes
am_cv_prog_tar_ustar=gnutar
gl_cv_func_malloc_0_nonnull=yes
lt_cv_ar_at_file=@
lt_cv_archive_cmds_need_lc=no
lt_cv_deplibs_check_method=pass_all
lt_cv_file_magic_cmd='$MAGIC_CMD'
lt_cv_file_magic_test_file=
lt_cv_ld_reload_flag=-r
lt_cv_nm_interface='BSD nm'
lt_cv_objdir=.libs
lt_cv_path_LD=/home/aav/specter/buildroot-2013.08/output/host/usr/bin/arm-none-linux-gnueabi-ld
lt_cv_path_NM=/home/aav/specter/buildroot-2013.08/output/host/usr/bin/arm-none-linux-gnueabi-nm
lt_cv_path_mainfest_tool=no
lt_cv_prog_compiler_c_o=yes
lt_cv_prog_compiler_pic='-fPIC -DPIC'
lt_cv_prog_compiler_pic_works=yes
lt_cv_prog_compiler_rtti_exceptions=no
lt_cv_prog_compiler_static_works=yes
lt_cv_prog_gnu_ld=yes
lt_cv_sharedlib_from_linklib_cmd='printf %s\n'
lt_cv_shlibpath_overrides_runpath=no
lt_cv_sys_global_symbol_pipe='sed -n -e '\''s/^.*[	 ]\([ABCDGIRSTW][ABCDGIRSTW]*\)[	 ][	 ]*\([_A-Za-z][_A-Za-z0-9]*\)$/\1 \2 \2/p'\'' | sed '\''/ __gnu_lto/d'\'''
lt_cv_sys_global_symbol_to_c_name_address='sed -n -e '\''s/^: \([^ ]*\)[ ]*$/  {\"\1\", (void *) 0},/p'\'' -e '\''s/^[ABCDGIRSTW]* \([^ ]*\) \([^ ]*\)$/  {"\2", (void *) \&\2},/p'\'''
lt_cv_sys_global_symbol_to_c_name_address_lib_prefix='sed -n -e '\''s/^: \([^ ]*\)[ ]*$/  {\"\1\", (void *) 0},/p'\'' -e '\''s/^[ABCDGIRSTW]* \([^ ]*\) \(lib[^ ]*\)$/  {"\2", (void *) \&\2},/p'\'' -e '\''s/^[ABCDGIRSTW]* \([^ ]*\) \([^ ]*\)$/  {"lib\2", (void *) \&\2},/p'\'''
lt_cv_sys_global_symbol_to_cdecl='sed -n -e '\''s/^T .* \(.*\)$/extern int \1();/p'\'' -e '\''s/^[ABCDGIRSTW]* .* \(.*\)$/extern char \1;/p'\'''
lt_cv_sys_lib_search_path_spec=
lt_cv_sys_max_cmd_len=805306365
lt_cv_to_host_file_cmd=func_convert_file_noop
lt_cv_to_tool_file_cmd=func_convert_file_noop
pkg_cv_LIBQMI_GLIB_CFLAGS='-pthread -I/home/aav/specter/buildroot-2013.08/output/host/usr/arm-buildroot-linux-gnueabi/sysroot/usr/include/glib-2.0 -I/home/aav/specter/buildroot-2013.08/output/host/usr/arm-buildroot-linux-gnueabi/sysroot/usr/lib/glib-2.0/include  '
pkg_cv_LIBQMI_GLIB_LIBS='-lgio-2.0 -lgobject-2.0 -L/home/aav/specter/buildroot-2013.08/output/host/usr/arm-buildroot-linux-gnueabi/sysroot/usr/lib -lglib-2.0  '
pkg_cv_QMICLI_CFLAGS='-pthread -I/home/aav/specter/buildroot-2013.08/output/host/usr/arm-buildroot-linux-gnueabi/sysroot/usr/include/glib-2.0 -I/home/aav/specter/buildroot-2013.08/output/host/usr/arm-buildroot-linux-gnueabi/sysroot/usr/lib/glib-2.0/include  '
pkg_cv_QMICLI_LIBS='-lgio-2.0 -lgobject-2.0 -L/home/aav/specter/buildroot-2013.08/output/host/usr/arm-buildroot-linux-gnueabi/sysroot/usr/lib -lglib-2.0  '

## ----------------- ##
## Output variables. ##
## ----------------- ##

ACLOCAL='${SHELL} /home/aav/specter/buildroot-2013.08/output/build/libqmi-1.4.0/missing aclocal-1.13'
AMDEPBACKSLASH='\'
AMDEP_FALSE='#'
AMDEP_TRUE=''
AMTAR='$${TAR-tar}'
AM_BACKSLASH='\'
AM_DEFAULT_V='$(AM_DEFAULT_VERBOSITY)'
AM_DEFAULT_VERBOSITY='0'
AM_V='$(V)'
AR='/home/aav/specter/buildroot-2013.08/output/host/usr/bin/arm-none-linux-gnueabi-ar'
AUTOCONF='${SHELL} /home/aav/specter/buildroot-2013.08/output/build/libqmi-1.4.0/missing autoconf'
AUTOHEADER='${SHELL} /home/aav/specter/buildroot-2013.08/output/build/libqmi-1.4.0/missing autoheader'
AUTOMAKE='${SHELL} /home/aav/specter/buildroot-2013.08/output/build/libqmi-1.4.0/missing automake-1.13'
AWK='mawk'
CC='/home/aav/specter/buildroot-2013.08/output/host/usr/bin/ccache /home/aav/specter/buildroot-2013.08/output/host/usr/bin/arm-none-linux-gnueabi-gcc'
CCDEPMODE='depmode=gcc3'
CFLAGS='-Wall -std=gnu89 -D_LARGEFILE_SOURCE -D_LARGEFILE64_SOURCE -D_FILE_OFFSET_BITS=64  -Os -pipe -Os  -Wmissing-declarations -Wmissing-prototypes -Wdeclaration-after-statement -Wstrict-prototypes -fno-strict-aliasing -Wno-deprecated-declarations -Wint-to-pointer-cast -Wfloat-equal -Wno-unused-parameter -Wno-sign-compare -Wunused-but-set-variable -Wundef -Wimplicit-function-declaration -Wpointer-arith -Winit-self -Wshadow -Wmissing-include-dirs -Waggregate-return -Wformat-security -Werror'
CPP='/home/aav/specter/buildroot-2013.08/output/host/usr/bin/arm-none-linux-gnueabi-cpp'
CPPFLAGS='-D_LARGEFILE_SOURCE -D_LARGEFILE64_SOURCE -D_FILE_OFFSET_BITS=64'
CYGPATH_W='echo'
DEFS='-DHAVE_CONFIG_H'
DEPDIR='.deps'
DLLTOOL='false'
DSYMUTIL=''
DUMPBIN=''
ECHO_C=''
ECHO_N='-n'
ECHO_T=''
EGREP='/bin/grep -E'
ENABLE_GTK_DOC_FALSE=''
ENABLE_GTK_DOC_TRUE='#'
EXEEXT=''
FGREP='/bin/grep -F'
GLIB_MKENUMS='glib-mkenums'
GREP='/bin/grep'
GTKDOC_CHECK=''
GTKDOC_DEPS_CFLAGS=''
GTKDOC_DEPS_LIBS=''
GTKDOC_MKPDF=''
GTKDOC_REBASE='true'
GTK_DOC_BUILD_HTML_FALSE='#'
GTK_DOC_BUILD_HTML_TRUE=''
GTK_DOC_BUILD_PDF_FALSE=''
GTK_DOC_BUILD_PDF_TRUE='#'
GTK_DOC_USE_LIBTOOL_FALSE='#'
GTK_DOC_USE_LIBTOOL_TRUE=''
GTK_DOC_USE_REBASE_FALSE='#'
GTK_DOC_USE_REBASE_TRUE=''
HTML_DIR='${datadir}/gtk-doc/html'
INSTALL_DATA='${INSTALL} -m 644'
INSTALL_PROGRAM='${INSTALL}'
INSTALL_SCRIPT='${INSTALL}'
INSTALL_STRIP_PROGRAM='$(install_sh) -c -s'
LD='/home/aav/specter/buildroot-2013.08/output/host/usr/bin/arm-none-linux-gnueabi-ld'
LDFLAGS=''
LIBOBJS=''
LIBQMI_GLIB_CFLAGS='-pthread -I/home/aav/specter/buildroot-2013.08/output/host/usr/arm-buildroot-linux-gnueabi/sysroot/usr/include/glib-2.0 -I/home/aav/specter/buildroot-2013.08/output/host/usr/arm-buildroot-linux-gnueabi/sysroot/usr/lib/glib-2.0/include  '
LIBQMI_GLIB_LIBS='-lgio-2.0 -lgobject-2.0 -L/home/aav/specter/buildroot-2013.08/output/host/usr/arm-buildroot-linux-gnueabi/sysroot/usr/lib -lglib-2.0  '
LIBS=''
LIBTOOL='$(SHELL) $(top_builddir)/libtool'
LIPO=''
LN_S='ln -s'
LTLIBOBJS=''
MAINT=''
MAINTAINER_MODE_FALSE='#'
MAINTAINER_MODE_TRUE=''
MAKEINFO='${SHELL} /home/aav/specter/buildroot-2013.08/output/build/libqmi-1.4.0/missing makeinfo'
MANIFEST_TOOL=':'
MKDIR_P='/bin/mkdir -p'
NM='/home/aav/specter/buildroot-2013.08/output/host/usr/bin/arm-none-linux-gnueabi-nm'
NMEDIT=''
OBJDUMP='/home/aav/specter/buildroot-2013.08/output/host/usr/bin/arm-none-linux-gnueabi-objdump'
OBJEXT='o'
OTOOL64=''
OTOOL=''
PACKAGE='libqmi'
PACKAGE_BUGREPORT='libqmi-devel@lists.freedesktop.org'
PACKAGE_NAME='libqmi'
PACKAGE_STRING='libqmi 1.4.0'
PACKAGE_TARNAME='libqmi'
PACKAGE_URL=''
PACKAGE_VERSION='1.4.0'
PATH_SEPARATOR=':'
PKG_CONFIG='/home/aav/specter/buildroot-2013.08/output/host/usr/bin/pkg-config'
PKG_CONFIG_LIBDIR=''
PKG_CONFIG_PATH=''
QMICLI_CFLAGS='-pthread -I/home/aav/specter/buildroot-2013.08/output/host/usr/arm-buildroot-linux-gnueabi/sysroot/usr/include/glib-2.0 -I/home/aav/specter/buildroot-2013.08/output/host/usr/arm-buildroot-linux-gnueabi/sysroot/usr/lib/glib-2.0/include  '
QMICLI_LIBS='-lgio-2.0 -lgobject-2.0 -L/home/aav/specter/buildroot-2013.08/output/host/usr/arm-buildroot-linux-gnueabi/sysroot/usr/lib -lglib-2.0  '
RANLIB='/home/aav/specter/buildroot-2013.08/output/host/usr/bin/arm-none-linux-gnueabi-ranlib'
SED='/bin/sed'
SET_MAKE=''
SHELL='/bin/bash'
STRIP='/home/aav/specter/buildroot-2013.08/output/host/usr/bin/arm-none-linux-gnueabi-strip'
VERSION='1.4.0'
WITH_TESTS_FALSE=''
WITH_TESTS_TRUE='#'
ac_ct_AR=''
ac_ct_CC=''
ac_ct_DUMPBIN=''
am__EXEEXT_FALSE=''
am__EXEEXT_TRUE='#'
am__fastdepCC_FALSE='#'
am__fastdepCC_TRUE=''
am__include='include'
am__isrc=''
am__leading_dot='.'
am__nodep='_no'
am__quote=''
am__tar='tar --format=ustar -chf - "$$tardir"'
am__untar='tar -xf -'
bindir='${exec_prefix}/bin'
build='i686-pc-linux-gnu'
build_alias='i686-pc-linux-gnu'
build_cpu='i686'
build_os='linux-gnu'
build_vendor='pc'
datadir='${datarootdir}'
datarootdir='${prefix}/share'
docdir='${datarootdir}/doc/${PACKAGE_TARNAME}'
dvidir='${docdir}'
exec_prefix='/usr'
host='arm-buildroot-linux-gnueabi'
host_alias='arm-buildroot-linux-gnueabi'
host_cpu='arm'
host_os='linux-gnueabi'
host_vendor='buildroot'
htmldir='${docdir}'
includedir='${prefix}/include'
infodir='${datarootdir}/info'
install_sh='${SHELL} /home/aav/specter/buildroot-2013.08/output/build/libqmi-1.4.0/install-sh'
libdir='${exec_prefix}/lib'
libexecdir='${exec_prefix}/libexec'
localedir='${datarootdir}/locale'
localstatedir='${prefix}/var'
mandir='${datarootdir}/man'
mkdir_p='$(MKDIR_P)'
oldincludedir='/usr/include'
pdfdir='${docdir}'
prefix='/usr'
program_transform_name='s&^&&'
psdir='${docdir}'
sbindir='${exec_prefix}/sbin'
sharedstatedir='${prefix}/com'
sysconfdir='/etc'
target_alias='arm-buildroot-linux-gnueabi'

## ----------- ##
## confdefs.h. ##
## ----------- ##

/* confdefs.h */
#define PACKAGE_NAME "libqmi"
#define PACKAGE_TARNAME "libqmi"
#define PACKAGE_VERSION "1.4.0"
#define PACKAGE_STRING "libqmi 1.4.0"
#define PACKAGE_BUGREPORT "libqmi-devel@lists.freedesktop.org"
#define PACKAGE_URL ""
#define STDC_HEADERS 1
#define HAVE_SYS_TYPES_H 1
#define HAVE_SYS_STAT_H 1
#define HAVE_STDLIB_H 1
#define HAVE_STRING_H 1
#define HAVE_MEMORY_H 1
#define HAVE_STRINGS_H 1
#define HAVE_INTTYPES_H 1
#define HAVE_STDINT_H 1
#define HAVE_UNISTD_H 1
#define HAVE_DLFCN_H 1
#define LT_OBJDIR ".libs/"

configure: exit 0
