This file contains any messages produced by compilers while
running configure, to aid debugging if configure makes a mistake.

It was created by pkgconf configure 0.8.9, which was
generated by GNU Autoconf 2.69.  Invocation command line was

  $ ./configure --prefix=/home/aav/specter/buildroot-2013.08/output/host/usr --sysconfdir=/home/aav/specter/buildroot-2013.08/output/host/etc --enable-shared --disable-static --disable-gtk-doc --disable-doc --disable-docs --disable-documentation --with-xmlto=no --with-fop=no

## --------- ##
## Platform. ##
## --------- ##

hostname = aav-K52Je
uname -m = i686
uname -r = 3.11.0-12-generic
uname -s = Linux
uname -v = #19-Ubuntu SMP Wed Oct 9 16:12:00 UTC 2013

/usr/bin/uname -p = unknown
/bin/uname -X     = unknown

/bin/arch              = unknown
/usr/bin/arch -k       = unknown
/usr/convex/getsysinfo = unknown
/usr/bin/hostinfo      = unknown
/bin/machine           = unknown
/usr/bin/oslevel       = unknown
/bin/universe          = unknown

PATH: /home/aav/specter/buildroot-2013.08/output/host/bin
PATH: /home/aav/specter/buildroot-2013.08/output/host/usr/bin
PATH: /home/aav/bin
PATH: /usr/local/sbin
PATH: /usr/local/bin
PATH: /usr/sbin
PATH: /usr/bin
PATH: /sbin
PATH: /bin
PATH: /usr/games
PATH: /usr/local/games


## ----------- ##
## Core tests. ##
## ----------- ##

configure:1962: checking for gcc
configure:1989: result: /home/aav/specter/buildroot-2013.08/output/host/usr/bin/ccache /usr/bin/gcc
configure:2218: checking for C compiler version
configure:2227: /home/aav/specter/buildroot-2013.08/output/host/usr/bin/ccache /usr/bin/gcc --version >&5
gcc (Ubuntu/Linaro 4.8.1-10ubuntu9) 4.8.1
Copyright (C) 2013 Free Software Foundation, Inc.
This is free software; see the source for copying conditions.  There is NO
warranty; not even for MERCHANTABILITY or FITNESS FOR A PARTICULAR PURPOSE.

configure:2238: $? = 0
configure:2227: /home/aav/specter/buildroot-2013.08/output/host/usr/bin/ccache /usr/bin/gcc -v >&5
Using built-in specs.
COLLECT_GCC=/usr/bin/gcc
COLLECT_LTO_WRAPPER=/usr/lib/gcc/i686-linux-gnu/4.8/lto-wrapper
Target: i686-linux-gnu
Configured with: ../src/configure -v --with-pkgversion='Ubuntu/Linaro 4.8.1-10ubuntu9' --with-bugurl=file:///usr/share/doc/gcc-4.8/README.Bugs --enable-languages=c,c++,java,go,d,fortran,objc,obj-c++ --prefix=/usr --program-suffix=-4.8 --enable-shared --enable-linker-build-id --libexecdir=/usr/lib --without-included-gettext --enable-threads=posix --with-gxx-include-dir=/usr/include/c++/4.8 --libdir=/usr/lib --enable-nls --with-sysroot=/ --enable-clocale=gnu --enable-libstdcxx-debug --enable-libstdcxx-time=yes --enable-gnu-unique-object --enable-plugin --with-system-zlib --disable-browser-plugin --enable-java-awt=gtk --enable-gtk-cairo --with-java-home=/usr/lib/jvm/java-1.5.0-gcj-4.8-i386/jre --enable-java-home --with-jvm-root-dir=/usr/lib/jvm/java-1.5.0-gcj-4.8-i386 --with-jvm-jar-dir=/usr/lib/jvm-exports/java-1.5.0-gcj-4.8-i386 --with-arch-directory=i386 --with-ecj-jar=/usr/share/java/eclipse-ecj.jar --enable-objc-gc --enable-targets=all --enable-multiarch --disable-werror --with-arch-32=i686 --with-multilib-list=m32,m64,mx32 --with-tune=generic --enable-checking=release --build=i686-linux-gnu --host=i686-linux-gnu --target=i686-linux-gnu
Thread model: posix
gcc version 4.8.1 (Ubuntu/Linaro 4.8.1-10ubuntu9) 
configure:2238: $? = 0
configure:2227: /home/aav/specter/buildroot-2013.08/output/host/usr/bin/ccache /usr/bin/gcc -V >&5
gcc: error: unrecognized command line option '-V'
gcc: fatal error: no input files
compilation terminated.
configure:2238: $? = 4
configure:2227: /home/aav/specter/buildroot-2013.08/output/host/usr/bin/ccache /usr/bin/gcc -qversion >&5
gcc: error: unrecognized command line option '-qversion'
gcc: fatal error: no input files
compilation terminated.
configure:2238: $? = 4
configure:2258: checking whether the C compiler works
configure:2280: /home/aav/specter/buildroot-2013.08/output/host/usr/bin/ccache /usr/bin/gcc -O2 -I/home/aav/specter/buildroot-2013.08/output/host/usr/include -I/home/aav/specter/buildroot-2013.08/output/host/usr/include -L/home/aav/specter/buildroot-2013.08/output/host/lib -L/home/aav/specter/buildroot-2013.08/output/host/usr/lib -Wl,-rpath,/home/aav/specter/buildroot-2013.08/output/host/usr/lib conftest.c  >&5
configure:2284: $? = 0
configure:2332: result: yes
configure:2335: checking for C compiler default output file name
configure:2337: result: a.out
configure:2343: checking for suffix of executables
configure:2350: /home/aav/specter/buildroot-2013.08/output/host/usr/bin/ccache /usr/bin/gcc -o conftest -O2 -I/home/aav/specter/buildroot-2013.08/output/host/usr/include -I/home/aav/specter/buildroot-2013.08/output/host/usr/include -L/home/aav/specter/buildroot-2013.08/output/host/lib -L/home/aav/specter/buildroot-2013.08/output/host/usr/lib -Wl,-rpath,/home/aav/specter/buildroot-2013.08/output/host/usr/lib conftest.c  >&5
configure:2354: $? = 0
configure:2376: result: 
configure:2398: checking whether we are cross compiling
configure:2406: /home/aav/specter/buildroot-2013.08/output/host/usr/bin/ccache /usr/bin/gcc -o conftest -O2 -I/home/aav/specter/buildroot-2013.08/output/host/usr/include -I/home/aav/specter/buildroot-2013.08/output/host/usr/include -L/home/aav/specter/buildroot-2013.08/output/host/lib -L/home/aav/specter/buildroot-2013.08/output/host/usr/lib -Wl,-rpath,/home/aav/specter/buildroot-2013.08/output/host/usr/lib conftest.c  >&5
configure:2410: $? = 0
configure:2417: ./conftest
configure:2421: $? = 0
configure:2436: result: no
configure:2441: checking for suffix of object files
configure:2463: /home/aav/specter/buildroot-2013.08/output/host/usr/bin/ccache /usr/bin/gcc -c -O2 -I/home/aav/specter/buildroot-2013.08/output/host/usr/include -I/home/aav/specter/buildroot-2013.08/output/host/usr/include conftest.c >&5
configure:2467: $? = 0
configure:2488: result: o
configure:2492: checking whether we are using the GNU C compiler
configure:2511: /home/aav/specter/buildroot-2013.08/output/host/usr/bin/ccache /usr/bin/gcc -c -O2 -I/home/aav/specter/buildroot-2013.08/output/host/usr/include -I/home/aav/specter/buildroot-2013.08/output/host/usr/include conftest.c >&5
configure:2511: $? = 0
configure:2520: result: yes
configure:2529: checking whether /home/aav/specter/buildroot-2013.08/output/host/usr/bin/ccache /usr/bin/gcc accepts -g
configure:2549: /home/aav/specter/buildroot-2013.08/output/host/usr/bin/ccache /usr/bin/gcc -c -g -I/home/aav/specter/buildroot-2013.08/output/host/usr/include conftest.c >&5
configure:2549: $? = 0
configure:2590: result: yes
configure:2607: checking for /home/aav/specter/buildroot-2013.08/output/host/usr/bin/ccache /usr/bin/gcc option to accept ISO C89
configure:2670: /home/aav/specter/buildroot-2013.08/output/host/usr/bin/ccache /usr/bin/gcc  -c -O2 -I/home/aav/specter/buildroot-2013.08/output/host/usr/include -I/home/aav/specter/buildroot-2013.08/output/host/usr/include conftest.c >&5
configure:2670: $? = 0
configure:2683: result: none needed
configure:2707: checking for strlcpy
configure:2707: /home/aav/specter/buildroot-2013.08/output/host/usr/bin/ccache /usr/bin/gcc -o conftest -O2 -I/home/aav/specter/buildroot-2013.08/output/host/usr/include -I/home/aav/specter/buildroot-2013.08/output/host/usr/include -L/home/aav/specter/buildroot-2013.08/output/host/lib -L/home/aav/specter/buildroot-2013.08/output/host/usr/lib -Wl,-rpath,/home/aav/specter/buildroot-2013.08/output/host/usr/lib conftest.c  >&5
/tmp/ccz6VTQq.o: In function `main':
conftest.c:(.text.startup+0x7): undefined reference to `strlcpy'
collect2: error: ld returned 1 exit status
configure:2707: $? = 1
configure: failed program was:
| /* confdefs.h */
| #define PACKAGE_NAME "pkgconf"
| #define PACKAGE_TARNAME "pkgconf"
| #define PACKAGE_VERSION "0.8.9"
| #define PACKAGE_STRING "pkgconf 0.8.9"
| #define PACKAGE_BUGREPORT "http://github.com/pkgconf/pkgconf/issues"
| #define PACKAGE_URL ""
| /* end confdefs.h.  */
| /* Define strlcpy to an innocuous variant, in case <limits.h> declares strlcpy.
|    For example, HP-UX 11i <limits.h> declares gettimeofday.  */
| #define strlcpy innocuous_strlcpy
| 
| /* System header to define __stub macros and hopefully few prototypes,
|     which can conflict with char strlcpy (); below.
|     Prefer <limits.h> to <assert.h> if __STDC__ is defined, since
|     <limits.h> exists even on freestanding compilers.  */
| 
| #ifdef __STDC__
| # include <limits.h>
| #else
| # include <assert.h>
| #endif
| 
| #undef strlcpy
| 
| /* Override any GCC internal prototype to avoid an error.
|    Use char because int might match the return type of a GCC
|    builtin and then its argument prototype would still apply.  */
| #ifdef __cplusplus
| extern "C"
| #endif
| char strlcpy ();
| /* The GNU C library defines this for functions which it implements
|     to always fail with ENOSYS.  Some functions are actually named
|     something starting with __ and the normal name is an alias.  */
| #if defined __stub_strlcpy || defined __stub___strlcpy
| choke me
| #endif
| 
| int
| main ()
| {
| return strlcpy ();
|   ;
|   return 0;
| }
configure:2707: result: no
configure:2707: checking for strlcat
configure:2707: /home/aav/specter/buildroot-2013.08/output/host/usr/bin/ccache /usr/bin/gcc -o conftest -O2 -I/home/aav/specter/buildroot-2013.08/output/host/usr/include -I/home/aav/specter/buildroot-2013.08/output/host/usr/include -L/home/aav/specter/buildroot-2013.08/output/host/lib -L/home/aav/specter/buildroot-2013.08/output/host/usr/lib -Wl,-rpath,/home/aav/specter/buildroot-2013.08/output/host/usr/lib conftest.c  >&5
/tmp/ccJHQjqu.o: In function `main':
conftest.c:(.text.startup+0x7): undefined reference to `strlcat'
collect2: error: ld returned 1 exit status
configure:2707: $? = 1
configure: failed program was:
| /* confdefs.h */
| #define PACKAGE_NAME "pkgconf"
| #define PACKAGE_TARNAME "pkgconf"
| #define PACKAGE_VERSION "0.8.9"
| #define PACKAGE_STRING "pkgconf 0.8.9"
| #define PACKAGE_BUGREPORT "http://github.com/pkgconf/pkgconf/issues"
| #define PACKAGE_URL ""
| /* end confdefs.h.  */
| /* Define strlcat to an innocuous variant, in case <limits.h> declares strlcat.
|    For example, HP-UX 11i <limits.h> declares gettimeofday.  */
| #define strlcat innocuous_strlcat
| 
| /* System header to define __stub macros and hopefully few prototypes,
|     which can conflict with char strlcat (); below.
|     Prefer <limits.h> to <assert.h> if __STDC__ is defined, since
|     <limits.h> exists even on freestanding compilers.  */
| 
| #ifdef __STDC__
| # include <limits.h>
| #else
| # include <assert.h>
| #endif
| 
| #undef strlcat
| 
| /* Override any GCC internal prototype to avoid an error.
|    Use char because int might match the return type of a GCC
|    builtin and then its argument prototype would still apply.  */
| #ifdef __cplusplus
| extern "C"
| #endif
| char strlcat ();
| /* The GNU C library defines this for functions which it implements
|     to always fail with ENOSYS.  Some functions are actually named
|     something starting with __ and the normal name is an alias.  */
| #if defined __stub_strlcat || defined __stub___strlcat
| choke me
| #endif
| 
| int
| main ()
| {
| return strlcat ();
|   ;
|   return 0;
| }
configure:2707: result: no
configure:2707: checking for strndup
configure:2707: /home/aav/specter/buildroot-2013.08/output/host/usr/bin/ccache /usr/bin/gcc -o conftest -O2 -I/home/aav/specter/buildroot-2013.08/output/host/usr/include -I/home/aav/specter/buildroot-2013.08/output/host/usr/include -L/home/aav/specter/buildroot-2013.08/output/host/lib -L/home/aav/specter/buildroot-2013.08/output/host/usr/lib -Wl,-rpath,/home/aav/specter/buildroot-2013.08/output/host/usr/lib conftest.c  >&5
conftest.c:32:6: warning: conflicting types for built-in function 'strndup' [enabled by default]
 char strndup ();
      ^
configure:2707: $? = 0
configure:2707: result: yes
configure:2725: checking whether to enable strict mode
configure:2732: result: no
configure:2787: checking how to run the C preprocessor
configure:2857: result: /usr/bin/cpp
configure:2877: /usr/bin/cpp -I/home/aav/specter/buildroot-2013.08/output/host/usr/include conftest.c
configure:2877: $? = 0
configure:2891: /usr/bin/cpp -I/home/aav/specter/buildroot-2013.08/output/host/usr/include conftest.c
conftest.c:11:28: fatal error: ac_nonexistent.h: No such file or directory
 #include <ac_nonexistent.h>
                            ^
compilation terminated.
configure:2891: $? = 1
configure: failed program was:
| /* confdefs.h */
| #define PACKAGE_NAME "pkgconf"
| #define PACKAGE_TARNAME "pkgconf"
| #define PACKAGE_VERSION "0.8.9"
| #define PACKAGE_STRING "pkgconf 0.8.9"
| #define PACKAGE_BUGREPORT "http://github.com/pkgconf/pkgconf/issues"
| #define PACKAGE_URL ""
| #define HAVE_STRNDUP 1
| #define HAVE_STRICT_MODE 0
| /* end confdefs.h.  */
| #include <ac_nonexistent.h>
configure:2967: checking for gcc
configure:2994: result: /home/aav/specter/buildroot-2013.08/output/host/usr/bin/ccache /usr/bin/gcc
configure:3223: checking for C compiler version
configure:3232: /home/aav/specter/buildroot-2013.08/output/host/usr/bin/ccache /usr/bin/gcc --version >&5
gcc (Ubuntu/Linaro 4.8.1-10ubuntu9) 4.8.1
Copyright (C) 2013 Free Software Foundation, Inc.
This is free software; see the source for copying conditions.  There is NO
warranty; not even for MERCHANTABILITY or FITNESS FOR A PARTICULAR PURPOSE.

configure:3243: $? = 0
configure:3232: /home/aav/specter/buildroot-2013.08/output/host/usr/bin/ccache /usr/bin/gcc -v >&5
Using built-in specs.
COLLECT_GCC=/usr/bin/gcc
COLLECT_LTO_WRAPPER=/usr/lib/gcc/i686-linux-gnu/4.8/lto-wrapper
Target: i686-linux-gnu
Configured with: ../src/configure -v --with-pkgversion='Ubuntu/Linaro 4.8.1-10ubuntu9' --with-bugurl=file:///usr/share/doc/gcc-4.8/README.Bugs --enable-languages=c,c++,java,go,d,fortran,objc,obj-c++ --prefix=/usr --program-suffix=-4.8 --enable-shared --enable-linker-build-id --libexecdir=/usr/lib --without-included-gettext --enable-threads=posix --with-gxx-include-dir=/usr/include/c++/4.8 --libdir=/usr/lib --enable-nls --with-sysroot=/ --enable-clocale=gnu --enable-libstdcxx-debug --enable-libstdcxx-time=yes --enable-gnu-unique-object --enable-plugin --with-system-zlib --disable-browser-plugin --enable-java-awt=gtk --enable-gtk-cairo --with-java-home=/usr/lib/jvm/java-1.5.0-gcj-4.8-i386/jre --enable-java-home --with-jvm-root-dir=/usr/lib/jvm/java-1.5.0-gcj-4.8-i386 --with-jvm-jar-dir=/usr/lib/jvm-exports/java-1.5.0-gcj-4.8-i386 --with-arch-directory=i386 --with-ecj-jar=/usr/share/java/eclipse-ecj.jar --enable-objc-gc --enable-targets=all --enable-multiarch --disable-werror --with-arch-32=i686 --with-multilib-list=m32,m64,mx32 --with-tune=generic --enable-checking=release --build=i686-linux-gnu --host=i686-linux-gnu --target=i686-linux-gnu
Thread model: posix
gcc version 4.8.1 (Ubuntu/Linaro 4.8.1-10ubuntu9) 
configure:3243: $? = 0
configure:3232: /home/aav/specter/buildroot-2013.08/output/host/usr/bin/ccache /usr/bin/gcc -V >&5
gcc: error: unrecognized command line option '-V'
gcc: fatal error: no input files
compilation terminated.
configure:3243: $? = 4
configure:3232: /home/aav/specter/buildroot-2013.08/output/host/usr/bin/ccache /usr/bin/gcc -qversion >&5
gcc: error: unrecognized command line option '-qversion'
gcc: fatal error: no input files
compilation terminated.
configure:3243: $? = 4
configure:3247: checking whether we are using the GNU C compiler
configure:3275: result: yes
configure:3284: checking whether /home/aav/specter/buildroot-2013.08/output/host/usr/bin/ccache /usr/bin/gcc accepts -g
configure:3345: result: yes
configure:3362: checking for /home/aav/specter/buildroot-2013.08/output/host/usr/bin/ccache /usr/bin/gcc option to accept ISO C89
configure:3438: result: none needed
configure:3501: checking for a BSD-compatible install
configure:3569: result: /usr/bin/install -c
configure:3580: checking whether ln -s works
configure:3584: result: yes
configure:3708: creating ./config.status

## ---------------------- ##
## Running config.status. ##
## ---------------------- ##

This file was extended by pkgconf config.status 0.8.9, which was
generated by GNU Autoconf 2.69.  Invocation command line was

  CONFIG_FILES    = 
  CONFIG_HEADERS  = 
  CONFIG_LINKS    = 
  CONFIG_COMMANDS = 
  $ ./config.status 

on aav-K52Je

config.status:798: creating Makefile
config.status:798: creating tests/run.sh
config.status:798: creating config.h
configure:4869: WARNING: unrecognized options: --enable-shared, --disable-static, --disable-gtk-doc, --disable-doc, --disable-docs, --disable-documentation, --with-xmlto, --with-fop

## ---------------- ##
## Cache variables. ##
## ---------------- ##

ac_cv_c_compiler_gnu=yes
ac_cv_env_CC_set=set
ac_cv_env_CC_value='/home/aav/specter/buildroot-2013.08/output/host/usr/bin/ccache /usr/bin/gcc'
ac_cv_env_CFLAGS_set=set
ac_cv_env_CFLAGS_value='-O2 -I/home/aav/specter/buildroot-2013.08/output/host/usr/include'
ac_cv_env_CPPFLAGS_set=set
ac_cv_env_CPPFLAGS_value=-I/home/aav/specter/buildroot-2013.08/output/host/usr/include
ac_cv_env_CPP_set=set
ac_cv_env_CPP_value=/usr/bin/cpp
ac_cv_env_LDFLAGS_set=set
ac_cv_env_LDFLAGS_value='-L/home/aav/specter/buildroot-2013.08/output/host/lib -L/home/aav/specter/buildroot-2013.08/output/host/usr/lib -Wl,-rpath,/home/aav/specter/buildroot-2013.08/output/host/usr/lib'
ac_cv_env_LIBS_set=
ac_cv_env_LIBS_value=
ac_cv_env_build_alias_set=
ac_cv_env_build_alias_value=
ac_cv_env_host_alias_set=
ac_cv_env_host_alias_value=
ac_cv_env_target_alias_set=
ac_cv_env_target_alias_value=
ac_cv_func_strlcat=no
ac_cv_func_strlcpy=no
ac_cv_func_strndup=yes
ac_cv_objext=o
ac_cv_path_install='/usr/bin/install -c'
ac_cv_prog_CPP=/usr/bin/cpp
ac_cv_prog_ac_ct_CC='/home/aav/specter/buildroot-2013.08/output/host/usr/bin/ccache /usr/bin/gcc'
ac_cv_prog_cc_c89=
ac_cv_prog_cc_g=yes
ac_cv_use_strict=no

## ----------------- ##
## Output variables. ##
## ----------------- ##

CC='/home/aav/specter/buildroot-2013.08/output/host/usr/bin/ccache /usr/bin/gcc'
CFLAGS='-O2 -I/home/aav/specter/buildroot-2013.08/output/host/usr/include'
CPP='/usr/bin/cpp'
CPPFLAGS='-I/home/aav/specter/buildroot-2013.08/output/host/usr/include'
DEFS='-DHAVE_CONFIG_H'
ECHO_C=''
ECHO_N='-n'
ECHO_T=''
EXEEXT=''
INSTALL_DATA='${INSTALL} -m 644'
INSTALL_PROGRAM='${INSTALL}'
INSTALL_SCRIPT='${INSTALL}'
LDFLAGS='-L/home/aav/specter/buildroot-2013.08/output/host/lib -L/home/aav/specter/buildroot-2013.08/output/host/usr/lib -Wl,-rpath,/home/aav/specter/buildroot-2013.08/output/host/usr/lib'
LIBOBJS=''
LIBS=''
LN_S='ln -s'
LTLIBOBJS=''
OBJEXT='o'
PACKAGE_BUGREPORT='http://github.com/pkgconf/pkgconf/issues'
PACKAGE_NAME='pkgconf'
PACKAGE_STRING='pkgconf 0.8.9'
PACKAGE_TARNAME='pkgconf'
PACKAGE_URL=''
PACKAGE_VERSION='0.8.9'
PATH_SEPARATOR=':'
PKGCONFIGDIR='${exec_prefix}/lib/pkgconfig:${datarootdir}/pkgconfig'
SHELL='/bin/bash'
STRICT_MODE='no'
SYSTEM_INCLUDEDIR='${prefix}/include'
SYSTEM_LIBDIR='${exec_prefix}/lib'
ac_ct_CC='/home/aav/specter/buildroot-2013.08/output/host/usr/bin/ccache /usr/bin/gcc'
bindir='${exec_prefix}/bin'
build_alias=''
datadir='${datarootdir}'
datarootdir='${prefix}/share'
docdir='${datarootdir}/doc/${PACKAGE_TARNAME}'
dvidir='${docdir}'
exec_prefix='${prefix}'
host_alias=''
htmldir='${docdir}'
includedir='${prefix}/include'
infodir='${datarootdir}/info'
libdir='${exec_prefix}/lib'
libexecdir='${exec_prefix}/libexec'
localedir='${datarootdir}/locale'
localstatedir='${prefix}/var'
mandir='${datarootdir}/man'
oldincludedir='/usr/include'
pdfdir='${docdir}'
prefix='/home/aav/specter/buildroot-2013.08/output/host/usr'
program_transform_name='s,x,x,'
psdir='${docdir}'
sbindir='${exec_prefix}/sbin'
sharedstatedir='${prefix}/com'
sysconfdir='/home/aav/specter/buildroot-2013.08/output/host/etc'
target_alias=''

## ----------- ##
## confdefs.h. ##
## ----------- ##

/* confdefs.h */
#define PACKAGE_NAME "pkgconf"
#define PACKAGE_TARNAME "pkgconf"
#define PACKAGE_VERSION "0.8.9"
#define PACKAGE_STRING "pkgconf 0.8.9"
#define PACKAGE_BUGREPORT "http://github.com/pkgconf/pkgconf/issues"
#define PACKAGE_URL ""
#define HAVE_STRNDUP 1
#define HAVE_STRICT_MODE 0

configure: exit 0
